                                      1 ;--------------------------------------------------------
                                      2 ; File Created by SDCC : free open source ANSI-C Compiler
                                      3 ; Version 3.4.1 #9092 (Oct 23 2022) (Mac OS X x86_64)
                                      4 ; This file was generated Sun Oct 23 01:37:43 2022
                                      5 ;--------------------------------------------------------
                                      6 	.module isalpha
                                      7 	.optsdcc -mmcs51 --model-small
                                      8 	
                                      9 ;--------------------------------------------------------
                                     10 ; Public variables in this module
                                     11 ;--------------------------------------------------------
                                     12 	.globl _isalpha
                                     13 ;--------------------------------------------------------
                                     14 ; special function registers
                                     15 ;--------------------------------------------------------
                                     16 	.area RSEG    (ABS,DATA)
      000000                         17 	.org 0x0000
                                     18 ;--------------------------------------------------------
                                     19 ; special function bits
                                     20 ;--------------------------------------------------------
                                     21 	.area RSEG    (ABS,DATA)
      000000                         22 	.org 0x0000
                                     23 ;--------------------------------------------------------
                                     24 ; overlayable register banks
                                     25 ;--------------------------------------------------------
                                     26 	.area REG_BANK_0	(REL,OVR,DATA)
      000000                         27 	.ds 8
                                     28 ;--------------------------------------------------------
                                     29 ; internal ram data
                                     30 ;--------------------------------------------------------
                                     31 	.area DSEG    (DATA)
                                     32 ;--------------------------------------------------------
                                     33 ; overlayable items in internal ram 
                                     34 ;--------------------------------------------------------
                                     35 	.area	OSEG    (OVR,DATA)
                                     36 ;--------------------------------------------------------
                                     37 ; indirectly addressable internal ram data
                                     38 ;--------------------------------------------------------
                                     39 	.area ISEG    (DATA)
                                     40 ;--------------------------------------------------------
                                     41 ; absolute internal ram data
                                     42 ;--------------------------------------------------------
                                     43 	.area IABS    (ABS,DATA)
                                     44 	.area IABS    (ABS,DATA)
                                     45 ;--------------------------------------------------------
                                     46 ; bit data
                                     47 ;--------------------------------------------------------
                                     48 	.area BSEG    (BIT)
                                     49 ;--------------------------------------------------------
                                     50 ; paged external ram data
                                     51 ;--------------------------------------------------------
                                     52 	.area PSEG    (PAG,XDATA)
                                     53 ;--------------------------------------------------------
                                     54 ; external ram data
                                     55 ;--------------------------------------------------------
                                     56 	.area XSEG    (XDATA)
                                     57 ;--------------------------------------------------------
                                     58 ; absolute external ram data
                                     59 ;--------------------------------------------------------
                                     60 	.area XABS    (ABS,XDATA)
                                     61 ;--------------------------------------------------------
                                     62 ; external initialized ram data
                                     63 ;--------------------------------------------------------
                                     64 	.area XISEG   (XDATA)
                                     65 	.area HOME    (CODE)
                                     66 	.area GSINIT0 (CODE)
                                     67 	.area GSINIT1 (CODE)
                                     68 	.area GSINIT2 (CODE)
                                     69 	.area GSINIT3 (CODE)
                                     70 	.area GSINIT4 (CODE)
                                     71 	.area GSINIT5 (CODE)
                                     72 	.area GSINIT  (CODE)
                                     73 	.area GSFINAL (CODE)
                                     74 	.area CSEG    (CODE)
                                     75 ;--------------------------------------------------------
                                     76 ; global & static initialisations
                                     77 ;--------------------------------------------------------
                                     78 	.area HOME    (CODE)
                                     79 	.area GSINIT  (CODE)
                                     80 	.area GSFINAL (CODE)
                                     81 	.area GSINIT  (CODE)
                                     82 ;--------------------------------------------------------
                                     83 ; Home
                                     84 ;--------------------------------------------------------
                                     85 	.area HOME    (CODE)
                                     86 	.area HOME    (CODE)
                                     87 ;--------------------------------------------------------
                                     88 ; code
                                     89 ;--------------------------------------------------------
                                     90 	.area CSEG    (CODE)
                                     91 ;------------------------------------------------------------
                                     92 ;Allocation info for local variables in function 'isalpha'
                                     93 ;------------------------------------------------------------
                                     94 ;c                         Allocated to registers r6 r7 
                                     95 ;__00010004                Allocated to registers 
                                     96 ;__00010001                Allocated to registers 
                                     97 ;__00020002                Allocated to registers 
                                     98 ;c                         Allocated to registers 
                                     99 ;__00020005                Allocated to registers 
                                    100 ;c                         Allocated to registers 
                                    101 ;------------------------------------------------------------
                                    102 ;	isalpha.c:37: int isalpha (int c)
                                    103 ;	-----------------------------------------
                                    104 ;	 function isalpha
                                    105 ;	-----------------------------------------
      000000                        106 _isalpha:
                           000007   107 	ar7 = 0x07
                           000006   108 	ar6 = 0x06
                           000005   109 	ar5 = 0x05
                           000004   110 	ar4 = 0x04
                           000003   111 	ar3 = 0x03
                           000002   112 	ar2 = 0x02
                           000001   113 	ar1 = 0x01
                           000000   114 	ar0 = 0x00
      000000 AE 82            [24]  115 	mov	r6,dpl
      000002 AF 83            [24]  116 	mov	r7,dph
                                    117 ;	../../device/include/ctype.h:65: return (c >= 'A' && c <= 'Z');
      000004 C3               [12]  118 	clr	c
      000005 EE               [12]  119 	mov	a,r6
      000006 94 41            [12]  120 	subb	a,#0x41
      000008 EF               [12]  121 	mov	a,r7
      000009 64 80            [12]  122 	xrl	a,#0x80
      00000B 94 80            [12]  123 	subb	a,#0x80
      00000D 40 0E            [24]  124 	jc	00110$
      00000F 74 5A            [12]  125 	mov	a,#0x5A
      000011 9E               [12]  126 	subb	a,r6
      000012 74 80            [12]  127 	mov	a,#(0x00 ^ 0x80)
      000014 8F F0            [24]  128 	mov	b,r7
      000016 63 F0 80         [24]  129 	xrl	b,#0x80
      000019 95 F0            [12]  130 	subb	a,b
      00001B 50 1D            [24]  131 	jnc	00106$
      00001D                        132 00110$:
                                    133 ;	../../device/include/ctype.h:60: return (c >= 'a' && c <= 'z');
      00001D C3               [12]  134 	clr	c
      00001E EE               [12]  135 	mov	a,r6
      00001F 94 61            [12]  136 	subb	a,#0x61
      000021 EF               [12]  137 	mov	a,r7
      000022 64 80            [12]  138 	xrl	a,#0x80
      000024 94 80            [12]  139 	subb	a,#0x80
      000026 40 0E            [24]  140 	jc	00113$
      000028 74 7A            [12]  141 	mov	a,#0x7A
      00002A 9E               [12]  142 	subb	a,r6
      00002B 74 80            [12]  143 	mov	a,#(0x00 ^ 0x80)
      00002D 8F F0            [24]  144 	mov	b,r7
      00002F 63 F0 80         [24]  145 	xrl	b,#0x80
      000032 95 F0            [12]  146 	subb	a,b
      000034 50 04            [24]  147 	jnc	00106$
      000036                        148 00113$:
                                    149 ;	isalpha.c:39: return (isupper (c) || islower (c));
      000036 7F 00            [12]  150 	mov	r7,#0x00
      000038 80 02            [24]  151 	sjmp	00107$
      00003A                        152 00106$:
      00003A 7F 01            [12]  153 	mov	r7,#0x01
      00003C                        154 00107$:
      00003C EF               [12]  155 	mov	a,r7
      00003D 33               [12]  156 	rlc	a
      00003E 95 E0            [12]  157 	subb	a,acc
      000040 8F 82            [24]  158 	mov	dpl,r7
      000042 F5 83            [12]  159 	mov	dph,a
      000044 22               [24]  160 	ret
                                    161 	.area CSEG    (CODE)
                                    162 	.area CONST   (CODE)
                                    163 	.area XINIT   (CODE)
                                    164 	.area CABS    (ABS,CODE)
