                                      1 ;--------------------------------------------------------
                                      2 ; File Created by SDCC : free open source ANSI-C Compiler
                                      3 ; Version 3.4.1 #9092 (Oct 23 2022) (Mac OS X x86_64)
                                      4 ; This file was generated Sun Oct 23 01:37:44 2022
                                      5 ;--------------------------------------------------------
                                      6 	.module tolower
                                      7 	.optsdcc -mmcs51 --model-small
                                      8 	
                                      9 ;--------------------------------------------------------
                                     10 ; Public variables in this module
                                     11 ;--------------------------------------------------------
                                     12 	.globl _tolower
                                     13 ;--------------------------------------------------------
                                     14 ; special function registers
                                     15 ;--------------------------------------------------------
                                     16 	.area RSEG    (ABS,DATA)
      000000                         17 	.org 0x0000
                                     18 ;--------------------------------------------------------
                                     19 ; special function bits
                                     20 ;--------------------------------------------------------
                                     21 	.area RSEG    (ABS,DATA)
      000000                         22 	.org 0x0000
                                     23 ;--------------------------------------------------------
                                     24 ; overlayable register banks
                                     25 ;--------------------------------------------------------
                                     26 	.area REG_BANK_0	(REL,OVR,DATA)
      000000                         27 	.ds 8
                                     28 ;--------------------------------------------------------
                                     29 ; internal ram data
                                     30 ;--------------------------------------------------------
                                     31 	.area DSEG    (DATA)
                                     32 ;--------------------------------------------------------
                                     33 ; overlayable items in internal ram 
                                     34 ;--------------------------------------------------------
                                     35 	.area	OSEG    (OVR,DATA)
                                     36 ;--------------------------------------------------------
                                     37 ; indirectly addressable internal ram data
                                     38 ;--------------------------------------------------------
                                     39 	.area ISEG    (DATA)
                                     40 ;--------------------------------------------------------
                                     41 ; absolute internal ram data
                                     42 ;--------------------------------------------------------
                                     43 	.area IABS    (ABS,DATA)
                                     44 	.area IABS    (ABS,DATA)
                                     45 ;--------------------------------------------------------
                                     46 ; bit data
                                     47 ;--------------------------------------------------------
                                     48 	.area BSEG    (BIT)
                                     49 ;--------------------------------------------------------
                                     50 ; paged external ram data
                                     51 ;--------------------------------------------------------
                                     52 	.area PSEG    (PAG,XDATA)
                                     53 ;--------------------------------------------------------
                                     54 ; external ram data
                                     55 ;--------------------------------------------------------
                                     56 	.area XSEG    (XDATA)
                                     57 ;--------------------------------------------------------
                                     58 ; absolute external ram data
                                     59 ;--------------------------------------------------------
                                     60 	.area XABS    (ABS,XDATA)
                                     61 ;--------------------------------------------------------
                                     62 ; external initialized ram data
                                     63 ;--------------------------------------------------------
                                     64 	.area XISEG   (XDATA)
                                     65 	.area HOME    (CODE)
                                     66 	.area GSINIT0 (CODE)
                                     67 	.area GSINIT1 (CODE)
                                     68 	.area GSINIT2 (CODE)
                                     69 	.area GSINIT3 (CODE)
                                     70 	.area GSINIT4 (CODE)
                                     71 	.area GSINIT5 (CODE)
                                     72 	.area GSINIT  (CODE)
                                     73 	.area GSFINAL (CODE)
                                     74 	.area CSEG    (CODE)
                                     75 ;--------------------------------------------------------
                                     76 ; global & static initialisations
                                     77 ;--------------------------------------------------------
                                     78 	.area HOME    (CODE)
                                     79 	.area GSINIT  (CODE)
                                     80 	.area GSFINAL (CODE)
                                     81 	.area GSINIT  (CODE)
                                     82 ;--------------------------------------------------------
                                     83 ; Home
                                     84 ;--------------------------------------------------------
                                     85 	.area HOME    (CODE)
                                     86 	.area HOME    (CODE)
                                     87 ;--------------------------------------------------------
                                     88 ; code
                                     89 ;--------------------------------------------------------
                                     90 	.area CSEG    (CODE)
                                     91 ;------------------------------------------------------------
                                     92 ;Allocation info for local variables in function 'tolower'
                                     93 ;------------------------------------------------------------
                                     94 ;c                         Allocated to registers r6 r7 
                                     95 ;__00010001                Allocated to registers 
                                     96 ;__00020002                Allocated to registers 
                                     97 ;c                         Allocated to registers 
                                     98 ;------------------------------------------------------------
                                     99 ;	tolower.c:33: int tolower (int c)
                                    100 ;	-----------------------------------------
                                    101 ;	 function tolower
                                    102 ;	-----------------------------------------
      000000                        103 _tolower:
                           000007   104 	ar7 = 0x07
                           000006   105 	ar6 = 0x06
                           000005   106 	ar5 = 0x05
                           000004   107 	ar4 = 0x04
                           000003   108 	ar3 = 0x03
                           000002   109 	ar2 = 0x02
                           000001   110 	ar1 = 0x01
                           000000   111 	ar0 = 0x00
      000000 AE 82            [24]  112 	mov	r6,dpl
      000002 AF 83            [24]  113 	mov	r7,dph
                                    114 ;	../../device/include/ctype.h:65: return (c >= 'A' && c <= 'Z');
      000004 C3               [12]  115 	clr	c
      000005 EE               [12]  116 	mov	a,r6
      000006 94 41            [12]  117 	subb	a,#0x41
      000008 EF               [12]  118 	mov	a,r7
      000009 64 80            [12]  119 	xrl	a,#0x80
      00000B 94 80            [12]  120 	subb	a,#0x80
      00000D 40 17            [24]  121 	jc	00104$
      00000F 74 5A            [12]  122 	mov	a,#0x5A
      000011 9E               [12]  123 	subb	a,r6
      000012 74 80            [12]  124 	mov	a,#(0x00 ^ 0x80)
      000014 8F F0            [24]  125 	mov	b,r7
      000016 63 F0 80         [24]  126 	xrl	b,#0x80
      000019 95 F0            [12]  127 	subb	a,b
      00001B 40 09            [24]  128 	jc	00104$
                                    129 ;	tolower.c:35: return (isupper (c) ? c + ('a' - 'A') : c);
      00001D 74 20            [12]  130 	mov	a,#0x20
      00001F 2E               [12]  131 	add	a,r6
      000020 FC               [12]  132 	mov	r4,a
      000021 E4               [12]  133 	clr	a
      000022 3F               [12]  134 	addc	a,r7
      000023 FD               [12]  135 	mov	r5,a
      000024 80 04            [24]  136 	sjmp	00105$
      000026                        137 00104$:
      000026 8E 04            [24]  138 	mov	ar4,r6
      000028 8F 05            [24]  139 	mov	ar5,r7
      00002A                        140 00105$:
      00002A 8C 82            [24]  141 	mov	dpl,r4
      00002C 8D 83            [24]  142 	mov	dph,r5
      00002E 22               [24]  143 	ret
                                    144 	.area CSEG    (CODE)
                                    145 	.area CONST   (CODE)
                                    146 	.area XINIT   (CODE)
                                    147 	.area CABS    (ABS,CODE)
