                                      1 ;--------------------------------------------------------
                                      2 ; File Created by SDCC : free open source ANSI-C Compiler
                                      3 ; Version 3.4.1 #9092 (Oct 23 2022) (Mac OS X x86_64)
                                      4 ; This file was generated Sun Oct 23 01:40:53 2022
                                      5 ;--------------------------------------------------------
                                      6 	.module _atoi
                                      7 	.optsdcc -mstm8
                                      8 	
                                      9 ;--------------------------------------------------------
                                     10 ; Public variables in this module
                                     11 ;--------------------------------------------------------
                                     12 	.globl _atoi
                                     13 ;--------------------------------------------------------
                                     14 ; ram data
                                     15 ;--------------------------------------------------------
                                     16 	.area DATA
                                     17 ;--------------------------------------------------------
                                     18 ; ram data
                                     19 ;--------------------------------------------------------
                                     20 	.area INITIALIZED
                                     21 ;--------------------------------------------------------
                                     22 ; absolute external ram data
                                     23 ;--------------------------------------------------------
                                     24 	.area DABS (ABS)
                                     25 ;--------------------------------------------------------
                                     26 ; global & static initialisations
                                     27 ;--------------------------------------------------------
                                     28 	.area HOME
                                     29 	.area GSINIT
                                     30 	.area GSFINAL
                                     31 	.area GSINIT
                                     32 ;--------------------------------------------------------
                                     33 ; Home
                                     34 ;--------------------------------------------------------
                                     35 	.area HOME
                                     36 	.area HOME
                                     37 ;--------------------------------------------------------
                                     38 ; code
                                     39 ;--------------------------------------------------------
                                     40 	.area CODE
                                     41 ;	../_atoi.c: 29: int atoi(const char * s)
                                     42 ;	-----------------------------------------
                                     43 ;	 function atoi
                                     44 ;	-----------------------------------------
      000000                         45 _atoi:
      000000 52 07            [ 2]   46 	sub	sp, #7
                                     47 ;	../_atoi.c: 31: register int rv=0; 
      000002 5F               [ 1]   48 	clrw	x
      000003 1F 01            [ 2]   49 	ldw	(0x01, sp), x
                                     50 ;	../_atoi.c: 35: while (*s) {
      000005 1E 0A            [ 2]   51 	ldw	x, (0x0a, sp)
      000007                         52 00107$:
      000007 F6               [ 1]   53 	ld	a, (x)
                                     54 ;	../_atoi.c: 38: if (*s == '-' || *s == '+') 
      000008 A1 2D            [ 1]   55 	cp	a, #0x2d
      00000A 26 08            [ 1]   56 	jrne	00169$
      00000C 88               [ 1]   57 	push	a
      00000D A6 01            [ 1]   58 	ld	a, #0x01
      00000F 6B 08            [ 1]   59 	ld	(0x08, sp), a
      000011 84               [ 1]   60 	pop	a
      000012 20 02            [ 2]   61 	jra	00170$
      000014                         62 00169$:
      000014 0F 07            [ 1]   63 	clr	(0x07, sp)
      000016                         64 00170$:
      000016 A1 2B            [ 1]   65 	cp	a, #0x2b
      000018 26 08            [ 1]   66 	jrne	00172$
      00001A 88               [ 1]   67 	push	a
      00001B A6 01            [ 1]   68 	ld	a, #0x01
      00001D 6B 07            [ 1]   69 	ld	(0x07, sp), a
      00001F 84               [ 1]   70 	pop	a
      000020 20 02            [ 2]   71 	jra	00173$
      000022                         72 00172$:
      000022 0F 06            [ 1]   73 	clr	(0x06, sp)
      000024                         74 00173$:
                                     75 ;	../_atoi.c: 35: while (*s) {
      000024 4D               [ 1]   76 	tnz	a
      000025 27 13            [ 1]   77 	jreq	00133$
                                     78 ;	../_atoi.c: 36: if (*s <= '9' && *s >= '0')
      000027 A1 39            [ 1]   79 	cp	a, #0x39
      000029 2C 04            [ 1]   80 	jrsgt	00102$
      00002B A1 30            [ 1]   81 	cp	a, #0x30
      00002D 2E 0B            [ 1]   82 	jrsge	00133$
                                     83 ;	../_atoi.c: 37: break;
      00002F                         84 00102$:
                                     85 ;	../_atoi.c: 38: if (*s == '-' || *s == '+') 
      00002F 0D 07            [ 1]   86 	tnz	(0x07, sp)
      000031 26 07            [ 1]   87 	jrne	00133$
      000033 0D 06            [ 1]   88 	tnz	(0x06, sp)
      000035 26 03            [ 1]   89 	jrne	00133$
                                     90 ;	../_atoi.c: 40: s++;
      000037 5C               [ 2]   91 	incw	x
      000038 20 CD            [ 2]   92 	jra	00107$
      00003A                         93 00133$:
      00003A 1F 0A            [ 2]   94 	ldw	(0x0a, sp), x
                                     95 ;	../_atoi.c: 43: sign = (*s == '-');
      00003C 7B 07            [ 1]   96 	ld	a, (0x07, sp)
      00003E 6B 05            [ 1]   97 	ld	(0x05, sp), a
                                     98 ;	../_atoi.c: 44: if (*s == '-' || *s == '+') s++;
      000040 0D 07            [ 1]   99 	tnz	(0x07, sp)
      000042 26 04            [ 1]  100 	jrne	00110$
      000044 0D 06            [ 1]  101 	tnz	(0x06, sp)
      000046 27 03            [ 1]  102 	jreq	00131$
      000048                        103 00110$:
      000048 5C               [ 2]  104 	incw	x
      000049 1F 0A            [ 2]  105 	ldw	(0x0a, sp), x
                                    106 ;	../_atoi.c: 46: while (*s && *s >= '0' && *s <= '9') {
      00004B                        107 00131$:
      00004B 16 0A            [ 2]  108 	ldw	y, (0x0a, sp)
      00004D                        109 00115$:
      00004D 90 F6            [ 1]  110 	ld	a, (y)
      00004F 4D               [ 1]  111 	tnz	a
      000050 27 2E            [ 1]  112 	jreq	00117$
      000052 A1 30            [ 1]  113 	cp	a, #0x30
      000054 2F 2A            [ 1]  114 	jrslt	00117$
      000056 A1 39            [ 1]  115 	cp	a, #0x39
      000058 2C 26            [ 1]  116 	jrsgt	00117$
                                    117 ;	../_atoi.c: 47: rv = (rv * 10) + (*s - '0');
      00005A 88               [ 1]  118 	push	a
      00005B 90 89            [ 2]  119 	pushw	y
      00005D 1E 04            [ 2]  120 	ldw	x, (0x04, sp)
      00005F 89               [ 2]  121 	pushw	x
      000060 4B 0A            [ 1]  122 	push	#0x0a
      000062 4B 00            [ 1]  123 	push	#0x00
      000064 CDr00r00         [ 4]  124 	call	__mulint
      000067 5B 04            [ 2]  125 	addw	sp, #4
      000069 1F 06            [ 2]  126 	ldw	(0x06, sp), x
      00006B 90 85            [ 2]  127 	popw	y
      00006D 84               [ 1]  128 	pop	a
      00006E 97               [ 1]  129 	ld	xl, a
      00006F 49               [ 1]  130 	rlc	a
      000070 4F               [ 1]  131 	clr	a
      000071 A2 00            [ 1]  132 	sbc	a, #0x00
      000073 95               [ 1]  133 	ld	xh, a
      000074 1D 00 30         [ 2]  134 	subw	x, #0x0030
      000077 72 FB 03         [ 2]  135 	addw	x, (0x03, sp)
      00007A 1F 01            [ 2]  136 	ldw	(0x01, sp), x
                                    137 ;	../_atoi.c: 48: s++;
      00007C 90 5C            [ 2]  138 	incw	y
      00007E 20 CD            [ 2]  139 	jra	00115$
      000080                        140 00117$:
                                    141 ;	../_atoi.c: 51: return (sign ? -rv : rv);
      000080 0D 05            [ 1]  142 	tnz	(0x05, sp)
      000082 27 05            [ 1]  143 	jreq	00120$
      000084 1E 01            [ 2]  144 	ldw	x, (0x01, sp)
      000086 50               [ 2]  145 	negw	x
      000087 20 02            [ 2]  146 	jra	00121$
      000089                        147 00120$:
      000089 1E 01            [ 2]  148 	ldw	x, (0x01, sp)
      00008B                        149 00121$:
      00008B 5B 07            [ 2]  150 	addw	sp, #7
      00008D 81               [ 4]  151 	ret
                                    152 	.area CODE
                                    153 	.area INITIALIZER
                                    154 	.area CABS (ABS)
