                                      1 ;--------------------------------------------------------
                                      2 ; File Created by SDCC : free open source ANSI-C Compiler
                                      3 ; Version 3.4.1 #9092 (Oct 23 2022) (Mac OS X x86_64)
                                      4 ; This file was generated Sun Oct 23 01:40:52 2022
                                      5 ;--------------------------------------------------------
                                      6 	.module _divulonglong
                                      7 	.optsdcc -mstm8
                                      8 	
                                      9 ;--------------------------------------------------------
                                     10 ; Public variables in this module
                                     11 ;--------------------------------------------------------
                                     12 	.globl __divulonglong
                                     13 ;--------------------------------------------------------
                                     14 ; ram data
                                     15 ;--------------------------------------------------------
                                     16 	.area DATA
                                     17 ;--------------------------------------------------------
                                     18 ; ram data
                                     19 ;--------------------------------------------------------
                                     20 	.area INITIALIZED
                                     21 ;--------------------------------------------------------
                                     22 ; absolute external ram data
                                     23 ;--------------------------------------------------------
                                     24 	.area DABS (ABS)
                                     25 ;--------------------------------------------------------
                                     26 ; global & static initialisations
                                     27 ;--------------------------------------------------------
                                     28 	.area HOME
                                     29 	.area GSINIT
                                     30 	.area GSFINAL
                                     31 	.area GSINIT
                                     32 ;--------------------------------------------------------
                                     33 ; Home
                                     34 ;--------------------------------------------------------
                                     35 	.area HOME
                                     36 	.area HOME
                                     37 ;--------------------------------------------------------
                                     38 ; code
                                     39 ;--------------------------------------------------------
                                     40 	.area CODE
                                     41 ;	../_divulonglong.c: 39: _divulonglong (unsigned long long x, unsigned long long y)
                                     42 ;	-----------------------------------------
                                     43 ;	 function _divulonglong
                                     44 ;	-----------------------------------------
      000000                         45 __divulonglong:
      000000 52 32            [ 2]   46 	sub	sp, #50
                                     47 ;	../_divulonglong.c: 41: unsigned long long reste = 0L;
      000002 5F               [ 1]   48 	clrw	x
      000003 1F 09            [ 2]   49 	ldw	(0x09, sp), x
      000005 1F 07            [ 2]   50 	ldw	(0x07, sp), x
      000007 1F 05            [ 2]   51 	ldw	(0x05, sp), x
      000009 1F 03            [ 2]   52 	ldw	(0x03, sp), x
                                     53 ;	../_divulonglong.c: 42: unsigned char count = 64;
      00000B A6 40            [ 1]   54 	ld	a, #0x40
      00000D 6B 02            [ 1]   55 	ld	(0x02, sp), a
                                     56 ;	../_divulonglong.c: 45: do
      00000F                         57 00105$:
                                     58 ;	../_divulonglong.c: 48: c = MSB_SET(x);
      00000F 7B 37            [ 1]   59 	ld	a, (0x37, sp)
      000011 48               [ 1]   60 	sll	a
      000012 4F               [ 1]   61 	clr	a
      000013 49               [ 1]   62 	rlc	a
      000014 6B 01            [ 1]   63 	ld	(0x01, sp), a
                                     64 ;	../_divulonglong.c: 49: x <<= 1;
      000016 16 3D            [ 2]   65 	ldw	y, (0x3d, sp)
      000018 17 31            [ 2]   66 	ldw	(0x31, sp), y
      00001A 7B 37            [ 1]   67 	ld	a, (0x37, sp)
      00001C 6B 2B            [ 1]   68 	ld	(0x2b, sp), a
      00001E 16 3B            [ 2]   69 	ldw	y, (0x3b, sp)
      000020 1E 39            [ 2]   70 	ldw	x, (0x39, sp)
      000022 7B 38            [ 1]   71 	ld	a, (0x38, sp)
      000024 08 32            [ 1]   72 	sll	(0x32, sp)
      000026 09 31            [ 1]   73 	rlc	(0x31, sp)
      000028 90 59            [ 2]   74 	rlcw	y
      00002A 59               [ 2]   75 	rlcw	x
      00002B 49               [ 1]   76 	rlc	a
      00002C 09 2B            [ 1]   77 	rlc	(0x2b, sp)
      00002E 17 3B            [ 2]   78 	ldw	(0x3b, sp), y
      000030 1F 39            [ 2]   79 	ldw	(0x39, sp), x
      000032 6B 38            [ 1]   80 	ld	(0x38, sp), a
      000034 16 31            [ 2]   81 	ldw	y, (0x31, sp)
      000036 17 3D            [ 2]   82 	ldw	(0x3d, sp), y
      000038 7B 2B            [ 1]   83 	ld	a, (0x2b, sp)
      00003A 6B 37            [ 1]   84 	ld	(0x37, sp), a
                                     85 ;	../_divulonglong.c: 50: reste <<= 1;
      00003C 16 04            [ 2]   86 	ldw	y, (0x04, sp)
      00003E 17 24            [ 2]   87 	ldw	(0x24, sp), y
      000040 7B 03            [ 1]   88 	ld	a, (0x03, sp)
      000042 6B 23            [ 1]   89 	ld	(0x23, sp), a
      000044 16 09            [ 2]   90 	ldw	y, (0x09, sp)
      000046 1E 07            [ 2]   91 	ldw	x, (0x07, sp)
      000048 7B 06            [ 1]   92 	ld	a, (0x06, sp)
      00004A 90 58            [ 2]   93 	sllw	y
      00004C 59               [ 2]   94 	rlcw	x
      00004D 49               [ 1]   95 	rlc	a
      00004E 09 25            [ 1]   96 	rlc	(0x25, sp)
      000050 09 24            [ 1]   97 	rlc	(0x24, sp)
      000052 09 23            [ 1]   98 	rlc	(0x23, sp)
      000054 17 09            [ 2]   99 	ldw	(0x09, sp), y
      000056 1F 07            [ 2]  100 	ldw	(0x07, sp), x
      000058 6B 06            [ 1]  101 	ld	(0x06, sp), a
      00005A 16 24            [ 2]  102 	ldw	y, (0x24, sp)
      00005C 17 04            [ 2]  103 	ldw	(0x04, sp), y
      00005E 7B 23            [ 1]  104 	ld	a, (0x23, sp)
      000060 6B 03            [ 1]  105 	ld	(0x03, sp), a
                                    106 ;	../_divulonglong.c: 51: if (c)
      000062 0D 01            [ 1]  107 	tnz	(0x01, sp)
      000064 27 32            [ 1]  108 	jreq	00102$
                                    109 ;	../_divulonglong.c: 52: reste |= 1L;
      000066 7B 0A            [ 1]  110 	ld	a, (0x0a, sp)
      000068 AA 01            [ 1]  111 	or	a, #0x01
      00006A 6B 22            [ 1]  112 	ld	(0x22, sp), a
      00006C 7B 09            [ 1]  113 	ld	a, (0x09, sp)
      00006E 6B 21            [ 1]  114 	ld	(0x21, sp), a
      000070 7B 08            [ 1]  115 	ld	a, (0x08, sp)
      000072 6B 20            [ 1]  116 	ld	(0x20, sp), a
      000074 7B 07            [ 1]  117 	ld	a, (0x07, sp)
      000076 6B 1F            [ 1]  118 	ld	(0x1f, sp), a
      000078 7B 06            [ 1]  119 	ld	a, (0x06, sp)
      00007A 6B 1E            [ 1]  120 	ld	(0x1e, sp), a
      00007C 7B 05            [ 1]  121 	ld	a, (0x05, sp)
      00007E 6B 1D            [ 1]  122 	ld	(0x1d, sp), a
      000080 7B 04            [ 1]  123 	ld	a, (0x04, sp)
      000082 6B 1C            [ 1]  124 	ld	(0x1c, sp), a
      000084 7B 03            [ 1]  125 	ld	a, (0x03, sp)
      000086 6B 03            [ 1]  126 	ld	(0x03, sp), a
      000088 16 21            [ 2]  127 	ldw	y, (0x21, sp)
      00008A 17 09            [ 2]  128 	ldw	(0x09, sp), y
      00008C 16 1F            [ 2]  129 	ldw	y, (0x1f, sp)
      00008E 17 07            [ 2]  130 	ldw	(0x07, sp), y
      000090 16 1D            [ 2]  131 	ldw	y, (0x1d, sp)
      000092 17 05            [ 2]  132 	ldw	(0x05, sp), y
      000094 7B 1C            [ 1]  133 	ld	a, (0x1c, sp)
      000096 6B 04            [ 1]  134 	ld	(0x04, sp), a
      000098                        135 00102$:
                                    136 ;	../_divulonglong.c: 54: if (reste >= y)
      000098 1E 09            [ 2]  137 	ldw	x, (0x09, sp)
      00009A 13 45            [ 2]  138 	cpw	x, (0x45, sp)
      00009C 7B 08            [ 1]  139 	ld	a, (0x08, sp)
      00009E 12 44            [ 1]  140 	sbc	a, (0x44, sp)
      0000A0 7B 07            [ 1]  141 	ld	a, (0x07, sp)
      0000A2 12 43            [ 1]  142 	sbc	a, (0x43, sp)
      0000A4 7B 06            [ 1]  143 	ld	a, (0x06, sp)
      0000A6 12 42            [ 1]  144 	sbc	a, (0x42, sp)
      0000A8 7B 05            [ 1]  145 	ld	a, (0x05, sp)
      0000AA 12 41            [ 1]  146 	sbc	a, (0x41, sp)
      0000AC 7B 04            [ 1]  147 	ld	a, (0x04, sp)
      0000AE 12 40            [ 1]  148 	sbc	a, (0x40, sp)
      0000B0 7B 03            [ 1]  149 	ld	a, (0x03, sp)
      0000B2 12 3F            [ 1]  150 	sbc	a, (0x3f, sp)
      0000B4 25 60            [ 1]  151 	jrc	00106$
                                    152 ;	../_divulonglong.c: 56: reste -= y;
      0000B6 16 09            [ 2]  153 	ldw	y, (0x09, sp)
      0000B8 72 F2 45         [ 2]  154 	subw	y, (0x45, sp)
      0000BB 7B 08            [ 1]  155 	ld	a, (0x08, sp)
      0000BD 12 44            [ 1]  156 	sbc	a, (0x44, sp)
      0000BF 97               [ 1]  157 	ld	xl, a
      0000C0 7B 07            [ 1]  158 	ld	a, (0x07, sp)
      0000C2 12 43            [ 1]  159 	sbc	a, (0x43, sp)
      0000C4 95               [ 1]  160 	ld	xh, a
      0000C5 7B 06            [ 1]  161 	ld	a, (0x06, sp)
      0000C7 12 42            [ 1]  162 	sbc	a, (0x42, sp)
      0000C9 88               [ 1]  163 	push	a
      0000CA 7B 06            [ 1]  164 	ld	a, (0x06, sp)
      0000CC 12 42            [ 1]  165 	sbc	a, (0x42, sp)
      0000CE 6B 16            [ 1]  166 	ld	(0x16, sp), a
      0000D0 7B 05            [ 1]  167 	ld	a, (0x05, sp)
      0000D2 12 41            [ 1]  168 	sbc	a, (0x41, sp)
      0000D4 6B 15            [ 1]  169 	ld	(0x15, sp), a
      0000D6 7B 04            [ 1]  170 	ld	a, (0x04, sp)
      0000D8 12 40            [ 1]  171 	sbc	a, (0x40, sp)
      0000DA 6B 14            [ 1]  172 	ld	(0x14, sp), a
      0000DC 84               [ 1]  173 	pop	a
      0000DD 17 09            [ 2]  174 	ldw	(0x09, sp), y
      0000DF 1F 07            [ 2]  175 	ldw	(0x07, sp), x
      0000E1 6B 06            [ 1]  176 	ld	(0x06, sp), a
      0000E3 16 14            [ 2]  177 	ldw	y, (0x14, sp)
      0000E5 17 04            [ 2]  178 	ldw	(0x04, sp), y
      0000E7 7B 13            [ 1]  179 	ld	a, (0x13, sp)
      0000E9 6B 03            [ 1]  180 	ld	(0x03, sp), a
                                    181 ;	../_divulonglong.c: 58: x |= 1L;
      0000EB 1E 3D            [ 2]  182 	ldw	x, (0x3d, sp)
      0000ED 54               [ 2]  183 	srlw	x
      0000EE 99               [ 1]  184 	scf
      0000EF 59               [ 2]  185 	rlcw	x
      0000F0 7B 3C            [ 1]  186 	ld	a, (0x3c, sp)
      0000F2 6B 10            [ 1]  187 	ld	(0x10, sp), a
      0000F4 7B 3B            [ 1]  188 	ld	a, (0x3b, sp)
      0000F6 88               [ 1]  189 	push	a
      0000F7 7B 3B            [ 1]  190 	ld	a, (0x3b, sp)
      0000F9 90 97            [ 1]  191 	ld	yl, a
      0000FB 7B 3A            [ 1]  192 	ld	a, (0x3a, sp)
      0000FD 90 95            [ 1]  193 	ld	yh, a
      0000FF 7B 39            [ 1]  194 	ld	a, (0x39, sp)
      000101 6B 0D            [ 1]  195 	ld	(0x0d, sp), a
      000103 7B 38            [ 1]  196 	ld	a, (0x38, sp)
      000105 6B 0C            [ 1]  197 	ld	(0x0c, sp), a
      000107 84               [ 1]  198 	pop	a
      000108 1F 3D            [ 2]  199 	ldw	(0x3d, sp), x
      00010A 6B 3B            [ 1]  200 	ld	(0x3b, sp), a
      00010C 17 39            [ 2]  201 	ldw	(0x39, sp), y
      00010E 16 0B            [ 2]  202 	ldw	y, (0x0b, sp)
      000110 17 37            [ 2]  203 	ldw	(0x37, sp), y
      000112 7B 10            [ 1]  204 	ld	a, (0x10, sp)
      000114 6B 3C            [ 1]  205 	ld	(0x3c, sp), a
      000116                        206 00106$:
                                    207 ;	../_divulonglong.c: 61: while (--count);
      000116 7B 02            [ 1]  208 	ld	a, (0x02, sp)
      000118 4A               [ 1]  209 	dec	a
      000119 6B 02            [ 1]  210 	ld	(0x02, sp), a
      00011B 4D               [ 1]  211 	tnz	a
      00011C 27 03            [ 1]  212 	jreq	00128$
      00011E CCr00r0F         [ 2]  213 	jp	00105$
      000121                        214 00128$:
                                    215 ;	../_divulonglong.c: 62: return x;
      000121 1E 35            [ 2]  216 	ldw	x, (0x35, sp)
      000123 16 3D            [ 2]  217 	ldw	y, (0x3d, sp)
      000125 EF 06            [ 2]  218 	ldw	(#6, x), y
      000127 16 3B            [ 2]  219 	ldw	y, (0x3b, sp)
      000129 EF 04            [ 2]  220 	ldw	(#4, x), y
      00012B 16 39            [ 2]  221 	ldw	y, (0x39, sp)
      00012D EF 02            [ 2]  222 	ldw	(#2, x), y
      00012F 16 37            [ 2]  223 	ldw	y, (0x37, sp)
      000131 FF               [ 2]  224 	ldw	(x), y
      000132 5B 32            [ 2]  225 	addw	sp, #50
      000134 81               [ 4]  226 	ret
                                    227 	.area CODE
                                    228 	.area INITIALIZER
                                    229 	.area CABS (ABS)
