                                      1 ;--------------------------------------------------------
                                      2 ; File Created by SDCC : free open source ANSI-C Compiler
                                      3 ; Version 3.4.1 #9092 (Oct 23 2022) (Mac OS X x86_64)
                                      4 ; This file was generated Sun Oct 23 01:40:15 2022
                                      5 ;--------------------------------------------------------
                                      6 	.module _fs2ulong
                                      7 	.optsdcc -mstm8
                                      8 	
                                      9 ;--------------------------------------------------------
                                     10 ; Public variables in this module
                                     11 ;--------------------------------------------------------
                                     12 	.globl ___fs2ulong
                                     13 ;--------------------------------------------------------
                                     14 ; ram data
                                     15 ;--------------------------------------------------------
                                     16 	.area DATA
                                     17 ;--------------------------------------------------------
                                     18 ; ram data
                                     19 ;--------------------------------------------------------
                                     20 	.area INITIALIZED
                                     21 ;--------------------------------------------------------
                                     22 ; absolute external ram data
                                     23 ;--------------------------------------------------------
                                     24 	.area DABS (ABS)
                                     25 ;--------------------------------------------------------
                                     26 ; global & static initialisations
                                     27 ;--------------------------------------------------------
                                     28 	.area HOME
                                     29 	.area GSINIT
                                     30 	.area GSFINAL
                                     31 	.area GSINIT
                                     32 ;--------------------------------------------------------
                                     33 ; Home
                                     34 ;--------------------------------------------------------
                                     35 	.area HOME
                                     36 	.area HOME
                                     37 ;--------------------------------------------------------
                                     38 ; code
                                     39 ;--------------------------------------------------------
                                     40 	.area CODE
                                     41 ;	../_fs2ulong.c: 103: __fs2ulong (float a1)
                                     42 ;	-----------------------------------------
                                     43 ;	 function __fs2ulong
                                     44 ;	-----------------------------------------
      000000                         45 ___fs2ulong:
      000000 52 0E            [ 2]   46 	sub	sp, #14
                                     47 ;	../_fs2ulong.c: 109: fl1.f = a1;
      000002 96               [ 1]   48 	ldw	x, sp
      000003 1C 00 07         [ 2]   49 	addw	x, #7
      000006 16 13            [ 2]   50 	ldw	y, (0x13, sp)
      000008 EF 02            [ 2]   51 	ldw	(0x2, x), y
      00000A 16 11            [ 2]   52 	ldw	y, (0x11, sp)
      00000C FF               [ 2]   53 	ldw	(x), y
                                     54 ;	../_fs2ulong.c: 111: if (!fl1.l || SIGN(fl1.l))
      00000D 96               [ 1]   55 	ldw	x, sp
      00000E 1C 00 07         [ 2]   56 	addw	x, #7
      000011 E6 03            [ 1]   57 	ld	a, (0x3, x)
      000013 90 97            [ 1]   58 	ld	yl, a
      000015 E6 02            [ 1]   59 	ld	a, (0x2, x)
      000017 90 95            [ 1]   60 	ld	yh, a
      000019 FE               [ 2]   61 	ldw	x, (x)
      00001A 90 5D            [ 2]   62 	tnzw	y
      00001C 26 03            [ 1]   63 	jrne	00110$
      00001E 5D               [ 2]   64 	tnzw	x
      00001F 27 12            [ 1]   65 	jreq	00101$
      000021                         66 00110$:
      000021 96               [ 1]   67 	ldw	x, sp
      000022 1C 00 07         [ 2]   68 	addw	x, #7
      000025 E6 03            [ 1]   69 	ld	a, (0x3, x)
      000027 90 97            [ 1]   70 	ld	yl, a
      000029 E6 02            [ 1]   71 	ld	a, (0x2, x)
      00002B FE               [ 2]   72 	ldw	x, (x)
      00002C 02               [ 1]   73 	rlwa	x
      00002D 48               [ 1]   74 	sll	a
      00002E 4F               [ 1]   75 	clr	a
      00002F 49               [ 1]   76 	rlc	a
      000030 4D               [ 1]   77 	tnz	a
      000031 27 05            [ 1]   78 	jreq	00102$
      000033                         79 00101$:
                                     80 ;	../_fs2ulong.c: 112: return (0);
      000033 5F               [ 1]   81 	clrw	x
      000034 90 5F            [ 1]   82 	clrw	y
      000036 20 65            [ 2]   83 	jra	00104$
      000038                         84 00102$:
                                     85 ;	../_fs2ulong.c: 114: exp = EXP (fl1.l) - EXCESS - 24;
      000038 96               [ 1]   86 	ldw	x, sp
      000039 1C 00 07         [ 2]   87 	addw	x, #7
      00003C E6 03            [ 1]   88 	ld	a, (0x3, x)
      00003E 90 97            [ 1]   89 	ld	yl, a
      000040 E6 02            [ 1]   90 	ld	a, (0x2, x)
      000042 FE               [ 2]   91 	ldw	x, (x)
      000043 88               [ 1]   92 	push	a
      000044 A6 17            [ 1]   93 	ld	a, #0x17
      000046                         94 00112$:
      000046 54               [ 2]   95 	srlw	x
      000047 06 01            [ 1]   96 	rrc	(1, sp)
      000049 61               [ 1]   97 	exg	a, yl
      00004A 46               [ 1]   98 	rrc	a
      00004B 61               [ 1]   99 	exg	a, yl
      00004C 4A               [ 1]  100 	dec	a
      00004D 26 F7            [ 1]  101 	jrne	00112$
      00004F 84               [ 1]  102 	pop	a
      000050 4F               [ 1]  103 	clr	a
      000051 90 95            [ 1]  104 	ld	yh, a
      000053 5F               [ 1]  105 	clrw	x
      000054 72 A2 00 96      [ 2]  106 	subw	y, #0x0096
      000058 9F               [ 1]  107 	ld	a, xl
      000059 A2 00            [ 1]  108 	sbc	a, #0x00
      00005B 97               [ 1]  109 	ld	xl, a
      00005C 9E               [ 1]  110 	ld	a, xh
      00005D A2 00            [ 1]  111 	sbc	a, #0x00
      00005F 17 05            [ 2]  112 	ldw	(0x05, sp), y
                                    113 ;	../_fs2ulong.c: 115: l = MANT (fl1.l);
      000061 96               [ 1]  114 	ldw	x, sp
      000062 1C 00 07         [ 2]  115 	addw	x, #7
      000065 E6 03            [ 1]  116 	ld	a, (0x3, x)
      000067 90 97            [ 1]  117 	ld	yl, a
      000069 E6 02            [ 1]  118 	ld	a, (0x2, x)
      00006B FE               [ 2]  119 	ldw	x, (x)
      00006C 02               [ 1]  120 	rlwa	x
      00006D 58               [ 2]  121 	sllw	x
      00006E 54               [ 2]  122 	srlw	x
      00006F 4F               [ 1]  123 	clr	a
      000070 88               [ 1]  124 	push	a
      000071 58               [ 2]  125 	sllw	x
      000072 99               [ 1]  126 	scf
      000073 56               [ 2]  127 	rrcw	x
      000074 84               [ 1]  128 	pop	a
      000075 61               [ 1]  129 	exg	a, yl
      000076 6B 04            [ 1]  130 	ld	(0x04, sp), a
      000078 61               [ 1]  131 	exg	a, yl
      000079 1F 02            [ 2]  132 	ldw	(0x02, sp), x
      00007B 6B 01            [ 1]  133 	ld	(0x01, sp), a
                                    134 ;	../_fs2ulong.c: 117: l >>= -exp;
      00007D 1E 05            [ 2]  135 	ldw	x, (0x05, sp)
      00007F 50               [ 2]  136 	negw	x
      000080 16 01            [ 2]  137 	ldw	y, (0x01, sp)
      000082 17 0B            [ 2]  138 	ldw	(0x0b, sp), y
      000084 16 03            [ 2]  139 	ldw	y, (0x03, sp)
      000086 9F               [ 1]  140 	ld	a, xl
      000087 4D               [ 1]  141 	tnz	a
      000088 27 09            [ 1]  142 	jreq	00115$
      00008A                        143 00114$:
      00008A 07 0B            [ 1]  144 	sra	(0x0b, sp)
      00008C 06 0C            [ 1]  145 	rrc	(0x0c, sp)
      00008E 90 56            [ 2]  146 	rrcw	y
      000090 4A               [ 1]  147 	dec	a
      000091 26 F7            [ 1]  148 	jrne	00114$
      000093                        149 00115$:
      000093 17 03            [ 2]  150 	ldw	(0x03, sp), y
      000095 16 0B            [ 2]  151 	ldw	y, (0x0b, sp)
      000097 17 01            [ 2]  152 	ldw	(0x01, sp), y
                                    153 ;	../_fs2ulong.c: 119: return l;
      000099 1E 03            [ 2]  154 	ldw	x, (0x03, sp)
      00009B 16 01            [ 2]  155 	ldw	y, (0x01, sp)
      00009D                        156 00104$:
      00009D 5B 0E            [ 2]  157 	addw	sp, #14
      00009F 81               [ 4]  158 	ret
                                    159 	.area CODE
                                    160 	.area INITIALIZER
                                    161 	.area CABS (ABS)
