                                      1 ;--------------------------------------------------------
                                      2 ; File Created by SDCC : free open source ANSI-C Compiler
                                      3 ; Version 3.4.1 #9092 (Oct 23 2022) (Mac OS X x86_64)
                                      4 ; This file was generated Sun Oct 23 01:40:22 2022
                                      5 ;--------------------------------------------------------
                                      6 	.module _fsdiv
                                      7 	.optsdcc -mstm8
                                      8 	
                                      9 ;--------------------------------------------------------
                                     10 ; Public variables in this module
                                     11 ;--------------------------------------------------------
                                     12 	.globl ___fsdiv
                                     13 ;--------------------------------------------------------
                                     14 ; ram data
                                     15 ;--------------------------------------------------------
                                     16 	.area DATA
                                     17 ;--------------------------------------------------------
                                     18 ; ram data
                                     19 ;--------------------------------------------------------
                                     20 	.area INITIALIZED
                                     21 ;--------------------------------------------------------
                                     22 ; absolute external ram data
                                     23 ;--------------------------------------------------------
                                     24 	.area DABS (ABS)
                                     25 ;--------------------------------------------------------
                                     26 ; global & static initialisations
                                     27 ;--------------------------------------------------------
                                     28 	.area HOME
                                     29 	.area GSINIT
                                     30 	.area GSFINAL
                                     31 	.area GSINIT
                                     32 ;--------------------------------------------------------
                                     33 ; Home
                                     34 ;--------------------------------------------------------
                                     35 	.area HOME
                                     36 	.area HOME
                                     37 ;--------------------------------------------------------
                                     38 ; code
                                     39 ;--------------------------------------------------------
                                     40 	.area CODE
                                     41 ;	../_fsdiv.c: 274: float __fsdiv (float a1, float a2)
                                     42 ;	-----------------------------------------
                                     43 ;	 function __fsdiv
                                     44 ;	-----------------------------------------
      000000                         45 ___fsdiv:
      000000 52 48            [ 2]   46 	sub	sp, #72
                                     47 ;	../_fsdiv.c: 283: fl1.f = a1;
      000002 96               [ 1]   48 	ldw	x, sp
      000003 1C 00 18         [ 2]   49 	addw	x, #24
      000006 16 4D            [ 2]   50 	ldw	y, (0x4d, sp)
      000008 EF 02            [ 2]   51 	ldw	(0x2, x), y
      00000A 16 4B            [ 2]   52 	ldw	y, (0x4b, sp)
      00000C FF               [ 2]   53 	ldw	(x), y
                                     54 ;	../_fsdiv.c: 284: fl2.f = a2;
      00000D 96               [ 1]   55 	ldw	x, sp
      00000E 1C 00 14         [ 2]   56 	addw	x, #20
      000011 16 51            [ 2]   57 	ldw	y, (0x51, sp)
      000013 EF 02            [ 2]   58 	ldw	(0x2, x), y
      000015 16 4F            [ 2]   59 	ldw	y, (0x4f, sp)
      000017 FF               [ 2]   60 	ldw	(x), y
                                     61 ;	../_fsdiv.c: 287: exp = EXP (fl1.l) ;
      000018 96               [ 1]   62 	ldw	x, sp
      000019 1C 00 18         [ 2]   63 	addw	x, #24
      00001C E6 03            [ 1]   64 	ld	a, (0x3, x)
      00001E 90 97            [ 1]   65 	ld	yl, a
      000020 E6 02            [ 1]   66 	ld	a, (0x2, x)
      000022 FE               [ 2]   67 	ldw	x, (x)
      000023 88               [ 1]   68 	push	a
      000024 A6 17            [ 1]   69 	ld	a, #0x17
      000026                         70 00164$:
      000026 54               [ 2]   71 	srlw	x
      000027 06 01            [ 1]   72 	rrc	(1, sp)
      000029 61               [ 1]   73 	exg	a, yl
      00002A 46               [ 1]   74 	rrc	a
      00002B 61               [ 1]   75 	exg	a, yl
      00002C 4A               [ 1]   76 	dec	a
      00002D 26 F7            [ 1]   77 	jrne	00164$
      00002F 84               [ 1]   78 	pop	a
      000030 4F               [ 1]   79 	clr	a
      000031 90 95            [ 1]   80 	ld	yh, a
      000033 5F               [ 1]   81 	clrw	x
      000034 17 02            [ 2]   82 	ldw	(0x02, sp), y
                                     83 ;	../_fsdiv.c: 288: exp -= EXP (fl2.l);
      000036 96               [ 1]   84 	ldw	x, sp
      000037 1C 00 14         [ 2]   85 	addw	x, #20
      00003A E6 03            [ 1]   86 	ld	a, (0x3, x)
      00003C 90 97            [ 1]   87 	ld	yl, a
      00003E E6 02            [ 1]   88 	ld	a, (0x2, x)
      000040 FE               [ 2]   89 	ldw	x, (x)
      000041 88               [ 1]   90 	push	a
      000042 A6 17            [ 1]   91 	ld	a, #0x17
      000044                         92 00166$:
      000044 54               [ 2]   93 	srlw	x
      000045 06 01            [ 1]   94 	rrc	(1, sp)
      000047 61               [ 1]   95 	exg	a, yl
      000048 46               [ 1]   96 	rrc	a
      000049 61               [ 1]   97 	exg	a, yl
      00004A 4A               [ 1]   98 	dec	a
      00004B 26 F7            [ 1]   99 	jrne	00166$
      00004D 84               [ 1]  100 	pop	a
      00004E 0F 47            [ 1]  101 	clr	(0x47, sp)
      000050 0F 46            [ 1]  102 	clr	(0x46, sp)
      000052 0F 45            [ 1]  103 	clr	(0x45, sp)
      000054 1E 02            [ 2]  104 	ldw	x, (0x02, sp)
      000056 1F 43            [ 2]  105 	ldw	(0x43, sp), x
      000058 5F               [ 1]  106 	clrw	x
      000059 0D 43            [ 1]  107 	tnz	(0x43, sp)
      00005B 2A 01            [ 1]  108 	jrpl	00168$
      00005D 5A               [ 2]  109 	decw	x
      00005E                        110 00168$:
      00005E 7B 44            [ 1]  111 	ld	a, (0x44, sp)
      000060 90 89            [ 2]  112 	pushw	y
      000062 10 02            [ 1]  113 	sub	a, (#2, sp)
      000064 90 85            [ 2]  114 	popw	y
      000066 90 97            [ 1]  115 	ld	yl, a
      000068 7B 43            [ 1]  116 	ld	a, (0x43, sp)
      00006A 12 47            [ 1]  117 	sbc	a, (0x47, sp)
      00006C 90 95            [ 1]  118 	ld	yh, a
      00006E 9F               [ 1]  119 	ld	a, xl
      00006F 12 46            [ 1]  120 	sbc	a, (0x46, sp)
      000071 97               [ 1]  121 	ld	xl, a
      000072 9E               [ 1]  122 	ld	a, xh
      000073 12 45            [ 1]  123 	sbc	a, (0x45, sp)
      000075 17 02            [ 2]  124 	ldw	(0x02, sp), y
                                    125 ;	../_fsdiv.c: 289: exp += EXCESS;
      000077 1E 02            [ 2]  126 	ldw	x, (0x02, sp)
      000079 1C 00 7E         [ 2]  127 	addw	x, #0x007e
      00007C 1F 02            [ 2]  128 	ldw	(0x02, sp), x
                                    129 ;	../_fsdiv.c: 292: sign = SIGN (fl1.l) ^ SIGN (fl2.l);
      00007E 96               [ 1]  130 	ldw	x, sp
      00007F 1C 00 18         [ 2]  131 	addw	x, #24
      000082 E6 03            [ 1]  132 	ld	a, (0x3, x)
      000084 90 95            [ 1]  133 	ld	yh, a
      000086 E6 02            [ 1]  134 	ld	a, (0x2, x)
      000088 FE               [ 2]  135 	ldw	x, (x)
      000089 02               [ 1]  136 	rlwa	x
      00008A 48               [ 1]  137 	sll	a
      00008B 4F               [ 1]  138 	clr	a
      00008C 49               [ 1]  139 	rlc	a
      00008D 6B 40            [ 1]  140 	ld	(0x40, sp), a
      00008F 96               [ 1]  141 	ldw	x, sp
      000090 1C 00 14         [ 2]  142 	addw	x, #20
      000093 E6 03            [ 1]  143 	ld	a, (0x3, x)
      000095 90 95            [ 1]  144 	ld	yh, a
      000097 E6 02            [ 1]  145 	ld	a, (0x2, x)
      000099 FE               [ 2]  146 	ldw	x, (x)
      00009A 9E               [ 1]  147 	ld	a, xh
      00009B 48               [ 1]  148 	sll	a
      00009C 4F               [ 1]  149 	clr	a
      00009D 49               [ 1]  150 	rlc	a
      00009E 18 40            [ 1]  151 	xor	a, (0x40, sp)
      0000A0 6B 01            [ 1]  152 	ld	(0x01, sp), a
                                    153 ;	../_fsdiv.c: 295: if (!fl2.l)
      0000A2 96               [ 1]  154 	ldw	x, sp
      0000A3 1C 00 14         [ 2]  155 	addw	x, #20
      0000A6 E6 03            [ 1]  156 	ld	a, (0x3, x)
      0000A8 6B 3F            [ 1]  157 	ld	(0x3f, sp), a
      0000AA E6 02            [ 1]  158 	ld	a, (0x2, x)
      0000AC 6B 3E            [ 1]  159 	ld	(0x3e, sp), a
      0000AE FE               [ 2]  160 	ldw	x, (x)
      0000AF 1F 3C            [ 2]  161 	ldw	(0x3c, sp), x
      0000B1 1E 3E            [ 2]  162 	ldw	x, (0x3e, sp)
      0000B3 26 22            [ 1]  163 	jrne	00102$
      0000B5 1E 3C            [ 2]  164 	ldw	x, (0x3c, sp)
      0000B7 26 1E            [ 1]  165 	jrne	00102$
                                    166 ;	../_fsdiv.c: 297: fl2.l = 0x7FC00000;
      0000B9 96               [ 1]  167 	ldw	x, sp
      0000BA 1C 00 14         [ 2]  168 	addw	x, #20
      0000BD 6F 03            [ 1]  169 	clr	(0x3, x)
      0000BF 6F 02            [ 1]  170 	clr	(0x2, x)
      0000C1 90 AE 7F C0      [ 2]  171 	ldw	y, #0x7fc0
      0000C5 FF               [ 2]  172 	ldw	(x), y
                                    173 ;	../_fsdiv.c: 298: return (fl2.f);
      0000C6 96               [ 1]  174 	ldw	x, sp
      0000C7 1C 00 14         [ 2]  175 	addw	x, #20
      0000CA E6 03            [ 1]  176 	ld	a, (0x3, x)
      0000CC 90 97            [ 1]  177 	ld	yl, a
      0000CE E6 02            [ 1]  178 	ld	a, (0x2, x)
      0000D0 90 95            [ 1]  179 	ld	yh, a
      0000D2 FE               [ 2]  180 	ldw	x, (x)
      0000D3 51               [ 1]  181 	exgw	x, y
      0000D4 CCr02r95         [ 2]  182 	jp	00118$
      0000D7                        183 00102$:
                                    184 ;	../_fsdiv.c: 302: if (!fl1.l)
      0000D7 96               [ 1]  185 	ldw	x, sp
      0000D8 1C 00 18         [ 2]  186 	addw	x, #24
      0000DB E6 03            [ 1]  187 	ld	a, (0x3, x)
      0000DD 6B 3B            [ 1]  188 	ld	(0x3b, sp), a
      0000DF E6 02            [ 1]  189 	ld	a, (0x2, x)
      0000E1 6B 3A            [ 1]  190 	ld	(0x3a, sp), a
      0000E3 FE               [ 2]  191 	ldw	x, (x)
      0000E4 16 3A            [ 2]  192 	ldw	y, (0x3a, sp)
      0000E6 26 09            [ 1]  193 	jrne	00104$
      0000E8 5D               [ 2]  194 	tnzw	x
      0000E9 26 06            [ 1]  195 	jrne	00104$
                                    196 ;	../_fsdiv.c: 303: return (0);
      0000EB 5F               [ 1]  197 	clrw	x
      0000EC 90 5F            [ 1]  198 	clrw	y
      0000EE CCr02r95         [ 2]  199 	jp	00118$
      0000F1                        200 00104$:
                                    201 ;	../_fsdiv.c: 306: mant1 = MANT (fl1.l);
      0000F1 96               [ 1]  202 	ldw	x, sp
      0000F2 1C 00 18         [ 2]  203 	addw	x, #24
      0000F5 E6 03            [ 1]  204 	ld	a, (0x3, x)
      0000F7 90 97            [ 1]  205 	ld	yl, a
      0000F9 E6 02            [ 1]  206 	ld	a, (0x2, x)
      0000FB FE               [ 2]  207 	ldw	x, (x)
      0000FC 02               [ 1]  208 	rlwa	x
      0000FD 58               [ 2]  209 	sllw	x
      0000FE 54               [ 2]  210 	srlw	x
      0000FF 4F               [ 1]  211 	clr	a
      000100 88               [ 1]  212 	push	a
      000101 58               [ 2]  213 	sllw	x
      000102 99               [ 1]  214 	scf
      000103 56               [ 2]  215 	rrcw	x
      000104 84               [ 1]  216 	pop	a
      000105 61               [ 1]  217 	exg	a, yl
      000106 6B 0B            [ 1]  218 	ld	(0x0b, sp), a
      000108 61               [ 1]  219 	exg	a, yl
      000109 1F 09            [ 2]  220 	ldw	(0x09, sp), x
      00010B 6B 08            [ 1]  221 	ld	(0x08, sp), a
                                    222 ;	../_fsdiv.c: 307: mant2 = MANT (fl2.l);
      00010D 96               [ 1]  223 	ldw	x, sp
      00010E 1C 00 14         [ 2]  224 	addw	x, #20
      000111 E6 03            [ 1]  225 	ld	a, (0x3, x)
      000113 90 97            [ 1]  226 	ld	yl, a
      000115 E6 02            [ 1]  227 	ld	a, (0x2, x)
      000117 FE               [ 2]  228 	ldw	x, (x)
      000118 02               [ 1]  229 	rlwa	x
      000119 58               [ 2]  230 	sllw	x
      00011A 54               [ 2]  231 	srlw	x
      00011B 4F               [ 1]  232 	clr	a
      00011C 88               [ 1]  233 	push	a
      00011D 58               [ 2]  234 	sllw	x
      00011E 99               [ 1]  235 	scf
      00011F 56               [ 2]  236 	rrcw	x
      000120 84               [ 1]  237 	pop	a
      000121 61               [ 1]  238 	exg	a, yl
      000122 6B 07            [ 1]  239 	ld	(0x07, sp), a
      000124 61               [ 1]  240 	exg	a, yl
      000125 1F 05            [ 2]  241 	ldw	(0x05, sp), x
      000127 6B 04            [ 1]  242 	ld	(0x04, sp), a
                                    243 ;	../_fsdiv.c: 310: if (mant1 < mant2)
      000129 1E 0A            [ 2]  244 	ldw	x, (0x0a, sp)
      00012B 13 06            [ 2]  245 	cpw	x, (0x06, sp)
      00012D 7B 09            [ 1]  246 	ld	a, (0x09, sp)
      00012F 12 05            [ 1]  247 	sbc	a, (0x05, sp)
      000131 7B 08            [ 1]  248 	ld	a, (0x08, sp)
      000133 12 04            [ 1]  249 	sbc	a, (0x04, sp)
      000135 2E 10            [ 1]  250 	jrsge	00106$
                                    251 ;	../_fsdiv.c: 312: mant1 <<= 1;
      000137 16 0A            [ 2]  252 	ldw	y, (0x0a, sp)
      000139 1E 08            [ 2]  253 	ldw	x, (0x08, sp)
      00013B 90 58            [ 2]  254 	sllw	y
      00013D 59               [ 2]  255 	rlcw	x
      00013E 17 0A            [ 2]  256 	ldw	(0x0a, sp), y
      000140 1F 08            [ 2]  257 	ldw	(0x08, sp), x
                                    258 ;	../_fsdiv.c: 313: exp--;
      000142 1E 02            [ 2]  259 	ldw	x, (0x02, sp)
      000144 5A               [ 2]  260 	decw	x
      000145 1F 02            [ 2]  261 	ldw	(0x02, sp), x
      000147                        262 00106$:
                                    263 ;	../_fsdiv.c: 317: mask = 0x1000000;
      000147 5F               [ 1]  264 	clrw	x
      000148 1F 0E            [ 2]  265 	ldw	(0x0e, sp), x
      00014A AE 01 00         [ 2]  266 	ldw	x, #0x0100
      00014D 1F 0C            [ 2]  267 	ldw	(0x0c, sp), x
                                    268 ;	../_fsdiv.c: 318: result = 0;
      00014F 5F               [ 1]  269 	clrw	x
      000150 1F 12            [ 2]  270 	ldw	(0x12, sp), x
      000152 1F 10            [ 2]  271 	ldw	(0x10, sp), x
                                    272 ;	../_fsdiv.c: 319: while (mask)
      000154                        273 00109$:
      000154 1E 0E            [ 2]  274 	ldw	x, (0x0e, sp)
      000156 26 04            [ 1]  275 	jrne	00174$
      000158 1E 0C            [ 2]  276 	ldw	x, (0x0c, sp)
      00015A 27 55            [ 1]  277 	jreq	00111$
      00015C                        278 00174$:
                                    279 ;	../_fsdiv.c: 321: if (mant1 >= mant2)
      00015C 1E 0A            [ 2]  280 	ldw	x, (0x0a, sp)
      00015E 13 06            [ 2]  281 	cpw	x, (0x06, sp)
      000160 7B 09            [ 1]  282 	ld	a, (0x09, sp)
      000162 12 05            [ 1]  283 	sbc	a, (0x05, sp)
      000164 7B 08            [ 1]  284 	ld	a, (0x08, sp)
      000166 12 04            [ 1]  285 	sbc	a, (0x04, sp)
      000168 2F 2F            [ 1]  286 	jrslt	00108$
                                    287 ;	../_fsdiv.c: 323: result |= mask;
      00016A 16 12            [ 2]  288 	ldw	y, (0x12, sp)
      00016C 1E 10            [ 2]  289 	ldw	x, (0x10, sp)
      00016E 90 9F            [ 1]  290 	ld	a, yl
      000170 1A 0F            [ 1]  291 	or	a, (0x0f, sp)
      000172 90 97            [ 1]  292 	ld	yl, a
      000174 90 9E            [ 1]  293 	ld	a, yh
      000176 1A 0E            [ 1]  294 	or	a, (0x0e, sp)
      000178 90 95            [ 1]  295 	ld	yh, a
      00017A 9F               [ 1]  296 	ld	a, xl
      00017B 1A 0D            [ 1]  297 	or	a, (0x0d, sp)
      00017D 97               [ 1]  298 	ld	xl, a
      00017E 9E               [ 1]  299 	ld	a, xh
      00017F 1A 0C            [ 1]  300 	or	a, (0x0c, sp)
      000181 95               [ 1]  301 	ld	xh, a
      000182 17 12            [ 2]  302 	ldw	(0x12, sp), y
      000184 1F 10            [ 2]  303 	ldw	(0x10, sp), x
                                    304 ;	../_fsdiv.c: 324: mant1 -= mant2;
      000186 16 0A            [ 2]  305 	ldw	y, (0x0a, sp)
      000188 72 F2 06         [ 2]  306 	subw	y, (0x06, sp)
      00018B 7B 09            [ 1]  307 	ld	a, (0x09, sp)
      00018D 12 05            [ 1]  308 	sbc	a, (0x05, sp)
      00018F 97               [ 1]  309 	ld	xl, a
      000190 7B 08            [ 1]  310 	ld	a, (0x08, sp)
      000192 12 04            [ 1]  311 	sbc	a, (0x04, sp)
      000194 95               [ 1]  312 	ld	xh, a
      000195 17 0A            [ 2]  313 	ldw	(0x0a, sp), y
      000197 1F 08            [ 2]  314 	ldw	(0x08, sp), x
      000199                        315 00108$:
                                    316 ;	../_fsdiv.c: 326: mant1 <<= 1;
      000199 16 0A            [ 2]  317 	ldw	y, (0x0a, sp)
      00019B 1E 08            [ 2]  318 	ldw	x, (0x08, sp)
      00019D 90 58            [ 2]  319 	sllw	y
      00019F 59               [ 2]  320 	rlcw	x
      0001A0 17 0A            [ 2]  321 	ldw	(0x0a, sp), y
      0001A2 1F 08            [ 2]  322 	ldw	(0x08, sp), x
                                    323 ;	../_fsdiv.c: 327: mask >>= 1;
      0001A4 16 0E            [ 2]  324 	ldw	y, (0x0e, sp)
      0001A6 1E 0C            [ 2]  325 	ldw	x, (0x0c, sp)
      0001A8 54               [ 2]  326 	srlw	x
      0001A9 90 56            [ 2]  327 	rrcw	y
      0001AB 17 0E            [ 2]  328 	ldw	(0x0e, sp), y
      0001AD 1F 0C            [ 2]  329 	ldw	(0x0c, sp), x
      0001AF 20 A3            [ 2]  330 	jra	00109$
      0001B1                        331 00111$:
                                    332 ;	../_fsdiv.c: 331: result += 1;
      0001B1 16 12            [ 2]  333 	ldw	y, (0x12, sp)
      0001B3 72 A9 00 01      [ 2]  334 	addw	y, #0x0001
      0001B7 7B 11            [ 1]  335 	ld	a, (0x11, sp)
      0001B9 A9 00            [ 1]  336 	adc	a, #0x00
      0001BB 97               [ 1]  337 	ld	xl, a
      0001BC 7B 10            [ 1]  338 	ld	a, (0x10, sp)
      0001BE A9 00            [ 1]  339 	adc	a, #0x00
      0001C0 95               [ 1]  340 	ld	xh, a
      0001C1 17 12            [ 2]  341 	ldw	(0x12, sp), y
      0001C3 1F 10            [ 2]  342 	ldw	(0x10, sp), x
                                    343 ;	../_fsdiv.c: 334: exp++;
      0001C5 1E 02            [ 2]  344 	ldw	x, (0x02, sp)
      0001C7 5C               [ 2]  345 	incw	x
      0001C8 1F 02            [ 2]  346 	ldw	(0x02, sp), x
                                    347 ;	../_fsdiv.c: 335: result >>= 1;
      0001CA 16 12            [ 2]  348 	ldw	y, (0x12, sp)
      0001CC 1E 10            [ 2]  349 	ldw	x, (0x10, sp)
      0001CE 57               [ 2]  350 	sraw	x
      0001CF 90 56            [ 2]  351 	rrcw	y
      0001D1 17 12            [ 2]  352 	ldw	(0x12, sp), y
      0001D3 1F 10            [ 2]  353 	ldw	(0x10, sp), x
                                    354 ;	../_fsdiv.c: 337: result &= ~HIDDEN;
      0001D5 16 12            [ 2]  355 	ldw	y, (0x12, sp)
      0001D7 1E 10            [ 2]  356 	ldw	x, (0x10, sp)
      0001D9 9F               [ 1]  357 	ld	a, xl
      0001DA A4 7F            [ 1]  358 	and	a, #0x7f
      0001DC 97               [ 1]  359 	ld	xl, a
      0001DD 17 12            [ 2]  360 	ldw	(0x12, sp), y
      0001DF 1F 10            [ 2]  361 	ldw	(0x10, sp), x
                                    362 ;	../_fsdiv.c: 340: if (exp >= 0x100)
      0001E1 1E 02            [ 2]  363 	ldw	x, (0x02, sp)
      0001E3 A3 01 00         [ 2]  364 	cpw	x, #0x0100
      0001E6 2F 2A            [ 1]  365 	jrslt	00116$
                                    366 ;	../_fsdiv.c: 341: fl1.l = (sign ? SIGNBIT : 0) | __INFINITY;
      0001E8 96               [ 1]  367 	ldw	x, sp
      0001E9 1C 00 18         [ 2]  368 	addw	x, #24
      0001EC 1F 36            [ 2]  369 	ldw	(0x36, sp), x
      0001EE 0D 01            [ 1]  370 	tnz	(0x01, sp)
      0001F0 27 08            [ 1]  371 	jreq	00120$
      0001F2 90 5F            [ 1]  372 	clrw	y
      0001F4 0F 33            [ 1]  373 	clr	(0x33, sp)
      0001F6 A6 80            [ 1]  374 	ld	a, #0x80
      0001F8 20 05            [ 2]  375 	jra	00121$
      0001FA                        376 00120$:
      0001FA 90 5F            [ 1]  377 	clrw	y
      0001FC 0F 33            [ 1]  378 	clr	(0x33, sp)
      0001FE 4F               [ 1]  379 	clr	a
      0001FF                        380 00121$:
      0001FF AA 7F            [ 1]  381 	or	a, #0x7f
      000201 6B 2E            [ 1]  382 	ld	(0x2e, sp), a
      000203 7B 33            [ 1]  383 	ld	a, (0x33, sp)
      000205 AA 80            [ 1]  384 	or	a, #0x80
      000207 6B 2F            [ 1]  385 	ld	(0x2f, sp), a
      000209 1E 36            [ 2]  386 	ldw	x, (0x36, sp)
      00020B EF 02            [ 2]  387 	ldw	(0x2, x), y
      00020D 16 2E            [ 2]  388 	ldw	y, (0x2e, sp)
      00020F FF               [ 2]  389 	ldw	(x), y
      000210 20 75            [ 2]  390 	jra	00117$
      000212                        391 00116$:
                                    392 ;	../_fsdiv.c: 342: else if (exp < 0)
      000212 0D 02            [ 1]  393 	tnz	(0x02, sp)
      000214 2A 0D            [ 1]  394 	jrpl	00113$
                                    395 ;	../_fsdiv.c: 343: fl1.l = 0;
      000216 96               [ 1]  396 	ldw	x, sp
      000217 1C 00 18         [ 2]  397 	addw	x, #24
      00021A 6F 03            [ 1]  398 	clr	(0x3, x)
      00021C 6F 02            [ 1]  399 	clr	(0x2, x)
      00021E 6F 01            [ 1]  400 	clr	(0x1, x)
      000220 7F               [ 1]  401 	clr	(x)
      000221 20 64            [ 2]  402 	jra	00117$
      000223                        403 00113$:
                                    404 ;	../_fsdiv.c: 345: fl1.l = PACK (sign ? SIGNBIT : 0 , exp, result);
      000223 96               [ 1]  405 	ldw	x, sp
      000224 1C 00 18         [ 2]  406 	addw	x, #24
      000227 1F 2C            [ 2]  407 	ldw	(0x2c, sp), x
      000229 0D 01            [ 1]  408 	tnz	(0x01, sp)
      00022B 27 0A            [ 1]  409 	jreq	00122$
      00022D 5F               [ 1]  410 	clrw	x
      00022E 1F 2A            [ 2]  411 	ldw	(0x2a, sp), x
      000230 AE 80 00         [ 2]  412 	ldw	x, #0x8000
      000233 1F 28            [ 2]  413 	ldw	(0x28, sp), x
      000235 20 05            [ 2]  414 	jra	00123$
      000237                        415 00122$:
      000237 5F               [ 1]  416 	clrw	x
      000238 1F 2A            [ 2]  417 	ldw	(0x2a, sp), x
      00023A 1F 28            [ 2]  418 	ldw	(0x28, sp), x
      00023C                        419 00123$:
      00023C 16 02            [ 2]  420 	ldw	y, (0x02, sp)
      00023E 5F               [ 1]  421 	clrw	x
      00023F 90 5D            [ 2]  422 	tnzw	y
      000241 2A 01            [ 1]  423 	jrpl	00180$
      000243 5A               [ 2]  424 	decw	x
      000244                        425 00180$:
      000244 A6 17            [ 1]  426 	ld	a, #0x17
      000246                        427 00181$:
      000246 90 58            [ 2]  428 	sllw	y
      000248 59               [ 2]  429 	rlcw	x
      000249 4A               [ 1]  430 	dec	a
      00024A 26 FA            [ 1]  431 	jrne	00181$
      00024C 90 9F            [ 1]  432 	ld	a, yl
      00024E 1A 2B            [ 1]  433 	or	a, (0x2b, sp)
      000250 6B 27            [ 1]  434 	ld	(0x27, sp), a
      000252 90 9E            [ 1]  435 	ld	a, yh
      000254 1A 2A            [ 1]  436 	or	a, (0x2a, sp)
      000256 6B 26            [ 1]  437 	ld	(0x26, sp), a
      000258 9F               [ 1]  438 	ld	a, xl
      000259 1A 29            [ 1]  439 	or	a, (0x29, sp)
      00025B 6B 25            [ 1]  440 	ld	(0x25, sp), a
      00025D 9E               [ 1]  441 	ld	a, xh
      00025E 1A 28            [ 1]  442 	or	a, (0x28, sp)
      000260 16 12            [ 2]  443 	ldw	y, (0x12, sp)
      000262 17 22            [ 2]  444 	ldw	(0x22, sp), y
      000264 1E 10            [ 2]  445 	ldw	x, (0x10, sp)
      000266 89               [ 2]  446 	pushw	x
      000267 1A 01            [ 1]  447 	or	a, (1, sp)
      000269 85               [ 2]  448 	popw	x
      00026A 6B 1C            [ 1]  449 	ld	(0x1c, sp), a
      00026C 7B 27            [ 1]  450 	ld	a, (0x27, sp)
      00026E 1A 23            [ 1]  451 	or	a, (0x23, sp)
      000270 90 97            [ 1]  452 	ld	yl, a
      000272 7B 26            [ 1]  453 	ld	a, (0x26, sp)
      000274 1A 22            [ 1]  454 	or	a, (0x22, sp)
      000276 90 95            [ 1]  455 	ld	yh, a
      000278 89               [ 2]  456 	pushw	x
      000279 7B 27            [ 1]  457 	ld	a, (0x27, sp)
      00027B 1A 02            [ 1]  458 	or	a, (2, sp)
      00027D 85               [ 2]  459 	popw	x
      00027E 6B 1D            [ 1]  460 	ld	(0x1d, sp), a
      000280 1E 2C            [ 2]  461 	ldw	x, (0x2c, sp)
      000282 EF 02            [ 2]  462 	ldw	(0x2, x), y
      000284 16 1C            [ 2]  463 	ldw	y, (0x1c, sp)
      000286 FF               [ 2]  464 	ldw	(x), y
      000287                        465 00117$:
                                    466 ;	../_fsdiv.c: 346: return (fl1.f);
      000287 96               [ 1]  467 	ldw	x, sp
      000288 1C 00 18         [ 2]  468 	addw	x, #24
      00028B E6 03            [ 1]  469 	ld	a, (0x3, x)
      00028D 90 97            [ 1]  470 	ld	yl, a
      00028F E6 02            [ 1]  471 	ld	a, (0x2, x)
      000291 90 95            [ 1]  472 	ld	yh, a
      000293 FE               [ 2]  473 	ldw	x, (x)
      000294 51               [ 1]  474 	exgw	x, y
      000295                        475 00118$:
      000295 5B 48            [ 2]  476 	addw	sp, #72
      000297 81               [ 4]  477 	ret
                                    478 	.area CODE
                                    479 	.area INITIALIZER
                                    480 	.area CABS (ABS)
