                                      1 ;--------------------------------------------------------
                                      2 ; File Created by SDCC : free open source ANSI-C Compiler
                                      3 ; Version 3.4.1 #9092 (Oct 23 2022) (Mac OS X x86_64)
                                      4 ; This file was generated Sun Oct 23 01:40:26 2022
                                      5 ;--------------------------------------------------------
                                      6 	.module _fsmul
                                      7 	.optsdcc -mstm8
                                      8 	
                                      9 ;--------------------------------------------------------
                                     10 ; Public variables in this module
                                     11 ;--------------------------------------------------------
                                     12 	.globl ___fsmul
                                     13 ;--------------------------------------------------------
                                     14 ; ram data
                                     15 ;--------------------------------------------------------
                                     16 	.area DATA
                                     17 ;--------------------------------------------------------
                                     18 ; ram data
                                     19 ;--------------------------------------------------------
                                     20 	.area INITIALIZED
                                     21 ;--------------------------------------------------------
                                     22 ; absolute external ram data
                                     23 ;--------------------------------------------------------
                                     24 	.area DABS (ABS)
                                     25 ;--------------------------------------------------------
                                     26 ; global & static initialisations
                                     27 ;--------------------------------------------------------
                                     28 	.area HOME
                                     29 	.area GSINIT
                                     30 	.area GSFINAL
                                     31 	.area GSINIT
                                     32 ;--------------------------------------------------------
                                     33 ; Home
                                     34 ;--------------------------------------------------------
                                     35 	.area HOME
                                     36 	.area HOME
                                     37 ;--------------------------------------------------------
                                     38 ; code
                                     39 ;--------------------------------------------------------
                                     40 	.area CODE
                                     41 ;	../_fsmul.c: 241: float __fsmul (float a1, float a2) {
                                     42 ;	-----------------------------------------
                                     43 ;	 function __fsmul
                                     44 ;	-----------------------------------------
      000000                         45 ___fsmul:
      000000 52 74            [ 2]   46 	sub	sp, #116
                                     47 ;	../_fsmul.c: 247: fl1.f = a1;
      000002 96               [ 1]   48 	ldw	x, sp
      000003 1C 00 0C         [ 2]   49 	addw	x, #12
      000006 16 79            [ 2]   50 	ldw	y, (0x79, sp)
      000008 EF 02            [ 2]   51 	ldw	(0x2, x), y
      00000A 16 77            [ 2]   52 	ldw	y, (0x77, sp)
      00000C FF               [ 2]   53 	ldw	(x), y
                                     54 ;	../_fsmul.c: 248: fl2.f = a2;
      00000D 96               [ 1]   55 	ldw	x, sp
      00000E 1C 00 08         [ 2]   56 	addw	x, #8
      000011 16 7D            [ 2]   57 	ldw	y, (0x7d, sp)
      000013 EF 02            [ 2]   58 	ldw	(0x2, x), y
      000015 16 7B            [ 2]   59 	ldw	y, (0x7b, sp)
      000017 FF               [ 2]   60 	ldw	(x), y
                                     61 ;	../_fsmul.c: 250: if (!fl1.l || !fl2.l)
      000018 96               [ 1]   62 	ldw	x, sp
      000019 1C 00 0C         [ 2]   63 	addw	x, #12
      00001C E6 03            [ 1]   64 	ld	a, (0x3, x)
      00001E 6B 74            [ 1]   65 	ld	(0x74, sp), a
      000020 E6 02            [ 1]   66 	ld	a, (0x2, x)
      000022 6B 73            [ 1]   67 	ld	(0x73, sp), a
      000024 FE               [ 2]   68 	ldw	x, (x)
      000025 1F 71            [ 2]   69 	ldw	(0x71, sp), x
      000027 1E 73            [ 2]   70 	ldw	x, (0x73, sp)
      000029 26 04            [ 1]   71 	jrne	00143$
      00002B 1E 71            [ 2]   72 	ldw	x, (0x71, sp)
      00002D 27 15            [ 1]   73 	jreq	00101$
      00002F                         74 00143$:
      00002F 96               [ 1]   75 	ldw	x, sp
      000030 1C 00 08         [ 2]   76 	addw	x, #8
      000033 E6 03            [ 1]   77 	ld	a, (0x3, x)
      000035 6B 70            [ 1]   78 	ld	(0x70, sp), a
      000037 E6 02            [ 1]   79 	ld	a, (0x2, x)
      000039 FE               [ 2]   80 	ldw	x, (x)
      00003A 0D 70            [ 1]   81 	tnz	(0x70, sp)
      00003C 26 0C            [ 1]   82 	jrne	00102$
      00003E 4D               [ 1]   83 	tnz	a
      00003F 26 09            [ 1]   84 	jrne	00102$
      000041 5D               [ 2]   85 	tnzw	x
      000042 26 06            [ 1]   86 	jrne	00102$
      000044                         87 00101$:
                                     88 ;	../_fsmul.c: 251: return (0);
      000044 5F               [ 1]   89 	clrw	x
      000045 90 5F            [ 1]   90 	clrw	y
      000047 CCr03r00         [ 2]   91 	jp	00113$
      00004A                         92 00102$:
                                     93 ;	../_fsmul.c: 254: sign = SIGN (fl1.l) ^ SIGN (fl2.l);
      00004A 96               [ 1]   94 	ldw	x, sp
      00004B 1C 00 0C         [ 2]   95 	addw	x, #12
      00004E E6 03            [ 1]   96 	ld	a, (0x3, x)
      000050 6B 6C            [ 1]   97 	ld	(0x6c, sp), a
      000052 E6 02            [ 1]   98 	ld	a, (0x2, x)
      000054 FE               [ 2]   99 	ldw	x, (x)
      000055 9E               [ 1]  100 	ld	a, xh
      000056 48               [ 1]  101 	sll	a
      000057 4F               [ 1]  102 	clr	a
      000058 49               [ 1]  103 	rlc	a
      000059 6B 68            [ 1]  104 	ld	(0x68, sp), a
      00005B 96               [ 1]  105 	ldw	x, sp
      00005C 1C 00 08         [ 2]  106 	addw	x, #8
      00005F E6 03            [ 1]  107 	ld	a, (0x3, x)
      000061 6B 67            [ 1]  108 	ld	(0x67, sp), a
      000063 E6 02            [ 1]  109 	ld	a, (0x2, x)
      000065 FE               [ 2]  110 	ldw	x, (x)
      000066 9E               [ 1]  111 	ld	a, xh
      000067 48               [ 1]  112 	sll	a
      000068 4F               [ 1]  113 	clr	a
      000069 49               [ 1]  114 	rlc	a
      00006A 18 68            [ 1]  115 	xor	a, (0x68, sp)
      00006C 6B 01            [ 1]  116 	ld	(0x01, sp), a
                                    117 ;	../_fsmul.c: 255: exp = EXP (fl1.l) - EXCESS;
      00006E 96               [ 1]  118 	ldw	x, sp
      00006F 1C 00 0C         [ 2]  119 	addw	x, #12
      000072 E6 03            [ 1]  120 	ld	a, (0x3, x)
      000074 90 97            [ 1]  121 	ld	yl, a
      000076 E6 02            [ 1]  122 	ld	a, (0x2, x)
      000078 FE               [ 2]  123 	ldw	x, (x)
      000079 88               [ 1]  124 	push	a
      00007A A6 17            [ 1]  125 	ld	a, #0x17
      00007C                        126 00146$:
      00007C 54               [ 2]  127 	srlw	x
      00007D 06 01            [ 1]  128 	rrc	(1, sp)
      00007F 61               [ 1]  129 	exg	a, yl
      000080 46               [ 1]  130 	rrc	a
      000081 61               [ 1]  131 	exg	a, yl
      000082 4A               [ 1]  132 	dec	a
      000083 26 F7            [ 1]  133 	jrne	00146$
      000085 84               [ 1]  134 	pop	a
      000086 4F               [ 1]  135 	clr	a
      000087 90 95            [ 1]  136 	ld	yh, a
      000089 5F               [ 1]  137 	clrw	x
      00008A 72 A2 00 7E      [ 2]  138 	subw	y, #0x007e
      00008E 9F               [ 1]  139 	ld	a, xl
      00008F A2 00            [ 1]  140 	sbc	a, #0x00
      000091 97               [ 1]  141 	ld	xl, a
      000092 9E               [ 1]  142 	ld	a, xh
      000093 A2 00            [ 1]  143 	sbc	a, #0x00
      000095 17 02            [ 2]  144 	ldw	(0x02, sp), y
                                    145 ;	../_fsmul.c: 256: exp += EXP (fl2.l);
      000097 96               [ 1]  146 	ldw	x, sp
      000098 1C 00 08         [ 2]  147 	addw	x, #8
      00009B E6 03            [ 1]  148 	ld	a, (0x3, x)
      00009D 90 97            [ 1]  149 	ld	yl, a
      00009F E6 02            [ 1]  150 	ld	a, (0x2, x)
      0000A1 FE               [ 2]  151 	ldw	x, (x)
      0000A2 88               [ 1]  152 	push	a
      0000A3 A6 17            [ 1]  153 	ld	a, #0x17
      0000A5                        154 00148$:
      0000A5 54               [ 2]  155 	srlw	x
      0000A6 06 01            [ 1]  156 	rrc	(1, sp)
      0000A8 61               [ 1]  157 	exg	a, yl
      0000A9 46               [ 1]  158 	rrc	a
      0000AA 61               [ 1]  159 	exg	a, yl
      0000AB 4A               [ 1]  160 	dec	a
      0000AC 26 F7            [ 1]  161 	jrne	00148$
      0000AE 84               [ 1]  162 	pop	a
      0000AF 4F               [ 1]  163 	clr	a
      0000B0 0F 61            [ 1]  164 	clr	(0x61, sp)
      0000B2 0F 60            [ 1]  165 	clr	(0x60, sp)
      0000B4 1E 02            [ 2]  166 	ldw	x, (0x02, sp)
      0000B6 1F 5E            [ 2]  167 	ldw	(0x5e, sp), x
      0000B8 5F               [ 1]  168 	clrw	x
      0000B9 0D 5E            [ 1]  169 	tnz	(0x5e, sp)
      0000BB 2A 01            [ 1]  170 	jrpl	00150$
      0000BD 5A               [ 2]  171 	decw	x
      0000BE                        172 00150$:
      0000BE 90 95            [ 1]  173 	ld	yh, a
      0000C0 72 F9 5E         [ 2]  174 	addw	y, (0x5e, sp)
      0000C3 9F               [ 1]  175 	ld	a, xl
      0000C4 19 61            [ 1]  176 	adc	a, (0x61, sp)
      0000C6 97               [ 1]  177 	ld	xl, a
      0000C7 9E               [ 1]  178 	ld	a, xh
      0000C8 19 60            [ 1]  179 	adc	a, (0x60, sp)
      0000CA 17 02            [ 2]  180 	ldw	(0x02, sp), y
                                    181 ;	../_fsmul.c: 258: fl1.l = MANT (fl1.l);
      0000CC 96               [ 1]  182 	ldw	x, sp
      0000CD 1C 00 0C         [ 2]  183 	addw	x, #12
      0000D0 1F 5A            [ 2]  184 	ldw	(0x5a, sp), x
      0000D2 96               [ 1]  185 	ldw	x, sp
      0000D3 1C 00 0C         [ 2]  186 	addw	x, #12
      0000D6 E6 03            [ 1]  187 	ld	a, (0x3, x)
      0000D8 90 97            [ 1]  188 	ld	yl, a
      0000DA E6 02            [ 1]  189 	ld	a, (0x2, x)
      0000DC FE               [ 2]  190 	ldw	x, (x)
      0000DD 5E               [ 1]  191 	swapw	x
      0000DE 90 95            [ 1]  192 	ld	yh, a
      0000E0 58               [ 2]  193 	sllw	x
      0000E1 54               [ 2]  194 	srlw	x
      0000E2 4F               [ 1]  195 	clr	a
      0000E3 6B 56            [ 1]  196 	ld	(0x56, sp), a
      0000E5 9E               [ 1]  197 	ld	a, xh
      0000E6 AA 80            [ 1]  198 	or	a, #0x80
      0000E8 6B 57            [ 1]  199 	ld	(0x57, sp), a
      0000EA 1E 5A            [ 2]  200 	ldw	x, (0x5a, sp)
      0000EC EF 02            [ 2]  201 	ldw	(0x2, x), y
      0000EE 16 56            [ 2]  202 	ldw	y, (0x56, sp)
      0000F0 FF               [ 2]  203 	ldw	(x), y
                                    204 ;	../_fsmul.c: 259: fl2.l = MANT (fl2.l);
      0000F1 96               [ 1]  205 	ldw	x, sp
      0000F2 1C 00 08         [ 2]  206 	addw	x, #8
      0000F5 1F 54            [ 2]  207 	ldw	(0x54, sp), x
      0000F7 96               [ 1]  208 	ldw	x, sp
      0000F8 1C 00 08         [ 2]  209 	addw	x, #8
      0000FB E6 03            [ 1]  210 	ld	a, (0x3, x)
      0000FD 90 97            [ 1]  211 	ld	yl, a
      0000FF E6 02            [ 1]  212 	ld	a, (0x2, x)
      000101 FE               [ 2]  213 	ldw	x, (x)
      000102 5E               [ 1]  214 	swapw	x
      000103 90 95            [ 1]  215 	ld	yh, a
      000105 58               [ 2]  216 	sllw	x
      000106 54               [ 2]  217 	srlw	x
      000107 4F               [ 1]  218 	clr	a
      000108 6B 50            [ 1]  219 	ld	(0x50, sp), a
      00010A 9E               [ 1]  220 	ld	a, xh
      00010B AA 80            [ 1]  221 	or	a, #0x80
      00010D 6B 51            [ 1]  222 	ld	(0x51, sp), a
      00010F 1E 54            [ 2]  223 	ldw	x, (0x54, sp)
      000111 EF 02            [ 2]  224 	ldw	(0x2, x), y
      000113 16 50            [ 2]  225 	ldw	y, (0x50, sp)
      000115 FF               [ 2]  226 	ldw	(x), y
                                    227 ;	../_fsmul.c: 262: result = (fl1.l >> 8) * (fl2.l >> 8);
      000116 96               [ 1]  228 	ldw	x, sp
      000117 1C 00 0C         [ 2]  229 	addw	x, #12
      00011A E6 03            [ 1]  230 	ld	a, (0x3, x)
      00011C 6B 4F            [ 1]  231 	ld	(0x4f, sp), a
      00011E E6 02            [ 1]  232 	ld	a, (0x2, x)
      000120 FE               [ 2]  233 	ldw	x, (x)
      000121 90 93            [ 1]  234 	ldw	y, x
      000123 0F 48            [ 1]  235 	clr	(0x48, sp)
      000125 96               [ 1]  236 	ldw	x, sp
      000126 1C 00 08         [ 2]  237 	addw	x, #8
      000129 88               [ 1]  238 	push	a
      00012A E6 03            [ 1]  239 	ld	a, (0x3, x)
      00012C 6B 48            [ 1]  240 	ld	(0x48, sp), a
      00012E E6 02            [ 1]  241 	ld	a, (0x2, x)
      000130 6B 47            [ 1]  242 	ld	(0x47, sp), a
      000132 FE               [ 2]  243 	ldw	x, (x)
      000133 84               [ 1]  244 	pop	a
      000134 1F 41            [ 2]  245 	ldw	(0x41, sp), x
      000136 88               [ 1]  246 	push	a
      000137 7B 47            [ 1]  247 	ld	a, (0x47, sp)
      000139 6B 44            [ 1]  248 	ld	(0x44, sp), a
      00013B 84               [ 1]  249 	pop	a
      00013C 0F 40            [ 1]  250 	clr	(0x40, sp)
      00013E 1E 41            [ 2]  251 	ldw	x, (0x41, sp)
      000140 1F 41            [ 2]  252 	ldw	(0x41, sp), x
      000142 1E 42            [ 2]  253 	ldw	x, (0x42, sp)
      000144 89               [ 2]  254 	pushw	x
      000145 1E 42            [ 2]  255 	ldw	x, (0x42, sp)
      000147 89               [ 2]  256 	pushw	x
      000148 88               [ 1]  257 	push	a
      000149 90 89            [ 2]  258 	pushw	y
      00014B 7B 4F            [ 1]  259 	ld	a, (0x4f, sp)
      00014D 88               [ 1]  260 	push	a
      00014E CDr00r00         [ 4]  261 	call	__mullong
      000151 5B 08            [ 2]  262 	addw	sp, #8
      000153 1F 06            [ 2]  263 	ldw	(0x06, sp), x
      000155 17 04            [ 2]  264 	ldw	(0x04, sp), y
                                    265 ;	../_fsmul.c: 263: result += ((fl1.l & (unsigned long) 0xFF) * (fl2.l >> 8)) >> 8;
      000157 96               [ 1]  266 	ldw	x, sp
      000158 1C 00 0C         [ 2]  267 	addw	x, #12
      00015B E6 03            [ 1]  268 	ld	a, (0x3, x)
      00015D 90 95            [ 1]  269 	ld	yh, a
      00015F E6 02            [ 1]  270 	ld	a, (0x2, x)
      000161 FE               [ 2]  271 	ldw	x, (x)
      000162 0F 3E            [ 1]  272 	clr	(0x3e, sp)
      000164 0F 3D            [ 1]  273 	clr	(0x3d, sp)
      000166 0F 3C            [ 1]  274 	clr	(0x3c, sp)
      000168 96               [ 1]  275 	ldw	x, sp
      000169 1C 00 08         [ 2]  276 	addw	x, #8
      00016C E6 03            [ 1]  277 	ld	a, (0x3, x)
      00016E 6B 3B            [ 1]  278 	ld	(0x3b, sp), a
      000170 E6 02            [ 1]  279 	ld	a, (0x2, x)
      000172 FE               [ 2]  280 	ldw	x, (x)
      000173 0F 34            [ 1]  281 	clr	(0x34, sp)
      000175 88               [ 1]  282 	push	a
      000176 89               [ 2]  283 	pushw	x
      000177 7B 37            [ 1]  284 	ld	a, (0x37, sp)
      000179 88               [ 1]  285 	push	a
      00017A 90 9E            [ 1]  286 	ld	a, yh
      00017C 88               [ 1]  287 	push	a
      00017D 1E 42            [ 2]  288 	ldw	x, (0x42, sp)
      00017F 89               [ 2]  289 	pushw	x
      000180 7B 43            [ 1]  290 	ld	a, (0x43, sp)
      000182 88               [ 1]  291 	push	a
      000183 CDr00r00         [ 4]  292 	call	__mullong
      000186 5B 08            [ 2]  293 	addw	sp, #8
      000188 9E               [ 1]  294 	ld	a, xh
      000189 97               [ 1]  295 	ld	xl, a
      00018A 4F               [ 1]  296 	clr	a
      00018B 02               [ 1]  297 	rlwa	x
      00018C 90 9F            [ 1]  298 	ld	a, yl
      00018E 01               [ 1]  299 	rrwa	x
      00018F 72 FB 06         [ 2]  300 	addw	x, (0x06, sp)
      000192 88               [ 1]  301 	push	a
      000193 90 9E            [ 1]  302 	ld	a, yh
      000195 19 06            [ 1]  303 	adc	a, (0x06, sp)
      000197 90 97            [ 1]  304 	ld	yl, a
      000199 84               [ 1]  305 	pop	a
      00019A 19 04            [ 1]  306 	adc	a, (0x04, sp)
      00019C 90 95            [ 1]  307 	ld	yh, a
      00019E 1F 06            [ 2]  308 	ldw	(0x06, sp), x
      0001A0 17 04            [ 2]  309 	ldw	(0x04, sp), y
                                    310 ;	../_fsmul.c: 264: result += ((fl2.l & (unsigned long) 0xFF) * (fl1.l >> 8)) >> 8;
      0001A2 96               [ 1]  311 	ldw	x, sp
      0001A3 1C 00 08         [ 2]  312 	addw	x, #8
      0001A6 E6 03            [ 1]  313 	ld	a, (0x3, x)
      0001A8 90 95            [ 1]  314 	ld	yh, a
      0001AA E6 02            [ 1]  315 	ld	a, (0x2, x)
      0001AC FE               [ 2]  316 	ldw	x, (x)
      0001AD 0F 32            [ 1]  317 	clr	(0x32, sp)
      0001AF 0F 31            [ 1]  318 	clr	(0x31, sp)
      0001B1 0F 30            [ 1]  319 	clr	(0x30, sp)
      0001B3 96               [ 1]  320 	ldw	x, sp
      0001B4 1C 00 0C         [ 2]  321 	addw	x, #12
      0001B7 E6 03            [ 1]  322 	ld	a, (0x3, x)
      0001B9 6B 2F            [ 1]  323 	ld	(0x2f, sp), a
      0001BB E6 02            [ 1]  324 	ld	a, (0x2, x)
      0001BD FE               [ 2]  325 	ldw	x, (x)
      0001BE 0F 28            [ 1]  326 	clr	(0x28, sp)
      0001C0 88               [ 1]  327 	push	a
      0001C1 89               [ 2]  328 	pushw	x
      0001C2 7B 2B            [ 1]  329 	ld	a, (0x2b, sp)
      0001C4 88               [ 1]  330 	push	a
      0001C5 90 9E            [ 1]  331 	ld	a, yh
      0001C7 88               [ 1]  332 	push	a
      0001C8 1E 36            [ 2]  333 	ldw	x, (0x36, sp)
      0001CA 89               [ 2]  334 	pushw	x
      0001CB 7B 37            [ 1]  335 	ld	a, (0x37, sp)
      0001CD 88               [ 1]  336 	push	a
      0001CE CDr00r00         [ 4]  337 	call	__mullong
      0001D1 5B 08            [ 2]  338 	addw	sp, #8
      0001D3 9E               [ 1]  339 	ld	a, xh
      0001D4 97               [ 1]  340 	ld	xl, a
      0001D5 4F               [ 1]  341 	clr	a
      0001D6 02               [ 1]  342 	rlwa	x
      0001D7 90 9F            [ 1]  343 	ld	a, yl
      0001D9 01               [ 1]  344 	rrwa	x
      0001DA 72 FB 06         [ 2]  345 	addw	x, (0x06, sp)
      0001DD 88               [ 1]  346 	push	a
      0001DE 90 9E            [ 1]  347 	ld	a, yh
      0001E0 19 06            [ 1]  348 	adc	a, (0x06, sp)
      0001E2 90 97            [ 1]  349 	ld	yl, a
      0001E4 84               [ 1]  350 	pop	a
      0001E5 19 04            [ 1]  351 	adc	a, (0x04, sp)
      0001E7 90 95            [ 1]  352 	ld	yh, a
      0001E9 1F 06            [ 2]  353 	ldw	(0x06, sp), x
      0001EB 17 04            [ 2]  354 	ldw	(0x04, sp), y
                                    355 ;	../_fsmul.c: 267: result += 0x40;
      0001ED 16 06            [ 2]  356 	ldw	y, (0x06, sp)
      0001EF 72 A9 00 40      [ 2]  357 	addw	y, #0x0040
      0001F3 7B 05            [ 1]  358 	ld	a, (0x05, sp)
      0001F5 A9 00            [ 1]  359 	adc	a, #0x00
      0001F7 97               [ 1]  360 	ld	xl, a
      0001F8 7B 04            [ 1]  361 	ld	a, (0x04, sp)
      0001FA A9 00            [ 1]  362 	adc	a, #0x00
      0001FC 95               [ 1]  363 	ld	xh, a
      0001FD 17 06            [ 2]  364 	ldw	(0x06, sp), y
      0001FF 1F 04            [ 2]  365 	ldw	(0x04, sp), x
                                    366 ;	../_fsmul.c: 269: if (result & SIGNBIT)
      000201 0D 04            [ 1]  367 	tnz	(0x04, sp)
      000203 2A 21            [ 1]  368 	jrpl	00105$
                                    369 ;	../_fsmul.c: 272: result += 0x40;
      000205 16 06            [ 2]  370 	ldw	y, (0x06, sp)
      000207 72 A9 00 40      [ 2]  371 	addw	y, #0x0040
      00020B 7B 05            [ 1]  372 	ld	a, (0x05, sp)
      00020D A9 00            [ 1]  373 	adc	a, #0x00
      00020F 97               [ 1]  374 	ld	xl, a
      000210 7B 04            [ 1]  375 	ld	a, (0x04, sp)
      000212 A9 00            [ 1]  376 	adc	a, #0x00
      000214 95               [ 1]  377 	ld	xh, a
      000215 17 06            [ 2]  378 	ldw	(0x06, sp), y
      000217 1F 04            [ 2]  379 	ldw	(0x04, sp), x
                                    380 ;	../_fsmul.c: 273: result >>= 8;
      000219 16 05            [ 2]  381 	ldw	y, (0x05, sp)
      00021B 7B 04            [ 1]  382 	ld	a, (0x04, sp)
      00021D 97               [ 1]  383 	ld	xl, a
      00021E 4F               [ 1]  384 	clr	a
      00021F 95               [ 1]  385 	ld	xh, a
      000220 17 06            [ 2]  386 	ldw	(0x06, sp), y
      000222 1F 04            [ 2]  387 	ldw	(0x04, sp), x
      000224 20 22            [ 2]  388 	jra	00106$
      000226                        389 00105$:
                                    390 ;	../_fsmul.c: 277: result >>= 7;
      000226 16 06            [ 2]  391 	ldw	y, (0x06, sp)
      000228 1E 04            [ 2]  392 	ldw	x, (0x04, sp)
      00022A 54               [ 2]  393 	srlw	x
      00022B 90 56            [ 2]  394 	rrcw	y
      00022D 54               [ 2]  395 	srlw	x
      00022E 90 56            [ 2]  396 	rrcw	y
      000230 54               [ 2]  397 	srlw	x
      000231 90 56            [ 2]  398 	rrcw	y
      000233 54               [ 2]  399 	srlw	x
      000234 90 56            [ 2]  400 	rrcw	y
      000236 54               [ 2]  401 	srlw	x
      000237 90 56            [ 2]  402 	rrcw	y
      000239 54               [ 2]  403 	srlw	x
      00023A 90 56            [ 2]  404 	rrcw	y
      00023C 54               [ 2]  405 	srlw	x
      00023D 90 56            [ 2]  406 	rrcw	y
      00023F 17 06            [ 2]  407 	ldw	(0x06, sp), y
      000241 1F 04            [ 2]  408 	ldw	(0x04, sp), x
                                    409 ;	../_fsmul.c: 278: exp--;
      000243 1E 02            [ 2]  410 	ldw	x, (0x02, sp)
      000245 5A               [ 2]  411 	decw	x
      000246 1F 02            [ 2]  412 	ldw	(0x02, sp), x
      000248                        413 00106$:
                                    414 ;	../_fsmul.c: 281: result &= ~HIDDEN;
      000248 16 06            [ 2]  415 	ldw	y, (0x06, sp)
      00024A 7B 05            [ 1]  416 	ld	a, (0x05, sp)
      00024C A4 7F            [ 1]  417 	and	a, #0x7f
      00024E 97               [ 1]  418 	ld	xl, a
      00024F 7B 04            [ 1]  419 	ld	a, (0x04, sp)
      000251 95               [ 1]  420 	ld	xh, a
      000252 17 06            [ 2]  421 	ldw	(0x06, sp), y
      000254 1F 04            [ 2]  422 	ldw	(0x04, sp), x
                                    423 ;	../_fsmul.c: 284: if (exp >= 0x100)
      000256 1E 02            [ 2]  424 	ldw	x, (0x02, sp)
      000258 A3 01 00         [ 2]  425 	cpw	x, #0x0100
      00025B 2F 2A            [ 1]  426 	jrslt	00111$
                                    427 ;	../_fsmul.c: 285: fl1.l = (sign ? SIGNBIT : 0) | __INFINITY;
      00025D 96               [ 1]  428 	ldw	x, sp
      00025E 1C 00 0C         [ 2]  429 	addw	x, #12
      000261 1F 26            [ 2]  430 	ldw	(0x26, sp), x
      000263 0D 01            [ 1]  431 	tnz	(0x01, sp)
      000265 27 08            [ 1]  432 	jreq	00115$
      000267 90 5F            [ 1]  433 	clrw	y
      000269 0F 23            [ 1]  434 	clr	(0x23, sp)
      00026B A6 80            [ 1]  435 	ld	a, #0x80
      00026D 20 05            [ 2]  436 	jra	00116$
      00026F                        437 00115$:
      00026F 90 5F            [ 1]  438 	clrw	y
      000271 0F 23            [ 1]  439 	clr	(0x23, sp)
      000273 4F               [ 1]  440 	clr	a
      000274                        441 00116$:
      000274 AA 7F            [ 1]  442 	or	a, #0x7f
      000276 6B 1E            [ 1]  443 	ld	(0x1e, sp), a
      000278 7B 23            [ 1]  444 	ld	a, (0x23, sp)
      00027A AA 80            [ 1]  445 	or	a, #0x80
      00027C 6B 1F            [ 1]  446 	ld	(0x1f, sp), a
      00027E 1E 26            [ 2]  447 	ldw	x, (0x26, sp)
      000280 EF 02            [ 2]  448 	ldw	(0x2, x), y
      000282 16 1E            [ 2]  449 	ldw	y, (0x1e, sp)
      000284 FF               [ 2]  450 	ldw	(x), y
      000285 20 6B            [ 2]  451 	jra	00112$
      000287                        452 00111$:
                                    453 ;	../_fsmul.c: 286: else if (exp < 0)
      000287 0D 02            [ 1]  454 	tnz	(0x02, sp)
      000289 2A 0D            [ 1]  455 	jrpl	00108$
                                    456 ;	../_fsmul.c: 287: fl1.l = 0;
      00028B 96               [ 1]  457 	ldw	x, sp
      00028C 1C 00 0C         [ 2]  458 	addw	x, #12
      00028F 6F 03            [ 1]  459 	clr	(0x3, x)
      000291 6F 02            [ 1]  460 	clr	(0x2, x)
      000293 6F 01            [ 1]  461 	clr	(0x1, x)
      000295 7F               [ 1]  462 	clr	(x)
      000296 20 5A            [ 2]  463 	jra	00112$
      000298                        464 00108$:
                                    465 ;	../_fsmul.c: 289: fl1.l = PACK (sign ? SIGNBIT : 0 , exp, result);
      000298 96               [ 1]  466 	ldw	x, sp
      000299 1C 00 0C         [ 2]  467 	addw	x, #12
      00029C 1F 1C            [ 2]  468 	ldw	(0x1c, sp), x
      00029E 0D 01            [ 1]  469 	tnz	(0x01, sp)
      0002A0 27 0A            [ 1]  470 	jreq	00117$
      0002A2 5F               [ 1]  471 	clrw	x
      0002A3 1F 1A            [ 2]  472 	ldw	(0x1a, sp), x
      0002A5 AE 80 00         [ 2]  473 	ldw	x, #0x8000
      0002A8 1F 18            [ 2]  474 	ldw	(0x18, sp), x
      0002AA 20 05            [ 2]  475 	jra	00118$
      0002AC                        476 00117$:
      0002AC 5F               [ 1]  477 	clrw	x
      0002AD 1F 1A            [ 2]  478 	ldw	(0x1a, sp), x
      0002AF 1F 18            [ 2]  479 	ldw	(0x18, sp), x
      0002B1                        480 00118$:
      0002B1 1E 02            [ 2]  481 	ldw	x, (0x02, sp)
      0002B3 9E               [ 1]  482 	ld	a, xh
      0002B4 49               [ 1]  483 	rlc	a
      0002B5 4F               [ 1]  484 	clr	a
      0002B6 A2 00            [ 1]  485 	sbc	a, #0x00
      0002B8 90 97            [ 1]  486 	ld	yl, a
      0002BA 88               [ 1]  487 	push	a
      0002BB A6 17            [ 1]  488 	ld	a, #0x17
      0002BD                        489 00156$:
      0002BD 58               [ 2]  490 	sllw	x
      0002BE 09 01            [ 1]  491 	rlc	(1, sp)
      0002C0 61               [ 1]  492 	exg	a, yl
      0002C1 49               [ 1]  493 	rlc	a
      0002C2 61               [ 1]  494 	exg	a, yl
      0002C3 4A               [ 1]  495 	dec	a
      0002C4 26 F7            [ 1]  496 	jrne	00156$
      0002C6 84               [ 1]  497 	pop	a
      0002C7 1A 19            [ 1]  498 	or	a, (0x19, sp)
      0002C9 6B 15            [ 1]  499 	ld	(0x15, sp), a
      0002CB 9F               [ 1]  500 	ld	a, xl
      0002CC 1A 1B            [ 1]  501 	or	a, (0x1b, sp)
      0002CE 97               [ 1]  502 	ld	xl, a
      0002CF 9E               [ 1]  503 	ld	a, xh
      0002D0 1A 1A            [ 1]  504 	or	a, (0x1a, sp)
      0002D2 95               [ 1]  505 	ld	xh, a
      0002D3 90 9F            [ 1]  506 	ld	a, yl
      0002D5 1A 18            [ 1]  507 	or	a, (0x18, sp)
      0002D7 1A 04            [ 1]  508 	or	a, (0x04, sp)
      0002D9 6B 10            [ 1]  509 	ld	(0x10, sp), a
      0002DB 9F               [ 1]  510 	ld	a, xl
      0002DC 1A 07            [ 1]  511 	or	a, (0x07, sp)
      0002DE 90 97            [ 1]  512 	ld	yl, a
      0002E0 9E               [ 1]  513 	ld	a, xh
      0002E1 1A 06            [ 1]  514 	or	a, (0x06, sp)
      0002E3 90 95            [ 1]  515 	ld	yh, a
      0002E5 7B 15            [ 1]  516 	ld	a, (0x15, sp)
      0002E7 1A 05            [ 1]  517 	or	a, (0x05, sp)
      0002E9 6B 11            [ 1]  518 	ld	(0x11, sp), a
      0002EB 1E 1C            [ 2]  519 	ldw	x, (0x1c, sp)
      0002ED EF 02            [ 2]  520 	ldw	(0x2, x), y
      0002EF 16 10            [ 2]  521 	ldw	y, (0x10, sp)
      0002F1 FF               [ 2]  522 	ldw	(x), y
      0002F2                        523 00112$:
                                    524 ;	../_fsmul.c: 290: return (fl1.f);
      0002F2 96               [ 1]  525 	ldw	x, sp
      0002F3 1C 00 0C         [ 2]  526 	addw	x, #12
      0002F6 E6 03            [ 1]  527 	ld	a, (0x3, x)
      0002F8 90 97            [ 1]  528 	ld	yl, a
      0002FA E6 02            [ 1]  529 	ld	a, (0x2, x)
      0002FC 90 95            [ 1]  530 	ld	yh, a
      0002FE FE               [ 2]  531 	ldw	x, (x)
      0002FF 51               [ 1]  532 	exgw	x, y
      000300                        533 00113$:
      000300 5B 74            [ 2]  534 	addw	sp, #116
      000302 81               [ 4]  535 	ret
                                    536 	.area CODE
                                    537 	.area INITIALIZER
                                    538 	.area CABS (ABS)
