                                      1 ;--------------------------------------------------------
                                      2 ; File Created by SDCC : free open source ANSI-C Compiler
                                      3 ; Version 3.4.1 #9092 (Oct 23 2022) (Mac OS X x86_64)
                                      4 ; This file was generated Sun Oct 23 01:40:29 2022
                                      5 ;--------------------------------------------------------
                                      6 	.module _fsneq
                                      7 	.optsdcc -mstm8
                                      8 	
                                      9 ;--------------------------------------------------------
                                     10 ; Public variables in this module
                                     11 ;--------------------------------------------------------
                                     12 	.globl ___fsneq
                                     13 ;--------------------------------------------------------
                                     14 ; ram data
                                     15 ;--------------------------------------------------------
                                     16 	.area DATA
                                     17 ;--------------------------------------------------------
                                     18 ; ram data
                                     19 ;--------------------------------------------------------
                                     20 	.area INITIALIZED
                                     21 ;--------------------------------------------------------
                                     22 ; absolute external ram data
                                     23 ;--------------------------------------------------------
                                     24 	.area DABS (ABS)
                                     25 ;--------------------------------------------------------
                                     26 ; global & static initialisations
                                     27 ;--------------------------------------------------------
                                     28 	.area HOME
                                     29 	.area GSINIT
                                     30 	.area GSFINAL
                                     31 	.area GSINIT
                                     32 ;--------------------------------------------------------
                                     33 ; Home
                                     34 ;--------------------------------------------------------
                                     35 	.area HOME
                                     36 	.area HOME
                                     37 ;--------------------------------------------------------
                                     38 ; code
                                     39 ;--------------------------------------------------------
                                     40 	.area CODE
                                     41 ;	../_fsneq.c: 80: char __fsneq (float a1, float a2)
                                     42 ;	-----------------------------------------
                                     43 ;	 function __fsneq
                                     44 ;	-----------------------------------------
      000000                         45 ___fsneq:
      000000 52 18            [ 2]   46 	sub	sp, #24
                                     47 ;	../_fsneq.c: 84: fl1.f = a1;
      000002 96               [ 1]   48 	ldw	x, sp
      000003 1C 00 05         [ 2]   49 	addw	x, #5
      000006 16 1D            [ 2]   50 	ldw	y, (0x1d, sp)
      000008 EF 02            [ 2]   51 	ldw	(0x2, x), y
      00000A 16 1B            [ 2]   52 	ldw	y, (0x1b, sp)
      00000C FF               [ 2]   53 	ldw	(x), y
                                     54 ;	../_fsneq.c: 85: fl2.f = a2;
      00000D 96               [ 1]   55 	ldw	x, sp
      00000E 5C               [ 2]   56 	incw	x
      00000F 16 21            [ 2]   57 	ldw	y, (0x21, sp)
      000011 EF 02            [ 2]   58 	ldw	(0x2, x), y
      000013 16 1F            [ 2]   59 	ldw	y, (0x1f, sp)
      000015 FF               [ 2]   60 	ldw	(x), y
                                     61 ;	../_fsneq.c: 87: if (fl1.l == fl2.l)
      000016 96               [ 1]   62 	ldw	x, sp
      000017 1C 00 05         [ 2]   63 	addw	x, #5
      00001A E6 03            [ 1]   64 	ld	a, (0x3, x)
      00001C 6B 18            [ 1]   65 	ld	(0x18, sp), a
      00001E E6 02            [ 1]   66 	ld	a, (0x2, x)
      000020 6B 17            [ 1]   67 	ld	(0x17, sp), a
      000022 FE               [ 2]   68 	ldw	x, (x)
      000023 90 93            [ 1]   69 	ldw	y, x
      000025 96               [ 1]   70 	ldw	x, sp
      000026 5C               [ 2]   71 	incw	x
      000027 E6 03            [ 1]   72 	ld	a, (0x3, x)
      000029 6B 14            [ 1]   73 	ld	(0x14, sp), a
      00002B E6 02            [ 1]   74 	ld	a, (0x2, x)
      00002D 6B 13            [ 1]   75 	ld	(0x13, sp), a
      00002F FE               [ 2]   76 	ldw	x, (x)
      000030 1F 11            [ 2]   77 	ldw	(0x11, sp), x
      000032 1E 17            [ 2]   78 	ldw	x, (0x17, sp)
      000034 13 13            [ 2]   79 	cpw	x, (0x13, sp)
      000036 26 08            [ 1]   80 	jrne	00102$
      000038 93               [ 1]   81 	ldw	x, y
      000039 13 11            [ 2]   82 	cpw	x, (0x11, sp)
      00003B 26 03            [ 1]   83 	jrne	00102$
                                     84 ;	../_fsneq.c: 88: return (0);
      00003D 4F               [ 1]   85 	clr	a
      00003E 20 3C            [ 2]   86 	jra	00105$
      000040                         87 00102$:
                                     88 ;	../_fsneq.c: 89: if (((fl1.l | fl2.l) & 0x7FFFFFFF) == 0)
      000040 96               [ 1]   89 	ldw	x, sp
      000041 1C 00 05         [ 2]   90 	addw	x, #5
      000044 E6 03            [ 1]   91 	ld	a, (0x3, x)
      000046 90 97            [ 1]   92 	ld	yl, a
      000048 E6 02            [ 1]   93 	ld	a, (0x2, x)
      00004A 6B 0F            [ 1]   94 	ld	(0x0f, sp), a
      00004C FE               [ 2]   95 	ldw	x, (x)
      00004D 1F 0D            [ 2]   96 	ldw	(0x0d, sp), x
      00004F 96               [ 1]   97 	ldw	x, sp
      000050 5C               [ 2]   98 	incw	x
      000051 E6 03            [ 1]   99 	ld	a, (0x3, x)
      000053 6B 0C            [ 1]  100 	ld	(0x0c, sp), a
      000055 E6 02            [ 1]  101 	ld	a, (0x2, x)
      000057 FE               [ 2]  102 	ldw	x, (x)
      000058 1F 09            [ 2]  103 	ldw	(0x09, sp), x
      00005A 1A 0F            [ 1]  104 	or	a, (0x0f, sp)
      00005C 90 95            [ 1]  105 	ld	yh, a
      00005E 90 9F            [ 1]  106 	ld	a, yl
      000060 1A 0C            [ 1]  107 	or	a, (0x0c, sp)
      000062 90 97            [ 1]  108 	ld	yl, a
      000064 7B 0E            [ 1]  109 	ld	a, (0x0e, sp)
      000066 1A 0A            [ 1]  110 	or	a, (0x0a, sp)
      000068 97               [ 1]  111 	ld	xl, a
      000069 7B 0D            [ 1]  112 	ld	a, (0x0d, sp)
      00006B 1A 09            [ 1]  113 	or	a, (0x09, sp)
      00006D A4 7F            [ 1]  114 	and	a, #0x7f
      00006F 95               [ 1]  115 	ld	xh, a
      000070 90 5D            [ 2]  116 	tnzw	y
      000072 26 06            [ 1]  117 	jrne	00104$
      000074 5D               [ 2]  118 	tnzw	x
      000075 26 03            [ 1]  119 	jrne	00104$
                                    120 ;	../_fsneq.c: 90: return (0);
      000077 4F               [ 1]  121 	clr	a
      000078 20 02            [ 2]  122 	jra	00105$
      00007A                        123 00104$:
                                    124 ;	../_fsneq.c: 91: return (1);
      00007A A6 01            [ 1]  125 	ld	a, #0x01
      00007C                        126 00105$:
      00007C 5B 18            [ 2]  127 	addw	sp, #24
      00007E 81               [ 4]  128 	ret
                                    129 	.area CODE
                                    130 	.area INITIALIZER
                                    131 	.area CABS (ABS)
