                                      1 ;--------------------------------------------------------
                                      2 ; File Created by SDCC : free open source ANSI-C Compiler
                                      3 ; Version 3.4.1 #9092 (Oct 23 2022) (Mac OS X x86_64)
                                      4 ; This file was generated Sun Oct 23 01:40:58 2022
                                      5 ;--------------------------------------------------------
                                      6 	.module _memset
                                      7 	.optsdcc -mstm8
                                      8 	
                                      9 ;--------------------------------------------------------
                                     10 ; Public variables in this module
                                     11 ;--------------------------------------------------------
                                     12 	.globl _memset
                                     13 ;--------------------------------------------------------
                                     14 ; ram data
                                     15 ;--------------------------------------------------------
                                     16 	.area DATA
                                     17 ;--------------------------------------------------------
                                     18 ; ram data
                                     19 ;--------------------------------------------------------
                                     20 	.area INITIALIZED
                                     21 ;--------------------------------------------------------
                                     22 ; absolute external ram data
                                     23 ;--------------------------------------------------------
                                     24 	.area DABS (ABS)
                                     25 ;--------------------------------------------------------
                                     26 ; global & static initialisations
                                     27 ;--------------------------------------------------------
                                     28 	.area HOME
                                     29 	.area GSINIT
                                     30 	.area GSFINAL
                                     31 	.area GSINIT
                                     32 ;--------------------------------------------------------
                                     33 ; Home
                                     34 ;--------------------------------------------------------
                                     35 	.area HOME
                                     36 	.area HOME
                                     37 ;--------------------------------------------------------
                                     38 ; code
                                     39 ;--------------------------------------------------------
                                     40 	.area CODE
                                     41 ;	../_memset.c: 41: void *memset (void *s, int c, size_t n)
                                     42 ;	-----------------------------------------
                                     43 ;	 function memset
                                     44 ;	-----------------------------------------
      000000                         45 _memset:
      000000 52 02            [ 2]   46 	sub	sp, #2
                                     47 ;	../_memset.c: 44: register unsigned char *ret = s;
      000002 16 05            [ 2]   48 	ldw	y, (0x05, sp)
                                     49 ;	../_memset.c: 46: while (n--)
      000004 17 01            [ 2]   50 	ldw	(0x01, sp), y
      000006 16 09            [ 2]   51 	ldw	y, (0x09, sp)
      000008                         52 00101$:
      000008 93               [ 1]   53 	ldw	x, y
      000009 90 5A            [ 2]   54 	decw	y
      00000B 5D               [ 2]   55 	tnzw	x
      00000C 27 0C            [ 1]   56 	jreq	00103$
                                     57 ;	../_memset.c: 48: *(unsigned char *) ret = c;
      00000E 7B 08            [ 1]   58 	ld	a, (0x08, sp)
      000010 1E 01            [ 2]   59 	ldw	x, (0x01, sp)
      000012 F7               [ 1]   60 	ld	(x), a
                                     61 ;	../_memset.c: 49: ret = ((unsigned char *) ret) + 1;
      000013 1E 01            [ 2]   62 	ldw	x, (0x01, sp)
      000015 5C               [ 2]   63 	incw	x
      000016 1F 01            [ 2]   64 	ldw	(0x01, sp), x
      000018 20 EE            [ 2]   65 	jra	00101$
      00001A                         66 00103$:
                                     67 ;	../_memset.c: 52: return s;
      00001A 1E 05            [ 2]   68 	ldw	x, (0x05, sp)
      00001C 5B 02            [ 2]   69 	addw	sp, #2
      00001E 81               [ 4]   70 	ret
                                     71 	.area CODE
                                     72 	.area INITIALIZER
                                     73 	.area CABS (ABS)
