                                      1 ;--------------------------------------------------------
                                      2 ; File Created by SDCC : free open source ANSI-C Compiler
                                      3 ; Version 3.4.1 #9092 (Oct 23 2022) (Mac OS X x86_64)
                                      4 ; This file was generated Sun Oct 23 01:40:51 2022
                                      5 ;--------------------------------------------------------
                                      6 	.module _rlslonglong
                                      7 	.optsdcc -mstm8
                                      8 	
                                      9 ;--------------------------------------------------------
                                     10 ; Public variables in this module
                                     11 ;--------------------------------------------------------
                                     12 	.globl __rlslonglong
                                     13 ;--------------------------------------------------------
                                     14 ; ram data
                                     15 ;--------------------------------------------------------
                                     16 	.area DATA
                                     17 ;--------------------------------------------------------
                                     18 ; ram data
                                     19 ;--------------------------------------------------------
                                     20 	.area INITIALIZED
                                     21 ;--------------------------------------------------------
                                     22 ; absolute external ram data
                                     23 ;--------------------------------------------------------
                                     24 	.area DABS (ABS)
                                     25 ;--------------------------------------------------------
                                     26 ; global & static initialisations
                                     27 ;--------------------------------------------------------
                                     28 	.area HOME
                                     29 	.area GSINIT
                                     30 	.area GSFINAL
                                     31 	.area GSINIT
                                     32 ;--------------------------------------------------------
                                     33 ; Home
                                     34 ;--------------------------------------------------------
                                     35 	.area HOME
                                     36 	.area HOME
                                     37 ;--------------------------------------------------------
                                     38 ; code
                                     39 ;--------------------------------------------------------
                                     40 	.area CODE
                                     41 ;	../_rlslonglong.c: 35: long long _rlslonglong(long long l, signed char s)
                                     42 ;	-----------------------------------------
                                     43 ;	 function _rlslonglong
                                     44 ;	-----------------------------------------
      000000                         45 __rlslonglong:
      000000 52 10            [ 2]   46 	sub	sp, #16
                                     47 ;	../_rlslonglong.c: 37: return((unsigned long long)(l) << s);
      000002 16 1B            [ 2]   48 	ldw	y, (0x1b, sp)
      000004 17 0F            [ 2]   49 	ldw	(0x0f, sp), y
      000006 7B 15            [ 1]   50 	ld	a, (0x15, sp)
      000008 6B 09            [ 1]   51 	ld	(0x09, sp), a
      00000A 1E 19            [ 2]   52 	ldw	x, (0x19, sp)
      00000C 16 17            [ 2]   53 	ldw	y, (0x17, sp)
      00000E 7B 16            [ 1]   54 	ld	a, (0x16, sp)
      000010 17 03            [ 2]   55 	ldw	(0x03, sp), y
      000012 6B 02            [ 1]   56 	ld	(0x02, sp), a
      000014 7B 09            [ 1]   57 	ld	a, (0x09, sp)
      000016 6B 01            [ 1]   58 	ld	(0x01, sp), a
      000018 16 0F            [ 2]   59 	ldw	y, (0x0f, sp)
      00001A 7B 1D            [ 1]   60 	ld	a, (0x1d, sp)
      00001C 27 0E            [ 1]   61 	jreq	00104$
      00001E                         62 00103$:
      00001E 90 58            [ 2]   63 	sllw	y
      000020 59               [ 2]   64 	rlcw	x
      000021 09 04            [ 1]   65 	rlc	(0x04, sp)
      000023 09 03            [ 1]   66 	rlc	(0x03, sp)
      000025 09 02            [ 1]   67 	rlc	(0x02, sp)
      000027 09 01            [ 1]   68 	rlc	(0x01, sp)
      000029 4A               [ 1]   69 	dec	a
      00002A 26 F2            [ 1]   70 	jrne	00103$
      00002C                         71 00104$:
      00002C 1F 05            [ 2]   72 	ldw	(0x05, sp), x
      00002E 1E 02            [ 2]   73 	ldw	x, (0x02, sp)
      000030 1F 02            [ 2]   74 	ldw	(0x02, sp), x
      000032 1E 13            [ 2]   75 	ldw	x, (0x13, sp)
      000034 EF 06            [ 2]   76 	ldw	(#6, x), y
      000036 16 05            [ 2]   77 	ldw	y, (0x05, sp)
      000038 EF 04            [ 2]   78 	ldw	(#4, x), y
      00003A 16 03            [ 2]   79 	ldw	y, (0x03, sp)
      00003C EF 02            [ 2]   80 	ldw	(#2, x), y
      00003E 16 01            [ 2]   81 	ldw	y, (0x01, sp)
      000040 FF               [ 2]   82 	ldw	(x), y
      000041 5B 10            [ 2]   83 	addw	sp, #16
      000043 81               [ 4]   84 	ret
                                     85 	.area CODE
                                     86 	.area INITIALIZER
                                     87 	.area CABS (ABS)
