                                      1 ;--------------------------------------------------------
                                      2 ; File Created by SDCC : free open source ANSI-C Compiler
                                      3 ; Version 3.4.1 #9092 (Oct 23 2022) (Mac OS X x86_64)
                                      4 ; This file was generated Sun Oct 23 01:40:50 2022
                                      5 ;--------------------------------------------------------
                                      6 	.module _rlulonglong
                                      7 	.optsdcc -mstm8
                                      8 	
                                      9 ;--------------------------------------------------------
                                     10 ; Public variables in this module
                                     11 ;--------------------------------------------------------
                                     12 	.globl __rlulonglong
                                     13 ;--------------------------------------------------------
                                     14 ; ram data
                                     15 ;--------------------------------------------------------
                                     16 	.area DATA
                                     17 ;--------------------------------------------------------
                                     18 ; ram data
                                     19 ;--------------------------------------------------------
                                     20 	.area INITIALIZED
                                     21 ;--------------------------------------------------------
                                     22 ; absolute external ram data
                                     23 ;--------------------------------------------------------
                                     24 	.area DABS (ABS)
                                     25 ;--------------------------------------------------------
                                     26 ; global & static initialisations
                                     27 ;--------------------------------------------------------
                                     28 	.area HOME
                                     29 	.area GSINIT
                                     30 	.area GSFINAL
                                     31 	.area GSINIT
                                     32 ;--------------------------------------------------------
                                     33 ; Home
                                     34 ;--------------------------------------------------------
                                     35 	.area HOME
                                     36 	.area HOME
                                     37 ;--------------------------------------------------------
                                     38 ; code
                                     39 ;--------------------------------------------------------
                                     40 	.area CODE
                                     41 ;	../_rlulonglong.c: 35: unsigned long long _rlulonglong(unsigned long long l, signed char s)
                                     42 ;	-----------------------------------------
                                     43 ;	 function _rlulonglong
                                     44 ;	-----------------------------------------
      000000                         45 __rlulonglong:
      000000 52 1D            [ 2]   46 	sub	sp, #29
                                     47 ;	../_rlulonglong.c: 37: uint32_t *const top = (uint32_t *)((char *)(&l) + 4);
      000002 90 96            [ 1]   48 	ldw	y, sp
      000004 72 A9 00 20      [ 2]   49 	addw	y, #32
      000008 93               [ 1]   50 	ldw	x, y
      000009 1C 00 04         [ 2]   51 	addw	x, #0x0004
      00000C 1F 07            [ 2]   52 	ldw	(0x07, sp), x
                                     53 ;	../_rlulonglong.c: 38: uint16_t *const middle = (uint16_t *)((char *)(&l) + 2);
      00000E 93               [ 1]   54 	ldw	x, y
      00000F 5C               [ 2]   55 	incw	x
      000010 5C               [ 2]   56 	incw	x
      000011 1F 05            [ 2]   57 	ldw	(0x05, sp), x
                                     58 ;	../_rlulonglong.c: 39: uint32_t *const bottom = (uint32_t *)(&l);
      000013 93               [ 1]   59 	ldw	x, y
      000014 1F 03            [ 2]   60 	ldw	(0x03, sp), x
                                     61 ;	../_rlulonglong.c: 40: uint16_t *const b = (uint16_t *)(&l);
      000016 17 01            [ 2]   62 	ldw	(0x01, sp), y
                                     63 ;	../_rlulonglong.c: 50: (*top) <<= s;
      000018 7B 2A            [ 1]   64 	ld	a, (0x2a, sp)
      00001A 6B 1D            [ 1]   65 	ld	(0x1d, sp), a
      00001C                         66 00103$:
                                     67 ;	../_rlulonglong.c: 42: for(;s >= 16; s-= 16)
      00001C 7B 1D            [ 1]   68 	ld	a, (0x1d, sp)
      00001E A1 10            [ 1]   69 	cp	a, #0x10
      000020 2F 33            [ 1]   70 	jrslt	00101$
                                     71 ;	../_rlulonglong.c: 44: b[3] = b[2];
      000022 16 01            [ 2]   72 	ldw	y, (0x01, sp)
      000024 72 A9 00 06      [ 2]   73 	addw	y, #0x0006
      000028 1E 01            [ 2]   74 	ldw	x, (0x01, sp)
      00002A 1C 00 04         [ 2]   75 	addw	x, #0x0004
      00002D 1F 1B            [ 2]   76 	ldw	(0x1b, sp), x
      00002F 1E 1B            [ 2]   77 	ldw	x, (0x1b, sp)
      000031 FE               [ 2]   78 	ldw	x, (x)
      000032 90 FF            [ 2]   79 	ldw	(y), x
                                     80 ;	../_rlulonglong.c: 45: b[2] = b[1];
      000034 1E 01            [ 2]   81 	ldw	x, (0x01, sp)
      000036 5C               [ 2]   82 	incw	x
      000037 5C               [ 2]   83 	incw	x
      000038 1F 19            [ 2]   84 	ldw	(0x19, sp), x
      00003A 1E 19            [ 2]   85 	ldw	x, (0x19, sp)
      00003C FE               [ 2]   86 	ldw	x, (x)
      00003D 16 1B            [ 2]   87 	ldw	y, (0x1b, sp)
      00003F 90 FF            [ 2]   88 	ldw	(y), x
                                     89 ;	../_rlulonglong.c: 46: b[1] = b[0];
      000041 1E 01            [ 2]   90 	ldw	x, (0x01, sp)
      000043 FE               [ 2]   91 	ldw	x, (x)
      000044 16 19            [ 2]   92 	ldw	y, (0x19, sp)
      000046 90 FF            [ 2]   93 	ldw	(y), x
                                     94 ;	../_rlulonglong.c: 47: b[0] = 0;
      000048 1E 01            [ 2]   95 	ldw	x, (0x01, sp)
      00004A 6F 01            [ 1]   96 	clr	(0x1, x)
      00004C 7F               [ 1]   97 	clr	(x)
                                     98 ;	../_rlulonglong.c: 42: for(;s >= 16; s-= 16)
      00004D 7B 1D            [ 1]   99 	ld	a, (0x1d, sp)
      00004F A0 10            [ 1]  100 	sub	a, #0x10
      000051 6B 1D            [ 1]  101 	ld	(0x1d, sp), a
      000053 20 C7            [ 2]  102 	jra	00103$
      000055                        103 00101$:
                                    104 ;	../_rlulonglong.c: 50: (*top) <<= s;
      000055 1E 07            [ 2]  105 	ldw	x, (0x07, sp)
      000057 E6 03            [ 1]  106 	ld	a, (0x3, x)
      000059 90 97            [ 1]  107 	ld	yl, a
      00005B E6 02            [ 1]  108 	ld	a, (0x2, x)
      00005D 90 95            [ 1]  109 	ld	yh, a
      00005F FE               [ 2]  110 	ldw	x, (x)
      000060 7B 1D            [ 1]  111 	ld	a, (0x1d, sp)
      000062 27 06            [ 1]  112 	jreq	00118$
      000064                        113 00117$:
      000064 90 58            [ 2]  114 	sllw	y
      000066 59               [ 2]  115 	rlcw	x
      000067 4A               [ 1]  116 	dec	a
      000068 26 FA            [ 1]  117 	jrne	00117$
      00006A                        118 00118$:
      00006A 17 17            [ 2]  119 	ldw	(0x17, sp), y
      00006C 1F 15            [ 2]  120 	ldw	(0x15, sp), x
      00006E 1E 07            [ 2]  121 	ldw	x, (0x07, sp)
      000070 16 17            [ 2]  122 	ldw	y, (0x17, sp)
      000072 EF 02            [ 2]  123 	ldw	(0x2, x), y
      000074 16 15            [ 2]  124 	ldw	y, (0x15, sp)
      000076 FF               [ 2]  125 	ldw	(x), y
                                    126 ;	../_rlulonglong.c: 51: (*top) |= (((uint32_t)((*middle) & 0xffffu) << s) >> 16);
      000077 1E 05            [ 2]  127 	ldw	x, (0x05, sp)
      000079 FE               [ 2]  128 	ldw	x, (x)
      00007A 90 93            [ 1]  129 	ldw	y, x
      00007C 5F               [ 1]  130 	clrw	x
      00007D 17 13            [ 2]  131 	ldw	(0x13, sp), y
      00007F 7B 1D            [ 1]  132 	ld	a, (0x1d, sp)
      000081 27 08            [ 1]  133 	jreq	00120$
      000083                        134 00119$:
      000083 08 14            [ 1]  135 	sll	(0x14, sp)
      000085 09 13            [ 1]  136 	rlc	(0x13, sp)
      000087 59               [ 2]  137 	rlcw	x
      000088 4A               [ 1]  138 	dec	a
      000089 26 F8            [ 1]  139 	jrne	00119$
      00008B                        140 00120$:
      00008B 90 93            [ 1]  141 	ldw	y, x
      00008D 9F               [ 1]  142 	ld	a, xl
      00008E 5F               [ 1]  143 	clrw	x
      00008F 1A 18            [ 1]  144 	or	a, (0x18, sp)
      000091 90 97            [ 1]  145 	ld	yl, a
      000093 90 9E            [ 1]  146 	ld	a, yh
      000095 1A 17            [ 1]  147 	or	a, (0x17, sp)
      000097 90 95            [ 1]  148 	ld	yh, a
      000099 9F               [ 1]  149 	ld	a, xl
      00009A 1A 16            [ 1]  150 	or	a, (0x16, sp)
      00009C 6B 0E            [ 1]  151 	ld	(0x0e, sp), a
      00009E 9E               [ 1]  152 	ld	a, xh
      00009F 1A 15            [ 1]  153 	or	a, (0x15, sp)
      0000A1 6B 0D            [ 1]  154 	ld	(0x0d, sp), a
      0000A3 1E 07            [ 2]  155 	ldw	x, (0x07, sp)
      0000A5 EF 02            [ 2]  156 	ldw	(0x2, x), y
      0000A7 16 0D            [ 2]  157 	ldw	y, (0x0d, sp)
      0000A9 FF               [ 2]  158 	ldw	(x), y
                                    159 ;	../_rlulonglong.c: 52: (*bottom) <<= s;
      0000AA 1E 03            [ 2]  160 	ldw	x, (0x03, sp)
      0000AC E6 03            [ 1]  161 	ld	a, (0x3, x)
      0000AE 90 97            [ 1]  162 	ld	yl, a
      0000B0 E6 02            [ 1]  163 	ld	a, (0x2, x)
      0000B2 90 95            [ 1]  164 	ld	yh, a
      0000B4 FE               [ 2]  165 	ldw	x, (x)
      0000B5 7B 1D            [ 1]  166 	ld	a, (0x1d, sp)
      0000B7 27 06            [ 1]  167 	jreq	00122$
      0000B9                        168 00121$:
      0000B9 90 58            [ 2]  169 	sllw	y
      0000BB 59               [ 2]  170 	rlcw	x
      0000BC 4A               [ 1]  171 	dec	a
      0000BD 26 FA            [ 1]  172 	jrne	00121$
      0000BF                        173 00122$:
      0000BF 1F 09            [ 2]  174 	ldw	(0x09, sp), x
      0000C1 1E 03            [ 2]  175 	ldw	x, (0x03, sp)
      0000C3 EF 02            [ 2]  176 	ldw	(0x2, x), y
      0000C5 16 09            [ 2]  177 	ldw	y, (0x09, sp)
      0000C7 FF               [ 2]  178 	ldw	(x), y
                                    179 ;	../_rlulonglong.c: 54: return(l);
      0000C8 1E 20            [ 2]  180 	ldw	x, (0x20, sp)
      0000CA 16 28            [ 2]  181 	ldw	y, (0x28, sp)
      0000CC EF 06            [ 2]  182 	ldw	(#6, x), y
      0000CE 16 26            [ 2]  183 	ldw	y, (0x26, sp)
      0000D0 EF 04            [ 2]  184 	ldw	(#4, x), y
      0000D2 16 24            [ 2]  185 	ldw	y, (0x24, sp)
      0000D4 EF 02            [ 2]  186 	ldw	(#2, x), y
      0000D6 16 22            [ 2]  187 	ldw	y, (0x22, sp)
      0000D8 FF               [ 2]  188 	ldw	(x), y
      0000D9 5B 1D            [ 2]  189 	addw	sp, #29
      0000DB 81               [ 4]  190 	ret
                                    191 	.area CODE
                                    192 	.area INITIALIZER
                                    193 	.area CABS (ABS)
