                                      1 ;--------------------------------------------------------
                                      2 ; File Created by SDCC : free open source ANSI-C Compiler
                                      3 ; Version 3.4.1 #9092 (Oct 23 2022) (Mac OS X x86_64)
                                      4 ; This file was generated Sun Oct 23 01:40:49 2022
                                      5 ;--------------------------------------------------------
                                      6 	.module _rrulonglong
                                      7 	.optsdcc -mstm8
                                      8 	
                                      9 ;--------------------------------------------------------
                                     10 ; Public variables in this module
                                     11 ;--------------------------------------------------------
                                     12 	.globl __rrulonglong
                                     13 ;--------------------------------------------------------
                                     14 ; ram data
                                     15 ;--------------------------------------------------------
                                     16 	.area DATA
                                     17 ;--------------------------------------------------------
                                     18 ; ram data
                                     19 ;--------------------------------------------------------
                                     20 	.area INITIALIZED
                                     21 ;--------------------------------------------------------
                                     22 ; absolute external ram data
                                     23 ;--------------------------------------------------------
                                     24 	.area DABS (ABS)
                                     25 ;--------------------------------------------------------
                                     26 ; global & static initialisations
                                     27 ;--------------------------------------------------------
                                     28 	.area HOME
                                     29 	.area GSINIT
                                     30 	.area GSFINAL
                                     31 	.area GSINIT
                                     32 ;--------------------------------------------------------
                                     33 ; Home
                                     34 ;--------------------------------------------------------
                                     35 	.area HOME
                                     36 	.area HOME
                                     37 ;--------------------------------------------------------
                                     38 ; code
                                     39 ;--------------------------------------------------------
                                     40 	.area CODE
                                     41 ;	../_rrulonglong.c: 35: unsigned long long _rrulonglong(unsigned long long l, signed char s)
                                     42 ;	-----------------------------------------
                                     43 ;	 function _rrulonglong
                                     44 ;	-----------------------------------------
      000000                         45 __rrulonglong:
      000000 52 2F            [ 2]   46 	sub	sp, #47
                                     47 ;	../_rrulonglong.c: 37: uint32_t *const top = (uint32_t *)((char *)(&l) + 4);
      000002 90 96            [ 1]   48 	ldw	y, sp
      000004 72 A9 00 32      [ 2]   49 	addw	y, #50
      000008 93               [ 1]   50 	ldw	x, y
      000009 1C 00 04         [ 2]   51 	addw	x, #0x0004
      00000C 1F 07            [ 2]   52 	ldw	(0x07, sp), x
                                     53 ;	../_rrulonglong.c: 38: uint16_t *const middle = (uint16_t *)((char *)(&l) + 3);
      00000E 93               [ 1]   54 	ldw	x, y
      00000F 1C 00 03         [ 2]   55 	addw	x, #0x0003
      000012 1F 05            [ 2]   56 	ldw	(0x05, sp), x
                                     57 ;	../_rrulonglong.c: 39: uint32_t *const bottom = (uint32_t *)(&l);
      000014 93               [ 1]   58 	ldw	x, y
      000015 1F 03            [ 2]   59 	ldw	(0x03, sp), x
                                     60 ;	../_rrulonglong.c: 40: uint16_t *const b = (uint16_t *)(&l);
      000017 17 01            [ 2]   61 	ldw	(0x01, sp), y
                                     62 ;	../_rrulonglong.c: 50: (*bottom) >>= s;
      000019 7B 3C            [ 1]   63 	ld	a, (0x3c, sp)
      00001B 6B 2F            [ 1]   64 	ld	(0x2f, sp), a
      00001D                         65 00103$:
                                     66 ;	../_rrulonglong.c: 42: for(;s >= 16; s -= 16)
      00001D 7B 2F            [ 1]   67 	ld	a, (0x2f, sp)
      00001F A1 10            [ 1]   68 	cp	a, #0x10
      000021 2F 36            [ 1]   69 	jrslt	00101$
                                     70 ;	../_rrulonglong.c: 44: b[0] = b[1];
      000023 1E 01            [ 2]   71 	ldw	x, (0x01, sp)
      000025 5C               [ 2]   72 	incw	x
      000026 5C               [ 2]   73 	incw	x
      000027 1F 2D            [ 2]   74 	ldw	(0x2d, sp), x
      000029 1E 2D            [ 2]   75 	ldw	x, (0x2d, sp)
      00002B FE               [ 2]   76 	ldw	x, (x)
      00002C 16 01            [ 2]   77 	ldw	y, (0x01, sp)
      00002E 90 FF            [ 2]   78 	ldw	(y), x
                                     79 ;	../_rrulonglong.c: 45: b[1] = b[2];
      000030 1E 01            [ 2]   80 	ldw	x, (0x01, sp)
      000032 1C 00 04         [ 2]   81 	addw	x, #0x0004
      000035 1F 2B            [ 2]   82 	ldw	(0x2b, sp), x
      000037 1E 2B            [ 2]   83 	ldw	x, (0x2b, sp)
      000039 FE               [ 2]   84 	ldw	x, (x)
      00003A 16 2D            [ 2]   85 	ldw	y, (0x2d, sp)
      00003C 90 FF            [ 2]   86 	ldw	(y), x
                                     87 ;	../_rrulonglong.c: 46: b[2] = b[3];
      00003E 1E 01            [ 2]   88 	ldw	x, (0x01, sp)
      000040 1C 00 06         [ 2]   89 	addw	x, #0x0006
      000043 1F 29            [ 2]   90 	ldw	(0x29, sp), x
      000045 1E 29            [ 2]   91 	ldw	x, (0x29, sp)
      000047 FE               [ 2]   92 	ldw	x, (x)
      000048 16 2B            [ 2]   93 	ldw	y, (0x2b, sp)
      00004A 90 FF            [ 2]   94 	ldw	(y), x
                                     95 ;	../_rrulonglong.c: 47: b[3] = 0x000000;
      00004C 1E 29            [ 2]   96 	ldw	x, (0x29, sp)
      00004E 6F 01            [ 1]   97 	clr	(0x1, x)
      000050 7F               [ 1]   98 	clr	(x)
                                     99 ;	../_rrulonglong.c: 42: for(;s >= 16; s -= 16)
      000051 7B 2F            [ 1]  100 	ld	a, (0x2f, sp)
      000053 A0 10            [ 1]  101 	sub	a, #0x10
      000055 6B 2F            [ 1]  102 	ld	(0x2f, sp), a
      000057 20 C4            [ 2]  103 	jra	00103$
      000059                        104 00101$:
                                    105 ;	../_rrulonglong.c: 50: (*bottom) >>= s;
      000059 1E 03            [ 2]  106 	ldw	x, (0x03, sp)
      00005B E6 03            [ 1]  107 	ld	a, (0x3, x)
      00005D 90 97            [ 1]  108 	ld	yl, a
      00005F E6 02            [ 1]  109 	ld	a, (0x2, x)
      000061 90 95            [ 1]  110 	ld	yh, a
      000063 FE               [ 2]  111 	ldw	x, (x)
      000064 7B 2F            [ 1]  112 	ld	a, (0x2f, sp)
      000066 27 06            [ 1]  113 	jreq	00118$
      000068                        114 00117$:
      000068 54               [ 2]  115 	srlw	x
      000069 90 56            [ 2]  116 	rrcw	y
      00006B 4A               [ 1]  117 	dec	a
      00006C 26 FA            [ 1]  118 	jrne	00117$
      00006E                        119 00118$:
      00006E 1F 25            [ 2]  120 	ldw	(0x25, sp), x
      000070 1E 03            [ 2]  121 	ldw	x, (0x03, sp)
      000072 EF 02            [ 2]  122 	ldw	(0x2, x), y
      000074 16 25            [ 2]  123 	ldw	y, (0x25, sp)
      000076 FF               [ 2]  124 	ldw	(x), y
                                    125 ;	../_rrulonglong.c: 51: (*middle) |= (((*middle) & 0xffff0000ul) >> s);
      000077 1E 05            [ 2]  126 	ldw	x, (0x05, sp)
      000079 FE               [ 2]  127 	ldw	x, (x)
      00007A 1F 23            [ 2]  128 	ldw	(0x23, sp), x
      00007C 5F               [ 1]  129 	clrw	x
      00007D 0F 20            [ 1]  130 	clr	(0x20, sp)
      00007F 4F               [ 1]  131 	clr	a
      000080 90 93            [ 1]  132 	ldw	y, x
      000082 6B 1B            [ 1]  133 	ld	(0x1b, sp), a
      000084 7B 20            [ 1]  134 	ld	a, (0x20, sp)
      000086 88               [ 1]  135 	push	a
      000087 7B 30            [ 1]  136 	ld	a, (0x30, sp)
      000089 27 09            [ 1]  137 	jreq	00120$
      00008B                        138 00119$:
      00008B 90 54            [ 2]  139 	srlw	y
      00008D 06 1C            [ 1]  140 	rrc	(0x1c, sp)
      00008F 06 01            [ 1]  141 	rrc	(1, sp)
      000091 4A               [ 1]  142 	dec	a
      000092 26 F7            [ 1]  143 	jrne	00119$
      000094                        144 00120$:
      000094 17 1A            [ 2]  145 	ldw	(0x1a, sp), y
      000096 84               [ 1]  146 	pop	a
      000097 1A 24            [ 1]  147 	or	a, (0x24, sp)
      000099 90 97            [ 1]  148 	ld	yl, a
      00009B 7B 23            [ 1]  149 	ld	a, (0x23, sp)
      00009D 1A 1B            [ 1]  150 	or	a, (0x1b, sp)
      00009F 90 95            [ 1]  151 	ld	yh, a
      0000A1 9F               [ 1]  152 	ld	a, xl
      0000A2 1A 1A            [ 1]  153 	or	a, (0x1a, sp)
      0000A4 6B 16            [ 1]  154 	ld	(0x16, sp), a
      0000A6 9E               [ 1]  155 	ld	a, xh
      0000A7 1A 19            [ 1]  156 	or	a, (0x19, sp)
      0000A9 1E 05            [ 2]  157 	ldw	x, (0x05, sp)
      0000AB FF               [ 2]  158 	ldw	(x), y
                                    159 ;	../_rrulonglong.c: 52: (*top) |= (((*middle) & 0xffff0000ul) >> s);
      0000AC 1E 07            [ 2]  160 	ldw	x, (0x07, sp)
      0000AE E6 03            [ 1]  161 	ld	a, (0x3, x)
      0000B0 6B 14            [ 1]  162 	ld	(0x14, sp), a
      0000B2 E6 02            [ 1]  163 	ld	a, (0x2, x)
      0000B4 6B 13            [ 1]  164 	ld	(0x13, sp), a
      0000B6 FE               [ 2]  165 	ldw	x, (x)
      0000B7 1F 11            [ 2]  166 	ldw	(0x11, sp), x
      0000B9 5F               [ 1]  167 	clrw	x
      0000BA 90 5F            [ 1]  168 	clrw	y
      0000BC 7B 2F            [ 1]  169 	ld	a, (0x2f, sp)
      0000BE 27 06            [ 1]  170 	jreq	00122$
      0000C0                        171 00121$:
      0000C0 54               [ 2]  172 	srlw	x
      0000C1 90 56            [ 2]  173 	rrcw	y
      0000C3 4A               [ 1]  174 	dec	a
      0000C4 26 FA            [ 1]  175 	jrne	00121$
      0000C6                        176 00122$:
      0000C6 90 02            [ 1]  177 	rlwa	y
      0000C8 6B 0F            [ 1]  178 	ld	(0x0f, sp), a
      0000CA 90 01            [ 1]  179 	rrwa	y
      0000CC 90 9F            [ 1]  180 	ld	a, yl
      0000CE 1A 14            [ 1]  181 	or	a, (0x14, sp)
      0000D0 90 97            [ 1]  182 	ld	yl, a
      0000D2 7B 0F            [ 1]  183 	ld	a, (0x0f, sp)
      0000D4 1A 13            [ 1]  184 	or	a, (0x13, sp)
      0000D6 90 95            [ 1]  185 	ld	yh, a
      0000D8 9F               [ 1]  186 	ld	a, xl
      0000D9 1A 12            [ 1]  187 	or	a, (0x12, sp)
      0000DB 6B 0A            [ 1]  188 	ld	(0x0a, sp), a
      0000DD 9E               [ 1]  189 	ld	a, xh
      0000DE 1A 11            [ 1]  190 	or	a, (0x11, sp)
      0000E0 6B 09            [ 1]  191 	ld	(0x09, sp), a
      0000E2 1E 07            [ 2]  192 	ldw	x, (0x07, sp)
      0000E4 EF 02            [ 2]  193 	ldw	(0x2, x), y
      0000E6 16 09            [ 2]  194 	ldw	y, (0x09, sp)
      0000E8 FF               [ 2]  195 	ldw	(x), y
                                    196 ;	../_rrulonglong.c: 54: return(l);
      0000E9 1E 32            [ 2]  197 	ldw	x, (0x32, sp)
      0000EB 16 3A            [ 2]  198 	ldw	y, (0x3a, sp)
      0000ED EF 06            [ 2]  199 	ldw	(#6, x), y
      0000EF 16 38            [ 2]  200 	ldw	y, (0x38, sp)
      0000F1 EF 04            [ 2]  201 	ldw	(#4, x), y
      0000F3 16 36            [ 2]  202 	ldw	y, (0x36, sp)
      0000F5 EF 02            [ 2]  203 	ldw	(#2, x), y
      0000F7 16 34            [ 2]  204 	ldw	y, (0x34, sp)
      0000F9 FF               [ 2]  205 	ldw	(x), y
      0000FA 5B 2F            [ 2]  206 	addw	sp, #47
      0000FC 81               [ 4]  207 	ret
                                    208 	.area CODE
                                    209 	.area INITIALIZER
                                    210 	.area CABS (ABS)
