                                      1 ;--------------------------------------------------------
                                      2 ; File Created by SDCC : free open source ANSI-C Compiler
                                      3 ; Version 3.4.1 #9092 (Oct 23 2022) (Mac OS X x86_64)
                                      4 ; This file was generated Sun Oct 23 01:40:56 2022
                                      5 ;--------------------------------------------------------
                                      6 	.module _strncmp
                                      7 	.optsdcc -mstm8
                                      8 	
                                      9 ;--------------------------------------------------------
                                     10 ; Public variables in this module
                                     11 ;--------------------------------------------------------
                                     12 	.globl _strncmp
                                     13 ;--------------------------------------------------------
                                     14 ; ram data
                                     15 ;--------------------------------------------------------
                                     16 	.area DATA
                                     17 ;--------------------------------------------------------
                                     18 ; ram data
                                     19 ;--------------------------------------------------------
                                     20 	.area INITIALIZED
                                     21 ;--------------------------------------------------------
                                     22 ; absolute external ram data
                                     23 ;--------------------------------------------------------
                                     24 	.area DABS (ABS)
                                     25 ;--------------------------------------------------------
                                     26 ; global & static initialisations
                                     27 ;--------------------------------------------------------
                                     28 	.area HOME
                                     29 	.area GSINIT
                                     30 	.area GSFINAL
                                     31 	.area GSINIT
                                     32 ;--------------------------------------------------------
                                     33 ; Home
                                     34 ;--------------------------------------------------------
                                     35 	.area HOME
                                     36 	.area HOME
                                     37 ;--------------------------------------------------------
                                     38 ; code
                                     39 ;--------------------------------------------------------
                                     40 	.area CODE
                                     41 ;	../_strncmp.c: 31: int strncmp ( const char * first, const char * last, size_t count )
                                     42 ;	-----------------------------------------
                                     43 ;	 function strncmp
                                     44 ;	-----------------------------------------
      000000                         45 _strncmp:
      000000 52 09            [ 2]   46 	sub	sp, #9
                                     47 ;	../_strncmp.c: 33: if (!count)
      000002 1E 10            [ 2]   48 	ldw	x, (0x10, sp)
      000004 26 03            [ 1]   49 	jrne	00114$
                                     50 ;	../_strncmp.c: 34: return(0);
      000006 5F               [ 1]   51 	clrw	x
      000007 20 47            [ 2]   52 	jra	00108$
                                     53 ;	../_strncmp.c: 36: while (--count && *first && *first == *last) {
      000009                         54 00114$:
      000009 16 0C            [ 2]   55 	ldw	y, (0x0c, sp)
      00000B 17 08            [ 2]   56 	ldw	(0x08, sp), y
      00000D 16 0E            [ 2]   57 	ldw	y, (0x0e, sp)
      00000F 17 06            [ 2]   58 	ldw	(0x06, sp), y
      000011 16 10            [ 2]   59 	ldw	y, (0x10, sp)
      000013 17 04            [ 2]   60 	ldw	(0x04, sp), y
      000015                         61 00105$:
      000015 1E 04            [ 2]   62 	ldw	x, (0x04, sp)
      000017 5A               [ 2]   63 	decw	x
      000018 1F 04            [ 2]   64 	ldw	(0x04, sp), x
      00001A 1E 08            [ 2]   65 	ldw	x, (0x08, sp)
      00001C F6               [ 1]   66 	ld	a, (x)
      00001D 1E 06            [ 2]   67 	ldw	x, (0x06, sp)
      00001F 88               [ 1]   68 	push	a
      000020 F6               [ 1]   69 	ld	a, (x)
      000021 6B 04            [ 1]   70 	ld	(0x04, sp), a
      000023 84               [ 1]   71 	pop	a
      000024 1E 04            [ 2]   72 	ldw	x, (0x04, sp)
      000026 27 13            [ 1]   73 	jreq	00107$
      000028 4D               [ 1]   74 	tnz	a
      000029 27 10            [ 1]   75 	jreq	00107$
      00002B 11 03            [ 1]   76 	cp	a, (0x03, sp)
      00002D 26 0C            [ 1]   77 	jrne	00107$
                                     78 ;	../_strncmp.c: 37: first++;
      00002F 1E 08            [ 2]   79 	ldw	x, (0x08, sp)
      000031 5C               [ 2]   80 	incw	x
      000032 1F 08            [ 2]   81 	ldw	(0x08, sp), x
                                     82 ;	../_strncmp.c: 38: last++;
      000034 1E 06            [ 2]   83 	ldw	x, (0x06, sp)
      000036 5C               [ 2]   84 	incw	x
      000037 1F 06            [ 2]   85 	ldw	(0x06, sp), x
      000039 20 DA            [ 2]   86 	jra	00105$
      00003B                         87 00107$:
                                     88 ;	../_strncmp.c: 41: return( *first - *last );
      00003B 97               [ 1]   89 	ld	xl, a
      00003C 49               [ 1]   90 	rlc	a
      00003D 4F               [ 1]   91 	clr	a
      00003E A2 00            [ 1]   92 	sbc	a, #0x00
      000040 95               [ 1]   93 	ld	xh, a
      000041 7B 03            [ 1]   94 	ld	a, (0x03, sp)
      000043 6B 02            [ 1]   95 	ld	(0x02, sp), a
      000045 7B 02            [ 1]   96 	ld	a, (0x02, sp)
      000047 49               [ 1]   97 	rlc	a
      000048 4F               [ 1]   98 	clr	a
      000049 A2 00            [ 1]   99 	sbc	a, #0x00
      00004B 6B 01            [ 1]  100 	ld	(0x01, sp), a
      00004D 72 F0 01         [ 2]  101 	subw	x, (0x01, sp)
      000050                        102 00108$:
      000050 5B 09            [ 2]  103 	addw	sp, #9
      000052 81               [ 4]  104 	ret
                                    105 	.area CODE
                                    106 	.area INITIALIZER
                                    107 	.area CABS (ABS)
