                                      1 ;--------------------------------------------------------
                                      2 ; File Created by SDCC : free open source ANSI-C Compiler
                                      3 ; Version 3.4.1 #9092 (Oct 23 2022) (Mac OS X x86_64)
                                      4 ; This file was generated Sun Oct 23 01:40:55 2022
                                      5 ;--------------------------------------------------------
                                      6 	.module _strchr
                                      7 	.optsdcc -mstm8
                                      8 	
                                      9 ;--------------------------------------------------------
                                     10 ; Public variables in this module
                                     11 ;--------------------------------------------------------
                                     12 	.globl _strchr
                                     13 ;--------------------------------------------------------
                                     14 ; ram data
                                     15 ;--------------------------------------------------------
                                     16 	.area DATA
                                     17 ;--------------------------------------------------------
                                     18 ; ram data
                                     19 ;--------------------------------------------------------
                                     20 	.area INITIALIZED
                                     21 ;--------------------------------------------------------
                                     22 ; absolute external ram data
                                     23 ;--------------------------------------------------------
                                     24 	.area DABS (ABS)
                                     25 ;--------------------------------------------------------
                                     26 ; global & static initialisations
                                     27 ;--------------------------------------------------------
                                     28 	.area HOME
                                     29 	.area GSINIT
                                     30 	.area GSFINAL
                                     31 	.area GSINIT
                                     32 ;--------------------------------------------------------
                                     33 ; Home
                                     34 ;--------------------------------------------------------
                                     35 	.area HOME
                                     36 	.area HOME
                                     37 ;--------------------------------------------------------
                                     38 ; code
                                     39 ;--------------------------------------------------------
                                     40 	.area CODE
                                     41 ;	../_strchr.c: 36: char * strchr ( const char * string, int ch )
                                     42 ;	-----------------------------------------
                                     43 ;	 function strchr
                                     44 ;	-----------------------------------------
      000000                         45 _strchr:
      000000 88               [ 1]   46 	push	a
                                     47 ;	../_strchr.c: 39: while (*string && *string != ch)
      000001 16 04            [ 2]   48 	ldw	y, (0x04, sp)
      000003                         49 00102$:
      000003 90 F6            [ 1]   50 	ld	a, (y)
      000005 6B 01            [ 1]   51 	ld	(0x01, sp), a
      000007 7B 01            [ 1]   52 	ld	a, (0x01, sp)
      000009 97               [ 1]   53 	ld	xl, a
      00000A 49               [ 1]   54 	rlc	a
      00000B 4F               [ 1]   55 	clr	a
      00000C A2 00            [ 1]   56 	sbc	a, #0x00
      00000E 95               [ 1]   57 	ld	xh, a
      00000F 13 06            [ 2]   58 	cpw	x, (0x06, sp)
      000011 26 04            [ 1]   59 	jrne	00127$
      000013 A6 01            [ 1]   60 	ld	a, #0x01
      000015 20 01            [ 2]   61 	jra	00128$
      000017                         62 00127$:
      000017 4F               [ 1]   63 	clr	a
      000018                         64 00128$:
      000018 0D 01            [ 1]   65 	tnz	(0x01, sp)
      00001A 27 07            [ 1]   66 	jreq	00104$
      00001C 4D               [ 1]   67 	tnz	a
      00001D 26 04            [ 1]   68 	jrne	00104$
                                     69 ;	../_strchr.c: 40: string++;
      00001F 90 5C            [ 2]   70 	incw	y
      000021 20 E0            [ 2]   71 	jra	00102$
      000023                         72 00104$:
                                     73 ;	../_strchr.c: 42: if (*string == ch)
      000023 4D               [ 1]   74 	tnz	a
      000024 27 03            [ 1]   75 	jreq	00106$
                                     76 ;	../_strchr.c: 43: return(string);
      000026 93               [ 1]   77 	ldw	x, y
      000027 20 01            [ 2]   78 	jra	00107$
      000029                         79 00106$:
                                     80 ;	../_strchr.c: 44: return ( NULL );
      000029 5F               [ 1]   81 	clrw	x
      00002A                         82 00107$:
      00002A 84               [ 1]   83 	pop	a
      00002B 81               [ 4]   84 	ret
                                     85 	.area CODE
                                     86 	.area INITIALIZER
                                     87 	.area CABS (ABS)
