                                      1 ;--------------------------------------------------------
                                      2 ; File Created by SDCC : free open source ANSI-C Compiler
                                      3 ; Version 3.4.1 #9092 (Oct 23 2022) (Mac OS X x86_64)
                                      4 ; This file was generated Sun Oct 23 01:40:56 2022
                                      5 ;--------------------------------------------------------
                                      6 	.module _strncat
                                      7 	.optsdcc -mstm8
                                      8 	
                                      9 ;--------------------------------------------------------
                                     10 ; Public variables in this module
                                     11 ;--------------------------------------------------------
                                     12 	.globl _strncat
                                     13 ;--------------------------------------------------------
                                     14 ; ram data
                                     15 ;--------------------------------------------------------
                                     16 	.area DATA
                                     17 ;--------------------------------------------------------
                                     18 ; ram data
                                     19 ;--------------------------------------------------------
                                     20 	.area INITIALIZED
                                     21 ;--------------------------------------------------------
                                     22 ; absolute external ram data
                                     23 ;--------------------------------------------------------
                                     24 	.area DABS (ABS)
                                     25 ;--------------------------------------------------------
                                     26 ; global & static initialisations
                                     27 ;--------------------------------------------------------
                                     28 	.area HOME
                                     29 	.area GSINIT
                                     30 	.area GSFINAL
                                     31 	.area GSINIT
                                     32 ;--------------------------------------------------------
                                     33 ; Home
                                     34 ;--------------------------------------------------------
                                     35 	.area HOME
                                     36 	.area HOME
                                     37 ;--------------------------------------------------------
                                     38 ; code
                                     39 ;--------------------------------------------------------
                                     40 	.area CODE
                                     41 ;	../_strncat.c: 31: char * strncat ( char * front, const char * back, size_t count )
                                     42 ;	-----------------------------------------
                                     43 ;	 function strncat
                                     44 ;	-----------------------------------------
      000000                         45 _strncat:
      000000 52 08            [ 2]   46 	sub	sp, #8
                                     47 ;	../_strncat.c: 33: char *start = front;
      000002 16 0B            [ 2]   48 	ldw	y, (0x0b, sp)
      000004 17 01            [ 2]   49 	ldw	(0x01, sp), y
                                     50 ;	../_strncat.c: 35: while (*front++);
      000006 1E 01            [ 2]   51 	ldw	x, (0x01, sp)
      000008                         52 00101$:
      000008 F6               [ 1]   53 	ld	a, (x)
      000009 5C               [ 2]   54 	incw	x
      00000A 4D               [ 1]   55 	tnz	a
      00000B 26 FB            [ 1]   56 	jrne	00101$
                                     57 ;	../_strncat.c: 37: front--;
      00000D 5A               [ 2]   58 	decw	x
      00000E 1F 0B            [ 2]   59 	ldw	(0x0b, sp), x
                                     60 ;	../_strncat.c: 39: while (count--)
      000010 16 0D            [ 2]   61 	ldw	y, (0x0d, sp)
      000012 17 07            [ 2]   62 	ldw	(0x07, sp), y
      000014 16 0B            [ 2]   63 	ldw	y, (0x0b, sp)
      000016 17 05            [ 2]   64 	ldw	(0x05, sp), y
      000018 16 0F            [ 2]   65 	ldw	y, (0x0f, sp)
      00001A 17 03            [ 2]   66 	ldw	(0x03, sp), y
      00001C                         67 00106$:
      00001C 16 03            [ 2]   68 	ldw	y, (0x03, sp)
      00001E 1E 03            [ 2]   69 	ldw	x, (0x03, sp)
      000020 5A               [ 2]   70 	decw	x
      000021 1F 03            [ 2]   71 	ldw	(0x03, sp), x
      000023 90 5D            [ 2]   72 	tnzw	y
      000025 27 1B            [ 1]   73 	jreq	00108$
                                     74 ;	../_strncat.c: 40: if (!(*front++ = *back++))
      000027 1E 07            [ 2]   75 	ldw	x, (0x07, sp)
      000029 F6               [ 1]   76 	ld	a, (x)
      00002A 1E 07            [ 2]   77 	ldw	x, (0x07, sp)
      00002C 5C               [ 2]   78 	incw	x
      00002D 1F 07            [ 2]   79 	ldw	(0x07, sp), x
      00002F 1E 05            [ 2]   80 	ldw	x, (0x05, sp)
      000031 F7               [ 1]   81 	ld	(x), a
      000032 1E 05            [ 2]   82 	ldw	x, (0x05, sp)
      000034 5C               [ 2]   83 	incw	x
      000035 1F 05            [ 2]   84 	ldw	(0x05, sp), x
      000037 16 05            [ 2]   85 	ldw	y, (0x05, sp)
      000039 17 0B            [ 2]   86 	ldw	(0x0b, sp), y
      00003B 4D               [ 1]   87 	tnz	a
      00003C 26 DE            [ 1]   88 	jrne	00106$
                                     89 ;	../_strncat.c: 41: return(start);
      00003E 1E 01            [ 2]   90 	ldw	x, (0x01, sp)
      000040 20 05            [ 2]   91 	jra	00109$
      000042                         92 00108$:
                                     93 ;	../_strncat.c: 43: *front = '\0';
      000042 1E 0B            [ 2]   94 	ldw	x, (0x0b, sp)
      000044 7F               [ 1]   95 	clr	(x)
                                     96 ;	../_strncat.c: 44: return(start);
      000045 1E 01            [ 2]   97 	ldw	x, (0x01, sp)
      000047                         98 00109$:
      000047 5B 08            [ 2]   99 	addw	sp, #8
      000049 81               [ 4]  100 	ret
                                    101 	.area CODE
                                    102 	.area INITIALIZER
                                    103 	.area CABS (ABS)
