                                      1 ;--------------------------------------------------------
                                      2 ; File Created by SDCC : free open source ANSI-C Compiler
                                      3 ; Version 3.4.1 #9092 (Oct 23 2022) (Mac OS X x86_64)
                                      4 ; This file was generated Sun Oct 23 01:40:14 2022
                                      5 ;--------------------------------------------------------
                                      6 	.module _ulong2fs
                                      7 	.optsdcc -mstm8
                                      8 	
                                      9 ;--------------------------------------------------------
                                     10 ; Public variables in this module
                                     11 ;--------------------------------------------------------
                                     12 	.globl ___ulong2fs
                                     13 ;--------------------------------------------------------
                                     14 ; ram data
                                     15 ;--------------------------------------------------------
                                     16 	.area DATA
                                     17 ;--------------------------------------------------------
                                     18 ; ram data
                                     19 ;--------------------------------------------------------
                                     20 	.area INITIALIZED
                                     21 ;--------------------------------------------------------
                                     22 ; absolute external ram data
                                     23 ;--------------------------------------------------------
                                     24 	.area DABS (ABS)
                                     25 ;--------------------------------------------------------
                                     26 ; global & static initialisations
                                     27 ;--------------------------------------------------------
                                     28 	.area HOME
                                     29 	.area GSINIT
                                     30 	.area GSFINAL
                                     31 	.area GSINIT
                                     32 ;--------------------------------------------------------
                                     33 ; Home
                                     34 ;--------------------------------------------------------
                                     35 	.area HOME
                                     36 	.area HOME
                                     37 ;--------------------------------------------------------
                                     38 ; code
                                     39 ;--------------------------------------------------------
                                     40 	.area CODE
                                     41 ;	../_ulong2fs.c: 83: float __ulong2fs (unsigned long a )
                                     42 ;	-----------------------------------------
                                     43 ;	 function __ulong2fs
                                     44 ;	-----------------------------------------
      000000                         45 ___ulong2fs:
      000000 52 16            [ 2]   46 	sub	sp, #22
                                     47 ;	../_ulong2fs.c: 88: if (!a)
      000002 1E 1B            [ 2]   48 	ldw	x, (0x1b, sp)
      000004 26 0A            [ 1]   49 	jrne	00115$
      000006 1E 19            [ 2]   50 	ldw	x, (0x19, sp)
      000008 26 06            [ 1]   51 	jrne	00115$
                                     52 ;	../_ulong2fs.c: 90: return 0.0;
      00000A 5F               [ 1]   53 	clrw	x
      00000B 90 5F            [ 1]   54 	clrw	y
      00000D CCr00rC2         [ 2]   55 	jp	00111$
                                     56 ;	../_ulong2fs.c: 93: while (a & NORM) 
      000010                         57 00115$:
      000010 AE 00 96         [ 2]   58 	ldw	x, #0x0096
      000013                         59 00103$:
      000013 0D 19            [ 1]   60 	tnz	(0x19, sp)
      000015 27 15            [ 1]   61 	jreq	00117$
                                     62 ;	../_ulong2fs.c: 96: a >>= 1;
      000017 16 1B            [ 2]   63 	ldw	y, (0x1b, sp)
      000019 17 15            [ 2]   64 	ldw	(0x15, sp), y
      00001B 16 19            [ 2]   65 	ldw	y, (0x19, sp)
      00001D 90 54            [ 2]   66 	srlw	y
      00001F 06 15            [ 1]   67 	rrc	(0x15, sp)
      000021 06 16            [ 1]   68 	rrc	(0x16, sp)
      000023 17 19            [ 2]   69 	ldw	(0x19, sp), y
      000025 16 15            [ 2]   70 	ldw	y, (0x15, sp)
      000027 17 1B            [ 2]   71 	ldw	(0x1b, sp), y
                                     72 ;	../_ulong2fs.c: 97: exp++;
      000029 5C               [ 2]   73 	incw	x
      00002A 20 E7            [ 2]   74 	jra	00103$
                                     75 ;	../_ulong2fs.c: 100: while (a < HIDDEN)
      00002C                         76 00117$:
      00002C 1F 05            [ 2]   77 	ldw	(0x05, sp), x
      00002E                         78 00106$:
      00002E 1E 1B            [ 2]   79 	ldw	x, (0x1b, sp)
      000030 A3 00 00         [ 2]   80 	cpw	x, #0x0000
      000033 7B 1A            [ 1]   81 	ld	a, (0x1a, sp)
      000035 A2 80            [ 1]   82 	sbc	a, #0x80
      000037 7B 19            [ 1]   83 	ld	a, (0x19, sp)
      000039 A2 00            [ 1]   84 	sbc	a, #0x00
      00003B 24 12            [ 1]   85 	jrnc	00120$
                                     86 ;	../_ulong2fs.c: 102: a <<= 1;
      00003D 16 1B            [ 2]   87 	ldw	y, (0x1b, sp)
      00003F 1E 19            [ 2]   88 	ldw	x, (0x19, sp)
      000041 90 58            [ 2]   89 	sllw	y
      000043 59               [ 2]   90 	rlcw	x
      000044 17 1B            [ 2]   91 	ldw	(0x1b, sp), y
      000046 1F 19            [ 2]   92 	ldw	(0x19, sp), x
                                     93 ;	../_ulong2fs.c: 103: exp--;
      000048 1E 05            [ 2]   94 	ldw	x, (0x05, sp)
      00004A 5A               [ 2]   95 	decw	x
      00004B 1F 05            [ 2]   96 	ldw	(0x05, sp), x
      00004D 20 DF            [ 2]   97 	jra	00106$
      00004F                         98 00120$:
      00004F 16 05            [ 2]   99 	ldw	y, (0x05, sp)
      000051 17 11            [ 2]  100 	ldw	(0x11, sp), y
                                    101 ;	../_ulong2fs.c: 107: if ((a&0x7fffff)==0x7fffff) {
      000053 16 1B            [ 2]  102 	ldw	y, (0x1b, sp)
      000055 7B 1A            [ 1]  103 	ld	a, (0x1a, sp)
      000057 A4 7F            [ 1]  104 	and	a, #0x7f
      000059 97               [ 1]  105 	ld	xl, a
      00005A 4F               [ 1]  106 	clr	a
      00005B 95               [ 1]  107 	ld	xh, a
      00005C 89               [ 2]  108 	pushw	x
      00005D 90 A3 FF FF      [ 2]  109 	cpw	y, #0xffff
      000061 85               [ 2]  110 	popw	x
      000062 26 0F            [ 1]  111 	jrne	00110$
      000064 A3 00 7F         [ 2]  112 	cpw	x, #0x007f
      000067 26 0A            [ 1]  113 	jrne	00110$
                                    114 ;	../_ulong2fs.c: 108: a=0;
      000069 5F               [ 1]  115 	clrw	x
      00006A 1F 1B            [ 2]  116 	ldw	(0x1b, sp), x
      00006C 1F 19            [ 2]  117 	ldw	(0x19, sp), x
                                    118 ;	../_ulong2fs.c: 109: exp++;
      00006E 1E 05            [ 2]  119 	ldw	x, (0x05, sp)
      000070 5C               [ 2]  120 	incw	x
      000071 1F 11            [ 2]  121 	ldw	(0x11, sp), x
      000073                        122 00110$:
                                    123 ;	../_ulong2fs.c: 113: a &= ~HIDDEN ;
      000073 16 1B            [ 2]  124 	ldw	y, (0x1b, sp)
      000075 7B 1A            [ 1]  125 	ld	a, (0x1a, sp)
      000077 A4 7F            [ 1]  126 	and	a, #0x7f
      000079 97               [ 1]  127 	ld	xl, a
      00007A 7B 19            [ 1]  128 	ld	a, (0x19, sp)
      00007C 95               [ 1]  129 	ld	xh, a
      00007D 17 1B            [ 2]  130 	ldw	(0x1b, sp), y
      00007F 1F 19            [ 2]  131 	ldw	(0x19, sp), x
                                    132 ;	../_ulong2fs.c: 115: fl.l = PACK(0,(unsigned long)exp, a);
      000081 96               [ 1]  133 	ldw	x, sp
      000082 5C               [ 2]  134 	incw	x
      000083 1F 0F            [ 2]  135 	ldw	(0x0f, sp), x
      000085 16 11            [ 2]  136 	ldw	y, (0x11, sp)
      000087 5F               [ 1]  137 	clrw	x
      000088 90 5D            [ 2]  138 	tnzw	y
      00008A 2A 01            [ 1]  139 	jrpl	00146$
      00008C 5A               [ 2]  140 	decw	x
      00008D                        141 00146$:
      00008D A6 17            [ 1]  142 	ld	a, #0x17
      00008F                        143 00147$:
      00008F 90 58            [ 2]  144 	sllw	y
      000091 59               [ 2]  145 	rlcw	x
      000092 4A               [ 1]  146 	dec	a
      000093 26 FA            [ 1]  147 	jrne	00147$
      000095 61               [ 1]  148 	exg	a, yl
      000096 6B 0E            [ 1]  149 	ld	(0x0e, sp), a
      000098 61               [ 1]  150 	exg	a, yl
      000099 90 9E            [ 1]  151 	ld	a, yh
      00009B 1A 1B            [ 1]  152 	or	a, (0x1b, sp)
      00009D 90 95            [ 1]  153 	ld	yh, a
      00009F 7B 0E            [ 1]  154 	ld	a, (0x0e, sp)
      0000A1 1A 1C            [ 1]  155 	or	a, (0x1c, sp)
      0000A3 90 97            [ 1]  156 	ld	yl, a
      0000A5 9F               [ 1]  157 	ld	a, xl
      0000A6 1A 1A            [ 1]  158 	or	a, (0x1a, sp)
      0000A8 6B 08            [ 1]  159 	ld	(0x08, sp), a
      0000AA 9E               [ 1]  160 	ld	a, xh
      0000AB 1A 19            [ 1]  161 	or	a, (0x19, sp)
      0000AD 6B 07            [ 1]  162 	ld	(0x07, sp), a
      0000AF 1E 0F            [ 2]  163 	ldw	x, (0x0f, sp)
      0000B1 EF 02            [ 2]  164 	ldw	(0x2, x), y
      0000B3 16 07            [ 2]  165 	ldw	y, (0x07, sp)
      0000B5 FF               [ 2]  166 	ldw	(x), y
                                    167 ;	../_ulong2fs.c: 117: return (fl.f);
      0000B6 96               [ 1]  168 	ldw	x, sp
      0000B7 5C               [ 2]  169 	incw	x
      0000B8 E6 03            [ 1]  170 	ld	a, (0x3, x)
      0000BA 90 97            [ 1]  171 	ld	yl, a
      0000BC E6 02            [ 1]  172 	ld	a, (0x2, x)
      0000BE 90 95            [ 1]  173 	ld	yh, a
      0000C0 FE               [ 2]  174 	ldw	x, (x)
      0000C1 51               [ 1]  175 	exgw	x, y
      0000C2                        176 00111$:
      0000C2 5B 16            [ 2]  177 	addw	sp, #22
      0000C4 81               [ 4]  178 	ret
                                    179 	.area CODE
                                    180 	.area INITIALIZER
                                    181 	.area CABS (ABS)
