                                      1 ;--------------------------------------------------------
                                      2 ; File Created by SDCC : free open source ANSI-C Compiler
                                      3 ; Version 3.4.1 #9092 (Oct 23 2022) (Mac OS X x86_64)
                                      4 ; This file was generated Sun Oct 23 01:40:47 2022
                                      5 ;--------------------------------------------------------
                                      6 	.module floorf
                                      7 	.optsdcc -mstm8
                                      8 	
                                      9 ;--------------------------------------------------------
                                     10 ; Public variables in this module
                                     11 ;--------------------------------------------------------
                                     12 	.globl _floorf
                                     13 ;--------------------------------------------------------
                                     14 ; ram data
                                     15 ;--------------------------------------------------------
                                     16 	.area DATA
                                     17 ;--------------------------------------------------------
                                     18 ; ram data
                                     19 ;--------------------------------------------------------
                                     20 	.area INITIALIZED
                                     21 ;--------------------------------------------------------
                                     22 ; absolute external ram data
                                     23 ;--------------------------------------------------------
                                     24 	.area DABS (ABS)
                                     25 ;--------------------------------------------------------
                                     26 ; global & static initialisations
                                     27 ;--------------------------------------------------------
                                     28 	.area HOME
                                     29 	.area GSINIT
                                     30 	.area GSFINAL
                                     31 	.area GSINIT
                                     32 ;--------------------------------------------------------
                                     33 ; Home
                                     34 ;--------------------------------------------------------
                                     35 	.area HOME
                                     36 	.area HOME
                                     37 ;--------------------------------------------------------
                                     38 ; code
                                     39 ;--------------------------------------------------------
                                     40 	.area CODE
                                     41 ;	../floorf.c: 33: float floorf (float x) _FLOAT_FUNC_REENTRANT
                                     42 ;	-----------------------------------------
                                     43 ;	 function floorf
                                     44 ;	-----------------------------------------
      000000                         45 _floorf:
      000000 52 08            [ 2]   46 	sub	sp, #8
                                     47 ;	../floorf.c: 36: r=x;
      000002 1E 0D            [ 2]   48 	ldw	x, (0x0d, sp)
      000004 89               [ 2]   49 	pushw	x
      000005 1E 0D            [ 2]   50 	ldw	x, (0x0d, sp)
      000007 89               [ 2]   51 	pushw	x
      000008 CDr00r00         [ 4]   52 	call	___fs2slong
      00000B 5B 04            [ 2]   53 	addw	sp, #4
      00000D 1F 03            [ 2]   54 	ldw	(0x03, sp), x
      00000F 17 01            [ 2]   55 	ldw	(0x01, sp), y
                                     56 ;	../floorf.c: 38: return (r+((r>x)?-1:0));
      000011 1E 03            [ 2]   57 	ldw	x, (0x03, sp)
      000013 89               [ 2]   58 	pushw	x
      000014 1E 03            [ 2]   59 	ldw	x, (0x03, sp)
      000016 89               [ 2]   60 	pushw	x
      000017 CDr00r00         [ 4]   61 	call	___slong2fs
      00001A 5B 04            [ 2]   62 	addw	sp, #4
      00001C 1F 07            [ 2]   63 	ldw	(0x07, sp), x
      00001E 17 05            [ 2]   64 	ldw	(0x05, sp), y
                                     65 ;	../floorf.c: 37: if (r<=0)
      000020 5F               [ 1]   66 	clrw	x
      000021 13 03            [ 2]   67 	cpw	x, (0x03, sp)
      000023 4F               [ 1]   68 	clr	a
      000024 12 02            [ 1]   69 	sbc	a, (0x02, sp)
      000026 4F               [ 1]   70 	clr	a
      000027 12 01            [ 1]   71 	sbc	a, (0x01, sp)
      000029 2F 3A            [ 1]   72 	jrslt	00102$
                                     73 ;	../floorf.c: 38: return (r+((r>x)?-1:0));
      00002B 1E 0D            [ 2]   74 	ldw	x, (0x0d, sp)
      00002D 89               [ 2]   75 	pushw	x
      00002E 1E 0D            [ 2]   76 	ldw	x, (0x0d, sp)
      000030 89               [ 2]   77 	pushw	x
      000031 1E 0B            [ 2]   78 	ldw	x, (0x0b, sp)
      000033 89               [ 2]   79 	pushw	x
      000034 1E 0B            [ 2]   80 	ldw	x, (0x0b, sp)
      000036 89               [ 2]   81 	pushw	x
      000037 CDr00r00         [ 4]   82 	call	___fsgt
      00003A 5B 08            [ 2]   83 	addw	sp, #8
      00003C 4D               [ 1]   84 	tnz	a
      00003D 27 04            [ 1]   85 	jreq	00106$
      00003F A6 FF            [ 1]   86 	ld	a, #0xff
      000041 20 01            [ 2]   87 	jra	00107$
      000043                         88 00106$:
      000043 4F               [ 1]   89 	clr	a
      000044                         90 00107$:
      000044 88               [ 1]   91 	push	a
      000045 49               [ 1]   92 	rlc	a
      000046 4F               [ 1]   93 	clr	a
      000047 A2 00            [ 1]   94 	sbc	a, #0x00
      000049 90 95            [ 1]   95 	ld	yh, a
      00004B 97               [ 1]   96 	ld	xl, a
      00004C 95               [ 1]   97 	ld	xh, a
      00004D 84               [ 1]   98 	pop	a
      00004E 90 97            [ 1]   99 	ld	yl, a
      000050 72 F9 03         [ 2]  100 	addw	y, (0x03, sp)
      000053 9F               [ 1]  101 	ld	a, xl
      000054 19 02            [ 1]  102 	adc	a, (0x02, sp)
      000056 97               [ 1]  103 	ld	xl, a
      000057 9E               [ 1]  104 	ld	a, xh
      000058 19 01            [ 1]  105 	adc	a, (0x01, sp)
      00005A 95               [ 1]  106 	ld	xh, a
      00005B 90 89            [ 2]  107 	pushw	y
      00005D 89               [ 2]  108 	pushw	x
      00005E CDr00r00         [ 4]  109 	call	___slong2fs
      000061 5B 04            [ 2]  110 	addw	sp, #4
      000063 20 04            [ 2]  111 	jra	00104$
      000065                        112 00102$:
                                    113 ;	../floorf.c: 40: return r;
      000065 1E 07            [ 2]  114 	ldw	x, (0x07, sp)
      000067 16 05            [ 2]  115 	ldw	y, (0x05, sp)
      000069                        116 00104$:
      000069 5B 08            [ 2]  117 	addw	sp, #8
      00006B 81               [ 4]  118 	ret
                                    119 	.area CODE
                                    120 	.area INITIALIZER
                                    121 	.area CABS (ABS)
