                                      1 ;--------------------------------------------------------
                                      2 ; File Created by SDCC : free open source ANSI-C Compiler
                                      3 ; Version 3.4.1 #9092 (Oct 23 2022) (Mac OS X x86_64)
                                      4 ; This file was generated Sun Oct 23 01:40:30 2022
                                      5 ;--------------------------------------------------------
                                      6 	.module frexpf
                                      7 	.optsdcc -mstm8
                                      8 	
                                      9 ;--------------------------------------------------------
                                     10 ; Public variables in this module
                                     11 ;--------------------------------------------------------
                                     12 	.globl _frexpf
                                     13 ;--------------------------------------------------------
                                     14 ; ram data
                                     15 ;--------------------------------------------------------
                                     16 	.area DATA
                                     17 ;--------------------------------------------------------
                                     18 ; ram data
                                     19 ;--------------------------------------------------------
                                     20 	.area INITIALIZED
                                     21 ;--------------------------------------------------------
                                     22 ; absolute external ram data
                                     23 ;--------------------------------------------------------
                                     24 	.area DABS (ABS)
                                     25 ;--------------------------------------------------------
                                     26 ; global & static initialisations
                                     27 ;--------------------------------------------------------
                                     28 	.area HOME
                                     29 	.area GSINIT
                                     30 	.area GSFINAL
                                     31 	.area GSINIT
                                     32 ;--------------------------------------------------------
                                     33 ; Home
                                     34 ;--------------------------------------------------------
                                     35 	.area HOME
                                     36 	.area HOME
                                     37 ;--------------------------------------------------------
                                     38 ; code
                                     39 ;--------------------------------------------------------
                                     40 	.area CODE
                                     41 ;	../frexpf.c: 34: float frexpf(float x, int *pw2)
                                     42 ;	-----------------------------------------
                                     43 ;	 function frexpf
                                     44 ;	-----------------------------------------
      000000                         45 _frexpf:
      000000 52 12            [ 2]   46 	sub	sp, #18
                                     47 ;	../frexpf.c: 39: fl.f=x;
      000002 96               [ 1]   48 	ldw	x, sp
      000003 1C 00 05         [ 2]   49 	addw	x, #5
      000006 16 17            [ 2]   50 	ldw	y, (0x17, sp)
      000008 EF 02            [ 2]   51 	ldw	(0x2, x), y
      00000A 16 15            [ 2]   52 	ldw	y, (0x15, sp)
      00000C FF               [ 2]   53 	ldw	(x), y
                                     54 ;	../frexpf.c: 41: i  = ( fl.l >> 23) & 0x000000ff;
      00000D 96               [ 1]   55 	ldw	x, sp
      00000E 1C 00 05         [ 2]   56 	addw	x, #5
      000011 1F 11            [ 2]   57 	ldw	(0x11, sp), x
      000013 1E 11            [ 2]   58 	ldw	x, (0x11, sp)
      000015 E6 03            [ 1]   59 	ld	a, (0x3, x)
      000017 90 97            [ 1]   60 	ld	yl, a
      000019 E6 02            [ 1]   61 	ld	a, (0x2, x)
      00001B FE               [ 2]   62 	ldw	x, (x)
      00001C 88               [ 1]   63 	push	a
      00001D A6 17            [ 1]   64 	ld	a, #0x17
      00001F                         65 00103$:
      00001F 57               [ 2]   66 	sraw	x
      000020 06 01            [ 1]   67 	rrc	(1, sp)
      000022 61               [ 1]   68 	exg	a, yl
      000023 46               [ 1]   69 	rrc	a
      000024 61               [ 1]   70 	exg	a, yl
      000025 4A               [ 1]   71 	dec	a
      000026 26 F7            [ 1]   72 	jrne	00103$
      000028 84               [ 1]   73 	pop	a
      000029 4F               [ 1]   74 	clr	a
      00002A 90 95            [ 1]   75 	ld	yh, a
      00002C 5F               [ 1]   76 	clrw	x
                                     77 ;	../frexpf.c: 42: i -= 0x7e;
      00002D 72 A2 00 7E      [ 2]   78 	subw	y, #0x007e
      000031 9F               [ 1]   79 	ld	a, xl
      000032 A2 00            [ 1]   80 	sbc	a, #0x00
      000034 97               [ 1]   81 	ld	xl, a
      000035 9E               [ 1]   82 	ld	a, xh
      000036 A2 00            [ 1]   83 	sbc	a, #0x00
      000038 95               [ 1]   84 	ld	xh, a
      000039 1F 01            [ 2]   85 	ldw	(0x01, sp), x
                                     86 ;	../frexpf.c: 43: *pw2 = i;
      00003B 1E 19            [ 2]   87 	ldw	x, (0x19, sp)
      00003D FF               [ 2]   88 	ldw	(x), y
                                     89 ;	../frexpf.c: 44: fl.l &= 0x807fffff; /* strip all exponent bits */
      00003E 1E 11            [ 2]   90 	ldw	x, (0x11, sp)
      000040 E6 03            [ 1]   91 	ld	a, (0x3, x)
      000042 90 97            [ 1]   92 	ld	yl, a
      000044 E6 02            [ 1]   93 	ld	a, (0x2, x)
      000046 FE               [ 2]   94 	ldw	x, (x)
      000047 90 95            [ 1]   95 	ld	yh, a
      000049 9F               [ 1]   96 	ld	a, xl
      00004A A4 7F            [ 1]   97 	and	a, #0x7f
      00004C 6B 0E            [ 1]   98 	ld	(0x0e, sp), a
      00004E 9E               [ 1]   99 	ld	a, xh
      00004F A4 80            [ 1]  100 	and	a, #0x80
      000051 6B 0D            [ 1]  101 	ld	(0x0d, sp), a
      000053 1E 11            [ 2]  102 	ldw	x, (0x11, sp)
      000055 EF 02            [ 2]  103 	ldw	(0x2, x), y
      000057 16 0D            [ 2]  104 	ldw	y, (0x0d, sp)
      000059 FF               [ 2]  105 	ldw	(x), y
                                    106 ;	../frexpf.c: 45: fl.l |= 0x3f000000; /* mantissa between 0.5 and 1 */
      00005A 1E 11            [ 2]  107 	ldw	x, (0x11, sp)
      00005C E6 03            [ 1]  108 	ld	a, (0x3, x)
      00005E 90 97            [ 1]  109 	ld	yl, a
      000060 E6 02            [ 1]  110 	ld	a, (0x2, x)
      000062 90 95            [ 1]  111 	ld	yh, a
      000064 FE               [ 2]  112 	ldw	x, (x)
      000065 9F               [ 1]  113 	ld	a, xl
      000066 6B 0A            [ 1]  114 	ld	(0x0a, sp), a
      000068 9E               [ 1]  115 	ld	a, xh
      000069 AA 3F            [ 1]  116 	or	a, #0x3f
      00006B 6B 09            [ 1]  117 	ld	(0x09, sp), a
      00006D 1E 11            [ 2]  118 	ldw	x, (0x11, sp)
      00006F EF 02            [ 2]  119 	ldw	(0x2, x), y
      000071 16 09            [ 2]  120 	ldw	y, (0x09, sp)
      000073 FF               [ 2]  121 	ldw	(x), y
                                    122 ;	../frexpf.c: 46: return(fl.f);
      000074 96               [ 1]  123 	ldw	x, sp
      000075 1C 00 05         [ 2]  124 	addw	x, #5
      000078 E6 03            [ 1]  125 	ld	a, (0x3, x)
      00007A 90 97            [ 1]  126 	ld	yl, a
      00007C E6 02            [ 1]  127 	ld	a, (0x2, x)
      00007E 90 95            [ 1]  128 	ld	yh, a
      000080 FE               [ 2]  129 	ldw	x, (x)
      000081 51               [ 1]  130 	exgw	x, y
      000082 5B 12            [ 2]  131 	addw	sp, #18
      000084 81               [ 4]  132 	ret
                                    133 	.area CODE
                                    134 	.area INITIALIZER
                                    135 	.area CABS (ABS)
