                                      1 ;--------------------------------------------------------
                                      2 ; File Created by SDCC : free open source ANSI-C Compiler
                                      3 ; Version 3.4.1 #9092 (Oct 23 2022) (Mac OS X x86_64)
                                      4 ; This file was generated Sun Oct 23 01:40:52 2022
                                      5 ;--------------------------------------------------------
                                      6 	.module isalpha
                                      7 	.optsdcc -mstm8
                                      8 	
                                      9 ;--------------------------------------------------------
                                     10 ; Public variables in this module
                                     11 ;--------------------------------------------------------
                                     12 	.globl _isalpha
                                     13 ;--------------------------------------------------------
                                     14 ; ram data
                                     15 ;--------------------------------------------------------
                                     16 	.area DATA
                                     17 ;--------------------------------------------------------
                                     18 ; ram data
                                     19 ;--------------------------------------------------------
                                     20 	.area INITIALIZED
                                     21 ;--------------------------------------------------------
                                     22 ; absolute external ram data
                                     23 ;--------------------------------------------------------
                                     24 	.area DABS (ABS)
                                     25 ;--------------------------------------------------------
                                     26 ; global & static initialisations
                                     27 ;--------------------------------------------------------
                                     28 	.area HOME
                                     29 	.area GSINIT
                                     30 	.area GSFINAL
                                     31 	.area GSINIT
                                     32 ;--------------------------------------------------------
                                     33 ; Home
                                     34 ;--------------------------------------------------------
                                     35 	.area HOME
                                     36 	.area HOME
                                     37 ;--------------------------------------------------------
                                     38 ; code
                                     39 ;--------------------------------------------------------
                                     40 	.area CODE
                                     41 ;	../isalpha.c: 37: int isalpha (int c)
                                     42 ;	-----------------------------------------
                                     43 ;	 function isalpha
                                     44 ;	-----------------------------------------
      000000                         45 _isalpha:
                                     46 ;	../isalpha.c: 39: return (isupper (c) || islower (c));
      000000 1E 03            [ 2]   47 	ldw	x, (0x03, sp)
                                     48 ;	./../../include/ctype.h: 65: return (c >= 'A' && c <= 'Z');
      000002 A3 00 41         [ 2]   49 	cpw	x, #0x0041
      000005 2F 05            [ 1]   50 	jrslt	00110$
      000007 A3 00 5A         [ 2]   51 	cpw	x, #0x005a
      00000A 2D 0D            [ 1]   52 	jrsle	00106$
      00000C                         53 00110$:
                                     54 ;	./../../include/ctype.h: 60: return (c >= 'a' && c <= 'z');
      00000C A3 00 61         [ 2]   55 	cpw	x, #0x0061
      00000F 2F 05            [ 1]   56 	jrslt	00113$
      000011 A3 00 7A         [ 2]   57 	cpw	x, #0x007a
      000014 2D 03            [ 1]   58 	jrsle	00106$
      000016                         59 00113$:
                                     60 ;	../isalpha.c: 39: return (isupper (c) || islower (c));
      000016 4F               [ 1]   61 	clr	a
      000017 20 02            [ 2]   62 	jra	00107$
      000019                         63 00106$:
      000019 A6 01            [ 1]   64 	ld	a, #0x01
      00001B                         65 00107$:
      00001B 97               [ 1]   66 	ld	xl, a
      00001C 49               [ 1]   67 	rlc	a
      00001D 4F               [ 1]   68 	clr	a
      00001E A2 00            [ 1]   69 	sbc	a, #0x00
      000020 95               [ 1]   70 	ld	xh, a
      000021 81               [ 4]   71 	ret
                                     72 	.area CODE
                                     73 	.area INITIALIZER
                                     74 	.area CABS (ABS)
