                                      1 ;--------------------------------------------------------
                                      2 ; File Created by SDCC : free open source ANSI-C Compiler
                                      3 ; Version 3.4.1 #9092 (Oct 23 2022) (Mac OS X x86_64)
                                      4 ; This file was generated Sun Oct 23 01:40:52 2022
                                      5 ;--------------------------------------------------------
                                      6 	.module isalnum
                                      7 	.optsdcc -mstm8
                                      8 	
                                      9 ;--------------------------------------------------------
                                     10 ; Public variables in this module
                                     11 ;--------------------------------------------------------
                                     12 	.globl _isalpha
                                     13 	.globl _isalnum
                                     14 ;--------------------------------------------------------
                                     15 ; ram data
                                     16 ;--------------------------------------------------------
                                     17 	.area DATA
                                     18 ;--------------------------------------------------------
                                     19 ; ram data
                                     20 ;--------------------------------------------------------
                                     21 	.area INITIALIZED
                                     22 ;--------------------------------------------------------
                                     23 ; absolute external ram data
                                     24 ;--------------------------------------------------------
                                     25 	.area DABS (ABS)
                                     26 ;--------------------------------------------------------
                                     27 ; global & static initialisations
                                     28 ;--------------------------------------------------------
                                     29 	.area HOME
                                     30 	.area GSINIT
                                     31 	.area GSFINAL
                                     32 	.area GSINIT
                                     33 ;--------------------------------------------------------
                                     34 ; Home
                                     35 ;--------------------------------------------------------
                                     36 	.area HOME
                                     37 	.area HOME
                                     38 ;--------------------------------------------------------
                                     39 ; code
                                     40 ;--------------------------------------------------------
                                     41 	.area CODE
                                     42 ;	../isalnum.c: 37: int isalnum (int c)
                                     43 ;	-----------------------------------------
                                     44 ;	 function isalnum
                                     45 ;	-----------------------------------------
      000000                         46 _isalnum:
                                     47 ;	../isalnum.c: 39: return (isalpha (c) || isdigit (c));
      000000 1E 03            [ 2]   48 	ldw	x, (0x03, sp)
      000002 89               [ 2]   49 	pushw	x
      000003 CDr00r00         [ 4]   50 	call	_isalpha
      000006 5B 02            [ 2]   51 	addw	sp, #2
      000008 5D               [ 2]   52 	tnzw	x
      000009 26 0F            [ 1]   53 	jrne	00105$
      00000B 1E 03            [ 2]   54 	ldw	x, (0x03, sp)
                                     55 ;	./../../include/ctype.h: 55: return (c >= '0' && c <= '9');
      00000D A3 00 30         [ 2]   56 	cpw	x, #0x0030
      000010 2F 05            [ 1]   57 	jrslt	00109$
      000012 A3 00 39         [ 2]   58 	cpw	x, #0x0039
      000015 2D 03            [ 1]   59 	jrsle	00105$
      000017                         60 00109$:
                                     61 ;	../isalnum.c: 39: return (isalpha (c) || isdigit (c));
      000017 4F               [ 1]   62 	clr	a
      000018 20 02            [ 2]   63 	jra	00106$
      00001A                         64 00105$:
      00001A A6 01            [ 1]   65 	ld	a, #0x01
      00001C                         66 00106$:
      00001C 97               [ 1]   67 	ld	xl, a
      00001D 49               [ 1]   68 	rlc	a
      00001E 4F               [ 1]   69 	clr	a
      00001F A2 00            [ 1]   70 	sbc	a, #0x00
      000021 95               [ 1]   71 	ld	xh, a
      000022 81               [ 4]   72 	ret
                                     73 	.area CODE
                                     74 	.area INITIALIZER
                                     75 	.area CABS (ABS)
