                                      1 ;--------------------------------------------------------
                                      2 ; File Created by SDCC : free open source ANSI-C Compiler
                                      3 ; Version 3.4.1 #9092 (Oct 23 2022) (Mac OS X x86_64)
                                      4 ; This file was generated Sun Oct 23 01:40:52 2022
                                      5 ;--------------------------------------------------------
                                      6 	.module islower
                                      7 	.optsdcc -mstm8
                                      8 	
                                      9 ;--------------------------------------------------------
                                     10 ; Public variables in this module
                                     11 ;--------------------------------------------------------
                                     12 	.globl _islower
                                     13 ;--------------------------------------------------------
                                     14 ; ram data
                                     15 ;--------------------------------------------------------
                                     16 	.area DATA
                                     17 ;--------------------------------------------------------
                                     18 ; ram data
                                     19 ;--------------------------------------------------------
                                     20 	.area INITIALIZED
                                     21 ;--------------------------------------------------------
                                     22 ; absolute external ram data
                                     23 ;--------------------------------------------------------
                                     24 	.area DABS (ABS)
                                     25 ;--------------------------------------------------------
                                     26 ; global & static initialisations
                                     27 ;--------------------------------------------------------
                                     28 	.area HOME
                                     29 	.area GSINIT
                                     30 	.area GSFINAL
                                     31 	.area GSINIT
                                     32 ;--------------------------------------------------------
                                     33 ; Home
                                     34 ;--------------------------------------------------------
                                     35 	.area HOME
                                     36 	.area HOME
                                     37 ;--------------------------------------------------------
                                     38 ; code
                                     39 ;--------------------------------------------------------
                                     40 	.area CODE
                                     41 ;	./../../include/ctype.h: 58: inline int islower (int c)
                                     42 ;	-----------------------------------------
                                     43 ;	 function islower
                                     44 ;	-----------------------------------------
      000000                         45 _islower:
                                     46 ;	./../../include/ctype.h: 60: return (c >= 'a' && c <= 'z');
      000000 1E 03            [ 2]   47 	ldw	x, (0x03, sp)
      000002 A3 00 61         [ 2]   48 	cpw	x, #0x0061
      000005 2F 07            [ 1]   49 	jrslt	00103$
      000007 1E 03            [ 2]   50 	ldw	x, (0x03, sp)
      000009 A3 00 7A         [ 2]   51 	cpw	x, #0x007a
      00000C 2D 03            [ 1]   52 	jrsle	00104$
      00000E                         53 00103$:
      00000E 4F               [ 1]   54 	clr	a
      00000F 20 02            [ 2]   55 	jra	00105$
      000011                         56 00104$:
      000011 A6 01            [ 1]   57 	ld	a, #0x01
      000013                         58 00105$:
      000013 97               [ 1]   59 	ld	xl, a
      000014 49               [ 1]   60 	rlc	a
      000015 4F               [ 1]   61 	clr	a
      000016 A2 00            [ 1]   62 	sbc	a, #0x00
      000018 95               [ 1]   63 	ld	xh, a
      000019 81               [ 4]   64 	ret
                                     65 	.area CODE
                                     66 	.area INITIALIZER
                                     67 	.area CABS (ABS)
