                                      1 ;--------------------------------------------------------
                                      2 ; File Created by SDCC : free open source ANSI-C Compiler
                                      3 ; Version 3.4.1 #9092 (Oct 23 2022) (Mac OS X x86_64)
                                      4 ; This file was generated Sun Oct 23 01:40:30 2022
                                      5 ;--------------------------------------------------------
                                      6 	.module ldexpf
                                      7 	.optsdcc -mstm8
                                      8 	
                                      9 ;--------------------------------------------------------
                                     10 ; Public variables in this module
                                     11 ;--------------------------------------------------------
                                     12 	.globl _ldexpf
                                     13 ;--------------------------------------------------------
                                     14 ; ram data
                                     15 ;--------------------------------------------------------
                                     16 	.area DATA
                                     17 ;--------------------------------------------------------
                                     18 ; ram data
                                     19 ;--------------------------------------------------------
                                     20 	.area INITIALIZED
                                     21 ;--------------------------------------------------------
                                     22 ; absolute external ram data
                                     23 ;--------------------------------------------------------
                                     24 	.area DABS (ABS)
                                     25 ;--------------------------------------------------------
                                     26 ; global & static initialisations
                                     27 ;--------------------------------------------------------
                                     28 	.area HOME
                                     29 	.area GSINIT
                                     30 	.area GSFINAL
                                     31 	.area GSINIT
                                     32 ;--------------------------------------------------------
                                     33 ; Home
                                     34 ;--------------------------------------------------------
                                     35 	.area HOME
                                     36 	.area HOME
                                     37 ;--------------------------------------------------------
                                     38 ; code
                                     39 ;--------------------------------------------------------
                                     40 	.area CODE
                                     41 ;	../ldexpf.c: 34: float ldexpf(float x, int pw2)
                                     42 ;	-----------------------------------------
                                     43 ;	 function ldexpf
                                     44 ;	-----------------------------------------
      000000                         45 _ldexpf:
      000000 52 1E            [ 2]   46 	sub	sp, #30
                                     47 ;	../ldexpf.c: 39: fl.f = x;
      000002 96               [ 1]   48 	ldw	x, sp
      000003 5C               [ 2]   49 	incw	x
      000004 16 23            [ 2]   50 	ldw	y, (0x23, sp)
      000006 EF 02            [ 2]   51 	ldw	(0x2, x), y
      000008 16 21            [ 2]   52 	ldw	y, (0x21, sp)
      00000A FF               [ 2]   53 	ldw	(x), y
                                     54 ;	../ldexpf.c: 41: e=(fl.l >> 23) & 0x000000ff;
      00000B 96               [ 1]   55 	ldw	x, sp
      00000C 5C               [ 2]   56 	incw	x
      00000D 1F 1D            [ 2]   57 	ldw	(0x1d, sp), x
      00000F 1E 1D            [ 2]   58 	ldw	x, (0x1d, sp)
      000011 E6 03            [ 1]   59 	ld	a, (0x3, x)
      000013 90 97            [ 1]   60 	ld	yl, a
      000015 E6 02            [ 1]   61 	ld	a, (0x2, x)
      000017 FE               [ 2]   62 	ldw	x, (x)
      000018 88               [ 1]   63 	push	a
      000019 A6 17            [ 1]   64 	ld	a, #0x17
      00001B                         65 00103$:
      00001B 57               [ 2]   66 	sraw	x
      00001C 06 01            [ 1]   67 	rrc	(1, sp)
      00001E 61               [ 1]   68 	exg	a, yl
      00001F 46               [ 1]   69 	rrc	a
      000020 61               [ 1]   70 	exg	a, yl
      000021 4A               [ 1]   71 	dec	a
      000022 26 F7            [ 1]   72 	jrne	00103$
      000024 84               [ 1]   73 	pop	a
      000025 4F               [ 1]   74 	clr	a
      000026 90 95            [ 1]   75 	ld	yh, a
      000028 5F               [ 1]   76 	clrw	x
      000029 1F 19            [ 2]   77 	ldw	(0x19, sp), x
                                     78 ;	../ldexpf.c: 42: e+=pw2;
      00002B 1E 25            [ 2]   79 	ldw	x, (0x25, sp)
      00002D 1F 17            [ 2]   80 	ldw	(0x17, sp), x
      00002F 5F               [ 1]   81 	clrw	x
      000030 0D 17            [ 1]   82 	tnz	(0x17, sp)
      000032 2A 01            [ 1]   83 	jrpl	00105$
      000034 5A               [ 2]   84 	decw	x
      000035                         85 00105$:
      000035 72 F9 17         [ 2]   86 	addw	y, (0x17, sp)
      000038 9F               [ 1]   87 	ld	a, xl
      000039 19 1A            [ 1]   88 	adc	a, (0x1a, sp)
      00003B 97               [ 1]   89 	ld	xl, a
      00003C 9E               [ 1]   90 	ld	a, xh
      00003D 19 19            [ 1]   91 	adc	a, (0x19, sp)
                                     92 ;	../ldexpf.c: 43: fl.l= ((e & 0xff) << 23) | (fl.l & 0x807fffff);
      00003F 4F               [ 1]   93 	clr	a
      000040 90 95            [ 1]   94 	ld	yh, a
      000042 5F               [ 1]   95 	clrw	x
      000043 A6 17            [ 1]   96 	ld	a, #0x17
      000045                         97 00106$:
      000045 90 58            [ 2]   98 	sllw	y
      000047 59               [ 2]   99 	rlcw	x
      000048 4A               [ 1]  100 	dec	a
      000049 26 FA            [ 1]  101 	jrne	00106$
      00004B 17 13            [ 2]  102 	ldw	(0x13, sp), y
      00004D 1F 11            [ 2]  103 	ldw	(0x11, sp), x
      00004F 1E 1D            [ 2]  104 	ldw	x, (0x1d, sp)
      000051 E6 03            [ 1]  105 	ld	a, (0x3, x)
      000053 90 95            [ 1]  106 	ld	yh, a
      000055 E6 02            [ 1]  107 	ld	a, (0x2, x)
      000057 FE               [ 2]  108 	ldw	x, (x)
      000058 6B 0F            [ 1]  109 	ld	(0x0f, sp), a
      00005A 9F               [ 1]  110 	ld	a, xl
      00005B A4 7F            [ 1]  111 	and	a, #0x7f
      00005D 6B 0E            [ 1]  112 	ld	(0x0e, sp), a
      00005F 9E               [ 1]  113 	ld	a, xh
      000060 A4 80            [ 1]  114 	and	a, #0x80
      000062 1E 11            [ 2]  115 	ldw	x, (0x11, sp)
      000064 1F 09            [ 2]  116 	ldw	(0x09, sp), x
      000066 1E 13            [ 2]  117 	ldw	x, (0x13, sp)
      000068 1A 09            [ 1]  118 	or	a, (0x09, sp)
      00006A 6B 05            [ 1]  119 	ld	(0x05, sp), a
      00006C 90 89            [ 2]  120 	pushw	y
      00006E 9F               [ 1]  121 	ld	a, xl
      00006F 1A 01            [ 1]  122 	or	a, (1, sp)
      000071 90 85            [ 2]  123 	popw	y
      000073 90 97            [ 1]  124 	ld	yl, a
      000075 9E               [ 1]  125 	ld	a, xh
      000076 1A 0F            [ 1]  126 	or	a, (0x0f, sp)
      000078 90 95            [ 1]  127 	ld	yh, a
      00007A 7B 0A            [ 1]  128 	ld	a, (0x0a, sp)
      00007C 1A 0E            [ 1]  129 	or	a, (0x0e, sp)
      00007E 6B 06            [ 1]  130 	ld	(0x06, sp), a
      000080 1E 1D            [ 2]  131 	ldw	x, (0x1d, sp)
      000082 EF 02            [ 2]  132 	ldw	(0x2, x), y
      000084 16 05            [ 2]  133 	ldw	y, (0x05, sp)
      000086 FF               [ 2]  134 	ldw	(x), y
                                    135 ;	../ldexpf.c: 45: return(fl.f);
      000087 96               [ 1]  136 	ldw	x, sp
      000088 5C               [ 2]  137 	incw	x
      000089 E6 03            [ 1]  138 	ld	a, (0x3, x)
      00008B 90 97            [ 1]  139 	ld	yl, a
      00008D E6 02            [ 1]  140 	ld	a, (0x2, x)
      00008F 90 95            [ 1]  141 	ld	yh, a
      000091 FE               [ 2]  142 	ldw	x, (x)
      000092 51               [ 1]  143 	exgw	x, y
      000093 5B 1E            [ 2]  144 	addw	sp, #30
      000095 81               [ 4]  145 	ret
                                    146 	.area CODE
                                    147 	.area INITIALIZER
                                    148 	.area CABS (ABS)
