                                      1 ;--------------------------------------------------------
                                      2 ; File Created by SDCC : free open source ANSI-C Compiler
                                      3 ; Version 3.4.1 #9092 (Oct 23 2022) (Mac OS X x86_64)
                                      4 ; This file was generated Sun Oct 23 01:40:55 2022
                                      5 ;--------------------------------------------------------
                                      6 	.module rand
                                      7 	.optsdcc -mstm8
                                      8 	
                                      9 ;--------------------------------------------------------
                                     10 ; Public variables in this module
                                     11 ;--------------------------------------------------------
                                     12 	.globl _rand
                                     13 	.globl _srand
                                     14 ;--------------------------------------------------------
                                     15 ; ram data
                                     16 ;--------------------------------------------------------
                                     17 	.area DATA
                                     18 ;--------------------------------------------------------
                                     19 ; ram data
                                     20 ;--------------------------------------------------------
                                     21 	.area INITIALIZED
      000000                         22 _next:
      000000                         23 	.ds 4
                                     24 ;--------------------------------------------------------
                                     25 ; absolute external ram data
                                     26 ;--------------------------------------------------------
                                     27 	.area DABS (ABS)
                                     28 ;--------------------------------------------------------
                                     29 ; global & static initialisations
                                     30 ;--------------------------------------------------------
                                     31 	.area HOME
                                     32 	.area GSINIT
                                     33 	.area GSFINAL
                                     34 	.area GSINIT
                                     35 ;--------------------------------------------------------
                                     36 ; Home
                                     37 ;--------------------------------------------------------
                                     38 	.area HOME
                                     39 	.area HOME
                                     40 ;--------------------------------------------------------
                                     41 ; code
                                     42 ;--------------------------------------------------------
                                     43 	.area CODE
                                     44 ;	../rand.c: 33: int rand(void)
                                     45 ;	-----------------------------------------
                                     46 ;	 function rand
                                     47 ;	-----------------------------------------
      000000                         48 _rand:
                                     49 ;	../rand.c: 35: next = next * 1103515245UL + 12345;
      000000 3Bu00u03         [ 1]   50 	push	_next+3
      000003 3Bu00u02         [ 1]   51 	push	_next+2
      000006 3Bu00u01         [ 1]   52 	push	_next+1
      000009 3Bu00u00         [ 1]   53 	push	_next+0
      00000C 4B 6D            [ 1]   54 	push	#0x6d
      00000E 4B 4E            [ 1]   55 	push	#0x4e
      000010 4B C6            [ 1]   56 	push	#0xc6
      000012 4B 41            [ 1]   57 	push	#0x41
      000014 CDr00r00         [ 4]   58 	call	__mullong
      000017 5B 08            [ 2]   59 	addw	sp, #8
      000019 51               [ 1]   60 	exgw	x, y
      00001A 72 A9 30 39      [ 2]   61 	addw	y, #0x3039
      00001E 9F               [ 1]   62 	ld	a, xl
      00001F A9 00            [ 1]   63 	adc	a, #0x00
      000021 97               [ 1]   64 	ld	xl, a
      000022 9E               [ 1]   65 	ld	a, xh
      000023 A9 00            [ 1]   66 	adc	a, #0x00
      000025 95               [ 1]   67 	ld	xh, a
      000026 90 CFu00u02      [ 2]   68 	ldw	_next+2, y
                                     69 ;	../rand.c: 36: return (unsigned int)(next/65536) % (RAND_MAX + 1U);
      00002A CFu00u00         [ 2]   70 	ldw	_next+0, x
      00002D 90 5F            [ 1]   71 	clrw	y
      00002F 58               [ 2]   72 	sllw	x
      000030 54               [ 2]   73 	srlw	x
      000031 81               [ 4]   74 	ret
                                     75 ;	../rand.c: 39: void srand(unsigned int seed)
                                     76 ;	-----------------------------------------
                                     77 ;	 function srand
                                     78 ;	-----------------------------------------
      000032                         79 _srand:
                                     80 ;	../rand.c: 41: next = seed;
      000032 16 03            [ 2]   81 	ldw	y, (0x03, sp)
      000034 5F               [ 1]   82 	clrw	x
      000035 90 CFu00u02      [ 2]   83 	ldw	_next+2, y
      000039 CFu00u00         [ 2]   84 	ldw	_next+0, x
      00003C 81               [ 4]   85 	ret
                                     86 	.area CODE
                                     87 	.area INITIALIZER
      000000                         88 __xinit__next:
      000000 00 00 00 01             89 	.byte #0x00,#0x00,#0x00,#0x01	; 1
                                     90 	.area CABS (ABS)
