                                      1 ;--------------------------------------------------------
                                      2 ; File Created by SDCC : free open source ANSI-C Compiler
                                      3 ; Version 3.4.1 #9092 (Oct 23 2022) (Mac OS X x86_64)
                                      4 ; This file was generated Sun Oct 23 01:40:45 2022
                                      5 ;--------------------------------------------------------
                                      6 	.module sincoshf
                                      7 	.optsdcc -mstm8
                                      8 	
                                      9 ;--------------------------------------------------------
                                     10 ; Public variables in this module
                                     11 ;--------------------------------------------------------
                                     12 	.globl _sincoshf
                                     13 	.globl _expf
                                     14 ;--------------------------------------------------------
                                     15 ; ram data
                                     16 ;--------------------------------------------------------
                                     17 	.area DATA
                                     18 ;--------------------------------------------------------
                                     19 ; ram data
                                     20 ;--------------------------------------------------------
                                     21 	.area INITIALIZED
                                     22 ;--------------------------------------------------------
                                     23 ; absolute external ram data
                                     24 ;--------------------------------------------------------
                                     25 	.area DABS (ABS)
                                     26 ;--------------------------------------------------------
                                     27 ; global & static initialisations
                                     28 ;--------------------------------------------------------
                                     29 	.area HOME
                                     30 	.area GSINIT
                                     31 	.area GSFINAL
                                     32 	.area GSINIT
                                     33 ;--------------------------------------------------------
                                     34 ; Home
                                     35 ;--------------------------------------------------------
                                     36 	.area HOME
                                     37 	.area HOME
                                     38 ;--------------------------------------------------------
                                     39 ; code
                                     40 ;--------------------------------------------------------
                                     41 	.area CODE
                                     42 ;	../sincoshf.c: 56: float sincoshf(float x, bool iscosh)
                                     43 ;	-----------------------------------------
                                     44 ;	 function sincoshf
                                     45 ;	-----------------------------------------
      000000                         46 _sincoshf:
      000000 52 40            [ 2]   47 	sub	sp, #64
                                     48 ;	../sincoshf.c: 62: else { y=x;  sign=0; }
      000002 16 45            [ 2]   49 	ldw	y, (0x45, sp)
      000004 17 3F            [ 2]   50 	ldw	(0x3f, sp), y
      000006 16 43            [ 2]   51 	ldw	y, (0x43, sp)
      000008 17 3D            [ 2]   52 	ldw	(0x3d, sp), y
                                     53 ;	../sincoshf.c: 61: if (x<0.0) { y=-x; sign=1; }
      00000A 5F               [ 1]   54 	clrw	x
      00000B 89               [ 2]   55 	pushw	x
      00000C 5F               [ 1]   56 	clrw	x
      00000D 89               [ 2]   57 	pushw	x
      00000E 1E 49            [ 2]   58 	ldw	x, (0x49, sp)
      000010 89               [ 2]   59 	pushw	x
      000011 1E 49            [ 2]   60 	ldw	x, (0x49, sp)
      000013 89               [ 2]   61 	pushw	x
      000014 CDr00r00         [ 4]   62 	call	___fslt
      000017 5B 08            [ 2]   63 	addw	sp, #8
      000019 6B 3C            [ 1]   64 	ld	(0x3c, sp), a
      00001B 0D 3C            [ 1]   65 	tnz	(0x3c, sp)
      00001D 27 11            [ 1]   66 	jreq	00102$
      00001F 16 45            [ 2]   67 	ldw	y, (0x45, sp)
      000021 1E 43            [ 2]   68 	ldw	x, (0x43, sp)
      000023 58               [ 2]   69 	sllw	x
      000024 8C               [ 1]   70 	ccf
      000025 56               [ 2]   71 	rrcw	x
      000026 17 0C            [ 2]   72 	ldw	(0x0c, sp), y
      000028 1F 0A            [ 2]   73 	ldw	(0x0a, sp), x
      00002A A6 01            [ 1]   74 	ld	a, #0x01
      00002C 6B 01            [ 1]   75 	ld	(0x01, sp), a
      00002E 20 0A            [ 2]   76 	jra	00103$
      000030                         77 00102$:
                                     78 ;	../sincoshf.c: 62: else { y=x;  sign=0; }
      000030 16 3F            [ 2]   79 	ldw	y, (0x3f, sp)
      000032 17 0C            [ 2]   80 	ldw	(0x0c, sp), y
      000034 16 3D            [ 2]   81 	ldw	y, (0x3d, sp)
      000036 17 0A            [ 2]   82 	ldw	(0x0a, sp), y
      000038 0F 01            [ 1]   83 	clr	(0x01, sp)
      00003A                         84 00103$:
                                     85 ;	../sincoshf.c: 64: if ((y>1.0) || iscosh)
      00003A 5F               [ 1]   86 	clrw	x
      00003B 89               [ 2]   87 	pushw	x
      00003C 4B 80            [ 1]   88 	push	#0x80
      00003E 4B 3F            [ 1]   89 	push	#0x3f
      000040 1E 10            [ 2]   90 	ldw	x, (0x10, sp)
      000042 89               [ 2]   91 	pushw	x
      000043 1E 10            [ 2]   92 	ldw	x, (0x10, sp)
      000045 89               [ 2]   93 	pushw	x
      000046 CDr00r00         [ 4]   94 	call	___fsgt
      000049 5B 08            [ 2]   95 	addw	sp, #8
      00004B 6B 3B            [ 1]   96 	ld	(0x3b, sp), a
      00004D 0D 3B            [ 1]   97 	tnz	(0x3b, sp)
      00004F 26 07            [ 1]   98 	jrne	00117$
      000051 0D 47            [ 1]   99 	tnz	(0x47, sp)
      000053 26 03            [ 1]  100 	jrne	00153$
      000055 CCr01r7A         [ 2]  101 	jp	00118$
      000058                        102 00153$:
      000058                        103 00117$:
                                    104 ;	../sincoshf.c: 66: if(y>YBAR)
      000058 5F               [ 1]  105 	clrw	x
      000059 89               [ 2]  106 	pushw	x
      00005A 4B 10            [ 1]  107 	push	#0x10
      00005C 4B 41            [ 1]  108 	push	#0x41
      00005E 1E 10            [ 2]  109 	ldw	x, (0x10, sp)
      000060 89               [ 2]  110 	pushw	x
      000061 1E 10            [ 2]  111 	ldw	x, (0x10, sp)
      000063 89               [ 2]  112 	pushw	x
      000064 CDr00r00         [ 4]  113 	call	___fsgt
      000067 5B 08            [ 2]  114 	addw	sp, #8
      000069 6B 3A            [ 1]  115 	ld	(0x3a, sp), a
      00006B 0D 3A            [ 1]  116 	tnz	(0x3a, sp)
      00006D 26 03            [ 1]  117 	jrne	00154$
      00006F CCr00rFF         [ 2]  118 	jp	00110$
      000072                        119 00154$:
                                    120 ;	../sincoshf.c: 68: w=y-K1;
      000072 4B 00            [ 1]  121 	push	#0x00
      000074 4B 73            [ 1]  122 	push	#0x73
      000076 4B 31            [ 1]  123 	push	#0x31
      000078 4B 3F            [ 1]  124 	push	#0x3f
      00007A 1E 10            [ 2]  125 	ldw	x, (0x10, sp)
      00007C 89               [ 2]  126 	pushw	x
      00007D 1E 10            [ 2]  127 	ldw	x, (0x10, sp)
      00007F 89               [ 2]  128 	pushw	x
      000080 CDr00r00         [ 4]  129 	call	___fssub
      000083 5B 08            [ 2]  130 	addw	sp, #8
      000085 1F 38            [ 2]  131 	ldw	(0x38, sp), x
      000087 17 36            [ 2]  132 	ldw	(0x36, sp), y
                                    133 ;	../sincoshf.c: 69: if (w>WMAX)
      000089 4B CF            [ 1]  134 	push	#0xcf
      00008B 4B BD            [ 1]  135 	push	#0xbd
      00008D 4B 33            [ 1]  136 	push	#0x33
      00008F 4B 42            [ 1]  137 	push	#0x42
      000091 1E 3C            [ 2]  138 	ldw	x, (0x3c, sp)
      000093 89               [ 2]  139 	pushw	x
      000094 1E 3C            [ 2]  140 	ldw	x, (0x3c, sp)
      000096 89               [ 2]  141 	pushw	x
      000097 CDr00r00         [ 4]  142 	call	___fsgt
      00009A 5B 08            [ 2]  143 	addw	sp, #8
      00009C 4D               [ 1]  144 	tnz	a
      00009D 27 13            [ 1]  145 	jreq	00105$
                                    146 ;	../sincoshf.c: 71: errno=ERANGE;
      00009F AE 00 22         [ 2]  147 	ldw	x, #0x0022
      0000A2 CFu00u00         [ 2]  148 	ldw	_errno+0, x
                                    149 ;	../sincoshf.c: 72: z=HUGE_VALF;
      0000A5 AE FF FF         [ 2]  150 	ldw	x, #0xffff
      0000A8 1F 34            [ 2]  151 	ldw	(0x34, sp), x
      0000AA AE 7F 7F         [ 2]  152 	ldw	x, #0x7f7f
      0000AD 1F 32            [ 2]  153 	ldw	(0x32, sp), x
      0000AF CCr01r65         [ 2]  154 	jp	00111$
      0000B2                        155 00105$:
                                    156 ;	../sincoshf.c: 76: z=expf(w);
      0000B2 1E 38            [ 2]  157 	ldw	x, (0x38, sp)
      0000B4 89               [ 2]  158 	pushw	x
      0000B5 1E 38            [ 2]  159 	ldw	x, (0x38, sp)
      0000B7 89               [ 2]  160 	pushw	x
      0000B8 CDr00r00         [ 4]  161 	call	_expf
      0000BB 5B 04            [ 2]  162 	addw	sp, #4
      0000BD 1F 30            [ 2]  163 	ldw	(0x30, sp), x
      0000BF 17 2E            [ 2]  164 	ldw	(0x2e, sp), y
      0000C1 16 30            [ 2]  165 	ldw	y, (0x30, sp)
      0000C3 17 2C            [ 2]  166 	ldw	(0x2c, sp), y
      0000C5 16 2E            [ 2]  167 	ldw	y, (0x2e, sp)
      0000C7 17 2A            [ 2]  168 	ldw	(0x2a, sp), y
                                    169 ;	../sincoshf.c: 77: z+=K3*z;
      0000C9 1E 2C            [ 2]  170 	ldw	x, (0x2c, sp)
      0000CB 89               [ 2]  171 	pushw	x
      0000CC 1E 2C            [ 2]  172 	ldw	x, (0x2c, sp)
      0000CE 89               [ 2]  173 	pushw	x
      0000CF 4B 97            [ 1]  174 	push	#0x97
      0000D1 4B 08            [ 1]  175 	push	#0x08
      0000D3 4B 68            [ 1]  176 	push	#0x68
      0000D5 4B 37            [ 1]  177 	push	#0x37
      0000D7 CDr00r00         [ 4]  178 	call	___fsmul
      0000DA 5B 08            [ 2]  179 	addw	sp, #8
      0000DC 1F 28            [ 2]  180 	ldw	(0x28, sp), x
      0000DE 17 26            [ 2]  181 	ldw	(0x26, sp), y
      0000E0 1E 28            [ 2]  182 	ldw	x, (0x28, sp)
      0000E2 89               [ 2]  183 	pushw	x
      0000E3 1E 28            [ 2]  184 	ldw	x, (0x28, sp)
      0000E5 89               [ 2]  185 	pushw	x
      0000E6 1E 30            [ 2]  186 	ldw	x, (0x30, sp)
      0000E8 89               [ 2]  187 	pushw	x
      0000E9 1E 30            [ 2]  188 	ldw	x, (0x30, sp)
      0000EB 89               [ 2]  189 	pushw	x
      0000EC CDr00r00         [ 4]  190 	call	___fsadd
      0000EF 5B 08            [ 2]  191 	addw	sp, #8
      0000F1 1F 24            [ 2]  192 	ldw	(0x24, sp), x
      0000F3 17 22            [ 2]  193 	ldw	(0x22, sp), y
      0000F5 16 24            [ 2]  194 	ldw	y, (0x24, sp)
      0000F7 17 34            [ 2]  195 	ldw	(0x34, sp), y
      0000F9 16 22            [ 2]  196 	ldw	y, (0x22, sp)
      0000FB 17 32            [ 2]  197 	ldw	(0x32, sp), y
      0000FD 20 66            [ 2]  198 	jra	00111$
      0000FF                        199 00110$:
                                    200 ;	../sincoshf.c: 82: z=expf(y);
      0000FF 1E 0C            [ 2]  201 	ldw	x, (0x0c, sp)
      000101 89               [ 2]  202 	pushw	x
      000102 1E 0C            [ 2]  203 	ldw	x, (0x0c, sp)
      000104 89               [ 2]  204 	pushw	x
      000105 CDr00r00         [ 4]  205 	call	_expf
      000108 5B 04            [ 2]  206 	addw	sp, #4
      00010A 1F 20            [ 2]  207 	ldw	(0x20, sp), x
      00010C 17 1E            [ 2]  208 	ldw	(0x1e, sp), y
      00010E 16 20            [ 2]  209 	ldw	y, (0x20, sp)
      000110 17 04            [ 2]  210 	ldw	(0x04, sp), y
      000112 16 1E            [ 2]  211 	ldw	y, (0x1e, sp)
      000114 17 02            [ 2]  212 	ldw	(0x02, sp), y
                                    213 ;	../sincoshf.c: 83: w=1.0/z;
      000116 1E 04            [ 2]  214 	ldw	x, (0x04, sp)
      000118 89               [ 2]  215 	pushw	x
      000119 1E 04            [ 2]  216 	ldw	x, (0x04, sp)
      00011B 89               [ 2]  217 	pushw	x
      00011C 5F               [ 1]  218 	clrw	x
      00011D 89               [ 2]  219 	pushw	x
      00011E 4B 80            [ 1]  220 	push	#0x80
      000120 4B 3F            [ 1]  221 	push	#0x3f
      000122 CDr00r00         [ 4]  222 	call	___fsdiv
      000125 5B 08            [ 2]  223 	addw	sp, #8
      000127 1F 1C            [ 2]  224 	ldw	(0x1c, sp), x
      000129 17 1A            [ 2]  225 	ldw	(0x1a, sp), y
      00012B 16 1C            [ 2]  226 	ldw	y, (0x1c, sp)
      00012D 17 08            [ 2]  227 	ldw	(0x08, sp), y
      00012F 16 1A            [ 2]  228 	ldw	y, (0x1a, sp)
      000131 17 06            [ 2]  229 	ldw	(0x06, sp), y
                                    230 ;	../sincoshf.c: 84: if(!iscosh) w=-w;
      000133 0D 47            [ 1]  231 	tnz	(0x47, sp)
      000135 26 0B            [ 1]  232 	jrne	00108$
      000137 16 08            [ 2]  233 	ldw	y, (0x08, sp)
      000139 1E 06            [ 2]  234 	ldw	x, (0x06, sp)
      00013B 58               [ 2]  235 	sllw	x
      00013C 8C               [ 1]  236 	ccf
      00013D 56               [ 2]  237 	rrcw	x
      00013E 17 08            [ 2]  238 	ldw	(0x08, sp), y
      000140 1F 06            [ 2]  239 	ldw	(0x06, sp), x
      000142                        240 00108$:
                                    241 ;	../sincoshf.c: 85: z=(z+w)*0.5;
      000142 1E 08            [ 2]  242 	ldw	x, (0x08, sp)
      000144 89               [ 2]  243 	pushw	x
      000145 1E 08            [ 2]  244 	ldw	x, (0x08, sp)
      000147 89               [ 2]  245 	pushw	x
      000148 1E 08            [ 2]  246 	ldw	x, (0x08, sp)
      00014A 89               [ 2]  247 	pushw	x
      00014B 1E 08            [ 2]  248 	ldw	x, (0x08, sp)
      00014D 89               [ 2]  249 	pushw	x
      00014E CDr00r00         [ 4]  250 	call	___fsadd
      000151 5B 08            [ 2]  251 	addw	sp, #8
      000153 89               [ 2]  252 	pushw	x
      000154 90 89            [ 2]  253 	pushw	y
      000156 5F               [ 1]  254 	clrw	x
      000157 89               [ 2]  255 	pushw	x
      000158 4B 00            [ 1]  256 	push	#0x00
      00015A 4B 3F            [ 1]  257 	push	#0x3f
      00015C CDr00r00         [ 4]  258 	call	___fsmul
      00015F 5B 08            [ 2]  259 	addw	sp, #8
      000161 1F 34            [ 2]  260 	ldw	(0x34, sp), x
      000163 17 32            [ 2]  261 	ldw	(0x32, sp), y
      000165                        262 00111$:
                                    263 ;	../sincoshf.c: 87: if(sign) z=-z;
      000165 0D 01            [ 1]  264 	tnz	(0x01, sp)
      000167 26 03            [ 1]  265 	jrne	00157$
      000169 CCr02r2B         [ 2]  266 	jp	00119$
      00016C                        267 00157$:
      00016C 16 34            [ 2]  268 	ldw	y, (0x34, sp)
      00016E 1E 32            [ 2]  269 	ldw	x, (0x32, sp)
      000170 58               [ 2]  270 	sllw	x
      000171 8C               [ 1]  271 	ccf
      000172 56               [ 2]  272 	rrcw	x
      000173 17 34            [ 2]  273 	ldw	(0x34, sp), y
      000175 1F 32            [ 2]  274 	ldw	(0x32, sp), x
      000177 CCr02r2B         [ 2]  275 	jp	00119$
      00017A                        276 00118$:
                                    277 ;	../sincoshf.c: 91: if (y<EPS)
      00017A 5F               [ 1]  278 	clrw	x
      00017B 89               [ 2]  279 	pushw	x
      00017C 4B 80            [ 1]  280 	push	#0x80
      00017E 4B 39            [ 1]  281 	push	#0x39
      000180 1E 10            [ 2]  282 	ldw	x, (0x10, sp)
      000182 89               [ 2]  283 	pushw	x
      000183 1E 10            [ 2]  284 	ldw	x, (0x10, sp)
      000185 89               [ 2]  285 	pushw	x
      000186 CDr00r00         [ 4]  286 	call	___fslt
      000189 5B 08            [ 2]  287 	addw	sp, #8
      00018B 4D               [ 1]  288 	tnz	a
      00018C 27 0B            [ 1]  289 	jreq	00115$
                                    290 ;	../sincoshf.c: 92: z=x;
      00018E 16 3F            [ 2]  291 	ldw	y, (0x3f, sp)
      000190 17 34            [ 2]  292 	ldw	(0x34, sp), y
      000192 16 3D            [ 2]  293 	ldw	y, (0x3d, sp)
      000194 17 32            [ 2]  294 	ldw	(0x32, sp), y
      000196 CCr02r2B         [ 2]  295 	jp	00119$
      000199                        296 00115$:
                                    297 ;	../sincoshf.c: 95: z=x*x;
      000199 1E 45            [ 2]  298 	ldw	x, (0x45, sp)
      00019B 89               [ 2]  299 	pushw	x
      00019C 1E 45            [ 2]  300 	ldw	x, (0x45, sp)
      00019E 89               [ 2]  301 	pushw	x
      00019F 1E 49            [ 2]  302 	ldw	x, (0x49, sp)
      0001A1 89               [ 2]  303 	pushw	x
      0001A2 1E 49            [ 2]  304 	ldw	x, (0x49, sp)
      0001A4 89               [ 2]  305 	pushw	x
      0001A5 CDr00r00         [ 4]  306 	call	___fsmul
      0001A8 5B 08            [ 2]  307 	addw	sp, #8
      0001AA 1F 18            [ 2]  308 	ldw	(0x18, sp), x
      0001AC 17 16            [ 2]  309 	ldw	(0x16, sp), y
                                    310 ;	../sincoshf.c: 96: z=x+x*z*P(z)/Q(z);
      0001AE 1E 18            [ 2]  311 	ldw	x, (0x18, sp)
      0001B0 89               [ 2]  312 	pushw	x
      0001B1 1E 18            [ 2]  313 	ldw	x, (0x18, sp)
      0001B3 89               [ 2]  314 	pushw	x
      0001B4 1E 49            [ 2]  315 	ldw	x, (0x49, sp)
      0001B6 89               [ 2]  316 	pushw	x
      0001B7 1E 49            [ 2]  317 	ldw	x, (0x49, sp)
      0001B9 89               [ 2]  318 	pushw	x
      0001BA CDr00r00         [ 4]  319 	call	___fsmul
      0001BD 5B 08            [ 2]  320 	addw	sp, #8
      0001BF 1F 14            [ 2]  321 	ldw	(0x14, sp), x
      0001C1 17 12            [ 2]  322 	ldw	(0x12, sp), y
      0001C3 1E 18            [ 2]  323 	ldw	x, (0x18, sp)
      0001C5 89               [ 2]  324 	pushw	x
      0001C6 1E 18            [ 2]  325 	ldw	x, (0x18, sp)
      0001C8 89               [ 2]  326 	pushw	x
      0001C9 4B EA            [ 1]  327 	push	#0xea
      0001CB 4B E6            [ 1]  328 	push	#0xe6
      0001CD 4B 42            [ 1]  329 	push	#0x42
      0001CF 4B BE            [ 1]  330 	push	#0xbe
      0001D1 CDr00r00         [ 4]  331 	call	___fsmul
      0001D4 5B 08            [ 2]  332 	addw	sp, #8
      0001D6 4B F0            [ 1]  333 	push	#0xf0
      0001D8 4B 69            [ 1]  334 	push	#0x69
      0001DA 4B E4            [ 1]  335 	push	#0xe4
      0001DC 4B C0            [ 1]  336 	push	#0xc0
      0001DE 89               [ 2]  337 	pushw	x
      0001DF 90 89            [ 2]  338 	pushw	y
      0001E1 CDr00r00         [ 4]  339 	call	___fsadd
      0001E4 5B 08            [ 2]  340 	addw	sp, #8
      0001E6 89               [ 2]  341 	pushw	x
      0001E7 90 89            [ 2]  342 	pushw	y
      0001E9 1E 18            [ 2]  343 	ldw	x, (0x18, sp)
      0001EB 89               [ 2]  344 	pushw	x
      0001EC 1E 18            [ 2]  345 	ldw	x, (0x18, sp)
      0001EE 89               [ 2]  346 	pushw	x
      0001EF CDr00r00         [ 4]  347 	call	___fsmul
      0001F2 5B 08            [ 2]  348 	addw	sp, #8
      0001F4 1F 10            [ 2]  349 	ldw	(0x10, sp), x
      0001F6 17 0E            [ 2]  350 	ldw	(0x0e, sp), y
      0001F8 4B 93            [ 1]  351 	push	#0x93
      0001FA 4B 4F            [ 1]  352 	push	#0x4f
      0001FC 4B 2B            [ 1]  353 	push	#0x2b
      0001FE 4B C2            [ 1]  354 	push	#0xc2
      000200 1E 1C            [ 2]  355 	ldw	x, (0x1c, sp)
      000202 89               [ 2]  356 	pushw	x
      000203 1E 1C            [ 2]  357 	ldw	x, (0x1c, sp)
      000205 89               [ 2]  358 	pushw	x
      000206 CDr00r00         [ 4]  359 	call	___fsadd
      000209 5B 08            [ 2]  360 	addw	sp, #8
      00020B 89               [ 2]  361 	pushw	x
      00020C 90 89            [ 2]  362 	pushw	y
      00020E 1E 14            [ 2]  363 	ldw	x, (0x14, sp)
      000210 89               [ 2]  364 	pushw	x
      000211 1E 14            [ 2]  365 	ldw	x, (0x14, sp)
      000213 89               [ 2]  366 	pushw	x
      000214 CDr00r00         [ 4]  367 	call	___fsdiv
      000217 5B 08            [ 2]  368 	addw	sp, #8
      000219 89               [ 2]  369 	pushw	x
      00021A 90 89            [ 2]  370 	pushw	y
      00021C 1E 49            [ 2]  371 	ldw	x, (0x49, sp)
      00021E 89               [ 2]  372 	pushw	x
      00021F 1E 49            [ 2]  373 	ldw	x, (0x49, sp)
      000221 89               [ 2]  374 	pushw	x
      000222 CDr00r00         [ 4]  375 	call	___fsadd
      000225 5B 08            [ 2]  376 	addw	sp, #8
      000227 1F 34            [ 2]  377 	ldw	(0x34, sp), x
      000229 17 32            [ 2]  378 	ldw	(0x32, sp), y
      00022B                        379 00119$:
                                    380 ;	../sincoshf.c: 99: return z;
      00022B 1E 34            [ 2]  381 	ldw	x, (0x34, sp)
      00022D 16 32            [ 2]  382 	ldw	y, (0x32, sp)
      00022F 5B 40            [ 2]  383 	addw	sp, #64
      000231 81               [ 4]  384 	ret
                                    385 	.area CODE
                                    386 	.area INITIALIZER
                                    387 	.area CABS (ABS)
