                                      1 ;--------------------------------------------------------
                                      2 ; File Created by SDCC : free open source ANSI-C Compiler
                                      3 ; Version 3.4.1 #9092 (Oct 23 2022) (Mac OS X x86_64)
                                      4 ; This file was generated Sun Oct 23 01:41:17 2022
                                      5 ;--------------------------------------------------------
                                      6 	.module sprintf
                                      7 	.optsdcc -mstm8
                                      8 	
                                      9 ;--------------------------------------------------------
                                     10 ; Public variables in this module
                                     11 ;--------------------------------------------------------
                                     12 	.globl __print_format
                                     13 	.globl _vsprintf
                                     14 	.globl _sprintf
                                     15 ;--------------------------------------------------------
                                     16 ; ram data
                                     17 ;--------------------------------------------------------
                                     18 	.area DATA
                                     19 ;--------------------------------------------------------
                                     20 ; ram data
                                     21 ;--------------------------------------------------------
                                     22 	.area INITIALIZED
                                     23 ;--------------------------------------------------------
                                     24 ; absolute external ram data
                                     25 ;--------------------------------------------------------
                                     26 	.area DABS (ABS)
                                     27 ;--------------------------------------------------------
                                     28 ; global & static initialisations
                                     29 ;--------------------------------------------------------
                                     30 	.area HOME
                                     31 	.area GSINIT
                                     32 	.area GSFINAL
                                     33 	.area GSINIT
                                     34 ;--------------------------------------------------------
                                     35 ; Home
                                     36 ;--------------------------------------------------------
                                     37 	.area HOME
                                     38 	.area HOME
                                     39 ;--------------------------------------------------------
                                     40 ; code
                                     41 ;--------------------------------------------------------
                                     42 	.area CODE
                                     43 ;	../sprintf.c: 34: put_char_to_string (char c, void* p) _REENTRANT
                                     44 ;	-----------------------------------------
                                     45 ;	 function put_char_to_string
                                     46 ;	-----------------------------------------
      000000                         47 _put_char_to_string:
      000000 52 02            [ 2]   48 	sub	sp, #2
                                     49 ;	../sprintf.c: 36: char **buf = (char **)p;
      000002 16 06            [ 2]   50 	ldw	y, (0x06, sp)
                                     51 ;	../sprintf.c: 37: *(*buf)++ = c;
      000004 93               [ 1]   52 	ldw	x, y
      000005 FE               [ 2]   53 	ldw	x, (x)
      000006 1F 01            [ 2]   54 	ldw	(0x01, sp), x
      000008 1E 01            [ 2]   55 	ldw	x, (0x01, sp)
      00000A 5C               [ 2]   56 	incw	x
      00000B 90 FF            [ 2]   57 	ldw	(y), x
      00000D 1E 01            [ 2]   58 	ldw	x, (0x01, sp)
      00000F 7B 05            [ 1]   59 	ld	a, (0x05, sp)
      000011 F7               [ 1]   60 	ld	(x), a
      000012 5B 02            [ 2]   61 	addw	sp, #2
      000014 81               [ 4]   62 	ret
                                     63 ;	../sprintf.c: 41: vsprintf (char *buf, const char *format, va_list ap)
                                     64 ;	-----------------------------------------
                                     65 ;	 function vsprintf
                                     66 ;	-----------------------------------------
      000015                         67 _vsprintf:
                                     68 ;	../sprintf.c: 44: i = _print_format (put_char_to_string, &buf, format, ap);
      000015 96               [ 1]   69 	ldw	x, sp
      000016 1C 00 03         [ 2]   70 	addw	x, #3
      000019 16 07            [ 2]   71 	ldw	y, (0x07, sp)
      00001B 90 89            [ 2]   72 	pushw	y
      00001D 16 07            [ 2]   73 	ldw	y, (0x07, sp)
      00001F 90 89            [ 2]   74 	pushw	y
      000021 89               [ 2]   75 	pushw	x
      000022 4Br00            [ 1]   76 	push	#<_put_char_to_string
      000024 4Bs00            [ 1]   77 	push	#>_put_char_to_string
      000026 CDr00r00         [ 4]   78 	call	__print_format
      000029 5B 08            [ 2]   79 	addw	sp, #8
                                     80 ;	../sprintf.c: 45: *buf = 0;
      00002B 16 03            [ 2]   81 	ldw	y, (0x03, sp)
      00002D 90 7F            [ 1]   82 	clr	(y)
                                     83 ;	../sprintf.c: 46: return i;
      00002F 81               [ 4]   84 	ret
                                     85 ;	../sprintf.c: 50: sprintf (char *buf, const char *format, ...)
                                     86 ;	-----------------------------------------
                                     87 ;	 function sprintf
                                     88 ;	-----------------------------------------
      000030                         89 _sprintf:
                                     90 ;	../sprintf.c: 55: va_start (arg, format);
      000030 96               [ 1]   91 	ldw	x, sp
      000031 1C 00 05         [ 2]   92 	addw	x, #5
      000034 5C               [ 2]   93 	incw	x
      000035 5C               [ 2]   94 	incw	x
                                     95 ;	../sprintf.c: 56: i = _print_format (put_char_to_string, &buf, format, arg);
      000036 90 96            [ 1]   96 	ldw	y, sp
      000038 72 A9 00 03      [ 2]   97 	addw	y, #3
      00003C 89               [ 2]   98 	pushw	x
      00003D 1E 07            [ 2]   99 	ldw	x, (0x07, sp)
      00003F 89               [ 2]  100 	pushw	x
      000040 90 89            [ 2]  101 	pushw	y
      000042 4Br00            [ 1]  102 	push	#<_put_char_to_string
      000044 4Bs00            [ 1]  103 	push	#>_put_char_to_string
      000046 CDr00r00         [ 4]  104 	call	__print_format
      000049 5B 08            [ 2]  105 	addw	sp, #8
                                    106 ;	../sprintf.c: 57: *buf = 0;
      00004B 16 03            [ 2]  107 	ldw	y, (0x03, sp)
      00004D 90 7F            [ 1]  108 	clr	(y)
                                    109 ;	../sprintf.c: 60: return i;
      00004F 81               [ 4]  110 	ret
                                    111 	.area CODE
                                    112 	.area INITIALIZER
                                    113 	.area CABS (ABS)
