                                      1 ;--------------------------------------------------------
                                      2 ; File Created by SDCC : free open source ANSI-C Compiler
                                      3 ; Version 3.4.1 #9092 (Oct 23 2022) (Mac OS X x86_64)
                                      4 ; This file was generated Sun Oct 23 01:40:53 2022
                                      5 ;--------------------------------------------------------
                                      6 	.module tolower
                                      7 	.optsdcc -mstm8
                                      8 	
                                      9 ;--------------------------------------------------------
                                     10 ; Public variables in this module
                                     11 ;--------------------------------------------------------
                                     12 	.globl _tolower
                                     13 ;--------------------------------------------------------
                                     14 ; ram data
                                     15 ;--------------------------------------------------------
                                     16 	.area DATA
                                     17 ;--------------------------------------------------------
                                     18 ; ram data
                                     19 ;--------------------------------------------------------
                                     20 	.area INITIALIZED
                                     21 ;--------------------------------------------------------
                                     22 ; absolute external ram data
                                     23 ;--------------------------------------------------------
                                     24 	.area DABS (ABS)
                                     25 ;--------------------------------------------------------
                                     26 ; global & static initialisations
                                     27 ;--------------------------------------------------------
                                     28 	.area HOME
                                     29 	.area GSINIT
                                     30 	.area GSFINAL
                                     31 	.area GSINIT
                                     32 ;--------------------------------------------------------
                                     33 ; Home
                                     34 ;--------------------------------------------------------
                                     35 	.area HOME
                                     36 	.area HOME
                                     37 ;--------------------------------------------------------
                                     38 ; code
                                     39 ;--------------------------------------------------------
                                     40 	.area CODE
                                     41 ;	../tolower.c: 33: int tolower (int c)
                                     42 ;	-----------------------------------------
                                     43 ;	 function tolower
                                     44 ;	-----------------------------------------
      000000                         45 _tolower:
                                     46 ;	../tolower.c: 35: return (isupper (c) ? c + ('a' - 'A') : c);
      000000 1E 03            [ 2]   47 	ldw	x, (0x03, sp)
                                     48 ;	./../../include/ctype.h: 65: return (c >= 'A' && c <= 'Z');
      000002 A3 00 41         [ 2]   49 	cpw	x, #0x0041
      000005 2F 08            [ 1]   50 	jrslt	00104$
      000007 A3 00 5A         [ 2]   51 	cpw	x, #0x005a
      00000A 2C 03            [ 1]   52 	jrsgt	00104$
                                     53 ;	../tolower.c: 35: return (isupper (c) ? c + ('a' - 'A') : c);
      00000C 1C 00 20         [ 2]   54 	addw	x, #0x0020
      00000F                         55 00104$:
      00000F 81               [ 4]   56 	ret
                                     57 	.area CODE
                                     58 	.area INITIALIZER
                                     59 	.area CABS (ABS)
