This file contains any messages produced by compilers while
running configure, to aid debugging if configure makes a mistake.

It was created by configure, which was
generated by GNU Autoconf 2.64.  Invocation command line was

  $ ./configure --disable-option-checking --prefix=/usr/local --disable-gbz80-port --disable-z80-port --disable-ds390-port --disable-ds400-port --disable-pic14-port --disable-pic16-port --disable-hc08-port --disable-r2k-port --disable-z180-port --disable-sdcdb --disable-ucsim --disable-werror docdir=${datarootdir}/doc/${PACKAGE} --cache-file=/dev/null --srcdir=.

## --------- ##
## Platform. ##
## --------- ##

hostname = MacBonsok.local
uname -m = x86_64
uname -r = 21.5.0
uname -s = Darwin
uname -v = Darwin Kernel Version 21.5.0: Tue Apr 26 21:08:22 PDT 2022; root:xnu-8020.121.3~4/RELEASE_X86_64

/usr/bin/uname -p = i386
/bin/uname -X     = unknown

/bin/arch              = unknown
/usr/bin/arch -k       = unknown
/usr/convex/getsysinfo = unknown
/usr/bin/hostinfo      = Mach kernel version:
	 Darwin Kernel Version 21.5.0: Tue Apr 26 21:08:22 PDT 2022; root:xnu-8020.121.3~4/RELEASE_X86_64
Kernel configured for up to 4 processors.
2 processors are physically available.
4 processors are logically available.
Processor type: x86_64h (Intel x86-64h Haswell)
Processors active: 0 1 2 3
Primary memory available: 8.00 gigabytes
Default processor set: 561 tasks, 2665 threads, 4 processors
Load average: 26.51, Mach factor: 0.69
/bin/machine           = unknown
/usr/bin/oslevel       = unknown
/bin/universe          = unknown

PATH: /usr/local/mysql/bin
PATH: /Users/Fetiu/gems/bin
PATH: /Users/Fetiu/.local/bin
PATH: /Users/Fetiu/awair-thermostat-firmware/tools/ARM_GNU/OSX/bin
PATH: /Users/Fetiu/Library/Python/3.7/bin
PATH: /usr/local/bin
PATH: /usr/bin
PATH: /bin
PATH: /usr/sbin
PATH: /sbin
PATH: /Applications/VMware Fusion.app/Contents/Public
PATH: /opt/X11/bin
PATH: /Applications/Wireshark.app/Contents/MacOS


## ----------- ##
## Core tests. ##
## ----------- ##

configure:2076: checking for gcc
configure:2092: found /usr/bin/gcc
configure:2103: result: gcc
configure:2332: checking for C compiler version
configure:2341: gcc --version >&5
Apple clang version 13.1.6 (clang-1316.0.21.2.5)
Target: x86_64-apple-darwin21.5.0
Thread model: posix
InstalledDir: /Library/Developer/CommandLineTools/usr/bin
configure:2352: $? = 0
configure:2341: gcc -v >&5
Apple clang version 13.1.6 (clang-1316.0.21.2.5)
Target: x86_64-apple-darwin21.5.0
Thread model: posix
InstalledDir: /Library/Developer/CommandLineTools/usr/bin
configure:2352: $? = 0
configure:2341: gcc -V >&5
clang: error: argument to '-V' is missing (expected 1 value)
clang: error: no input files
configure:2352: $? = 1
configure:2341: gcc -qversion >&5
clang: error: unknown argument '-qversion'; did you mean '--version'?
clang: error: no input files
configure:2352: $? = 1
configure:2374: checking for C compiler default output file name
configure:2396: gcc    conftest.c  >&5
configure:2400: $? = 0
configure:2437: result: a.out
configure:2453: checking whether the C compiler works
configure:2462: ./a.out
configure:2466: $? = 0
configure:2481: result: yes
configure:2488: checking whether we are cross compiling
configure:2490: result: no
configure:2493: checking for suffix of executables
configure:2500: gcc -o conftest    conftest.c  >&5
configure:2504: $? = 0
configure:2526: result: 
configure:2532: checking for suffix of object files
configure:2554: gcc -c   conftest.c >&5
configure:2558: $? = 0
configure:2579: result: o
configure:2583: checking whether we are using the GNU C compiler
configure:2602: gcc -c   conftest.c >&5
configure:2602: $? = 0
configure:2611: result: yes
configure:2620: checking whether gcc accepts -g
configure:2640: gcc -c -g  conftest.c >&5
configure:2640: $? = 0
configure:2681: result: yes
configure:2698: checking for gcc option to accept ISO C89
configure:2762: gcc  -c -g -O2  conftest.c >&5
configure:2762: $? = 0
configure:2775: result: none needed
configure:2802: checking how to run the C preprocessor
configure:2833: gcc -E  conftest.c
configure:2833: $? = 0
configure:2847: gcc -E  conftest.c
conftest.c:9:10: fatal error: 'ac_nonexistent.h' file not found
#include <ac_nonexistent.h>
         ^~~~~~~~~~~~~~~~~~
1 error generated.
configure:2847: $? = 1
configure: failed program was:
| /* confdefs.h */
| #define PACKAGE_NAME ""
| #define PACKAGE_TARNAME ""
| #define PACKAGE_VERSION ""
| #define PACKAGE_STRING ""
| #define PACKAGE_BUGREPORT ""
| #define PACKAGE_URL ""
| /* end confdefs.h.  */
| #include <ac_nonexistent.h>
configure:2872: result: gcc -E
configure:2892: gcc -E  conftest.c
configure:2892: $? = 0
configure:2906: gcc -E  conftest.c
conftest.c:9:10: fatal error: 'ac_nonexistent.h' file not found
#include <ac_nonexistent.h>
         ^~~~~~~~~~~~~~~~~~
1 error generated.
configure:2906: $? = 1
configure: failed program was:
| /* confdefs.h */
| #define PACKAGE_NAME ""
| #define PACKAGE_TARNAME ""
| #define PACKAGE_VERSION ""
| #define PACKAGE_STRING ""
| #define PACKAGE_BUGREPORT ""
| #define PACKAGE_URL ""
| /* end confdefs.h.  */
| #include <ac_nonexistent.h>
configure:2935: checking for grep that handles long lines and -e
configure:2993: result: /usr/bin/grep
configure:2998: checking for egrep
configure:3060: result: /usr/bin/grep -E
configure:3065: checking for ANSI C header files
configure:3085: gcc -c -g -O2  conftest.c >&5
configure:3085: $? = 0
configure:3158: gcc -o conftest -g -O2   conftest.c  >&5
configure:3158: $? = 0
configure:3158: ./conftest
configure:3158: $? = 0
configure:3169: result: yes
configure:3182: checking for sys/types.h
configure:3182: gcc -c -g -O2  conftest.c >&5
configure:3182: $? = 0
configure:3182: result: yes
configure:3182: checking for sys/stat.h
configure:3182: gcc -c -g -O2  conftest.c >&5
configure:3182: $? = 0
configure:3182: result: yes
configure:3182: checking for stdlib.h
configure:3182: gcc -c -g -O2  conftest.c >&5
configure:3182: $? = 0
configure:3182: result: yes
configure:3182: checking for string.h
configure:3182: gcc -c -g -O2  conftest.c >&5
configure:3182: $? = 0
configure:3182: result: yes
configure:3182: checking for memory.h
configure:3182: gcc -c -g -O2  conftest.c >&5
configure:3182: $? = 0
configure:3182: result: yes
configure:3182: checking for strings.h
configure:3182: gcc -c -g -O2  conftest.c >&5
configure:3182: $? = 0
configure:3182: result: yes
configure:3182: checking for inttypes.h
configure:3182: gcc -c -g -O2  conftest.c >&5
configure:3182: $? = 0
configure:3182: result: yes
configure:3182: checking for stdint.h
configure:3182: gcc -c -g -O2  conftest.c >&5
configure:3182: $? = 0
configure:3182: result: yes
configure:3182: checking for unistd.h
configure:3182: gcc -c -g -O2  conftest.c >&5
configure:3182: $? = 0
configure:3182: result: yes
configure:3199: checking size of char
configure:3204: gcc -o conftest -g -O2   conftest.c  >&5
configure:3204: $? = 0
configure:3204: ./conftest
configure:3204: $? = 0
configure:3219: result: 1
configure:3233: checking size of short
configure:3238: gcc -o conftest -g -O2   conftest.c  >&5
configure:3238: $? = 0
configure:3238: ./conftest
configure:3238: $? = 0
configure:3253: result: 2
configure:3267: checking size of int
configure:3272: gcc -o conftest -g -O2   conftest.c  >&5
configure:3272: $? = 0
configure:3272: ./conftest
configure:3272: $? = 0
configure:3287: result: 4
configure:3301: checking size of long
configure:3306: gcc -o conftest -g -O2   conftest.c  >&5
configure:3306: $? = 0
configure:3306: ./conftest
configure:3306: $? = 0
configure:3321: result: 8
configure:3335: checking size of long long
configure:3340: gcc -o conftest -g -O2   conftest.c  >&5
configure:3340: $? = 0
configure:3340: ./conftest
configure:3340: $? = 0
configure:3355: result: 8
configure:3391: checking type name for byte
configure:3394: result: char
configure:3396: checking type name for word
configure:3399: result: short
configure:3528: creating ./config.status

## ---------------------- ##
## Running config.status. ##
## ---------------------- ##

This file was extended by config.status, which was
generated by GNU Autoconf 2.64.  Invocation command line was

  CONFIG_FILES    = 
  CONFIG_HEADERS  = 
  CONFIG_LINKS    = 
  CONFIG_COMMANDS = 
  $ ./config.status 

on MacBonsok.local

config.status:805: creating Makefile
config.status:805: creating config.h
config.status:966: config.h is unchanged

## ---------------- ##
## Cache variables. ##
## ---------------- ##

ac_cv_c_compiler_gnu=yes
ac_cv_env_CC_set=
ac_cv_env_CC_value=
ac_cv_env_CFLAGS_set=
ac_cv_env_CFLAGS_value=
ac_cv_env_CPPFLAGS_set=
ac_cv_env_CPPFLAGS_value=
ac_cv_env_CPP_set=
ac_cv_env_CPP_value=
ac_cv_env_LDFLAGS_set=
ac_cv_env_LDFLAGS_value=
ac_cv_env_LIBS_set=
ac_cv_env_LIBS_value=
ac_cv_env_build_alias_set=
ac_cv_env_build_alias_value=
ac_cv_env_host_alias_set=
ac_cv_env_host_alias_value=
ac_cv_env_target_alias_set=
ac_cv_env_target_alias_value=
ac_cv_header_inttypes_h=yes
ac_cv_header_memory_h=yes
ac_cv_header_stdc=yes
ac_cv_header_stdint_h=yes
ac_cv_header_stdlib_h=yes
ac_cv_header_string_h=yes
ac_cv_header_strings_h=yes
ac_cv_header_sys_stat_h=yes
ac_cv_header_sys_types_h=yes
ac_cv_header_unistd_h=yes
ac_cv_objext=o
ac_cv_path_EGREP='/usr/bin/grep -E'
ac_cv_path_GREP=/usr/bin/grep
ac_cv_prog_CPP='gcc -E'
ac_cv_prog_ac_ct_CC=gcc
ac_cv_prog_cc_c89=
ac_cv_prog_cc_g=yes
ac_cv_sizeof_char=1
ac_cv_sizeof_int=4
ac_cv_sizeof_long=8
ac_cv_sizeof_long_long=8
ac_cv_sizeof_short=2

## ----------------- ##
## Output variables. ##
## ----------------- ##

CC='gcc'
CFLAGS='-g -O2'
CPP='gcc -E'
CPPFLAGS=''
DEFS='-DHAVE_CONFIG_H'
ECHO_C='\c'
ECHO_N=''
ECHO_T=''
EGREP='/usr/bin/grep -E'
EXEEXT=''
GREP='/usr/bin/grep'
LDFLAGS=''
LIBOBJS=''
LIBS=''
LTLIBOBJS=''
OBJEXT='o'
PACKAGE_BUGREPORT=''
PACKAGE_NAME=''
PACKAGE_STRING=''
PACKAGE_TARNAME=''
PACKAGE_URL=''
PACKAGE_VERSION=''
PATH_SEPARATOR=':'
SHELL='/bin/sh'
ac_ct_CC='gcc'
bindir='${exec_prefix}/bin'
build_alias=''
datadir='${datarootdir}'
datarootdir='${prefix}/share'
docdir='${datarootdir}/doc/${PACKAGE}'
dvidir='${docdir}'
exec_prefix='${prefix}'
host_alias=''
htmldir='${docdir}'
includedir='${prefix}/include'
infodir='${datarootdir}/info'
libdir='${exec_prefix}/lib'
libexecdir='${exec_prefix}/libexec'
localedir='${datarootdir}/locale'
localstatedir='${prefix}/var'
mandir='${datarootdir}/man'
oldincludedir='/usr/include'
pdfdir='${docdir}'
prefix='/usr/local'
program_transform_name='s,x,x,'
psdir='${docdir}'
sbindir='${exec_prefix}/sbin'
sharedstatedir='${prefix}/com'
sysconfdir='${prefix}/etc'
target_alias=''

## ----------- ##
## confdefs.h. ##
## ----------- ##

/* confdefs.h */
#define PACKAGE_NAME ""
#define PACKAGE_TARNAME ""
#define PACKAGE_VERSION ""
#define PACKAGE_STRING ""
#define PACKAGE_BUGREPORT ""
#define PACKAGE_URL ""
#define STDC_HEADERS 1
#define HAVE_SYS_TYPES_H 1
#define HAVE_SYS_STAT_H 1
#define HAVE_STDLIB_H 1
#define HAVE_STRING_H 1
#define HAVE_MEMORY_H 1
#define HAVE_STRINGS_H 1
#define HAVE_INTTYPES_H 1
#define HAVE_STDINT_H 1
#define HAVE_UNISTD_H 1
#define SIZEOF_CHAR 1
#define SIZEOF_SHORT 2
#define SIZEOF_INT 4
#define SIZEOF_LONG 8
#define SIZEOF_LONG_LONG 8
#define TYPE_BYTE char
#define TYPE_WORD short
#define TYPE_UBYTE unsigned char
#define TYPE_UWORD unsigned short

configure: exit 0
