                                      1 ;--------------------------------------------------------
                                      2 ; File Created by SDCC : free open source ANSI-C Compiler
                                      3 ; Version 3.4.1 #9092 (Oct 23 2022) (Mac OS X x86_64)
                                      4 ; This file was generated Sun Oct 23 01:39:16 2022
                                      5 ;--------------------------------------------------------
                                      6 	.module isalnum
                                      7 	.optsdcc -mmcs51 --model-huge
                                      8 	
                                      9 ;--------------------------------------------------------
                                     10 ; Public variables in this module
                                     11 ;--------------------------------------------------------
                                     12 	.globl _isalpha
                                     13 	.globl _isalnum
                                     14 ;--------------------------------------------------------
                                     15 ; special function registers
                                     16 ;--------------------------------------------------------
                                     17 	.area RSEG    (ABS,DATA)
      000000                         18 	.org 0x0000
                                     19 ;--------------------------------------------------------
                                     20 ; special function bits
                                     21 ;--------------------------------------------------------
                                     22 	.area RSEG    (ABS,DATA)
      000000                         23 	.org 0x0000
                                     24 ;--------------------------------------------------------
                                     25 ; overlayable register banks
                                     26 ;--------------------------------------------------------
                                     27 	.area REG_BANK_0	(REL,OVR,DATA)
      000000                         28 	.ds 8
                                     29 ;--------------------------------------------------------
                                     30 ; internal ram data
                                     31 ;--------------------------------------------------------
                                     32 	.area DSEG    (DATA)
                                     33 ;--------------------------------------------------------
                                     34 ; overlayable items in internal ram 
                                     35 ;--------------------------------------------------------
                                     36 ;--------------------------------------------------------
                                     37 ; indirectly addressable internal ram data
                                     38 ;--------------------------------------------------------
                                     39 	.area ISEG    (DATA)
                                     40 ;--------------------------------------------------------
                                     41 ; absolute internal ram data
                                     42 ;--------------------------------------------------------
                                     43 	.area IABS    (ABS,DATA)
                                     44 	.area IABS    (ABS,DATA)
                                     45 ;--------------------------------------------------------
                                     46 ; bit data
                                     47 ;--------------------------------------------------------
                                     48 	.area BSEG    (BIT)
                                     49 ;--------------------------------------------------------
                                     50 ; paged external ram data
                                     51 ;--------------------------------------------------------
                                     52 	.area PSEG    (PAG,XDATA)
                                     53 ;--------------------------------------------------------
                                     54 ; external ram data
                                     55 ;--------------------------------------------------------
                                     56 	.area XSEG    (XDATA)
                                     57 ;--------------------------------------------------------
                                     58 ; absolute external ram data
                                     59 ;--------------------------------------------------------
                                     60 	.area XABS    (ABS,XDATA)
                                     61 ;--------------------------------------------------------
                                     62 ; external initialized ram data
                                     63 ;--------------------------------------------------------
                                     64 	.area XISEG   (XDATA)
                                     65 	.area HOME    (CODE)
                                     66 	.area GSINIT0 (CODE)
                                     67 	.area GSINIT1 (CODE)
                                     68 	.area GSINIT2 (CODE)
                                     69 	.area GSINIT3 (CODE)
                                     70 	.area GSINIT4 (CODE)
                                     71 	.area GSINIT5 (CODE)
                                     72 	.area GSINIT  (CODE)
                                     73 	.area GSFINAL (CODE)
                                     74 	.area CSEG    (CODE)
                                     75 ;--------------------------------------------------------
                                     76 ; global & static initialisations
                                     77 ;--------------------------------------------------------
                                     78 	.area HOME    (CODE)
                                     79 	.area GSINIT  (CODE)
                                     80 	.area GSFINAL (CODE)
                                     81 	.area GSINIT  (CODE)
                                     82 ;--------------------------------------------------------
                                     83 ; Home
                                     84 ;--------------------------------------------------------
                                     85 	.area HOME    (CODE)
                                     86 	.area HOME    (CODE)
                                     87 ;--------------------------------------------------------
                                     88 ; code
                                     89 ;--------------------------------------------------------
                                     90 	.area CSEG    (CODE)
                                     91 ;------------------------------------------------------------
                                     92 ;Allocation info for local variables in function 'isalnum'
                                     93 ;------------------------------------------------------------
                                     94 ;c                         Allocated to registers r6 r7 
                                     95 ;__00010001                Allocated to registers 
                                     96 ;__00020002                Allocated to registers 
                                     97 ;c                         Allocated to registers 
                                     98 ;------------------------------------------------------------
                                     99 ;	isalnum.c:37: int isalnum (int c)
                                    100 ;	-----------------------------------------
                                    101 ;	 function isalnum
                                    102 ;	-----------------------------------------
      000000                        103 _isalnum:
                           000007   104 	ar7 = 0x07
                           000006   105 	ar6 = 0x06
                           000005   106 	ar5 = 0x05
                           000004   107 	ar4 = 0x04
                           000003   108 	ar3 = 0x03
                           000002   109 	ar2 = 0x02
                           000001   110 	ar1 = 0x01
                           000000   111 	ar0 = 0x00
                                    112 ;	isalnum.c:39: return (isalpha (c) || isdigit (c));
      000000 AE 82            [24]  113 	mov	r6,dpl
      000002 AF 83            [24]  114 	mov  r7,dph
      000004 C0 07            [24]  115 	push	ar7
      000006 C0 06            [24]  116 	push	ar6
      000008 78r00            [12]  117 	mov	r0,#_isalpha
      00000A 79s00            [12]  118 	mov	r1,#(_isalpha >> 8)
      00000C 7As00            [12]  119 	mov	r2,#(_isalpha >> 16)
      00000E 12r00r00         [24]  120 	lcall	__sdcc_banked_call
      000011 E5 82            [12]  121 	mov	a,dpl
      000013 85 83 F0         [24]  122 	mov	b,dph
      000016 D0 06            [24]  123 	pop	ar6
      000018 D0 07            [24]  124 	pop	ar7
      00001A 45 F0            [12]  125 	orl	a,b
      00001C 70 1D            [24]  126 	jnz	00105$
                                    127 ;	../../device/include/ctype.h:55: return (c >= '0' && c <= '9');
      00001E C3               [12]  128 	clr	c
      00001F EE               [12]  129 	mov	a,r6
      000020 94 30            [12]  130 	subb	a,#0x30
      000022 EF               [12]  131 	mov	a,r7
      000023 64 80            [12]  132 	xrl	a,#0x80
      000025 94 80            [12]  133 	subb	a,#0x80
      000027 40 0E            [24]  134 	jc	00109$
      000029 74 39            [12]  135 	mov	a,#0x39
      00002B 9E               [12]  136 	subb	a,r6
      00002C 74 80            [12]  137 	mov	a,#(0x00 ^ 0x80)
      00002E 8F F0            [24]  138 	mov	b,r7
      000030 63 F0 80         [24]  139 	xrl	b,#0x80
      000033 95 F0            [12]  140 	subb	a,b
      000035 50 04            [24]  141 	jnc	00105$
      000037                        142 00109$:
                                    143 ;	isalnum.c:39: return (isalpha (c) || isdigit (c));
      000037 7F 00            [12]  144 	mov	r7,#0x00
      000039 80 02            [24]  145 	sjmp	00106$
      00003B                        146 00105$:
      00003B 7F 01            [12]  147 	mov	r7,#0x01
      00003D                        148 00106$:
      00003D EF               [12]  149 	mov	a,r7
      00003E 33               [12]  150 	rlc	a
      00003F 95 E0            [12]  151 	subb	a,acc
      000041 FE               [12]  152 	mov	r6,a
      000042 8F 82            [24]  153 	mov	dpl,r7
      000044 8E 83            [24]  154 	mov	dph,r6
      000046 02r00r00         [24]  155 	ljmp	__sdcc_banked_ret
                                    156 	.area CSEG    (CODE)
                                    157 	.area CONST   (CODE)
                                    158 	.area XINIT   (CODE)
                                    159 	.area CABS    (ABS,CODE)
