                                      1 ;--------------------------------------------------------
                                      2 ; File Created by SDCC : free open source ANSI-C Compiler
                                      3 ; Version 3.4.1 #9092 (Oct 23 2022) (Mac OS X x86_64)
                                      4 ; This file was generated Sun Oct 23 01:39:17 2022
                                      5 ;--------------------------------------------------------
                                      6 	.module ispunct
                                      7 	.optsdcc -mmcs51 --model-huge
                                      8 	
                                      9 ;--------------------------------------------------------
                                     10 ; Public variables in this module
                                     11 ;--------------------------------------------------------
                                     12 	.globl _isalnum
                                     13 	.globl _isspace
                                     14 	.globl _isprint
                                     15 	.globl _ispunct
                                     16 ;--------------------------------------------------------
                                     17 ; special function registers
                                     18 ;--------------------------------------------------------
                                     19 	.area RSEG    (ABS,DATA)
      000000                         20 	.org 0x0000
                                     21 ;--------------------------------------------------------
                                     22 ; special function bits
                                     23 ;--------------------------------------------------------
                                     24 	.area RSEG    (ABS,DATA)
      000000                         25 	.org 0x0000
                                     26 ;--------------------------------------------------------
                                     27 ; overlayable register banks
                                     28 ;--------------------------------------------------------
                                     29 	.area REG_BANK_0	(REL,OVR,DATA)
      000000                         30 	.ds 8
                                     31 ;--------------------------------------------------------
                                     32 ; internal ram data
                                     33 ;--------------------------------------------------------
                                     34 	.area DSEG    (DATA)
                                     35 ;--------------------------------------------------------
                                     36 ; overlayable items in internal ram 
                                     37 ;--------------------------------------------------------
                                     38 ;--------------------------------------------------------
                                     39 ; indirectly addressable internal ram data
                                     40 ;--------------------------------------------------------
                                     41 	.area ISEG    (DATA)
                                     42 ;--------------------------------------------------------
                                     43 ; absolute internal ram data
                                     44 ;--------------------------------------------------------
                                     45 	.area IABS    (ABS,DATA)
                                     46 	.area IABS    (ABS,DATA)
                                     47 ;--------------------------------------------------------
                                     48 ; bit data
                                     49 ;--------------------------------------------------------
                                     50 	.area BSEG    (BIT)
                                     51 ;--------------------------------------------------------
                                     52 ; paged external ram data
                                     53 ;--------------------------------------------------------
                                     54 	.area PSEG    (PAG,XDATA)
                                     55 ;--------------------------------------------------------
                                     56 ; external ram data
                                     57 ;--------------------------------------------------------
                                     58 	.area XSEG    (XDATA)
                                     59 ;--------------------------------------------------------
                                     60 ; absolute external ram data
                                     61 ;--------------------------------------------------------
                                     62 	.area XABS    (ABS,XDATA)
                                     63 ;--------------------------------------------------------
                                     64 ; external initialized ram data
                                     65 ;--------------------------------------------------------
                                     66 	.area XISEG   (XDATA)
                                     67 	.area HOME    (CODE)
                                     68 	.area GSINIT0 (CODE)
                                     69 	.area GSINIT1 (CODE)
                                     70 	.area GSINIT2 (CODE)
                                     71 	.area GSINIT3 (CODE)
                                     72 	.area GSINIT4 (CODE)
                                     73 	.area GSINIT5 (CODE)
                                     74 	.area GSINIT  (CODE)
                                     75 	.area GSFINAL (CODE)
                                     76 	.area CSEG    (CODE)
                                     77 ;--------------------------------------------------------
                                     78 ; global & static initialisations
                                     79 ;--------------------------------------------------------
                                     80 	.area HOME    (CODE)
                                     81 	.area GSINIT  (CODE)
                                     82 	.area GSFINAL (CODE)
                                     83 	.area GSINIT  (CODE)
                                     84 ;--------------------------------------------------------
                                     85 ; Home
                                     86 ;--------------------------------------------------------
                                     87 	.area HOME    (CODE)
                                     88 	.area HOME    (CODE)
                                     89 ;--------------------------------------------------------
                                     90 ; code
                                     91 ;--------------------------------------------------------
                                     92 	.area CSEG    (CODE)
                                     93 ;------------------------------------------------------------
                                     94 ;Allocation info for local variables in function 'ispunct'
                                     95 ;------------------------------------------------------------
                                     96 ;c                         Allocated to registers r6 r7 
                                     97 ;------------------------------------------------------------
                                     98 ;	ispunct.c:33: int ispunct (int c)
                                     99 ;	-----------------------------------------
                                    100 ;	 function ispunct
                                    101 ;	-----------------------------------------
      000000                        102 _ispunct:
                           000007   103 	ar7 = 0x07
                           000006   104 	ar6 = 0x06
                           000005   105 	ar5 = 0x05
                           000004   106 	ar4 = 0x04
                           000003   107 	ar3 = 0x03
                           000002   108 	ar2 = 0x02
                           000001   109 	ar1 = 0x01
                           000000   110 	ar0 = 0x00
                                    111 ;	ispunct.c:35: return (isprint (c) && !isspace (c) && !isalnum (c));
      000000 AE 82            [24]  112 	mov	r6,dpl
      000002 AF 83            [24]  113 	mov  r7,dph
      000004 C0 07            [24]  114 	push	ar7
      000006 C0 06            [24]  115 	push	ar6
      000008 78r00            [12]  116 	mov	r0,#_isprint
      00000A 79s00            [12]  117 	mov	r1,#(_isprint >> 8)
      00000C 7As00            [12]  118 	mov	r2,#(_isprint >> 16)
      00000E 12r00r00         [24]  119 	lcall	__sdcc_banked_call
      000011 E5 82            [12]  120 	mov	a,dpl
      000013 85 83 F0         [24]  121 	mov	b,dph
      000016 D0 06            [24]  122 	pop	ar6
      000018 D0 07            [24]  123 	pop	ar7
      00001A 45 F0            [12]  124 	orl	a,b
      00001C 60 32            [24]  125 	jz	00103$
      00001E 8E 82            [24]  126 	mov	dpl,r6
      000020 8F 83            [24]  127 	mov	dph,r7
      000022 C0 07            [24]  128 	push	ar7
      000024 C0 06            [24]  129 	push	ar6
      000026 78r00            [12]  130 	mov	r0,#_isspace
      000028 79s00            [12]  131 	mov	r1,#(_isspace >> 8)
      00002A 7As00            [12]  132 	mov	r2,#(_isspace >> 16)
      00002C 12r00r00         [24]  133 	lcall	__sdcc_banked_call
      00002F AC 82            [24]  134 	mov	r4,dpl
      000031 AD 83            [24]  135 	mov	r5,dph
      000033 D0 06            [24]  136 	pop	ar6
      000035 D0 07            [24]  137 	pop	ar7
      000037 EC               [12]  138 	mov	a,r4
      000038 4D               [12]  139 	orl	a,r5
      000039 70 15            [24]  140 	jnz	00103$
      00003B 8E 82            [24]  141 	mov	dpl,r6
      00003D 8F 83            [24]  142 	mov	dph,r7
      00003F 78r00            [12]  143 	mov	r0,#_isalnum
      000041 79s00            [12]  144 	mov	r1,#(_isalnum >> 8)
      000043 7As00            [12]  145 	mov	r2,#(_isalnum >> 16)
      000045 12r00r00         [24]  146 	lcall	__sdcc_banked_call
      000048 AE 82            [24]  147 	mov	r6,dpl
      00004A AF 83            [24]  148 	mov	r7,dph
      00004C EE               [12]  149 	mov	a,r6
      00004D 4F               [12]  150 	orl	a,r7
      00004E 60 04            [24]  151 	jz	00104$
      000050                        152 00103$:
      000050 7F 00            [12]  153 	mov	r7,#0x00
      000052 80 02            [24]  154 	sjmp	00105$
      000054                        155 00104$:
      000054 7F 01            [12]  156 	mov	r7,#0x01
      000056                        157 00105$:
      000056 EF               [12]  158 	mov	a,r7
      000057 33               [12]  159 	rlc	a
      000058 95 E0            [12]  160 	subb	a,acc
      00005A FE               [12]  161 	mov	r6,a
      00005B 8F 82            [24]  162 	mov	dpl,r7
      00005D 8E 83            [24]  163 	mov	dph,r6
      00005F 02r00r00         [24]  164 	ljmp	__sdcc_banked_ret
                                    165 	.area CSEG    (CODE)
                                    166 	.area CONST   (CODE)
                                    167 	.area XINIT   (CODE)
                                    168 	.area CABS    (ABS,CODE)
