                              1 ;--------------------------------------------------------
                              2 ; File Created by SDCC : free open source ANSI-C Compiler
                              3 ; Version 3.4.1 #9092 (Oct 23 2022) (Mac OS X x86_64)
                              4 ; This file was generated Sun Oct 23 01:39:47 2022
                              5 ;--------------------------------------------------------
                              6 	.module _divslong
                              7 	.optsdcc -mtlcs90
                              8 	
                              9 ;--------------------------------------------------------
                             10 ; Public variables in this module
                             11 ;--------------------------------------------------------
                             12 	.globl __divslong
                             13 ;--------------------------------------------------------
                             14 ; ram data
                             15 ;--------------------------------------------------------
                             16 	.area _DATA
                             17 ;--------------------------------------------------------
                             18 ; ram data
                             19 ;--------------------------------------------------------
                             20 	.area _INITIALIZED
                             21 ;--------------------------------------------------------
                             22 ; absolute external ram data
                             23 ;--------------------------------------------------------
                             24 	.area _DABS (ABS)
                             25 ;--------------------------------------------------------
                             26 ; global & static initialisations
                             27 ;--------------------------------------------------------
                             28 	.area _HOME
                             29 	.area _GSINIT
                             30 	.area _GSFINAL
                             31 	.area _GSINIT
                             32 ;--------------------------------------------------------
                             33 ; Home
                             34 ;--------------------------------------------------------
                             35 	.area _HOME
                             36 ;../_divslong.c:259: _divslong (long x, long y)
                             37 ;	---------------------------------
                             38 ; Function _divslong
                             39 ; ---------------------------------
   0000                      40 __divslong_start::
   0000                      41 __divslong:
   0000 54            [ 4]   42 	push	ix
   0001 3C 00 00      [ 4]   43 	ld	ix,#0
   0004 FE 14         [ 7]   44 	add	ix,sp
   0006 16 FA FF      [ 7]   45 	add	sp, #-6
                             46 ;../_divslong.c:263: r = (unsigned long)(x < 0 ? -x : x) / (unsigned long)(y < 0 ? -y : y);
   0009 F0 07 2E      [11]   47 	ld	a,7 (ix)
   000C A0            [ 4]   48 	rlca
   000D 6C 01         [ 4]   49 	and	a,#0x01
   000F F4 FF 26      [17]   50 	ld	-1 (ix), a
   0012 FE 66         [ 7]   51 	or	a, a
   0014 C6 1A         [ 7]   52 	jr	Z,00106$
   0016 FE 65         [ 7]   53 	xor	a, a
   0018 F0 04 62      [11]   54 	sub	a, 4 (ix)
   001B 29            [11]   55 	ld	c,a
   001C 36 00         [10]   56 	ld	a, #0x00
   001E F0 05 63      [11]   57 	sbc	a, 5 (ix)
   0021 28            [12]   58 	ld	b,a
   0022 36 00         [10]   59 	ld	a, #0x00
   0024 F0 06 63      [11]   60 	sbc	a, 6 (ix)
   0027 2B            [ 6]   61 	ld	e,a
   0028 36 00         [10]   62 	ld	a, #0x00
   002A F0 07 63      [11]   63 	sbc	a, 7 (ix)
   002D 2A            [16]   64 	ld	d,a
   002E C8 0C         [11]   65 	jr	00107$
   0030                      66 00106$:
   0030 F0 04 29      [11]   67 	ld	c,4 (ix)
   0033 F0 05 28      [11]   68 	ld	b,5 (ix)
   0036 F0 06 2B      [11]   69 	ld	e,6 (ix)
   0039 F0 07 2A      [11]   70 	ld	d,7 (ix)
   003C                      71 00107$:
   003C F0 0B 2E      [11]   72 	ld	a,11 (ix)
   003F A0            [ 4]   73 	rlca
   0040 6C 01         [ 4]   74 	and	a,#0x01
   0042 F4 FE 26      [17]   75 	ld	-2 (ix), a
   0045 FE 66         [ 7]   76 	or	a, a
   0047 C6 22         [ 7]   77 	jr	Z,00108$
   0049 FE 65         [ 7]   78 	xor	a, a
   004B F0 08 62      [11]   79 	sub	a, 8 (ix)
   004E F4 FA 26      [17]   80 	ld	-6 (ix),a
   0051 36 00         [10]   81 	ld	a, #0x00
   0053 F0 09 63      [11]   82 	sbc	a, 9 (ix)
   0056 F4 FB 26      [17]   83 	ld	-5 (ix),a
   0059 36 00         [10]   84 	ld	a, #0x00
   005B F0 0A 63      [11]   85 	sbc	a, 10 (ix)
   005E F4 FC 26      [17]   86 	ld	-4 (ix),a
   0061 36 00         [10]   87 	ld	a, #0x00
   0063 F0 0B 63      [11]   88 	sbc	a, 11 (ix)
   0066 F4 FD 26      [17]   89 	ld	-3 (ix),a
   0069 C8 18         [11]   90 	jr	00109$
   006B                      91 00108$:
   006B F0 08 2E      [11]   92 	ld	a,8 (ix)
   006E F4 FA 26      [17]   93 	ld	-6 (ix),a
   0071 F0 09 2E      [11]   94 	ld	a,9 (ix)
   0074 F4 FB 26      [17]   95 	ld	-5 (ix),a
   0077 F0 0A 2E      [11]   96 	ld	a,10 (ix)
   007A F4 FC 26      [17]   97 	ld	-4 (ix),a
   007D F0 0B 2E      [11]   98 	ld	a,11 (ix)
   0080 F4 FD 26      [17]   99 	ld	-3 (ix),a
   0083                     100 00109$:
   0083 F2 02 4A      [10]  101 	ld	hl, 2 (sp)
   0086 52            [ 4]  102 	push	hl
   0087 F2 02 4A      [10]  103 	ld	hl, 2 (sp)
   008A 52            [ 4]  104 	push	hl
   008B 51            [ 4]  105 	push	de
   008C 50            [ 4]  106 	push	bc
   008D 1Cr00r00      [ 4]  107 	call	__divulong
   0090 16 08 00      [ 7]  108 	add	sp, #8
                            109 ;../_divslong.c:264: if ((x < 0) ^ (y < 0))
   0093 F0 FF 2E      [11]  110 	ld	a,-1 (ix)
   0096 F0 FE 65      [11]  111 	xor	a,-2 (ix)
   0099 C6 14         [ 7]  112 	jr	Z,00102$
                            113 ;../_divslong.c:265: return -r;
   009B FE 65         [ 7]  114 	xor	a, a
   009D FD 62               115 	sub	a, l
   009F 2D            [ 4]  116 	ld	l,a
   00A0 36 00         [10]  117 	ld	a, #0x00
   00A2 FC 63         [17]  118 	sbc	a, h
   00A4 2C            [ 4]  119 	ld	h,a
   00A5 36 00         [10]  120 	ld	a, #0x00
   00A7 FB 63         [ 4]  121 	sbc	a, e
   00A9 2B            [ 6]  122 	ld	e,a
   00AA 36 00         [10]  123 	ld	a, #0x00
   00AC FA 63         [10]  124 	sbc	a, d
   00AE 2A            [16]  125 	ld	d,a
                            126 ;../_divslong.c:267: return r;
   00AF                     127 00102$:
   00AF FC 3E         [17]  128 	ld	sp, ix
   00B1 5C            [ 4]  129 	pop	ix
   00B2 1E            [ 7]  130 	ret
   00B3                     131 __divslong_end::
                            132 	.area _HOME
                            133 ;--------------------------------------------------------
                            134 ; code
                            135 ;--------------------------------------------------------
                            136 	.area _CODE
                            137 	.area _CODE
                            138 	.area _INITIALIZER
                            139 	.area _CABS (ABS)
