                              1 ;--------------------------------------------------------
                              2 ; File Created by SDCC : free open source ANSI-C Compiler
                              3 ; Version 3.4.1 #9092 (Oct 23 2022) (Mac OS X x86_64)
                              4 ; This file was generated Sun Oct 23 01:39:34 2022
                              5 ;--------------------------------------------------------
                              6 	.module _fsdiv
                              7 	.optsdcc -mtlcs90
                              8 	
                              9 ;--------------------------------------------------------
                             10 ; Public variables in this module
                             11 ;--------------------------------------------------------
                             12 	.globl ___fsdiv
                             13 ;--------------------------------------------------------
                             14 ; ram data
                             15 ;--------------------------------------------------------
                             16 	.area _DATA
                             17 ;--------------------------------------------------------
                             18 ; ram data
                             19 ;--------------------------------------------------------
                             20 	.area _INITIALIZED
                             21 ;--------------------------------------------------------
                             22 ; absolute external ram data
                             23 ;--------------------------------------------------------
                             24 	.area _DABS (ABS)
                             25 ;--------------------------------------------------------
                             26 ; global & static initialisations
                             27 ;--------------------------------------------------------
                             28 	.area _HOME
                             29 	.area _GSINIT
                             30 	.area _GSFINAL
                             31 	.area _GSINIT
                             32 ;--------------------------------------------------------
                             33 ; Home
                             34 ;--------------------------------------------------------
                             35 	.area _HOME
                             36 ;../_fsdiv.c:274: float __fsdiv (float a1, float a2)
                             37 ;	---------------------------------
                             38 ; Function __fsdiv
                             39 ; ---------------------------------
   0000                      40 ___fsdiv_start::
   0000                      41 ___fsdiv:
   0000 54            [ 4]   42 	push	ix
   0001 3C 00 00      [ 4]   43 	ld	ix,#0
   0004 FE 14         [ 7]   44 	add	ix,sp
   0006 16 DD FF      [ 7]   45 	add	sp, #-35
                             46 ;../_fsdiv.c:283: fl1.f = a1;
   0009 3A 17 00      [13]   47 	ld	hl,#0x0017
   000C FE 70         [ 7]   48 	add	hl,sp
   000E 08            [ 4]   49 	ex	de,hl
   000F 3A 27 00      [13]   50 	ld	hl, #0x0027
   0012 FE 70         [ 7]   51 	add	hl, sp
   0014 38 04 00      [12]   52 	ld	bc, #0x0004
   0017 FE 59         [ 7]   53 	ldir
                             54 ;../_fsdiv.c:284: fl2.f = a2;
   0019 3A 13 00      [13]   55 	ld	hl,#0x0013
   001C FE 70         [ 7]   56 	add	hl,sp
   001E 08            [ 4]   57 	ex	de,hl
   001F 3A 2B 00      [13]   58 	ld	hl, #0x002B
   0022 FE 70         [ 7]   59 	add	hl, sp
   0024 38 04 00      [12]   60 	ld	bc, #0x0004
   0027 FE 59         [ 7]   61 	ldir
                             62 ;../_fsdiv.c:287: exp = EXP (fl1.l) ;
   0029 3A 17 00      [13]   63 	ld	hl,#0x0017
   002C FE 70         [ 7]   64 	add	hl,sp
   002E E2 2B         [10]   65 	ld	e,(hl)
   0030 92            [ 4]   66 	inc	hl
   0031 E2 2A         [10]   67 	ld	d,(hl)
   0033 92            [ 4]   68 	inc	hl
   0034 E2 29         [10]   69 	ld	c,(hl)
   0036 92            [ 4]   70 	inc	hl
   0037 E2 28         [10]   71 	ld	b,(hl)
   0039 36 17         [10]   72 	ld	a,#0x17
   003B                      73 00164$:
   003B F8 A7         [11]   74 	srl	b
   003D F9 A3         [ 6]   75 	rr	c
   003F FA A3         [10]   76 	rr	d
   0041 FB A3         [ 4]   77 	rr	e
   0043 8E            [ 7]   78 	dec	a
   0044 CE F5         [ 7]   79 	jr	NZ,00164$
   0046 F4 DE 23      [17]   80 	ld	-34 (ix), e
   0049 F4 DF 37 00   [17]   81 	ld	-33 (ix), #0x00
                             82 ;../_fsdiv.c:288: exp -= EXP (fl2.l);
   004D 3A 13 00      [13]   83 	ld	hl,#0x0013
   0050 FE 70         [ 7]   84 	add	hl,sp
   0052 E2 2B         [10]   85 	ld	e,(hl)
   0054 92            [ 4]   86 	inc	hl
   0055 E2 2A         [10]   87 	ld	d,(hl)
   0057 92            [ 4]   88 	inc	hl
   0058 E2 29         [10]   89 	ld	c,(hl)
   005A 92            [ 4]   90 	inc	hl
   005B E2 28         [10]   91 	ld	b,(hl)
   005D 36 17         [10]   92 	ld	a,#0x17
   005F                      93 00166$:
   005F F8 A7         [11]   94 	srl	b
   0061 F9 A3         [ 6]   95 	rr	c
   0063 FA A3         [10]   96 	rr	d
   0065 FB A3         [ 4]   97 	rr	e
   0067 8E            [ 7]   98 	dec	a
   0068 CE F5         [ 7]   99 	jr	NZ,00166$
   006A F4 FC 23      [17]  100 	ld	-4 (ix),e
   006D F4 FD 37 00   [17]  101 	ld	-3 (ix),#0x00
   0071 F4 FE 37 00   [17]  102 	ld	-2 (ix),#0x00
   0075 F4 FF 37 00   [17]  103 	ld	-1 (ix),#0x00
   0079 F0 DE 2D      [11]  104 	ld	l,-34 (ix)
   007C F0 DF 2C      [11]  105 	ld	h,-33 (ix)
   007F F0 DF 2E      [11]  106 	ld	a,-33 (ix)
   0082 A2            [ 4]  107 	rla
   0083 FE 63         [ 7]  108 	sbc	a, a
   0085 29            [11]  109 	ld	c,a
   0086 28            [12]  110 	ld	b,a
   0087 25            [ 4]  111 	ld	a,l
   0088 F0 FC 62      [11]  112 	sub	a, -4 (ix)
   008B 2D            [ 4]  113 	ld	l,a
   008C 24            [ 4]  114 	ld	a,h
   008D F0 FD 63      [11]  115 	sbc	a, -3 (ix)
   0090 2C            [ 4]  116 	ld	h,a
   0091 21            [10]  117 	ld	a,c
   0092 F0 FE 63      [11]  118 	sbc	a, -2 (ix)
   0095 20            [12]  119 	ld	a,b
   0096 F0 FF 63      [11]  120 	sbc	a, -1 (ix)
   0099 2B            [ 6]  121 	ld	e,a
   009A F4 DE 25      [17]  122 	ld	-34 (ix),l
   009D F4 DF 24      [17]  123 	ld	-33 (ix),h
                            124 ;../_fsdiv.c:289: exp += EXCESS;
   00A0 F0 DE 2E      [11]  125 	ld	a,-34 (ix)
   00A3 68 7E         [ 4]  126 	add	a, #0x7E
   00A5 F4 DE 26      [17]  127 	ld	-34 (ix),a
   00A8 F0 DF 2E      [11]  128 	ld	a,-33 (ix)
   00AB 69 00         [ 4]  129 	adc	a, #0x00
   00AD F4 DF 26      [17]  130 	ld	-33 (ix),a
                            131 ;../_fsdiv.c:292: sign = SIGN (fl1.l) ^ SIGN (fl2.l);
   00B0 3A 17 00      [13]  132 	ld	hl,#0x0017
   00B3 FE 70         [ 7]  133 	add	hl,sp
   00B5 E2 2B         [10]  134 	ld	e,(hl)
   00B7 92            [ 4]  135 	inc	hl
   00B8 E2 2A         [10]  136 	ld	d,(hl)
   00BA 92            [ 4]  137 	inc	hl
   00BB E2 29         [10]  138 	ld	c,(hl)
   00BD 92            [ 4]  139 	inc	hl
   00BE E2 2E         [10]  140 	ld	a, (hl)
   00C0 FE A0         [ 7]  141 	rlc	a
   00C2 6C 01         [ 4]  142 	and	a,#0x01
   00C4 F4 FC 26      [17]  143 	ld	-4 (ix),a
   00C7 3A 13 00      [13]  144 	ld	hl,#0x0013
   00CA FE 70         [ 7]  145 	add	hl,sp
   00CC E2 2B         [10]  146 	ld	e,(hl)
   00CE 92            [ 4]  147 	inc	hl
   00CF E2 2A         [10]  148 	ld	d,(hl)
   00D1 92            [ 4]  149 	inc	hl
   00D2 E2 29         [10]  150 	ld	c,(hl)
   00D4 92            [ 4]  151 	inc	hl
   00D5 E2 2E         [10]  152 	ld	a, (hl)
   00D7 FE A0         [ 7]  153 	rlc	a
   00D9 6C 01         [ 4]  154 	and	a,#0x01
   00DB F0 FC 65      [11]  155 	xor	a, -4 (ix)
   00DE F4 DD 26      [17]  156 	ld	-35 (ix),a
                            157 ;../_fsdiv.c:295: if (!fl2.l)
   00E1 3A 13 00      [13]  158 	ld	hl,#0x0013
   00E4 FE 70         [ 7]  159 	add	hl,sp
   00E6 E2 29         [10]  160 	ld	c,(hl)
   00E8 92            [ 4]  161 	inc	hl
   00E9 E2 28         [10]  162 	ld	b,(hl)
   00EB 92            [ 4]  163 	inc	hl
   00EC E2 2B         [10]  164 	ld	e,(hl)
   00EE 92            [ 4]  165 	inc	hl
   00EF E2 2E         [10]  166 	ld	a, (hl)
   00F1 FB 66         [ 4]  167 	or	a, e
   00F3 F8 66         [11]  168 	or	a, b
   00F5 F9 66         [ 6]  169 	or	a,c
   00F7 EBr26r01 CE   [ 4]  170 	jp	NZ,00102$
                            171 ;../_fsdiv.c:297: fl2.l = 0x7FC00000;
   00FB 3A 13 00      [13]  172 	ld	hl,#0x0013
   00FE FE 70         [ 7]  173 	add	hl,sp
   0100 FE 65         [ 7]  174 	xor	a, a
   0102 EA 26         [10]  175 	ld	(hl), a
   0104 92            [ 4]  176 	inc	hl
   0105 EA 26         [10]  177 	ld	(hl), a
   0107 92            [ 4]  178 	inc	hl
   0108 EA 37 C0      [10]  179 	ld	(hl),#0xC0
   010B 92            [ 4]  180 	inc	hl
   010C EA 37 7F      [10]  181 	ld	(hl),#0x7F
                            182 ;../_fsdiv.c:298: return (fl2.f);
   010F 3A 13 00      [13]  183 	ld	hl,#0x0013
   0112 FE 70         [ 7]  184 	add	hl,sp
   0114 E2 28         [10]  185 	ld	b,(hl)
   0116 92            [ 4]  186 	inc	hl
   0117 E2 29         [10]  187 	ld	c,(hl)
   0119 92            [ 4]  188 	inc	hl
   011A E2 2B         [10]  189 	ld	e,(hl)
   011C 92            [ 4]  190 	inc	hl
   011D E2 2A         [10]  191 	ld	d,(hl)
   011F F8 35         [11]  192 	ld	l,b
   0121 F9 34         [ 6]  193 	ld	h,c
   0123 1ArCCr03      [ 7]  194 	jp	00118$
   0126                     195 00102$:
                            196 ;../_fsdiv.c:302: if (!fl1.l)
   0126 3A 17 00      [13]  197 	ld	hl,#0x0017
   0129 FE 70         [ 7]  198 	add	hl,sp
   012B E2 2A         [10]  199 	ld	d,(hl)
   012D 92            [ 4]  200 	inc	hl
   012E E2 2B         [10]  201 	ld	e,(hl)
   0130 92            [ 4]  202 	inc	hl
   0131 E2 29         [10]  203 	ld	c,(hl)
   0133 92            [ 4]  204 	inc	hl
   0134 E2 2E         [10]  205 	ld	a, (hl)
   0136 F9 66         [ 6]  206 	or	a, c
   0138 FB 66         [ 4]  207 	or	a, e
   013A FA 66         [10]  208 	or	a,d
   013C CE 0A         [ 7]  209 	jr	NZ,00104$
                            210 ;../_fsdiv.c:303: return (0);
   013E 3A 00 00      [13]  211 	ld	hl,#0x0000
   0141 FD 33               212 	ld	e,l
   0143 FC 32         [17]  213 	ld	d,h
   0145 1ArCCr03      [ 7]  214 	jp	00118$
   0148                     215 00104$:
                            216 ;../_fsdiv.c:306: mant1 = MANT (fl1.l);
   0148 3A 17 00      [13]  217 	ld	hl,#0x0017
   014B FE 70         [ 7]  218 	add	hl,sp
   014D E2 2B         [10]  219 	ld	e,(hl)
   014F 92            [ 4]  220 	inc	hl
   0150 E2 2A         [10]  221 	ld	d,(hl)
   0152 92            [ 4]  222 	inc	hl
   0153 E2 29         [10]  223 	ld	c,(hl)
   0155 92            [ 4]  224 	inc	hl
   0156 E2 28         [10]  225 	ld	b,(hl)
   0158 F9 B7         [ 6]  226 	res	7, c
   015A 34 00         [11]  227 	ld	h,#0x00
   015C F4 E4 23      [17]  228 	ld	-28 (ix),e
   015F F4 E5 22      [17]  229 	ld	-27 (ix),d
   0162 21            [10]  230 	ld	a,c
   0163 FE BF         [ 7]  231 	set	7, a
   0165 F4 E6 26      [17]  232 	ld	-26 (ix),a
   0168 F4 E7 24      [17]  233 	ld	-25 (ix),h
                            234 ;../_fsdiv.c:307: mant2 = MANT (fl2.l);
   016B 3A 13 00      [13]  235 	ld	hl,#0x0013
   016E FE 70         [ 7]  236 	add	hl,sp
   0170 E2 2B         [10]  237 	ld	e,(hl)
   0172 92            [ 4]  238 	inc	hl
   0173 E2 2A         [10]  239 	ld	d,(hl)
   0175 92            [ 4]  240 	inc	hl
   0176 E2 29         [10]  241 	ld	c,(hl)
   0178 92            [ 4]  242 	inc	hl
   0179 E2 28         [10]  243 	ld	b,(hl)
   017B F9 B7         [ 6]  244 	res	7, c
   017D 34 00         [11]  245 	ld	h,#0x00
   017F F4 E0 23      [17]  246 	ld	-32 (ix),e
   0182 F4 E1 22      [17]  247 	ld	-31 (ix),d
   0185 21            [10]  248 	ld	a,c
   0186 FE BF         [ 7]  249 	set	7, a
   0188 F4 E2 26      [17]  250 	ld	-30 (ix),a
   018B F4 E3 24      [17]  251 	ld	-29 (ix),h
                            252 ;../_fsdiv.c:310: if (mant1 < mant2)
   018E F0 E4 2E      [11]  253 	ld	a,-28 (ix)
   0191 F0 E0 62      [11]  254 	sub	a, -32 (ix)
   0194 F0 E5 2E      [11]  255 	ld	a,-27 (ix)
   0197 F0 E1 63      [11]  256 	sbc	a, -31 (ix)
   019A F0 E6 2E      [11]  257 	ld	a,-26 (ix)
   019D F0 E2 63      [11]  258 	sbc	a, -30 (ix)
   01A0 F0 E7 2E      [11]  259 	ld	a,-25 (ix)
   01A3 F0 E3 63      [11]  260 	sbc	a, -29 (ix)
   01A6 EBrACr01 CC   [ 4]  261 	jp	PO, 00168$
   01AA 6D 80         [ 4]  262 	xor	a, #0x80
   01AC                     263 00168$:
   01AC EBrC6r01 CD   [ 4]  264 	jp	P,00106$
                            265 ;../_fsdiv.c:312: mant1 <<= 1;
   01B0 56            [ 7]  266 	push	af
   01B1 5E            [ 7]  267 	pop	af
   01B2 30 01         [12]  268 	ld	b,#0x01
   01B4 E7 E4 A4      [11]  269 	sla	-28 (ix)
   01B7 E7 E5 A2      [11]  270 	rl	-27 (ix)
   01BA E7 E6 A2      [11]  271 	rl	-26 (ix)
   01BD E7 E7 A2      [11]  272 	rl	-25 (ix)
                            273 ;../_fsdiv.c:313: exp--;
   01C0 F2 01 8F      [10]  274 	dec	1 (sp)
   01C3 F2 01 4A      [10]  275 	ld	hl, 1 (sp)
   01C6                     276 00106$:
                            277 ;../_fsdiv.c:317: mask = 0x1000000;
   01C6 F4 E8 37 00   [17]  278 	ld	-24 (ix),#0x00
   01CA F4 E9 37 00   [17]  279 	ld	-23 (ix),#0x00
   01CE F4 EA 37 00   [17]  280 	ld	-22 (ix),#0x00
   01D2 F4 EB 37 01   [17]  281 	ld	-21 (ix),#0x01
                            282 ;../_fsdiv.c:318: result = 0;
   01D6 FE 65         [ 7]  283 	xor	a, a
   01D8 F4 EC 26      [17]  284 	ld	-20 (ix),a
   01DB F4 ED 26      [17]  285 	ld	-19 (ix),a
   01DE F4 EE 26      [17]  286 	ld	-18 (ix),a
   01E1 F4 EF 26      [17]  287 	ld	-17 (ix),a
                            288 ;../_fsdiv.c:319: while (mask)
   01E4                     289 00109$:
   01E4 F0 EB 2E      [11]  290 	ld	a,-21 (ix)
   01E7 F0 EA 66      [11]  291 	or	a, -22 (ix)
   01EA F0 E9 66      [11]  292 	or	a, -23 (ix)
   01ED F0 E8 66      [11]  293 	or	a,-24 (ix)
   01F0 EBr87r02 C6   [ 4]  294 	jp	Z,00111$
                            295 ;../_fsdiv.c:321: if (mant1 >= mant2)
   01F4 F0 E4 2E      [11]  296 	ld	a,-28 (ix)
   01F7 F0 E0 62      [11]  297 	sub	a, -32 (ix)
   01FA F0 E5 2E      [11]  298 	ld	a,-27 (ix)
   01FD F0 E1 63      [11]  299 	sbc	a, -31 (ix)
   0200 F0 E6 2E      [11]  300 	ld	a,-26 (ix)
   0203 F0 E2 63      [11]  301 	sbc	a, -30 (ix)
   0206 F0 E7 2E      [11]  302 	ld	a,-25 (ix)
   0209 F0 E3 63      [11]  303 	sbc	a, -29 (ix)
   020C EBr12r02 CC   [ 4]  304 	jp	PO, 00171$
   0210 6D 80         [ 4]  305 	xor	a, #0x80
   0212                     306 00171$:
   0212 EBr66r02 C5   [ 4]  307 	jp	M,00108$
                            308 ;../_fsdiv.c:323: result |= mask;
   0216 F0 EC 2D      [11]  309 	ld	l,-20 (ix)
   0219 F0 ED 2C      [11]  310 	ld	h,-19 (ix)
   021C F0 EE 2A      [11]  311 	ld	d,-18 (ix)
   021F F0 EF 2B      [11]  312 	ld	e,-17 (ix)
   0222 25            [ 4]  313 	ld	a,l
   0223 F0 E8 66      [11]  314 	or	a, -24 (ix)
   0226 2D            [ 4]  315 	ld	l,a
   0227 24            [ 4]  316 	ld	a,h
   0228 F0 E9 66      [11]  317 	or	a, -23 (ix)
   022B 2C            [ 4]  318 	ld	h,a
   022C 22            [16]  319 	ld	a,d
   022D F0 EA 66      [11]  320 	or	a, -22 (ix)
   0230 29            [11]  321 	ld	c,a
   0231 23            [ 6]  322 	ld	a,e
   0232 F0 EB 66      [11]  323 	or	a, -21 (ix)
   0235 28            [12]  324 	ld	b,a
   0236 F4 EC 25      [17]  325 	ld	-20 (ix),l
   0239 F4 ED 24      [17]  326 	ld	-19 (ix),h
   023C F4 EE 21      [17]  327 	ld	-18 (ix),c
   023F F4 EF 20      [17]  328 	ld	-17 (ix),b
                            329 ;../_fsdiv.c:324: mant1 -= mant2;
   0242 F0 E4 2E      [11]  330 	ld	a,-28 (ix)
   0245 F0 E0 62      [11]  331 	sub	a, -32 (ix)
   0248 F4 E4 26      [17]  332 	ld	-28 (ix),a
   024B F0 E5 2E      [11]  333 	ld	a,-27 (ix)
   024E F0 E1 63      [11]  334 	sbc	a, -31 (ix)
   0251 F4 E5 26      [17]  335 	ld	-27 (ix),a
   0254 F0 E6 2E      [11]  336 	ld	a,-26 (ix)
   0257 F0 E2 63      [11]  337 	sbc	a, -30 (ix)
   025A F4 E6 26      [17]  338 	ld	-26 (ix),a
   025D F0 E7 2E      [11]  339 	ld	a,-25 (ix)
   0260 F0 E3 63      [11]  340 	sbc	a, -29 (ix)
   0263 F4 E7 26      [17]  341 	ld	-25 (ix),a
   0266                     342 00108$:
                            343 ;../_fsdiv.c:326: mant1 <<= 1;
   0266 56            [ 7]  344 	push	af
   0267 5E            [ 7]  345 	pop	af
   0268 E7 E4 A4      [11]  346 	sla	-28 (ix)
   026B E7 E5 A2      [11]  347 	rl	-27 (ix)
   026E E7 E6 A2      [11]  348 	rl	-26 (ix)
   0271 E7 E7 A2      [11]  349 	rl	-25 (ix)
                            350 ;../_fsdiv.c:327: mask >>= 1;
   0274 56            [ 7]  351 	push	af
   0275 5E            [ 7]  352 	pop	af
   0276 30 01         [12]  353 	ld	b,#0x01
   0278 E7 EB A7      [11]  354 	srl	-21 (ix)
   027B E7 EA A3      [11]  355 	rr	-22 (ix)
   027E E7 E9 A3      [11]  356 	rr	-23 (ix)
   0281 E7 E8 A3      [11]  357 	rr	-24 (ix)
   0284 1ArE4r01      [ 7]  358 	jp	00109$
   0287                     359 00111$:
                            360 ;../_fsdiv.c:331: result += 1;
   0287 F0 EC 87      [11]  361 	inc	-20 (ix)
   028A CE 0D         [ 7]  362 	jr	NZ,00176$
   028C F0 ED 87      [11]  363 	inc	-19 (ix)
   028F CE 08         [ 7]  364 	jr	NZ,00176$
   0291 F0 EE 87      [11]  365 	inc	-18 (ix)
   0294 CE 03         [ 7]  366 	jr	NZ,00176$
   0296 F0 EF 87      [11]  367 	inc	-17 (ix)
   0299                     368 00176$:
                            369 ;../_fsdiv.c:334: exp++;
   0299 F0 DE 87      [11]  370 	inc	-34 (ix)
   029C CE 03         [ 7]  371 	jr	NZ,00177$
   029E F0 DF 87      [11]  372 	inc	-33 (ix)
   02A1                     373 00177$:
                            374 ;../_fsdiv.c:335: result >>= 1;
   02A1 56            [ 7]  375 	push	af
   02A2 5E            [ 7]  376 	pop	af
   02A3 E7 EF A5      [11]  377 	sra	-17 (ix)
   02A6 E7 EE A3      [11]  378 	rr	-18 (ix)
   02A9 E7 ED A3      [11]  379 	rr	-19 (ix)
   02AC E7 EC A3      [11]  380 	rr	-20 (ix)
                            381 ;../_fsdiv.c:337: result &= ~HIDDEN;
   02AF F0 EC 2C      [11]  382 	ld	h,-20 (ix)
   02B2 F0 ED 2D      [11]  383 	ld	l,-19 (ix)
   02B5 F0 EE 2A      [11]  384 	ld	d,-18 (ix)
   02B8 F0 EF 2B      [11]  385 	ld	e,-17 (ix)
   02BB F4 EC 24      [17]  386 	ld	-20 (ix),h
   02BE F4 ED 25      [17]  387 	ld	-19 (ix),l
   02C1 22            [16]  388 	ld	a,d
   02C2 6C 7F         [ 4]  389 	and	a, #0x7F
   02C4 F4 EE 26      [17]  390 	ld	-18 (ix),a
   02C7 F4 EF 23      [17]  391 	ld	-17 (ix),e
                            392 ;../_fsdiv.c:340: if (exp >= 0x100)
   02CA F0 DF 2E      [11]  393 	ld	a,-33 (ix)
   02CD 6D 80         [ 4]  394 	xor	a, #0x80
   02CF 6A 81         [ 4]  395 	sub	a, #0x81
   02D1 EBr03r03 C7   [ 4]  396 	jp	C,00116$
                            397 ;../_fsdiv.c:341: fl1.l = (sign ? SIGNBIT : 0) | __INFINITY;
   02D5 3A 17 00      [13]  398 	ld	hl,#0x0017
   02D8 FE 70         [ 7]  399 	add	hl,sp
   02DA F0 DD 2E      [11]  400 	ld	a,-35 (ix)
   02DD FE 66         [ 7]  401 	or	a, a
   02DF C6 08         [ 7]  402 	jr	Z,00120$
   02E1 38 00 00      [12]  403 	ld	bc,#0x0000
   02E4 39 00 80      [11]  404 	ld	de,#0x8000
   02E7 C8 06         [11]  405 	jr	00121$
   02E9                     406 00120$:
   02E9 38 00 00      [12]  407 	ld	bc,#0x0000
   02EC 39 00 00      [11]  408 	ld	de,#0x0000
   02EF                     409 00121$:
   02EF FB BF         [ 4]  410 	set	7, e
   02F1 22            [16]  411 	ld	a,d
   02F2 6E 7F         [ 7]  412 	or	a, #0x7F
   02F4 2A            [16]  413 	ld	d,a
   02F5 EA 21         [10]  414 	ld	(hl),c
   02F7 92            [ 4]  415 	inc	hl
   02F8 EA 20         [10]  416 	ld	(hl),b
   02FA 92            [ 4]  417 	inc	hl
   02FB EA 23         [10]  418 	ld	(hl),e
   02FD 92            [ 4]  419 	inc	hl
   02FE EA 22         [10]  420 	ld	(hl),d
   0300 1ArB8r03      [ 7]  421 	jp	00117$
   0303                     422 00116$:
                            423 ;../_fsdiv.c:342: else if (exp < 0)
   0303 F0 DF AF      [11]  424 	bit	7, -33 (ix)
   0306 C6 17         [ 7]  425 	jr	Z,00113$
                            426 ;../_fsdiv.c:343: fl1.l = 0;
   0308 3A 17 00      [13]  427 	ld	hl,#0x0017
   030B FE 70         [ 7]  428 	add	hl,sp
   030D FE 65         [ 7]  429 	xor	a, a
   030F EA 26         [10]  430 	ld	(hl), a
   0311 92            [ 4]  431 	inc	hl
   0312 EA 26         [10]  432 	ld	(hl), a
   0314 92            [ 4]  433 	inc	hl
   0315 FE 65         [ 7]  434 	xor	a, a
   0317 EA 26         [10]  435 	ld	(hl), a
   0319 92            [ 4]  436 	inc	hl
   031A EA 26         [10]  437 	ld	(hl), a
   031C 1ArB8r03      [ 7]  438 	jp	00117$
   031F                     439 00113$:
                            440 ;../_fsdiv.c:345: fl1.l = PACK (sign ? SIGNBIT : 0 , exp, result);
   031F 3A 17 00      [13]  441 	ld	hl,#0x0017
   0322 FE 70         [ 7]  442 	add	hl,sp
   0324 F6 1F 42      [ 7]  443 	ld	31 (sp), hl
   0327 F0 DD 2E      [11]  444 	ld	a,-35 (ix)
   032A FE 66         [ 7]  445 	or	a, a
   032C C6 12         [ 7]  446 	jr	Z,00122$
   032E F4 F8 37 00   [17]  447 	ld	-8 (ix),#0x00
   0332 F4 F9 37 00   [17]  448 	ld	-7 (ix),#0x00
   0336 F4 FA 37 00   [17]  449 	ld	-6 (ix),#0x00
   033A F4 FB 37 80   [17]  450 	ld	-5 (ix),#0x80
   033E C8 0E         [11]  451 	jr	00123$
   0340                     452 00122$:
   0340 FE 65         [ 7]  453 	xor	a, a
   0342 F4 F8 26      [17]  454 	ld	-8 (ix),a
   0345 F4 F9 26      [17]  455 	ld	-7 (ix),a
   0348 F4 FA 26      [17]  456 	ld	-6 (ix),a
   034B F4 FB 26      [17]  457 	ld	-5 (ix),a
   034E                     458 00123$:
   034E F0 DE 2D      [11]  459 	ld	l,-34 (ix)
   0351 F0 DF 2C      [11]  460 	ld	h,-33 (ix)
   0354 F0 DF 2E      [11]  461 	ld	a,-33 (ix)
   0357 A2            [ 4]  462 	rla
   0358 FE 63         [ 7]  463 	sbc	a, a
   035A 2B            [ 6]  464 	ld	e,a
   035B 2A            [16]  465 	ld	d,a
   035C 30 17         [12]  466 	ld	b,#0x17
   035E                     467 00180$:
   035E FA 70         [10]  468 	add	hl, hl
   0360 FB A2         [ 4]  469 	rl	e
   0362 FA A2         [10]  470 	rl	d
   0364 18 F8         [12]  471 	djnz	00180$
   0366 F0 F8 2E      [11]  472 	ld	a,-8 (ix)
   0369 FD 66         [19]  473 	or	a, l
   036B F4 F8 26      [17]  474 	ld	-8 (ix),a
   036E F0 F9 2E      [11]  475 	ld	a,-7 (ix)
   0371 FC 66         [17]  476 	or	a, h
   0373 F4 F9 26      [17]  477 	ld	-7 (ix),a
   0376 F0 FA 2E      [11]  478 	ld	a,-6 (ix)
   0379 FB 66         [ 4]  479 	or	a, e
   037B F4 FA 26      [17]  480 	ld	-6 (ix),a
   037E F0 FB 2E      [11]  481 	ld	a,-5 (ix)
   0381 FA 66         [10]  482 	or	a, d
   0383 F4 FB 26      [17]  483 	ld	-5 (ix),a
   0386 F0 EC 2B      [11]  484 	ld	e,-20 (ix)
   0389 F0 ED 2A      [11]  485 	ld	d,-19 (ix)
   038C F0 EE 2D      [11]  486 	ld	l,-18 (ix)
   038F F0 EF 2C      [11]  487 	ld	h,-17 (ix)
   0392 F0 F8 2E      [11]  488 	ld	a,-8 (ix)
   0395 FB 66         [ 4]  489 	or	a, e
   0397 2B            [ 6]  490 	ld	e,a
   0398 F0 F9 2E      [11]  491 	ld	a,-7 (ix)
   039B FA 66         [10]  492 	or	a, d
   039D 2A            [16]  493 	ld	d,a
   039E F0 FA 2E      [11]  494 	ld	a,-6 (ix)
   03A1 FD 66         [19]  495 	or	a, l
   03A3 28            [12]  496 	ld	b,a
   03A4 F0 FB 2E      [11]  497 	ld	a,-5 (ix)
   03A7 FC 66         [17]  498 	or	a, h
   03A9 29            [11]  499 	ld	c,a
   03AA F2 1F 4A      [10]  500 	ld	hl, 31 (sp)
   03AD EA 23         [10]  501 	ld	(hl),e
   03AF 92            [ 4]  502 	inc	hl
   03B0 EA 22         [10]  503 	ld	(hl),d
   03B2 92            [ 4]  504 	inc	hl
   03B3 EA 20         [10]  505 	ld	(hl),b
   03B5 92            [ 4]  506 	inc	hl
   03B6 EA 21         [10]  507 	ld	(hl),c
   03B8                     508 00117$:
                            509 ;../_fsdiv.c:346: return (fl1.f);
   03B8 3A 17 00      [13]  510 	ld	hl,#0x0017
   03BB FE 70         [ 7]  511 	add	hl,sp
   03BD E2 28         [10]  512 	ld	b,(hl)
   03BF 92            [ 4]  513 	inc	hl
   03C0 E2 29         [10]  514 	ld	c,(hl)
   03C2 92            [ 4]  515 	inc	hl
   03C3 E2 2B         [10]  516 	ld	e,(hl)
   03C5 92            [ 4]  517 	inc	hl
   03C6 E2 2A         [10]  518 	ld	d,(hl)
   03C8 F8 35         [11]  519 	ld	l,b
   03CA F9 34         [ 6]  520 	ld	h,c
   03CC                     521 00118$:
   03CC FC 3E         [17]  522 	ld	sp, ix
   03CE 5C            [ 4]  523 	pop	ix
   03CF 1E            [ 7]  524 	ret
   03D0                     525 ___fsdiv_end::
                            526 	.area _HOME
                            527 ;--------------------------------------------------------
                            528 ; code
                            529 ;--------------------------------------------------------
                            530 	.area _CODE
                            531 	.area _CODE
                            532 	.area _INITIALIZER
                            533 	.area _CABS (ABS)
