                              1 ;--------------------------------------------------------
                              2 ; File Created by SDCC : free open source ANSI-C Compiler
                              3 ; Version 3.4.1 #9092 (Oct 23 2022) (Mac OS X x86_64)
                              4 ; This file was generated Sun Oct 23 01:39:48 2022
                              5 ;--------------------------------------------------------
                              6 	.module _modulong
                              7 	.optsdcc -mtlcs90
                              8 	
                              9 ;--------------------------------------------------------
                             10 ; Public variables in this module
                             11 ;--------------------------------------------------------
                             12 	.globl __modulong
                             13 ;--------------------------------------------------------
                             14 ; ram data
                             15 ;--------------------------------------------------------
                             16 	.area _DATA
                             17 ;--------------------------------------------------------
                             18 ; ram data
                             19 ;--------------------------------------------------------
                             20 	.area _INITIALIZED
                             21 ;--------------------------------------------------------
                             22 ; absolute external ram data
                             23 ;--------------------------------------------------------
                             24 	.area _DABS (ABS)
                             25 ;--------------------------------------------------------
                             26 ; global & static initialisations
                             27 ;--------------------------------------------------------
                             28 	.area _HOME
                             29 	.area _GSINIT
                             30 	.area _GSFINAL
                             31 	.area _GSINIT
                             32 ;--------------------------------------------------------
                             33 ; Home
                             34 ;--------------------------------------------------------
                             35 	.area _HOME
                             36 ;../_modulong.c:340: _modulong (unsigned long a, unsigned long b)
                             37 ;	---------------------------------
                             38 ; Function _modulong
                             39 ; ---------------------------------
   0000                      40 __modulong_start::
   0000                      41 __modulong:
   0000 54            [ 4]   42 	push	ix
   0001 3C 00 00      [ 4]   43 	ld	ix,#0
   0004 FE 14         [ 7]   44 	add	ix,sp
                             45 ;../_modulong.c:342: unsigned char count = 0;
                             46 ;../_modulong.c:344: while (!MSB_SET(b))
   0006 39 00 00      [11]   47 	ld	de,#0x0000
   0009                      48 00103$:
   0009 F0 0B 2E      [11]   49 	ld	a,11 (ix)
   000C FE A0         [ 7]   50 	rlc	a
   000E 6C 01         [ 4]   51 	and	a,#0x01
   0010 EBr52r00 CE   [ 4]   52 	jp	NZ,00117$
                             53 ;../_modulong.c:346: b <<= 1;
   0014 56            [ 7]   54 	push	af
   0015 5E            [ 7]   55 	pop	af
   0016 F0 08 A4      [11]   56 	sla	8 (ix)
   0019 F0 09 A2      [11]   57 	rl	9 (ix)
   001C F0 0A A2      [11]   58 	rl	10 (ix)
   001F F0 0B A2      [11]   59 	rl	11 (ix)
                             60 ;../_modulong.c:347: if (b > a)
   0022 F0 04 2E      [11]   61 	ld	a,4 (ix)
   0025 F0 08 62      [11]   62 	sub	a, 8 (ix)
   0028 F0 05 2E      [11]   63 	ld	a,5 (ix)
   002B F0 09 63      [11]   64 	sbc	a, 9 (ix)
   002E F0 06 2E      [11]   65 	ld	a,6 (ix)
   0031 F0 0A 63      [11]   66 	sbc	a, 10 (ix)
   0034 F0 07 2E      [11]   67 	ld	a,7 (ix)
   0037 F0 0B 63      [11]   68 	sbc	a, 11 (ix)
   003A CF 10         [11]   69 	jr	NC,00102$
                             70 ;../_modulong.c:349: b >>=1;
   003C 56            [ 7]   71 	push	af
   003D 5E            [ 7]   72 	pop	af
   003E F0 0B A7      [11]   73 	srl	11 (ix)
   0041 F0 0A A3      [11]   74 	rr	10 (ix)
   0044 F0 09 A3      [11]   75 	rr	9 (ix)
   0047 F0 08 A3      [11]   76 	rr	8 (ix)
                             77 ;../_modulong.c:350: break;
   004A C8 06         [11]   78 	jr	00117$
   004C                      79 00102$:
                             80 ;../_modulong.c:352: count++;
   004C 83            [ 4]   81 	inc	e
   004D FB 32         [ 4]   82 	ld	d,e
   004F 1Ar09r00      [ 7]   83 	jp	00103$
                             84 ;../_modulong.c:354: do
   0052                      85 00117$:
   0052                      86 00108$:
                             87 ;../_modulong.c:356: if (a >= b)
   0052 F0 04 2E      [11]   88 	ld	a,4 (ix)
   0055 F0 08 62      [11]   89 	sub	a, 8 (ix)
   0058 F0 05 2E      [11]   90 	ld	a,5 (ix)
   005B F0 09 63      [11]   91 	sbc	a, 9 (ix)
   005E F0 06 2E      [11]   92 	ld	a,6 (ix)
   0061 F0 0A 63      [11]   93 	sbc	a, 10 (ix)
   0064 F0 07 2E      [11]   94 	ld	a,7 (ix)
   0067 F0 0B 63      [11]   95 	sbc	a, 11 (ix)
   006A C7 24         [11]   96 	jr	C,00107$
                             97 ;../_modulong.c:357: a -= b;
   006C F0 04 2E      [11]   98 	ld	a,4 (ix)
   006F F0 08 62      [11]   99 	sub	a, 8 (ix)
   0072 F4 04 26      [17]  100 	ld	4 (ix),a
   0075 F0 05 2E      [11]  101 	ld	a,5 (ix)
   0078 F0 09 63      [11]  102 	sbc	a, 9 (ix)
   007B F4 05 26      [17]  103 	ld	5 (ix),a
   007E F0 06 2E      [11]  104 	ld	a,6 (ix)
   0081 F0 0A 63      [11]  105 	sbc	a, 10 (ix)
   0084 F4 06 26      [17]  106 	ld	6 (ix),a
   0087 F0 07 2E      [11]  107 	ld	a,7 (ix)
   008A F0 0B 63      [11]  108 	sbc	a, 11 (ix)
   008D F4 07 26      [17]  109 	ld	7 (ix),a
   0090                     110 00107$:
                            111 ;../_modulong.c:358: b >>= 1;
   0090 56            [ 7]  112 	push	af
   0091 5E            [ 7]  113 	pop	af
   0092 F0 0B A7      [11]  114 	srl	11 (ix)
   0095 F0 0A A3      [11]  115 	rr	10 (ix)
   0098 F0 09 A3      [11]  116 	rr	9 (ix)
   009B F0 08 A3      [11]  117 	rr	8 (ix)
                            118 ;../_modulong.c:360: while (count--);
   009E FA 34         [10]  119 	ld	h,d
   00A0 8A            [ 4]  120 	dec	d
   00A1 24            [ 4]  121 	ld	a,h
   00A2 FE 66         [ 7]  122 	or	a, a
   00A4 EBr52r00 CE   [ 4]  123 	jp	NZ,00108$
                            124 ;../_modulong.c:362: return a;
   00A8 F0 04 2D      [11]  125 	ld	l,4 (ix)
   00AB F0 05 2C      [11]  126 	ld	h,5 (ix)
   00AE F0 06 2B      [11]  127 	ld	e,6 (ix)
   00B1 F0 07 2A      [11]  128 	ld	d,7 (ix)
   00B4 5C            [ 4]  129 	pop	ix
   00B5 1E            [ 7]  130 	ret
   00B6                     131 __modulong_end::
                            132 	.area _HOME
                            133 ;--------------------------------------------------------
                            134 ; code
                            135 ;--------------------------------------------------------
                            136 	.area _CODE
                            137 	.area _CODE
                            138 	.area _INITIALIZER
                            139 	.area _CABS (ABS)
