                              1 ;--------------------------------------------------------
                              2 ; File Created by SDCC : free open source ANSI-C Compiler
                              3 ; Version 3.4.1 #9092 (Oct 23 2022) (Mac OS X x86_64)
                              4 ; This file was generated Sun Oct 23 01:39:48 2022
                              5 ;--------------------------------------------------------
                              6 	.module _modslong
                              7 	.optsdcc -mtlcs90
                              8 	
                              9 ;--------------------------------------------------------
                             10 ; Public variables in this module
                             11 ;--------------------------------------------------------
                             12 	.globl __modslong
                             13 ;--------------------------------------------------------
                             14 ; ram data
                             15 ;--------------------------------------------------------
                             16 	.area _DATA
                             17 ;--------------------------------------------------------
                             18 ; ram data
                             19 ;--------------------------------------------------------
                             20 	.area _INITIALIZED
                             21 ;--------------------------------------------------------
                             22 ; absolute external ram data
                             23 ;--------------------------------------------------------
                             24 	.area _DABS (ABS)
                             25 ;--------------------------------------------------------
                             26 ; global & static initialisations
                             27 ;--------------------------------------------------------
                             28 	.area _HOME
                             29 	.area _GSINIT
                             30 	.area _GSFINAL
                             31 	.area _GSINIT
                             32 ;--------------------------------------------------------
                             33 ; Home
                             34 ;--------------------------------------------------------
                             35 	.area _HOME
                             36 ;../_modslong.c:259: _modslong (long a, long b)
                             37 ;	---------------------------------
                             38 ; Function _modslong
                             39 ; ---------------------------------
   0000                      40 __modslong_start::
   0000                      41 __modslong:
   0000 54            [ 4]   42 	push	ix
   0001 3C 00 00      [ 4]   43 	ld	ix,#0
   0004 FE 14         [ 7]   44 	add	ix,sp
   0006 16 FB FF      [ 7]   45 	add	sp, #-5
                             46 ;../_modslong.c:263: r = (unsigned long)(a < 0 ? -a : a) % (unsigned long)(b < 0 ? -b : b);
   0009 F0 07 2E      [11]   47 	ld	a,7 (ix)
   000C A0            [ 4]   48 	rlca
   000D 6C 01         [ 4]   49 	and	a,#0x01
   000F F4 FF 26      [17]   50 	ld	-1 (ix), a
   0012 FE 66         [ 7]   51 	or	a, a
   0014 C6 1A         [ 7]   52 	jr	Z,00106$
   0016 FE 65         [ 7]   53 	xor	a, a
   0018 F0 04 62      [11]   54 	sub	a, 4 (ix)
   001B 2D            [ 4]   55 	ld	l,a
   001C 36 00         [10]   56 	ld	a, #0x00
   001E F0 05 63      [11]   57 	sbc	a, 5 (ix)
   0021 2C            [ 4]   58 	ld	h,a
   0022 36 00         [10]   59 	ld	a, #0x00
   0024 F0 06 63      [11]   60 	sbc	a, 6 (ix)
   0027 2B            [ 6]   61 	ld	e,a
   0028 36 00         [10]   62 	ld	a, #0x00
   002A F0 07 63      [11]   63 	sbc	a, 7 (ix)
   002D 2A            [16]   64 	ld	d,a
   002E C8 0C         [11]   65 	jr	00107$
   0030                      66 00106$:
   0030 F0 04 2D      [11]   67 	ld	l,4 (ix)
   0033 F0 05 2C      [11]   68 	ld	h,5 (ix)
   0036 F0 06 2B      [11]   69 	ld	e,6 (ix)
   0039 F0 07 2A      [11]   70 	ld	d,7 (ix)
   003C                      71 00107$:
   003C F4 FB 25      [17]   72 	ld	-5 (ix),l
   003F F4 FC 24      [17]   73 	ld	-4 (ix),h
   0042 F4 FD 23      [17]   74 	ld	-3 (ix),e
   0045 F4 FE 22      [17]   75 	ld	-2 (ix),d
   0048 F0 0B AF      [11]   76 	bit	7, 11 (ix)
   004B C6 1A         [ 7]   77 	jr	Z,00108$
   004D FE 65         [ 7]   78 	xor	a, a
   004F F0 08 62      [11]   79 	sub	a, 8 (ix)
   0052 29            [11]   80 	ld	c,a
   0053 36 00         [10]   81 	ld	a, #0x00
   0055 F0 09 63      [11]   82 	sbc	a, 9 (ix)
   0058 28            [12]   83 	ld	b,a
   0059 36 00         [10]   84 	ld	a, #0x00
   005B F0 0A 63      [11]   85 	sbc	a, 10 (ix)
   005E 2D            [ 4]   86 	ld	l,a
   005F 36 00         [10]   87 	ld	a, #0x00
   0061 F0 0B 63      [11]   88 	sbc	a, 11 (ix)
   0064 2C            [ 4]   89 	ld	h,a
   0065 C8 0C         [11]   90 	jr	00109$
   0067                      91 00108$:
   0067 F0 08 29      [11]   92 	ld	c,8 (ix)
   006A F0 09 28      [11]   93 	ld	b,9 (ix)
   006D F0 0A 2D      [11]   94 	ld	l,10 (ix)
   0070 F0 0B 2C      [11]   95 	ld	h,11 (ix)
   0073                      96 00109$:
   0073 52            [ 4]   97 	push	hl
   0074 50            [ 4]   98 	push	bc
   0075 F2 06 4A      [10]   99 	ld	hl, 6 (sp)
   0078 52            [ 4]  100 	push	hl
   0079 F2 06 4A      [10]  101 	ld	hl, 6 (sp)
   007C 52            [ 4]  102 	push	hl
   007D 1Cr00r00      [ 4]  103 	call	__modulong
   0080 16 08 00      [ 7]  104 	add	sp, #8
                            105 ;../_modslong.c:265: if (a < 0)
   0083 F0 FF 2E      [11]  106 	ld	a,-1 (ix)
   0086 FE 66         [ 7]  107 	or	a, a
   0088 C6 14         [ 7]  108 	jr	Z,00102$
                            109 ;../_modslong.c:266: return -r;
   008A FE 65         [ 7]  110 	xor	a, a
   008C FD 62               111 	sub	a, l
   008E 2D            [ 4]  112 	ld	l,a
   008F 36 00         [10]  113 	ld	a, #0x00
   0091 FC 63         [17]  114 	sbc	a, h
   0093 2C            [ 4]  115 	ld	h,a
   0094 36 00         [10]  116 	ld	a, #0x00
   0096 FB 63         [ 4]  117 	sbc	a, e
   0098 2B            [ 6]  118 	ld	e,a
   0099 36 00         [10]  119 	ld	a, #0x00
   009B FA 63         [10]  120 	sbc	a, d
   009D 2A            [16]  121 	ld	d,a
                            122 ;../_modslong.c:268: return r;
   009E                     123 00102$:
   009E FC 3E         [17]  124 	ld	sp, ix
   00A0 5C            [ 4]  125 	pop	ix
   00A1 1E            [ 7]  126 	ret
   00A2                     127 __modslong_end::
                            128 	.area _HOME
                            129 ;--------------------------------------------------------
                            130 ; code
                            131 ;--------------------------------------------------------
                            132 	.area _CODE
                            133 	.area _CODE
                            134 	.area _INITIALIZER
                            135 	.area _CABS (ABS)
