                              1 ;--------------------------------------------------------
                              2 ; File Created by SDCC : free open source ANSI-C Compiler
                              3 ; Version 3.4.1 #9092 (Oct 23 2022) (Mac OS X x86_64)
                              4 ; This file was generated Sun Oct 23 01:39:46 2022
                              5 ;--------------------------------------------------------
                              6 	.module coshf
                              7 	.optsdcc -mtlcs90
                              8 	
                              9 ;--------------------------------------------------------
                             10 ; Public variables in this module
                             11 ;--------------------------------------------------------
                             12 	.globl _sincoshf
                             13 	.globl _coshf
                             14 ;--------------------------------------------------------
                             15 ; ram data
                             16 ;--------------------------------------------------------
                             17 	.area _DATA
                             18 ;--------------------------------------------------------
                             19 ; ram data
                             20 ;--------------------------------------------------------
                             21 	.area _INITIALIZED
                             22 ;--------------------------------------------------------
                             23 ; absolute external ram data
                             24 ;--------------------------------------------------------
                             25 	.area _DABS (ABS)
                             26 ;--------------------------------------------------------
                             27 ; global & static initialisations
                             28 ;--------------------------------------------------------
                             29 	.area _HOME
                             30 	.area _GSINIT
                             31 	.area _GSFINAL
                             32 	.area _GSINIT
                             33 ;--------------------------------------------------------
                             34 ; Home
                             35 ;--------------------------------------------------------
                             36 	.area _HOME
                             37 	.area _HOME
                             38 ;--------------------------------------------------------
                             39 ; code
                             40 ;--------------------------------------------------------
                             41 	.area _CODE
                             42 ;../coshf.c:36: float coshf(float x) _FLOAT_FUNC_REENTRANT
                             43 ;	---------------------------------
                             44 ; Function coshf
                             45 ; ---------------------------------
   0000                      46 _coshf_start::
   0000                      47 _coshf:
                             48 ;../coshf.c:38: return sincoshf(x, 1);
   0000 36 01         [10]   49 	ld	a,#0x01
   0002 56            [ 7]   50 	push	af
   0003 96            [ 7]   51 	inc	sp
   0004 F2 05 4A      [10]   52 	ld	hl, 5 (sp)
   0007 52            [ 4]   53 	push	hl
   0008 F2 05 4A      [10]   54 	ld	hl, 5 (sp)
   000B 52            [ 4]   55 	push	hl
   000C 1Cr00r00      [ 4]   56 	call	_sincoshf
   000F 16 05 00      [ 7]   57 	add	sp, #5
   0012 1E            [ 7]   58 	ret
   0013                      59 _coshf_end::
                             60 	.area _CODE
                             61 	.area _INITIALIZER
                             62 	.area _CABS (ABS)
