                              1 ;--------------------------------------------------------
                              2 ; File Created by SDCC : free open source ANSI-C Compiler
                              3 ; Version 3.4.1 #9092 (Oct 23 2022) (Mac OS X x86_64)
                              4 ; This file was generated Sun Oct 23 01:39:51 2022
                              5 ;--------------------------------------------------------
                              6 	.module isalpha
                              7 	.optsdcc -mtlcs90
                              8 	
                              9 ;--------------------------------------------------------
                             10 ; Public variables in this module
                             11 ;--------------------------------------------------------
                             12 	.globl _isalpha
                             13 ;--------------------------------------------------------
                             14 ; ram data
                             15 ;--------------------------------------------------------
                             16 	.area _DATA
                             17 ;--------------------------------------------------------
                             18 ; ram data
                             19 ;--------------------------------------------------------
                             20 	.area _INITIALIZED
                             21 ;--------------------------------------------------------
                             22 ; absolute external ram data
                             23 ;--------------------------------------------------------
                             24 	.area _DABS (ABS)
                             25 ;--------------------------------------------------------
                             26 ; global & static initialisations
                             27 ;--------------------------------------------------------
                             28 	.area _HOME
                             29 	.area _GSINIT
                             30 	.area _GSFINAL
                             31 	.area _GSINIT
                             32 ;--------------------------------------------------------
                             33 ; Home
                             34 ;--------------------------------------------------------
                             35 	.area _HOME
                             36 	.area _HOME
                             37 ;--------------------------------------------------------
                             38 ; code
                             39 ;--------------------------------------------------------
                             40 	.area _CODE
                             41 ;../isalpha.c:37: int isalpha (int c)
                             42 ;	---------------------------------
                             43 ; Function isalpha
                             44 ; ---------------------------------
   0000                      45 _isalpha_start::
   0000                      46 _isalpha:
   0000 9E            [ 7]   47 	dec	sp
                             48 ;../isalpha.c:39: return (isupper (c) || islower (c));
   0001 F2 03 4A      [10]   49 	ld	hl, 3 (sp)
                             50 ;./../../include/ctype.h:65: return (c >= 'A' && c <= 'Z');
   0004 25            [ 4]   51 	ld	a,l
   0005 6A 41         [ 4]   52 	sub	a, #0x41
   0007 24            [ 4]   53 	ld	a,h
   0008 A2            [ 4]   54 	rla
   0009 0E            [ 7]   55 	ccf
   000A A3            [ 4]   56 	rra
   000B 6B 80         [ 4]   57 	sbc	a, #0x80
   000D C7 12         [11]   58 	jr	C,00110$
   000F 36 5A         [10]   59 	ld	a,#0x5A
   0011 FD 67                60 	cp	a, l
   0013 36 00         [10]   61 	ld	a,#0x00
   0015 FC 63         [17]   62 	sbc	a, h
   0017 EBr1Dr00 CC   [ 4]   63 	jp	PO, 00124$
   001B 6D 80         [ 4]   64 	xor	a, #0x80
   001D                      65 00124$:
   001D EBr42r00 CD   [ 4]   66 	jp	P,00106$
   0021                      67 00110$:
                             68 ;./../../include/ctype.h:60: return (c >= 'a' && c <= 'z');
   0021 25            [ 4]   69 	ld	a,l
   0022 6A 61         [ 4]   70 	sub	a, #0x61
   0024 24            [ 4]   71 	ld	a,h
   0025 A2            [ 4]   72 	rla
   0026 0E            [ 7]   73 	ccf
   0027 A3            [ 4]   74 	rra
   0028 6B 80         [ 4]   75 	sbc	a, #0x80
   002A C7 12         [11]   76 	jr	C,00113$
   002C 36 7A         [10]   77 	ld	a,#0x7A
   002E FD 67                78 	cp	a, l
   0030 36 00         [10]   79 	ld	a,#0x00
   0032 FC 63         [17]   80 	sbc	a, h
   0034 EBr3Ar00 CC   [ 4]   81 	jp	PO, 00125$
   0038 6D 80         [ 4]   82 	xor	a, #0x80
   003A                      83 00125$:
   003A EBr42r00 CD   [ 4]   84 	jp	P,00106$
   003E                      85 00113$:
                             86 ;../isalpha.c:39: return (isupper (c) || islower (c));
   003E 36 00         [10]   87 	ld	a,#0x00
   0040 C8 02         [11]   88 	jr	00107$
   0042                      89 00106$:
   0042 36 01         [10]   90 	ld	a,#0x01
   0044                      91 00107$:
   0044 2D            [ 4]   92 	ld	l,a
   0045 A2            [ 4]   93 	rla
   0046 FE 63         [ 7]   94 	sbc	a, a
   0048 2C            [ 4]   95 	ld	h,a
   0049 96            [ 7]   96 	inc	sp
   004A 1E            [ 7]   97 	ret
   004B                      98 _isalpha_end::
                             99 	.area _CODE
                            100 	.area _INITIALIZER
                            101 	.area _CABS (ABS)
