                              1 ;--------------------------------------------------------
                              2 ; File Created by SDCC : free open source ANSI-C Compiler
                              3 ; Version 3.4.1 #9092 (Oct 23 2022) (Mac OS X x86_64)
                              4 ; This file was generated Sun Oct 23 01:39:51 2022
                              5 ;--------------------------------------------------------
                              6 	.module isalnum
                              7 	.optsdcc -mtlcs90
                              8 	
                              9 ;--------------------------------------------------------
                             10 ; Public variables in this module
                             11 ;--------------------------------------------------------
                             12 	.globl _isalpha
                             13 	.globl _isalnum
                             14 ;--------------------------------------------------------
                             15 ; ram data
                             16 ;--------------------------------------------------------
                             17 	.area _DATA
                             18 ;--------------------------------------------------------
                             19 ; ram data
                             20 ;--------------------------------------------------------
                             21 	.area _INITIALIZED
                             22 ;--------------------------------------------------------
                             23 ; absolute external ram data
                             24 ;--------------------------------------------------------
                             25 	.area _DABS (ABS)
                             26 ;--------------------------------------------------------
                             27 ; global & static initialisations
                             28 ;--------------------------------------------------------
                             29 	.area _HOME
                             30 	.area _GSINIT
                             31 	.area _GSFINAL
                             32 	.area _GSINIT
                             33 ;--------------------------------------------------------
                             34 ; Home
                             35 ;--------------------------------------------------------
                             36 	.area _HOME
                             37 	.area _HOME
                             38 ;--------------------------------------------------------
                             39 ; code
                             40 ;--------------------------------------------------------
                             41 	.area _CODE
                             42 ;../isalnum.c:37: int isalnum (int c)
                             43 ;	---------------------------------
                             44 ; Function isalnum
                             45 ; ---------------------------------
   0000                      46 _isalnum_start::
   0000                      47 _isalnum:
   0000 9E            [ 7]   48 	dec	sp
                             49 ;../isalnum.c:39: return (isalpha (c) || isdigit (c));
   0001 F2 03 4A      [10]   50 	ld	hl, 3 (sp)
   0004 52            [ 4]   51 	push	hl
   0005 1Cr00r00      [ 4]   52 	call	_isalpha
   0008 16 02 00      [ 7]   53 	add	sp, #2
   000B 24            [ 4]   54 	ld	a,h
   000C FD 66         [19]   55 	or	a,l
   000E CE 24         [ 7]   56 	jr	NZ,00105$
   0010 F2 03 4A      [10]   57 	ld	hl, 3 (sp)
                             58 ;./../../include/ctype.h:55: return (c >= '0' && c <= '9');
   0013 25            [ 4]   59 	ld	a,l
   0014 6A 30         [ 4]   60 	sub	a, #0x30
   0016 24            [ 4]   61 	ld	a,h
   0017 A2            [ 4]   62 	rla
   0018 0E            [ 7]   63 	ccf
   0019 A3            [ 4]   64 	rra
   001A 6B 80         [ 4]   65 	sbc	a, #0x80
   001C C7 12         [11]   66 	jr	C,00109$
   001E 36 39         [10]   67 	ld	a,#0x39
   0020 FD 67                68 	cp	a, l
   0022 36 00         [10]   69 	ld	a,#0x00
   0024 FC 63         [17]   70 	sbc	a, h
   0026 EBr2Cr00 CC   [ 4]   71 	jp	PO, 00119$
   002A 6D 80         [ 4]   72 	xor	a, #0x80
   002C                      73 00119$:
   002C EBr34r00 CD   [ 4]   74 	jp	P,00105$
   0030                      75 00109$:
                             76 ;../isalnum.c:39: return (isalpha (c) || isdigit (c));
   0030 36 00         [10]   77 	ld	a,#0x00
   0032 C8 02         [11]   78 	jr	00106$
   0034                      79 00105$:
   0034 36 01         [10]   80 	ld	a,#0x01
   0036                      81 00106$:
   0036 2D            [ 4]   82 	ld	l,a
   0037 A2            [ 4]   83 	rla
   0038 FE 63         [ 7]   84 	sbc	a, a
   003A 2C            [ 4]   85 	ld	h,a
   003B 96            [ 7]   86 	inc	sp
   003C 1E            [ 7]   87 	ret
   003D                      88 _isalnum_end::
                             89 	.area _CODE
                             90 	.area _INITIALIZER
                             91 	.area _CABS (ABS)
