                              1 ;--------------------------------------------------------
                              2 ; File Created by SDCC : free open source ANSI-C Compiler
                              3 ; Version 3.4.1 #9092 (Oct 23 2022) (Mac OS X x86_64)
                              4 ; This file was generated Sun Oct 23 01:39:51 2022
                              5 ;--------------------------------------------------------
                              6 	.module isblank
                              7 	.optsdcc -mtlcs90
                              8 	
                              9 ;--------------------------------------------------------
                             10 ; Public variables in this module
                             11 ;--------------------------------------------------------
                             12 	.globl _isblank
                             13 ;--------------------------------------------------------
                             14 ; ram data
                             15 ;--------------------------------------------------------
                             16 	.area _DATA
                             17 ;--------------------------------------------------------
                             18 ; ram data
                             19 ;--------------------------------------------------------
                             20 	.area _INITIALIZED
                             21 ;--------------------------------------------------------
                             22 ; absolute external ram data
                             23 ;--------------------------------------------------------
                             24 	.area _DABS (ABS)
                             25 ;--------------------------------------------------------
                             26 ; global & static initialisations
                             27 ;--------------------------------------------------------
                             28 	.area _HOME
                             29 	.area _GSINIT
                             30 	.area _GSFINAL
                             31 	.area _GSINIT
                             32 ;--------------------------------------------------------
                             33 ; Home
                             34 ;--------------------------------------------------------
                             35 	.area _HOME
                             36 	.area _HOME
                             37 ;--------------------------------------------------------
                             38 ; code
                             39 ;--------------------------------------------------------
                             40 	.area _CODE
                             41 ;../isblank.c:33: int isblank (int c)
                             42 ;	---------------------------------
                             43 ; Function isblank
                             44 ; ---------------------------------
   0000                      45 _isblank_start::
   0000                      46 _isblank:
                             47 ;../isblank.c:35: return (c == ' ' || c == '\t');
   0000 3D 02 00      [ 4]   48 	ld	iy,#2
   0003 FE 15         [ 7]   49 	add	iy,sp
   0005 E5 2E         [11]   50 	ld	a,0 (iy)
   0007 6A 20         [ 4]   51 	sub	a, #0x20
   0009 CE 07         [ 7]   52 	jr	NZ,00114$
   000B F1 01 2E      [10]   53 	ld	a,1 (iy)
   000E FE 66         [ 7]   54 	or	a, a
   0010 C6 11         [ 7]   55 	jr	Z,00104$
   0012                      56 00114$:
   0012 E5 2E         [11]   57 	ld	a,0 (iy)
   0014 6A 09         [ 4]   58 	sub	a, #0x09
   0016 CE 07         [ 7]   59 	jr	NZ,00115$
   0018 F1 01 2E      [10]   60 	ld	a,1 (iy)
   001B FE 66         [ 7]   61 	or	a, a
   001D C6 04         [ 7]   62 	jr	Z,00104$
   001F                      63 00115$:
   001F 36 00         [10]   64 	ld	a,#0x00
   0021 C8 02         [11]   65 	jr	00105$
   0023                      66 00104$:
   0023 36 01         [10]   67 	ld	a,#0x01
   0025                      68 00105$:
   0025 2D            [ 4]   69 	ld	l,a
   0026 A2            [ 4]   70 	rla
   0027 FE 63         [ 7]   71 	sbc	a, a
   0029 2C            [ 4]   72 	ld	h,a
   002A 1E            [ 7]   73 	ret
   002B                      74 _isblank_end::
                             75 	.area _CODE
                             76 	.area _INITIALIZER
                             77 	.area _CABS (ABS)
