                              1 ;--------------------------------------------------------
                              2 ; File Created by SDCC : free open source ANSI-C Compiler
                              3 ; Version 3.4.1 #9092 (Oct 23 2022) (Mac OS X x86_64)
                              4 ; This file was generated Sun Oct 23 01:39:51 2022
                              5 ;--------------------------------------------------------
                              6 	.module iscntrl
                              7 	.optsdcc -mtlcs90
                              8 	
                              9 ;--------------------------------------------------------
                             10 ; Public variables in this module
                             11 ;--------------------------------------------------------
                             12 	.globl _iscntrl
                             13 ;--------------------------------------------------------
                             14 ; ram data
                             15 ;--------------------------------------------------------
                             16 	.area _DATA
                             17 ;--------------------------------------------------------
                             18 ; ram data
                             19 ;--------------------------------------------------------
                             20 	.area _INITIALIZED
                             21 ;--------------------------------------------------------
                             22 ; absolute external ram data
                             23 ;--------------------------------------------------------
                             24 	.area _DABS (ABS)
                             25 ;--------------------------------------------------------
                             26 ; global & static initialisations
                             27 ;--------------------------------------------------------
                             28 	.area _HOME
                             29 	.area _GSINIT
                             30 	.area _GSFINAL
                             31 	.area _GSINIT
                             32 ;--------------------------------------------------------
                             33 ; Home
                             34 ;--------------------------------------------------------
                             35 	.area _HOME
                             36 	.area _HOME
                             37 ;--------------------------------------------------------
                             38 ; code
                             39 ;--------------------------------------------------------
                             40 	.area _CODE
                             41 ;../iscntrl.c:33: int iscntrl (int c)
                             42 ;	---------------------------------
                             43 ; Function iscntrl
                             44 ; ---------------------------------
   0000                      45 _iscntrl_start::
   0000                      46 _iscntrl:
                             47 ;../iscntrl.c:35: return (c < ' ' || c == 0x7f);
   0000 3D 02 00      [ 4]   48 	ld	iy,#2
   0003 FE 15         [ 7]   49 	add	iy,sp
   0005 E5 2E         [11]   50 	ld	a,0 (iy)
   0007 6A 20         [ 4]   51 	sub	a, #0x20
   0009 F1 01 2E      [10]   52 	ld	a,1 (iy)
   000C A2            [ 4]   53 	rla
   000D 0E            [ 7]   54 	ccf
   000E A3            [ 4]   55 	rra
   000F 6B 80         [ 4]   56 	sbc	a, #0x80
   0011 C7 11         [11]   57 	jr	C,00104$
   0013 E5 2E         [11]   58 	ld	a,0 (iy)
   0015 6A 7F         [ 4]   59 	sub	a, #0x7F
   0017 CE 07         [ 7]   60 	jr	NZ,00114$
   0019 F1 01 2E      [10]   61 	ld	a,1 (iy)
   001C FE 66         [ 7]   62 	or	a, a
   001E C6 04         [ 7]   63 	jr	Z,00104$
   0020                      64 00114$:
   0020 36 00         [10]   65 	ld	a,#0x00
   0022 C8 02         [11]   66 	jr	00105$
   0024                      67 00104$:
   0024 36 01         [10]   68 	ld	a,#0x01
   0026                      69 00105$:
   0026 2D            [ 4]   70 	ld	l,a
   0027 A2            [ 4]   71 	rla
   0028 FE 63         [ 7]   72 	sbc	a, a
   002A 2C            [ 4]   73 	ld	h,a
   002B 1E            [ 7]   74 	ret
   002C                      75 _iscntrl_end::
                             76 	.area _CODE
                             77 	.area _INITIALIZER
                             78 	.area _CABS (ABS)
