                              1 ;--------------------------------------------------------
                              2 ; File Created by SDCC : free open source ANSI-C Compiler
                              3 ; Version 3.4.1 #9092 (Oct 23 2022) (Mac OS X x86_64)
                              4 ; This file was generated Sun Oct 23 01:39:51 2022
                              5 ;--------------------------------------------------------
                              6 	.module isgraph
                              7 	.optsdcc -mtlcs90
                              8 	
                              9 ;--------------------------------------------------------
                             10 ; Public variables in this module
                             11 ;--------------------------------------------------------
                             12 	.globl _isgraph
                             13 ;--------------------------------------------------------
                             14 ; ram data
                             15 ;--------------------------------------------------------
                             16 	.area _DATA
                             17 ;--------------------------------------------------------
                             18 ; ram data
                             19 ;--------------------------------------------------------
                             20 	.area _INITIALIZED
                             21 ;--------------------------------------------------------
                             22 ; absolute external ram data
                             23 ;--------------------------------------------------------
                             24 	.area _DABS (ABS)
                             25 ;--------------------------------------------------------
                             26 ; global & static initialisations
                             27 ;--------------------------------------------------------
                             28 	.area _HOME
                             29 	.area _GSINIT
                             30 	.area _GSFINAL
                             31 	.area _GSINIT
                             32 ;--------------------------------------------------------
                             33 ; Home
                             34 ;--------------------------------------------------------
                             35 	.area _HOME
                             36 	.area _HOME
                             37 ;--------------------------------------------------------
                             38 ; code
                             39 ;--------------------------------------------------------
                             40 	.area _CODE
                             41 ;../isgraph.c:33: int isgraph (int c)
                             42 ;	---------------------------------
                             43 ; Function isgraph
                             44 ; ---------------------------------
   0000                      45 _isgraph_start::
   0000                      46 _isgraph:
   0000 9E            [ 7]   47 	dec	sp
                             48 ;../isgraph.c:35: return (c > ' ' && c <= '~');
   0001 36 20         [10]   49 	ld	a,#0x20
   0003 3D 03 00      [ 4]   50 	ld	iy,#3
   0006 FE 15         [ 7]   51 	add	iy,sp
   0008 E5 67         [11]   52 	cp	a, 0 (iy)
   000A 36 00         [10]   53 	ld	a,#0x00
   000C F1 01 63      [10]   54 	sbc	a, 1 (iy)
   000F EBr15r00 CC   [ 4]   55 	jp	PO, 00110$
   0013 6D 80         [ 4]   56 	xor	a, #0x80
   0015                      57 00110$:
   0015 EBr31r00 CD   [ 4]   58 	jp	P,00103$
   0019 36 7E         [10]   59 	ld	a,#0x7E
   001B 3D 03 00      [ 4]   60 	ld	iy,#3
   001E FE 15         [ 7]   61 	add	iy,sp
   0020 E5 67         [11]   62 	cp	a, 0 (iy)
   0022 36 00         [10]   63 	ld	a,#0x00
   0024 F1 01 63      [10]   64 	sbc	a, 1 (iy)
   0027 EBr2Dr00 CC   [ 4]   65 	jp	PO, 00111$
   002B 6D 80         [ 4]   66 	xor	a, #0x80
   002D                      67 00111$:
   002D EBr35r00 CD   [ 4]   68 	jp	P,00104$
   0031                      69 00103$:
   0031 36 00         [10]   70 	ld	a,#0x00
   0033 C8 02         [11]   71 	jr	00105$
   0035                      72 00104$:
   0035 36 01         [10]   73 	ld	a,#0x01
   0037                      74 00105$:
   0037 2D            [ 4]   75 	ld	l,a
   0038 A2            [ 4]   76 	rla
   0039 FE 63         [ 7]   77 	sbc	a, a
   003B 2C            [ 4]   78 	ld	h,a
   003C 96            [ 7]   79 	inc	sp
   003D 1E            [ 7]   80 	ret
   003E                      81 _isgraph_end::
                             82 	.area _CODE
                             83 	.area _INITIALIZER
                             84 	.area _CABS (ABS)
