                              1 ;--------------------------------------------------------
                              2 ; File Created by SDCC : free open source ANSI-C Compiler
                              3 ; Version 3.4.1 #9092 (Oct 23 2022) (Mac OS X x86_64)
                              4 ; This file was generated Sun Oct 23 01:39:52 2022
                              5 ;--------------------------------------------------------
                              6 	.module ispunct
                              7 	.optsdcc -mtlcs90
                              8 	
                              9 ;--------------------------------------------------------
                             10 ; Public variables in this module
                             11 ;--------------------------------------------------------
                             12 	.globl _isalnum
                             13 	.globl _isspace
                             14 	.globl _isprint
                             15 	.globl _ispunct
                             16 ;--------------------------------------------------------
                             17 ; ram data
                             18 ;--------------------------------------------------------
                             19 	.area _DATA
                             20 ;--------------------------------------------------------
                             21 ; ram data
                             22 ;--------------------------------------------------------
                             23 	.area _INITIALIZED
                             24 ;--------------------------------------------------------
                             25 ; absolute external ram data
                             26 ;--------------------------------------------------------
                             27 	.area _DABS (ABS)
                             28 ;--------------------------------------------------------
                             29 ; global & static initialisations
                             30 ;--------------------------------------------------------
                             31 	.area _HOME
                             32 	.area _GSINIT
                             33 	.area _GSFINAL
                             34 	.area _GSINIT
                             35 ;--------------------------------------------------------
                             36 ; Home
                             37 ;--------------------------------------------------------
                             38 	.area _HOME
                             39 	.area _HOME
                             40 ;--------------------------------------------------------
                             41 ; code
                             42 ;--------------------------------------------------------
                             43 	.area _CODE
                             44 ;../ispunct.c:33: int ispunct (int c)
                             45 ;	---------------------------------
                             46 ; Function ispunct
                             47 ; ---------------------------------
   0000                      48 _ispunct_start::
   0000                      49 _ispunct:
                             50 ;../ispunct.c:35: return (isprint (c) && !isspace (c) && !isalnum (c));
   0000 58            [ 4]   51 	pop	bc
   0001 5A            [ 4]   52 	pop	hl
   0002 52            [ 4]   53 	push	hl
   0003 50            [ 4]   54 	push	bc
   0004 52            [ 4]   55 	push	hl
   0005 1Cr00r00      [ 4]   56 	call	_isprint
   0008 16 02 00      [ 7]   57 	add	sp, #2
   000B 24            [ 4]   58 	ld	a,h
   000C FD 66         [19]   59 	or	a,l
   000E C6 20         [ 7]   60 	jr	Z,00103$
   0010 58            [ 4]   61 	pop	bc
   0011 5A            [ 4]   62 	pop	hl
   0012 52            [ 4]   63 	push	hl
   0013 50            [ 4]   64 	push	bc
   0014 52            [ 4]   65 	push	hl
   0015 1Cr00r00      [ 4]   66 	call	_isspace
   0018 16 02 00      [ 7]   67 	add	sp, #2
   001B 24            [ 4]   68 	ld	a,h
   001C FD 66         [19]   69 	or	a,l
   001E CE 10         [ 7]   70 	jr	NZ,00103$
   0020 58            [ 4]   71 	pop	bc
   0021 5A            [ 4]   72 	pop	hl
   0022 52            [ 4]   73 	push	hl
   0023 50            [ 4]   74 	push	bc
   0024 52            [ 4]   75 	push	hl
   0025 1Cr00r00      [ 4]   76 	call	_isalnum
   0028 16 02 00      [ 7]   77 	add	sp, #2
   002B 24            [ 4]   78 	ld	a,h
   002C FD 66         [19]   79 	or	a,l
   002E C6 04         [ 7]   80 	jr	Z,00104$
   0030                      81 00103$:
   0030 36 00         [10]   82 	ld	a,#0x00
   0032 C8 02         [11]   83 	jr	00105$
   0034                      84 00104$:
   0034 36 01         [10]   85 	ld	a,#0x01
   0036                      86 00105$:
   0036 2D            [ 4]   87 	ld	l,a
   0037 A2            [ 4]   88 	rla
   0038 FE 63         [ 7]   89 	sbc	a, a
   003A 2C            [ 4]   90 	ld	h,a
   003B 1E            [ 7]   91 	ret
   003C                      92 _ispunct_end::
                             93 	.area _CODE
                             94 	.area _INITIALIZER
                             95 	.area _CABS (ABS)
