                              1 ;--------------------------------------------------------
                              2 ; File Created by SDCC : free open source ANSI-C Compiler
                              3 ; Version 3.4.1 #9092 (Oct 23 2022) (Mac OS X x86_64)
                              4 ; This file was generated Sun Oct 23 01:39:52 2022
                              5 ;--------------------------------------------------------
                              6 	.module isspace
                              7 	.optsdcc -mtlcs90
                              8 	
                              9 ;--------------------------------------------------------
                             10 ; Public variables in this module
                             11 ;--------------------------------------------------------
                             12 	.globl _isspace
                             13 ;--------------------------------------------------------
                             14 ; ram data
                             15 ;--------------------------------------------------------
                             16 	.area _DATA
                             17 ;--------------------------------------------------------
                             18 ; ram data
                             19 ;--------------------------------------------------------
                             20 	.area _INITIALIZED
                             21 ;--------------------------------------------------------
                             22 ; absolute external ram data
                             23 ;--------------------------------------------------------
                             24 	.area _DABS (ABS)
                             25 ;--------------------------------------------------------
                             26 ; global & static initialisations
                             27 ;--------------------------------------------------------
                             28 	.area _HOME
                             29 	.area _GSINIT
                             30 	.area _GSFINAL
                             31 	.area _GSINIT
                             32 ;--------------------------------------------------------
                             33 ; Home
                             34 ;--------------------------------------------------------
                             35 	.area _HOME
                             36 	.area _HOME
                             37 ;--------------------------------------------------------
                             38 ; code
                             39 ;--------------------------------------------------------
                             40 	.area _CODE
                             41 ;../isspace.c:37: int isspace (int c)
                             42 ;	---------------------------------
                             43 ; Function isspace
                             44 ; ---------------------------------
   0000                      45 _isspace_start::
   0000                      46 _isspace:
   0000 54            [ 4]   47 	push	ix
   0001 3C 00 00      [ 4]   48 	ld	ix,#0
   0004 FE 14         [ 7]   49 	add	ix,sp
                             50 ;../isspace.c:39: return (c == ' ' || c == '\f' || c == '\n' || c == '\r' || c == '\t' || c == '\v');
   0006 F0 04 2E      [11]   51 	ld	a,4 (ix)
   0009 6A 20         [ 4]   52 	sub	a, #0x20
   000B CE 09         [ 7]   53 	jr	NZ,00142$
   000D F0 05 2E      [11]   54 	ld	a,5 (ix)
   0010 FE 66         [ 7]   55 	or	a, a
   0012 EBr62r00 C6   [ 4]   56 	jp	Z,00104$
   0016                      57 00142$:
   0016 F0 04 2E      [11]   58 	ld	a,4 (ix)
   0019 6A 0C         [ 4]   59 	sub	a, #0x0C
   001B CE 09         [ 7]   60 	jr	NZ,00143$
   001D F0 05 2E      [11]   61 	ld	a,5 (ix)
   0020 FE 66         [ 7]   62 	or	a, a
   0022 EBr62r00 C6   [ 4]   63 	jp	Z,00104$
   0026                      64 00143$:
   0026 F0 04 2E      [11]   65 	ld	a,4 (ix)
   0029 6A 0A         [ 4]   66 	sub	a, #0x0A
   002B CE 07         [ 7]   67 	jr	NZ,00144$
   002D F0 05 2E      [11]   68 	ld	a,5 (ix)
   0030 FE 66         [ 7]   69 	or	a, a
   0032 C6 2E         [ 7]   70 	jr	Z,00104$
   0034                      71 00144$:
   0034 F0 04 2E      [11]   72 	ld	a,4 (ix)
   0037 6A 0D         [ 4]   73 	sub	a, #0x0D
   0039 CE 07         [ 7]   74 	jr	NZ,00145$
   003B F0 05 2E      [11]   75 	ld	a,5 (ix)
   003E FE 66         [ 7]   76 	or	a, a
   0040 C6 20         [ 7]   77 	jr	Z,00104$
   0042                      78 00145$:
   0042 F0 04 2E      [11]   79 	ld	a,4 (ix)
   0045 6A 09         [ 4]   80 	sub	a, #0x09
   0047 CE 07         [ 7]   81 	jr	NZ,00146$
   0049 F0 05 2E      [11]   82 	ld	a,5 (ix)
   004C FE 66         [ 7]   83 	or	a, a
   004E C6 12         [ 7]   84 	jr	Z,00104$
   0050                      85 00146$:
   0050 F0 04 2E      [11]   86 	ld	a,4 (ix)
   0053 6A 0B         [ 4]   87 	sub	a, #0x0B
   0055 CE 07         [ 7]   88 	jr	NZ,00147$
   0057 F0 05 2E      [11]   89 	ld	a,5 (ix)
   005A FE 66         [ 7]   90 	or	a, a
   005C C6 04         [ 7]   91 	jr	Z,00104$
   005E                      92 00147$:
   005E 36 00         [10]   93 	ld	a,#0x00
   0060 C8 02         [11]   94 	jr	00105$
   0062                      95 00104$:
   0062 36 01         [10]   96 	ld	a,#0x01
   0064                      97 00105$:
   0064 2D            [ 4]   98 	ld	l,a
   0065 A2            [ 4]   99 	rla
   0066 FE 63         [ 7]  100 	sbc	a, a
   0068 2C            [ 4]  101 	ld	h,a
   0069 5C            [ 4]  102 	pop	ix
   006A 1E            [ 7]  103 	ret
   006B                     104 _isspace_end::
                            105 	.area _CODE
                            106 	.area _INITIALIZER
                            107 	.area _CABS (ABS)
