                              1 ;--------------------------------------------------------
                              2 ; File Created by SDCC : free open source ANSI-C Compiler
                              3 ; Version 3.4.1 #9092 (Oct 23 2022) (Mac OS X x86_64)
                              4 ; This file was generated Sun Oct 23 01:39:52 2022
                              5 ;--------------------------------------------------------
                              6 	.module isupper
                              7 	.optsdcc -mtlcs90
                              8 	
                              9 ;--------------------------------------------------------
                             10 ; Public variables in this module
                             11 ;--------------------------------------------------------
                             12 	.globl _isupper
                             13 ;--------------------------------------------------------
                             14 ; ram data
                             15 ;--------------------------------------------------------
                             16 	.area _DATA
                             17 ;--------------------------------------------------------
                             18 ; ram data
                             19 ;--------------------------------------------------------
                             20 	.area _INITIALIZED
                             21 ;--------------------------------------------------------
                             22 ; absolute external ram data
                             23 ;--------------------------------------------------------
                             24 	.area _DABS (ABS)
                             25 ;--------------------------------------------------------
                             26 ; global & static initialisations
                             27 ;--------------------------------------------------------
                             28 	.area _HOME
                             29 	.area _GSINIT
                             30 	.area _GSFINAL
                             31 	.area _GSINIT
                             32 ;--------------------------------------------------------
                             33 ; Home
                             34 ;--------------------------------------------------------
                             35 	.area _HOME
                             36 	.area _HOME
                             37 ;--------------------------------------------------------
                             38 ; code
                             39 ;--------------------------------------------------------
                             40 	.area _CODE
                             41 ;./../../include/ctype.h:63: inline int isupper (int c)
                             42 ;	---------------------------------
                             43 ; Function isupper
                             44 ; ---------------------------------
   0000                      45 _isupper_start::
   0000                      46 _isupper:
   0000 9E            [ 7]   47 	dec	sp
                             48 ;./../../include/ctype.h:65: return (c >= 'A' && c <= 'Z');
   0001 3D 03 00      [ 4]   49 	ld	iy,#3
   0004 FE 15         [ 7]   50 	add	iy,sp
   0006 E5 2E         [11]   51 	ld	a,0 (iy)
   0008 6A 41         [ 4]   52 	sub	a, #0x41
   000A F1 01 2E      [10]   53 	ld	a,1 (iy)
   000D A2            [ 4]   54 	rla
   000E 0E            [ 7]   55 	ccf
   000F A3            [ 4]   56 	rra
   0010 6B 80         [ 4]   57 	sbc	a, #0x80
   0012 C7 13         [11]   58 	jr	C,00103$
   0014 36 5A         [10]   59 	ld	a,#0x5A
   0016 E5 67         [11]   60 	cp	a, 0 (iy)
   0018 36 00         [10]   61 	ld	a,#0x00
   001A F1 01 63      [10]   62 	sbc	a, 1 (iy)
   001D EBr23r00 CC   [ 4]   63 	jp	PO, 00110$
   0021 6D 80         [ 4]   64 	xor	a, #0x80
   0023                      65 00110$:
   0023 EBr2Br00 CD   [ 4]   66 	jp	P,00104$
   0027                      67 00103$:
   0027 36 00         [10]   68 	ld	a,#0x00
   0029 C8 02         [11]   69 	jr	00105$
   002B                      70 00104$:
   002B 36 01         [10]   71 	ld	a,#0x01
   002D                      72 00105$:
   002D 2D            [ 4]   73 	ld	l,a
   002E A2            [ 4]   74 	rla
   002F FE 63         [ 7]   75 	sbc	a, a
   0031 2C            [ 4]   76 	ld	h,a
   0032 96            [ 7]   77 	inc	sp
   0033 1E            [ 7]   78 	ret
   0034                      79 _isupper_end::
                             80 	.area _CODE
                             81 	.area _INITIALIZER
                             82 	.area _CABS (ABS)
