                              1 ;--------------------------------------------------------
                              2 ; File Created by SDCC : free open source ANSI-C Compiler
                              3 ; Version 3.4.1 #9092 (Oct 23 2022) (Mac OS X x86_64)
                              4 ; This file was generated Sun Oct 23 01:39:52 2022
                              5 ;--------------------------------------------------------
                              6 	.module isxdigit
                              7 	.optsdcc -mtlcs90
                              8 	
                              9 ;--------------------------------------------------------
                             10 ; Public variables in this module
                             11 ;--------------------------------------------------------
                             12 	.globl _isxdigit
                             13 ;--------------------------------------------------------
                             14 ; ram data
                             15 ;--------------------------------------------------------
                             16 	.area _DATA
                             17 ;--------------------------------------------------------
                             18 ; ram data
                             19 ;--------------------------------------------------------
                             20 	.area _INITIALIZED
                             21 ;--------------------------------------------------------
                             22 ; absolute external ram data
                             23 ;--------------------------------------------------------
                             24 	.area _DABS (ABS)
                             25 ;--------------------------------------------------------
                             26 ; global & static initialisations
                             27 ;--------------------------------------------------------
                             28 	.area _HOME
                             29 	.area _GSINIT
                             30 	.area _GSFINAL
                             31 	.area _GSINIT
                             32 ;--------------------------------------------------------
                             33 ; Home
                             34 ;--------------------------------------------------------
                             35 	.area _HOME
                             36 	.area _HOME
                             37 ;--------------------------------------------------------
                             38 ; code
                             39 ;--------------------------------------------------------
                             40 	.area _CODE
                             41 ;../isxdigit.c:33: int isxdigit (int c)
                             42 ;	---------------------------------
                             43 ; Function isxdigit
                             44 ; ---------------------------------
   0000                      45 _isxdigit_start::
   0000                      46 _isxdigit:
   0000 54            [ 4]   47 	push	ix
   0001 3C 00 00      [ 4]   48 	ld	ix,#0
   0004 FE 14         [ 7]   49 	add	ix,sp
   0006 9E            [ 7]   50 	dec	sp
                             51 ;../isxdigit.c:35: return (c >= '0' && c <= '9' || c >= 'a' && c <= 'f' || c >= 'A' && c <= 'F');
   0007 F0 04 2E      [11]   52 	ld	a,4 (ix)
   000A 6A 30         [ 4]   53 	sub	a, #0x30
   000C F0 05 2E      [11]   54 	ld	a,5 (ix)
   000F A2            [ 4]   55 	rla
   0010 0E            [ 7]   56 	ccf
   0011 A3            [ 4]   57 	rra
   0012 6B 80         [ 4]   58 	sbc	a, #0x80
   0014 C7 14         [11]   59 	jr	C,00111$
   0016 36 39         [10]   60 	ld	a,#0x39
   0018 F0 04 67      [11]   61 	cp	a, 4 (ix)
   001B 36 00         [10]   62 	ld	a,#0x00
   001D F0 05 63      [11]   63 	sbc	a, 5 (ix)
   0020 EBr26r00 CC   [ 4]   64 	jp	PO, 00130$
   0024 6D 80         [ 4]   65 	xor	a, #0x80
   0026                      66 00130$:
   0026 EBr74r00 CD   [ 4]   67 	jp	P,00104$
   002A                      68 00111$:
   002A F0 04 2E      [11]   69 	ld	a,4 (ix)
   002D 6A 61         [ 4]   70 	sub	a, #0x61
   002F F0 05 2E      [11]   71 	ld	a,5 (ix)
   0032 A2            [ 4]   72 	rla
   0033 0E            [ 7]   73 	ccf
   0034 A3            [ 4]   74 	rra
   0035 6B 80         [ 4]   75 	sbc	a, #0x80
   0037 C7 14         [11]   76 	jr	C,00108$
   0039 36 66         [10]   77 	ld	a,#0x66
   003B F0 04 67      [11]   78 	cp	a, 4 (ix)
   003E 36 00         [10]   79 	ld	a,#0x00
   0040 F0 05 63      [11]   80 	sbc	a, 5 (ix)
   0043 EBr49r00 CC   [ 4]   81 	jp	PO, 00131$
   0047 6D 80         [ 4]   82 	xor	a, #0x80
   0049                      83 00131$:
   0049 EBr74r00 CD   [ 4]   84 	jp	P,00104$
   004D                      85 00108$:
   004D F0 04 2E      [11]   86 	ld	a,4 (ix)
   0050 6A 41         [ 4]   87 	sub	a, #0x41
   0052 F0 05 2E      [11]   88 	ld	a,5 (ix)
   0055 A2            [ 4]   89 	rla
   0056 0E            [ 7]   90 	ccf
   0057 A3            [ 4]   91 	rra
   0058 6B 80         [ 4]   92 	sbc	a, #0x80
   005A C7 14         [11]   93 	jr	C,00103$
   005C 36 46         [10]   94 	ld	a,#0x46
   005E F0 04 67      [11]   95 	cp	a, 4 (ix)
   0061 36 00         [10]   96 	ld	a,#0x00
   0063 F0 05 63      [11]   97 	sbc	a, 5 (ix)
   0066 EBr6Cr00 CC   [ 4]   98 	jp	PO, 00132$
   006A 6D 80         [ 4]   99 	xor	a, #0x80
   006C                     100 00132$:
   006C EBr74r00 CD   [ 4]  101 	jp	P,00104$
   0070                     102 00103$:
   0070 36 00         [10]  103 	ld	a,#0x00
   0072 C8 02         [11]  104 	jr	00105$
   0074                     105 00104$:
   0074 36 01         [10]  106 	ld	a,#0x01
   0076                     107 00105$:
   0076 2D            [ 4]  108 	ld	l,a
   0077 A2            [ 4]  109 	rla
   0078 FE 63         [ 7]  110 	sbc	a, a
   007A 2C            [ 4]  111 	ld	h,a
   007B 96            [ 7]  112 	inc	sp
   007C 5C            [ 4]  113 	pop	ix
   007D 1E            [ 7]  114 	ret
   007E                     115 _isxdigit_end::
                            116 	.area _CODE
                            117 	.area _INITIALIZER
                            118 	.area _CABS (ABS)
