                              1 ;--------------------------------------------------------
                              2 ; File Created by SDCC : free open source ANSI-C Compiler
                              3 ; Version 3.4.1 #9092 (Oct 23 2022) (Mac OS X x86_64)
                              4 ; This file was generated Sun Oct 23 01:40:06 2022
                              5 ;--------------------------------------------------------
                              6 	.module printf_large
                              7 	.optsdcc -mtlcs90
                              8 	
                              9 ;--------------------------------------------------------
                             10 ; Public variables in this module
                             11 ;--------------------------------------------------------
                             12 	.globl _strlen
                             13 	.globl __print_format
                             14 ;--------------------------------------------------------
                             15 ; ram data
                             16 ;--------------------------------------------------------
                             17 	.area _DATA
                             18 ;--------------------------------------------------------
                             19 ; ram data
                             20 ;--------------------------------------------------------
                             21 	.area _INITIALIZED
                             22 ;--------------------------------------------------------
                             23 ; absolute external ram data
                             24 ;--------------------------------------------------------
                             25 	.area _DABS (ABS)
                             26 ;--------------------------------------------------------
                             27 ; global & static initialisations
                             28 ;--------------------------------------------------------
                             29 	.area _HOME
                             30 	.area _GSINIT
                             31 	.area _GSFINAL
                             32 	.area _GSINIT
                             33 ;--------------------------------------------------------
                             34 ; Home
                             35 ;--------------------------------------------------------
                             36 	.area _HOME
                             37 	.area _HOME
                             38 ;--------------------------------------------------------
                             39 ; code
                             40 ;--------------------------------------------------------
                             41 	.area _CODE
                             42 ;../printf_large.c:116: output_digit (unsigned char n, bool lower_case, pfn_outputchar output_char, void* p)
                             43 ;	---------------------------------
                             44 ; Function output_digit
                             45 ; ---------------------------------
   0000                      46 _output_digit:
                             47 ;../printf_large.c:118: register unsigned char c = n + (unsigned char)'0';
   0000 3A 02 00      [13]   48 	ld	hl, #2+0
   0003 FE 70         [ 7]   49 	add	hl, sp
   0005 E2 2E         [10]   50 	ld	a, (hl)
   0007 68 30         [ 4]   51 	add	a, #0x30
   0009 2A            [16]   52 	ld	d,a
                             53 ;../printf_large.c:120: if (c > (unsigned char)'9')
   000A 36 39         [10]   54 	ld	a,#0x39
   000C FA 62         [10]   55 	sub	a, d
   000E CF 11         [11]   56 	jr	NC,00104$
                             57 ;../printf_large.c:122: c += (unsigned char)('A' - '0' - 10);
   0010 22            [16]   58 	ld	a,d
   0011 68 07         [ 4]   59 	add	a, #0x07
   0013 2A            [16]   60 	ld	d,a
                             61 ;../printf_large.c:123: if (lower_case)
   0014 3A 03 00      [13]   62 	ld	hl, #3+0
   0017 FE 70         [ 7]   63 	add	hl, sp
   0019 E2 A8         [10]   64 	bit	0, (hl)
   001B C6 04         [ 7]   65 	jr	Z,00104$
                             66 ;../printf_large.c:124: c += (unsigned char)('a' - 'A');
   001D 22            [16]   67 	ld	a,d
   001E 68 20         [ 4]   68 	add	a, #0x20
   0020 2A            [16]   69 	ld	d,a
   0021                      70 00104$:
                             71 ;../printf_large.c:126: output_char( c, p );
   0021 F2 06 4A      [10]   72 	ld	hl, 6 (sp)
   0024 52            [ 4]   73 	push	hl
   0025 51            [ 4]   74 	push	de
   0026 96            [ 7]   75 	inc	sp
   0027 F2 07 4A      [10]   76 	ld	hl, 7 (sp)
   002A 1Cr00r00      [ 4]   77 	call	__sdcc_call_hl
   002D 16 03 00      [ 7]   78 	add	sp, #3
   0030 1E            [ 7]   79 	ret
                             80 ;../printf_large.c:149: output_2digits (unsigned char b, bool lower_case, pfn_outputchar output_char, void* p)
                             81 ;	---------------------------------
                             82 ; Function output_2digits
                             83 ; ---------------------------------
   0031                      84 _output_2digits:
   0031 54            [ 4]   85 	push	ix
   0032 3C 00 00      [ 4]   86 	ld	ix,#0
   0035 FE 14         [ 7]   87 	add	ix,sp
                             88 ;../printf_large.c:151: output_digit( b>>4,   lower_case, output_char, p );
   0037 F0 04 2E      [11]   89 	ld	a,4 (ix)
   003A A0            [ 4]   90 	rlca
   003B A0            [ 4]   91 	rlca
   003C A0            [ 4]   92 	rlca
   003D A0            [ 4]   93 	rlca
   003E 6C 0F         [ 4]   94 	and	a,#0x0F
   0040 2A            [16]   95 	ld	d,a
   0041 F2 08 4A      [10]   96 	ld	hl, 8 (sp)
   0044 52            [ 4]   97 	push	hl
   0045 F2 08 4A      [10]   98 	ld	hl, 8 (sp)
   0048 52            [ 4]   99 	push	hl
   0049 F0 05 2E      [11]  100 	ld	a,5 (ix)
   004C 56            [ 7]  101 	push	af
   004D 96            [ 7]  102 	inc	sp
   004E 51            [ 4]  103 	push	de
   004F 96            [ 7]  104 	inc	sp
   0050 1Cr00r00      [ 4]  105 	call	_output_digit
   0053 16 06 00      [ 7]  106 	add	sp, #6
                            107 ;../printf_large.c:152: output_digit( b&0x0F, lower_case, output_char, p );
   0056 F0 04 2E      [11]  108 	ld	a,4 (ix)
   0059 6C 0F         [ 4]  109 	and	a, #0x0F
   005B 2A            [16]  110 	ld	d,a
   005C F2 08 4A      [10]  111 	ld	hl, 8 (sp)
   005F 52            [ 4]  112 	push	hl
   0060 F2 08 4A      [10]  113 	ld	hl, 8 (sp)
   0063 52            [ 4]  114 	push	hl
   0064 F0 05 2E      [11]  115 	ld	a,5 (ix)
   0067 56            [ 7]  116 	push	af
   0068 96            [ 7]  117 	inc	sp
   0069 51            [ 4]  118 	push	de
   006A 96            [ 7]  119 	inc	sp
   006B 1Cr00r00      [ 4]  120 	call	_output_digit
   006E 16 06 00      [ 7]  121 	add	sp, #6
   0071 5C            [ 4]  122 	pop	ix
   0072 1E            [ 7]  123 	ret
                            124 ;../printf_large.c:168: calculate_digit (value_t _AUTOMEM * value, unsigned char radix)
                            125 ;	---------------------------------
                            126 ; Function calculate_digit
                            127 ; ---------------------------------
   0073                     128 _calculate_digit:
   0073 54            [ 4]  129 	push	ix
   0074 3C 00 00      [ 4]  130 	ld	ix,#0
   0077 FE 14         [ 7]  131 	add	ix,sp
   0079 16 FA FF      [ 7]  132 	add	sp, #-6
                            133 ;../printf_large.c:170: unsigned long ul = value->ul;
   007C 08            [ 4]  134 	ex	de, hl
   007D F2 0A 4A      [10]  135 	ld	hl, 10 (sp)
   0080 08            [ 4]  136 	ex	de, hl
   0081 51            [ 4]  137 	push	de
   0082 3A 04 00      [13]  138 	ld	hl, #0x0004
   0085 FE 70         [ 7]  139 	add	hl, sp
   0087 08            [ 4]  140 	ex	de, hl
   0088 38 04 00      [12]  141 	ld	bc, #0x0004
   008B FE 59         [ 7]  142 	ldir
   008D 59            [ 4]  143 	pop	de
                            144 ;../printf_large.c:171: unsigned char _AUTOMEM * pb4 = &value->byte[4];
   008E 3A 04 00      [13]  145 	ld	hl,#0x0004
   0091 F9 70         [ 6]  146 	add	hl,de
   0093 E6 52         [ 7]  147 	ex	(sp), hl
                            148 ;../printf_large.c:172: unsigned char i = 32;
   0095 30 20         [12]  149 	ld	b,#0x20
                            150 ;../printf_large.c:174: do
   0097                     151 00103$:
                            152 ;../printf_large.c:176: *pb4 = (*pb4 << 1) | ((ul >> 31) & 0x01);
   0097 5A            [ 4]  153 	pop	hl
   0098 52            [ 4]  154 	push	hl
   0099 E2 2E         [10]  155 	ld	a,(hl)
   009B FE 60         [ 7]  156 	add	a, a
   009D 29            [11]  157 	ld	c,a
   009E F0 FF 2E      [11]  158 	ld	a,-1 (ix)
   00A1 FE A0         [ 7]  159 	rlc	a
   00A3 6C 01         [ 4]  160 	and	a,#0x01
   00A5 F9 66         [ 6]  161 	or	a, c
   00A7 5A            [ 4]  162 	pop	hl
   00A8 52            [ 4]  163 	push	hl
   00A9 EA 26         [10]  164 	ld	(hl),a
                            165 ;../printf_large.c:177: ul <<= 1;
   00AB 56            [ 7]  166 	push	af
   00AC 5E            [ 7]  167 	pop	af
   00AD E7 FC A4      [11]  168 	sla	-4 (ix)
   00B0 E7 FD A2      [11]  169 	rl	-3 (ix)
   00B3 E7 FE A2      [11]  170 	rl	-2 (ix)
   00B6 E7 FF A2      [11]  171 	rl	-1 (ix)
                            172 ;../printf_large.c:179: if (radix <= *pb4 )
   00B9 5A            [ 4]  173 	pop	hl
   00BA 52            [ 4]  174 	push	hl
   00BB E2 2C         [10]  175 	ld	h,(hl)
   00BD 24            [ 4]  176 	ld	a,h
   00BE F0 06 62      [11]  177 	sub	a, 6 (ix)
   00C1 C7 0B         [11]  178 	jr	C,00104$
                            179 ;../printf_large.c:181: *pb4 -= radix;
   00C3 24            [ 4]  180 	ld	a,h
   00C4 F0 06 62      [11]  181 	sub	a, 6 (ix)
   00C7 5A            [ 4]  182 	pop	hl
   00C8 52            [ 4]  183 	push	hl
   00C9 EA 26         [10]  184 	ld	(hl),a
                            185 ;../printf_large.c:182: ul |= 1;
   00CB F0 FC B8      [11]  186 	set	0, -4 (ix)
   00CE                     187 00104$:
                            188 ;../printf_large.c:184: } while (--i);
   00CE 20            [12]  189 	ld	a,b
   00CF 68 FF         [ 4]  190 	add	a,#0xFF
   00D1 28            [12]  191 	ld	b,a
   00D2 FE 66         [ 7]  192 	or	a, a
   00D4 EBr97r00 CE   [ 4]  193 	jp	NZ,00103$
                            194 ;../printf_large.c:185: value->ul = ul;
   00D8 3A 02 00      [13]  195 	ld	hl, #0x0002
   00DB FE 70         [ 7]  196 	add	hl, sp
   00DD 38 04 00      [12]  197 	ld	bc, #0x0004
   00E0 FE 59         [ 7]  198 	ldir
   00E2 FC 3E         [17]  199 	ld	sp, ix
   00E4 5C            [ 4]  200 	pop	ix
   00E5 1E            [ 7]  201 	ret
                            202 ;../printf_large.c:434: _print_format (pfn_outputchar pfn, void* pvoid, const char *format, va_list ap)
                            203 ;	---------------------------------
                            204 ; Function _print_format
                            205 ; ---------------------------------
   00E6                     206 __print_format_start::
   00E6                     207 __print_format:
   00E6 54            [ 4]  208 	push	ix
   00E7 3C 00 00      [ 4]  209 	ld	ix,#0
   00EA FE 14         [ 7]  210 	add	ix,sp
   00EC 16 CF FF      [ 7]  211 	add	sp, #-49
                            212 ;../printf_large.c:466: charsOutputted = 0;
   00EF 3A 00 00      [13]  213 	ld	hl,#0x0000
   00F2 F6 2F 42      [ 7]  214 	ld	47 (sp), hl
                            215 ;../printf_large.c:475: while( c=*format++ )
   00F5 3A 0B 00      [13]  216 	ld	hl,#0x000B
   00F8 FE 70         [ 7]  217 	add	hl,sp
   00FA F6 2D 42      [ 7]  218 	ld	45 (sp), hl
   00FD 3A 05 00      [13]  219 	ld	hl,#0x0005
   0100 FE 70         [ 7]  220 	add	hl,sp
   0102 F6 2B 42      [ 7]  221 	ld	43 (sp), hl
   0105 3A 0B 00      [13]  222 	ld	hl,#0x000B
   0108 FE 70         [ 7]  223 	add	hl,sp
   010A F6 29 42      [ 7]  224 	ld	41 (sp), hl
   010D F0 F8 2E      [11]  225 	ld	a,-8 (ix)
   0110 68 04         [ 4]  226 	add	a, #0x04
   0112 F4 F6 26      [17]  227 	ld	-10 (ix),a
   0115 F0 F9 2E      [11]  228 	ld	a,-7 (ix)
   0118 69 00         [ 4]  229 	adc	a, #0x00
   011A F4 F7 26      [17]  230 	ld	-9 (ix),a
   011D                     231 00231$:
   011D F2 39 4A      [10]  232 	ld	hl, 57 (sp)
   0120 E2 2A         [10]  233 	ld	d,(hl)
   0122 92            [ 4]  234 	inc	hl
   0123 F6 39 42      [ 7]  235 	ld	57 (sp), hl
   0126 F4 F5 22      [17]  236 	ld	-11 (ix),d
   0129 22            [16]  237 	ld	a,d
   012A FE 66         [ 7]  238 	or	a, a
   012C EBr46r0A C6   [ 4]  239 	jp	Z,00233$
                            240 ;../printf_large.c:477: if ( c=='%' )
   0130 F0 F5 2E      [11]  241 	ld	a,-11 (ix)
   0133 6A 25         [ 4]  242 	sub	a, #0x25
   0135 EBr27r0A CE   [ 4]  243 	jp	NZ,00229$
                            244 ;../printf_large.c:479: left_justify    = 0;
   0139 F4 E7 37 00   [17]  245 	ld	-25 (ix),#0x00
                            246 ;../printf_large.c:480: zero_padding    = 0;
   013D F4 E6 37 00   [17]  247 	ld	-26 (ix),#0x00
                            248 ;../printf_large.c:481: prefix_sign     = 0;
   0141 F4 E5 37 00   [17]  249 	ld	-27 (ix),#0x00
                            250 ;../printf_large.c:482: prefix_space    = 0;
   0145 F4 E4 37 00   [17]  251 	ld	-28 (ix),#0x00
                            252 ;../printf_large.c:483: signed_argument = 0;
   0149 F4 E3 37 00   [17]  253 	ld	-29 (ix),#0x00
                            254 ;../printf_large.c:484: char_argument   = 0;
   014D F4 E2 37 00   [17]  255 	ld	-30 (ix),#0x00
                            256 ;../printf_large.c:485: long_argument   = 0;
   0151 F4 E1 37 00   [17]  257 	ld	-31 (ix),#0x00
                            258 ;../printf_large.c:486: float_argument  = 0;
   0155 F4 E0 37 00   [17]  259 	ld	-32 (ix),#0x00
                            260 ;../printf_large.c:487: radix           = 0;
   0159 F4 D8 37 00   [17]  261 	ld	-40 (ix),#0x00
                            262 ;../printf_large.c:488: width           = 0;
   015D F4 F4 37 00   [17]  263 	ld	-12 (ix),#0x00
                            264 ;../printf_large.c:489: decimals        = -1;
   0161 F4 D7 37 FF   [17]  265 	ld	-41 (ix),#0xFF
                            266 ;../printf_large.c:491: get_conversion_spec:
   0165 F0 08 2E      [11]  267 	ld	a,8 (ix)
   0168 F4 F2 26      [17]  268 	ld	-14 (ix),a
   016B F0 09 2E      [11]  269 	ld	a,9 (ix)
   016E F4 F3 26      [17]  270 	ld	-13 (ix),a
   0171                     271 00101$:
                            272 ;../printf_large.c:493: c = *format++;
   0171 F2 23 4A      [10]  273 	ld	hl, 35 (sp)
   0174 E2 2E         [10]  274 	ld	a,(hl)
   0176 F4 F1 26      [17]  275 	ld	-15 (ix),a
   0179 F0 F2 87      [11]  276 	inc	-14 (ix)
   017C CE 03         [ 7]  277 	jr	NZ,00552$
   017E F0 F3 87      [11]  278 	inc	-13 (ix)
   0181                     279 00552$:
   0181 F0 F2 2E      [11]  280 	ld	a,-14 (ix)
   0184 F4 08 26      [17]  281 	ld	8 (ix),a
   0187 F0 F3 2E      [11]  282 	ld	a,-13 (ix)
   018A F4 09 26      [17]  283 	ld	9 (ix),a
                            284 ;../printf_large.c:495: if (c=='%')
   018D F0 F1 2E      [11]  285 	ld	a,-15 (ix)
   0190 6A 25         [ 4]  286 	sub	a, #0x25
   0192 CE 1F         [ 7]  287 	jr	NZ,00103$
                            288 ;../printf_large.c:497: OUTPUT_CHAR(c, p);
   0194 F2 37 4A      [10]  289 	ld	hl, 55 (sp)
   0197 52            [ 4]  290 	push	hl
   0198 F0 F1 2E      [11]  291 	ld	a,-15 (ix)
   019B 56            [ 7]  292 	push	af
   019C 96            [ 7]  293 	inc	sp
   019D F2 38 4A      [10]  294 	ld	hl, 56 (sp)
   01A0 1Cr00r00      [ 4]  295 	call	__sdcc_call_hl
   01A3 16 03 00      [ 7]  296 	add	sp, #3
   01A6 F0 FE 87      [11]  297 	inc	-2 (ix)
   01A9 EBr1Dr01 CE   [ 4]  298 	jp	NZ,00231$
   01AD F0 FF 87      [11]  299 	inc	-1 (ix)
                            300 ;../printf_large.c:498: continue;
   01B0 1Ar1Dr01      [ 7]  301 	jp	00231$
   01B3                     302 00103$:
                            303 ;../printf_large.c:501: if (isdigit(c))
   01B3 F0 F1 2C      [11]  304 	ld	h,-15 (ix)
   01B6 24            [ 4]  305 	ld	a,h
   01B7 6A 30         [ 4]  306 	sub	a, #0x30
   01B9 EBr07r02 C7   [ 4]  307 	jp	C,00110$
   01BD 36 39         [10]  308 	ld	a,#0x39
   01BF FC 62         [17]  309 	sub	a, h
   01C1 EBr07r02 C7   [ 4]  310 	jp	C,00110$
                            311 ;../printf_large.c:503: if (decimals==-1)
   01C5 F0 D7 2E      [11]  312 	ld	a,-41 (ix)
   01C8 86            [ 7]  313 	inc	a
   01C9 CE 23         [ 7]  314 	jr	NZ,00107$
                            315 ;../printf_large.c:505: width = 10*width + c - '0';
   01CB F0 F4 2D      [11]  316 	ld	l,-12 (ix)
   01CE FD 31               317 	ld	c,l
   01D0 FA 70         [10]  318 	add	hl, hl
   01D2 FA 70         [10]  319 	add	hl, hl
   01D4 F8 70         [11]  320 	add	hl, bc
   01D6 FA 70         [10]  321 	add	hl, hl
   01D8 25            [ 4]  322 	ld	a,l
   01D9 F0 F1 60      [11]  323 	add	a, -15 (ix)
   01DC 68 D0         [ 4]  324 	add	a,#0xD0
                            325 ;../printf_large.c:506: if (width == 0)
   01DE F4 F4 26      [17]  326 	ld	-12 (ix), a
   01E1 FE 66         [ 7]  327 	or	a, a
   01E3 EBr71r01 CE   [ 4]  328 	jp	NZ,00101$
                            329 ;../printf_large.c:509: zero_padding = 1;
   01E7 F4 E6 37 01   [17]  330 	ld	-26 (ix),#0x01
   01EB 1Ar71r01      [ 7]  331 	jp	00101$
   01EE                     332 00107$:
                            333 ;../printf_large.c:514: decimals = 10*decimals + c - '0';
   01EE F0 D7 2D      [11]  334 	ld	l,-41 (ix)
   01F1 FD 31               335 	ld	c,l
   01F3 FA 70         [10]  336 	add	hl, hl
   01F5 FA 70         [10]  337 	add	hl, hl
   01F7 F8 70         [11]  338 	add	hl, bc
   01F9 FA 70         [10]  339 	add	hl, hl
   01FB 25            [ 4]  340 	ld	a,l
   01FC F0 F1 60      [11]  341 	add	a, -15 (ix)
   01FF 68 D0         [ 4]  342 	add	a,#0xD0
   0201 F4 D7 26      [17]  343 	ld	-41 (ix),a
                            344 ;../printf_large.c:516: goto get_conversion_spec;
   0204 1Ar71r01      [ 7]  345 	jp	00101$
   0207                     346 00110$:
                            347 ;../printf_large.c:519: if (c=='.')
   0207 F0 F1 2E      [11]  348 	ld	a,-15 (ix)
   020A 6A 2E         [ 4]  349 	sub	a, #0x2E
   020C CE 0F         [ 7]  350 	jr	NZ,00115$
                            351 ;../printf_large.c:521: if (decimals==-1)
   020E F0 D7 2E      [11]  352 	ld	a,-41 (ix)
   0211 86            [ 7]  353 	inc	a
   0212 EBr71r01 CE   [ 4]  354 	jp	NZ,00101$
                            355 ;../printf_large.c:522: decimals=0;
   0216 F4 D7 37 00   [17]  356 	ld	-41 (ix),#0x00
                            357 ;../printf_large.c:525: goto get_conversion_spec;
   021A 1Ar71r01      [ 7]  358 	jp	00101$
   021D                     359 00115$:
                            360 ;../printf_large.c:528: if (islower(c))
   021D F0 F1 2C      [11]  361 	ld	h,-15 (ix)
   0220 24            [ 4]  362 	ld	a,h
   0221 6A 61         [ 4]  363 	sub	a, #0x61
   0223 C7 0F         [11]  364 	jr	C,00117$
   0225 36 7A         [10]  365 	ld	a,#0x7A
   0227 FC 62         [17]  366 	sub	a, h
   0229 C7 09         [11]  367 	jr	C,00117$
                            368 ;../printf_large.c:530: c = toupper(c);
   022B F0 F1 B5      [11]  369 	res	5, -15 (ix)
                            370 ;../printf_large.c:531: lower_case = 1;
   022E F4 DF 37 01   [17]  371 	ld	-33 (ix),#0x01
   0232 C8 04         [11]  372 	jr	00118$
   0234                     373 00117$:
                            374 ;../printf_large.c:534: lower_case = 0;
   0234 F4 DF 37 00   [17]  375 	ld	-33 (ix),#0x00
   0238                     376 00118$:
                            377 ;../printf_large.c:536: switch( c )
   0238 F0 F1 2E      [11]  378 	ld	a,-15 (ix)
   023B 6A 20         [ 4]  379 	sub	a, #0x20
   023D EBrEBr02 C6   [ 4]  380 	jp	Z,00122$
   0241 F0 F1 2E      [11]  381 	ld	a,-15 (ix)
   0244 6A 2B         [ 4]  382 	sub	a, #0x2B
   0246 EBrE4r02 C6   [ 4]  383 	jp	Z,00121$
   024A F0 F1 2E      [11]  384 	ld	a,-15 (ix)
   024D 6A 2D         [ 4]  385 	sub	a, #0x2D
   024F EBrDDr02 C6   [ 4]  386 	jp	Z,00120$
   0253 F0 F1 2E      [11]  387 	ld	a,-15 (ix)
   0256 6A 42         [ 4]  388 	sub	a, #0x42
   0258 EBrF2r02 C6   [ 4]  389 	jp	Z,00123$
   025C F0 F1 2E      [11]  390 	ld	a,-15 (ix)
   025F 6A 43         [ 4]  391 	sub	a, #0x43
   0261 EBr00r03 C6   [ 4]  392 	jp	Z,00129$
   0265 F0 F1 2E      [11]  393 	ld	a,-15 (ix)
   0268 6A 44         [ 4]  394 	sub	a, #0x44
   026A EBr47r05 C6   [ 4]  395 	jp	Z,00154$
   026E F0 F1 2E      [11]  396 	ld	a,-15 (ix)
   0271 6A 46         [ 4]  397 	sub	a, #0x46
   0273 EBr65r05 C6   [ 4]  398 	jp	Z,00158$
   0277 F0 F1 2E      [11]  399 	ld	a,-15 (ix)
   027A 6A 48         [ 4]  400 	sub	a, #0x48
   027C EBr71r01 C6   [ 4]  401 	jp	Z,00101$
   0280 F0 F1 2E      [11]  402 	ld	a,-15 (ix)
   0283 6A 49         [ 4]  403 	sub	a, #0x49
   0285 EBr47r05 C6   [ 4]  404 	jp	Z,00154$
   0289 F0 F1 2E      [11]  405 	ld	a,-15 (ix)
   028C 6A 4A         [ 4]  406 	sub	a, #0x4A
   028E EBr71r01 C6   [ 4]  407 	jp	Z,00101$
   0292 F0 F1 2E      [11]  408 	ld	a,-15 (ix)
   0295 6A 4C         [ 4]  409 	sub	a, #0x4C
   0297 EBrF9r02 C6   [ 4]  410 	jp	Z,00128$
   029B F0 F1 2E      [11]  411 	ld	a,-15 (ix)
   029E 6A 4F         [ 4]  412 	sub	a, #0x4F
   02A0 EBr52r05 C6   [ 4]  413 	jp	Z,00155$
   02A4 F0 F1 2E      [11]  414 	ld	a,-15 (ix)
   02A7 6A 50         [ 4]  415 	sub	a, #0x50
   02A9 EBrB9r04 C6   [ 4]  416 	jp	Z,00152$
   02AD F0 F1 2E      [11]  417 	ld	a,-15 (ix)
   02B0 6A 53         [ 4]  418 	sub	a, #0x53
   02B2 EBr89r03 C6   [ 4]  419 	jp	Z,00133$
   02B6 F0 F1 2E      [11]  420 	ld	a,-15 (ix)
   02B9 6A 54         [ 4]  421 	sub	a, #0x54
   02BB EBr71r01 C6   [ 4]  422 	jp	Z,00101$
   02BF F0 F1 2E      [11]  423 	ld	a,-15 (ix)
   02C2 6A 55         [ 4]  424 	sub	a, #0x55
   02C4 EBr59r05 C6   [ 4]  425 	jp	Z,00156$
   02C8 F0 F1 2E      [11]  426 	ld	a,-15 (ix)
   02CB 6A 58         [ 4]  427 	sub	a, #0x58
   02CD EBr5Fr05 C6   [ 4]  428 	jp	Z,00157$
   02D1 F0 F1 2E      [11]  429 	ld	a,-15 (ix)
   02D4 6A 5A         [ 4]  430 	sub	a, #0x5A
   02D6 EBr71r01 C6   [ 4]  431 	jp	Z,00101$
   02DA 1Ar6Br05      [ 7]  432 	jp	00159$
                            433 ;../printf_large.c:538: case '-':
   02DD                     434 00120$:
                            435 ;../printf_large.c:539: left_justify = 1;
   02DD F4 E7 37 01   [17]  436 	ld	-25 (ix),#0x01
                            437 ;../printf_large.c:540: goto get_conversion_spec;
   02E1 1Ar71r01      [ 7]  438 	jp	00101$
                            439 ;../printf_large.c:541: case '+':
   02E4                     440 00121$:
                            441 ;../printf_large.c:542: prefix_sign = 1;
   02E4 F4 E5 37 01   [17]  442 	ld	-27 (ix),#0x01
                            443 ;../printf_large.c:543: goto get_conversion_spec;
   02E8 1Ar71r01      [ 7]  444 	jp	00101$
                            445 ;../printf_large.c:544: case ' ':
   02EB                     446 00122$:
                            447 ;../printf_large.c:545: prefix_space = 1;
   02EB F4 E4 37 01   [17]  448 	ld	-28 (ix),#0x01
                            449 ;../printf_large.c:546: goto get_conversion_spec;
   02EF 1Ar71r01      [ 7]  450 	jp	00101$
                            451 ;../printf_large.c:547: case 'B': /* byte */
   02F2                     452 00123$:
                            453 ;../printf_large.c:548: char_argument = 1;
   02F2 F4 E2 37 01   [17]  454 	ld	-30 (ix),#0x01
                            455 ;../printf_large.c:549: goto get_conversion_spec;
   02F6 1Ar71r01      [ 7]  456 	jp	00101$
                            457 ;../printf_large.c:556: case 'L': /* long */
   02F9                     458 00128$:
                            459 ;../printf_large.c:557: long_argument = 1;
   02F9 F4 E1 37 01   [17]  460 	ld	-31 (ix),#0x01
                            461 ;../printf_large.c:558: goto get_conversion_spec;
   02FD 1Ar71r01      [ 7]  462 	jp	00101$
                            463 ;../printf_large.c:560: case 'C':
   0300                     464 00129$:
                            465 ;../printf_large.c:561: if( char_argument )
   0300 F0 E2 A8      [11]  466 	bit	0,-30 (ix)
   0303 C6 2D         [ 7]  467 	jr	Z,00131$
                            468 ;../printf_large.c:562: c = va_arg(ap,char);
   0305 F0 0A 2E      [11]  469 	ld	a,10 (ix)
   0308 68 01         [ 4]  470 	add	a, #0x01
   030A F4 F2 26      [17]  471 	ld	-14 (ix),a
   030D F0 0B 2E      [11]  472 	ld	a,11 (ix)
   0310 69 00         [ 4]  473 	adc	a, #0x00
   0312 F4 F3 26      [17]  474 	ld	-13 (ix),a
   0315 F0 F2 2E      [11]  475 	ld	a,-14 (ix)
   0318 F4 0A 26      [17]  476 	ld	10 (ix),a
   031B F0 F3 2E      [11]  477 	ld	a,-13 (ix)
   031E F4 0B 26      [17]  478 	ld	11 (ix),a
   0321 F2 23 8F      [10]  479 	dec	35 (sp)
   0324 F2 23 4A      [10]  480 	ld	hl, 35 (sp)
   0327 F2 23 4A      [10]  481 	ld	hl, 35 (sp)
   032A E2 2E         [10]  482 	ld	a,(hl)
   032C F4 D5 26      [17]  483 	ld	-43 (ix),a
   032F 1Ar6Ar03      [ 7]  484 	jp	00132$
   0332                     485 00131$:
                            486 ;../printf_large.c:564: c = va_arg(ap,int);
   0332 F0 0A 2E      [11]  487 	ld	a,10 (ix)
   0335 68 02         [ 4]  488 	add	a, #0x02
   0337 F4 F2 26      [17]  489 	ld	-14 (ix),a
   033A F0 0B 2E      [11]  490 	ld	a,11 (ix)
   033D 69 00         [ 4]  491 	adc	a, #0x00
   033F F4 F3 26      [17]  492 	ld	-13 (ix),a
   0342 F0 F2 2E      [11]  493 	ld	a,-14 (ix)
   0345 F4 0A 26      [17]  494 	ld	10 (ix),a
   0348 F0 F3 2E      [11]  495 	ld	a,-13 (ix)
   034B F4 0B 26      [17]  496 	ld	11 (ix),a
   034E F2 23 4A      [10]  497 	ld	hl, 35 (sp)
   0351 9A            [ 4]  498 	dec	hl
   0352 9A            [ 4]  499 	dec	hl
   0353 F6 23 42      [ 7]  500 	ld	35 (sp), hl
   0356 F2 23 4A      [10]  501 	ld	hl, 35 (sp)
   0359 E2 2E         [10]  502 	ld	a,(hl)
   035B F4 F2 26      [17]  503 	ld	-14 (ix),a
   035E 92            [ 4]  504 	inc	hl
   035F E2 2E         [10]  505 	ld	a,(hl)
   0361 F4 F3 26      [17]  506 	ld	-13 (ix),a
   0364 F0 F2 2E      [11]  507 	ld	a,-14 (ix)
   0367 F4 D5 26      [17]  508 	ld	-43 (ix),a
   036A                     509 00132$:
                            510 ;../printf_large.c:565: OUTPUT_CHAR( c, p );
   036A F2 37 4A      [10]  511 	ld	hl, 55 (sp)
   036D 52            [ 4]  512 	push	hl
   036E F0 D5 2E      [11]  513 	ld	a,-43 (ix)
   0371 56            [ 7]  514 	push	af
   0372 96            [ 7]  515 	inc	sp
   0373 F2 38 4A      [10]  516 	ld	hl, 56 (sp)
   0376 1Cr00r00      [ 4]  517 	call	__sdcc_call_hl
   0379 16 03 00      [ 7]  518 	add	sp, #3
   037C F0 FE 87      [11]  519 	inc	-2 (ix)
   037F EBr90r05 CE   [ 4]  520 	jp	NZ,00160$
   0383 F0 FF 87      [11]  521 	inc	-1 (ix)
                            522 ;../printf_large.c:566: break;
   0386 1Ar90r05      [ 7]  523 	jp	00160$
                            524 ;../printf_large.c:568: case 'S':
   0389                     525 00133$:
                            526 ;../printf_large.c:569: PTR = va_arg(ap,ptr_t);
   0389 3A 0B 00      [13]  527 	ld	hl,#0x000B
   038C FE 70         [ 7]  528 	add	hl,sp
   038E F6 23 42      [ 7]  529 	ld	35 (sp), hl
   0391 F2 3B 4A      [10]  530 	ld	hl, 59 (sp)
   0394 92            [ 4]  531 	inc	hl
   0395 92            [ 4]  532 	inc	hl
   0396 F6 3B 42      [ 7]  533 	ld	59 (sp), hl
   0399 9A            [ 4]  534 	dec	hl
   039A 9A            [ 4]  535 	dec	hl
   039B E2 2B         [10]  536 	ld	e,(hl)
   039D 92            [ 4]  537 	inc	hl
   039E E2 2A         [10]  538 	ld	d,(hl)
   03A0 F2 23 4A      [10]  539 	ld	hl, 35 (sp)
   03A3 EA 23         [10]  540 	ld	(hl),e
   03A5 92            [ 4]  541 	inc	hl
   03A6 EA 22         [10]  542 	ld	(hl),d
                            543 ;../printf_large.c:582: length = strlen(PTR);
   03A8 51            [ 4]  544 	push	de
   03A9 1Cr00r00      [ 4]  545 	call	_strlen
   03AC 16 02 00      [ 7]  546 	add	sp, #2
   03AF F4 F0 25      [17]  547 	ld	-16 (ix),l
                            548 ;../printf_large.c:584: if ( decimals == -1 )
   03B2 F0 D7 2E      [11]  549 	ld	a,-41 (ix)
   03B5 86            [ 7]  550 	inc	a
   03B6 CE 06         [ 7]  551 	jr	NZ,00135$
                            552 ;../printf_large.c:586: decimals = length;
   03B8 F0 F0 2E      [11]  553 	ld	a,-16 (ix)
   03BB F4 D7 26      [17]  554 	ld	-41 (ix),a
   03BE                     555 00135$:
                            556 ;../printf_large.c:588: if ( ( !left_justify ) && (length < width) )
   03BE F0 E7 A8      [11]  557 	bit	0,-25 (ix)
   03C1 EBr05r04 CE   [ 4]  558 	jp	NZ,00277$
   03C5 F0 F0 2E      [11]  559 	ld	a,-16 (ix)
   03C8 F0 F4 62      [11]  560 	sub	a, -12 (ix)
   03CB EBr05r04 CF   [ 4]  561 	jp	NC,00277$
                            562 ;../printf_large.c:590: width -= length;
   03CF F0 F4 2E      [11]  563 	ld	a,-12 (ix)
   03D2 F0 F0 62      [11]  564 	sub	a, -16 (ix)
   03D5 2A            [16]  565 	ld	d,a
                            566 ;../printf_large.c:591: while( width-- != 0 )
   03D6 F0 FE 29      [11]  567 	ld	c,-2 (ix)
   03D9 F0 FF 28      [11]  568 	ld	b,-1 (ix)
   03DC                     569 00136$:
   03DC FA 34         [10]  570 	ld	h,d
   03DE 8A            [ 4]  571 	dec	d
   03DF 24            [ 4]  572 	ld	a,h
   03E0 FE 66         [ 7]  573 	or	a, a
   03E2 C6 18         [ 7]  574 	jr	Z,00312$
                            575 ;../printf_large.c:593: OUTPUT_CHAR( ' ', p );
   03E4 50            [ 4]  576 	push	bc
   03E5 51            [ 4]  577 	push	de
   03E6 F2 3B 4A      [10]  578 	ld	hl, 59 (sp)
   03E9 52            [ 4]  579 	push	hl
   03EA 36 20         [10]  580 	ld	a,#0x20
   03EC 56            [ 7]  581 	push	af
   03ED 96            [ 7]  582 	inc	sp
   03EE F2 3C 4A      [10]  583 	ld	hl, 60 (sp)
   03F1 1Cr00r00      [ 4]  584 	call	__sdcc_call_hl
   03F4 16 03 00      [ 7]  585 	add	sp, #3
   03F7 59            [ 4]  586 	pop	de
   03F8 58            [ 4]  587 	pop	bc
   03F9 90            [ 4]  588 	inc	bc
   03FA C8 E0         [11]  589 	jr	00136$
                            590 ;../printf_large.c:597: while ( (c = *PTR)  && (decimals-- > 0))
   03FC                     591 00312$:
   03FC F4 FE 21      [17]  592 	ld	-2 (ix),c
   03FF F4 FF 20      [17]  593 	ld	-1 (ix),b
   0402 F4 F4 22      [17]  594 	ld	-12 (ix),d
   0405                     595 00277$:
   0405 F0 D7 2E      [11]  596 	ld	a,-41 (ix)
   0408 F4 EF 26      [17]  597 	ld	-17 (ix),a
   040B F0 FE 2E      [11]  598 	ld	a,-2 (ix)
   040E F4 ED 26      [17]  599 	ld	-19 (ix),a
   0411 F0 FF 2E      [11]  600 	ld	a,-1 (ix)
   0414 F4 EE 26      [17]  601 	ld	-18 (ix),a
   0417                     602 00143$:
   0417 F2 23 4A      [10]  603 	ld	hl, 35 (sp)
   041A E2 2B         [10]  604 	ld	e,(hl)
   041C 92            [ 4]  605 	inc	hl
   041D E2 2A         [10]  606 	ld	d,(hl)
   041F E1 2E         [10]  607 	ld	a,(de)
   0421 F4 EC 26      [17]  608 	ld	-20 (ix),a
   0424 FE 66         [ 7]  609 	or	a, a
   0426 EBr6Er04 C6   [ 4]  610 	jp	Z,00313$
   042A F0 EF 2D      [11]  611 	ld	l,-17 (ix)
   042D F0 EF 8F      [11]  612 	dec	-17 (ix)
   0430 FE 65         [ 7]  613 	xor	a, a
   0432 FD 62               614 	sub	a, l
   0434 EBr3Ar04 CC   [ 4]  615 	jp	PO, 00583$
   0438 6D 80         [ 4]  616 	xor	a, #0x80
   043A                     617 00583$:
   043A EBr6Er04 CD   [ 4]  618 	jp	P,00313$
                            619 ;../printf_large.c:599: OUTPUT_CHAR( c, p );
   043E F2 37 4A      [10]  620 	ld	hl, 55 (sp)
   0441 52            [ 4]  621 	push	hl
   0442 F0 EC 2E      [11]  622 	ld	a,-20 (ix)
   0445 56            [ 7]  623 	push	af
   0446 96            [ 7]  624 	inc	sp
   0447 F2 38 4A      [10]  625 	ld	hl, 56 (sp)
   044A 1Cr00r00      [ 4]  626 	call	__sdcc_call_hl
   044D 16 03 00      [ 7]  627 	add	sp, #3
   0450 F0 ED 87      [11]  628 	inc	-19 (ix)
   0453 CE 03         [ 7]  629 	jr	NZ,00584$
   0455 F0 EE 87      [11]  630 	inc	-18 (ix)
   0458                     631 00584$:
                            632 ;../printf_large.c:600: PTR++;
   0458 F2 23 4A      [10]  633 	ld	hl, 35 (sp)
   045B E2 29         [10]  634 	ld	c,(hl)
   045D 92            [ 4]  635 	inc	hl
   045E E2 28         [10]  636 	ld	b,(hl)
   0460 90            [ 4]  637 	inc	bc
   0461 F9 32         [ 6]  638 	ld	d,c
   0463 F2 23 4A      [10]  639 	ld	hl, 35 (sp)
   0466 EA 22         [10]  640 	ld	(hl),d
   0468 92            [ 4]  641 	inc	hl
   0469 EA 20         [10]  642 	ld	(hl),b
   046B 1Ar17r04      [ 7]  643 	jp	00143$
   046E                     644 00313$:
   046E F0 ED 2E      [11]  645 	ld	a,-19 (ix)
   0471 F4 FE 26      [17]  646 	ld	-2 (ix),a
   0474 F0 EE 2E      [11]  647 	ld	a,-18 (ix)
   0477 F4 FF 26      [17]  648 	ld	-1 (ix),a
                            649 ;../printf_large.c:603: if ( left_justify && (length < width))
   047A F0 E7 A8      [11]  650 	bit	0,-25 (ix)
   047D EBr90r05 C6   [ 4]  651 	jp	Z,00160$
   0481 F0 F0 2E      [11]  652 	ld	a,-16 (ix)
   0484 F0 F4 62      [11]  653 	sub	a, -12 (ix)
   0487 EBr90r05 CF   [ 4]  654 	jp	NC,00160$
                            655 ;../printf_large.c:605: width -= length;
   048B F0 F4 2E      [11]  656 	ld	a,-12 (ix)
   048E F0 F0 62      [11]  657 	sub	a, -16 (ix)
   0491 29            [11]  658 	ld	c,a
                            659 ;../printf_large.c:606: while( width-- != 0 )
   0492 08            [ 4]  660 	ex	de, hl
   0493 F2 1E 4A      [10]  661 	ld	hl, 30 (sp)
   0496 08            [ 4]  662 	ex	de, hl
   0497                     663 00146$:
   0497 F9 34         [ 6]  664 	ld	h,c
   0499 89            [ 4]  665 	dec	c
   049A 24            [ 4]  666 	ld	a,h
   049B FE 66         [ 7]  667 	or	a, a
   049D EBr87r05 C6   [ 4]  668 	jp	Z,00314$
                            669 ;../printf_large.c:608: OUTPUT_CHAR( ' ', p );
   04A1 50            [ 4]  670 	push	bc
   04A2 51            [ 4]  671 	push	de
   04A3 F2 3B 4A      [10]  672 	ld	hl, 59 (sp)
   04A6 52            [ 4]  673 	push	hl
   04A7 36 20         [10]  674 	ld	a,#0x20
   04A9 56            [ 7]  675 	push	af
   04AA 96            [ 7]  676 	inc	sp
   04AB F2 3C 4A      [10]  677 	ld	hl, 60 (sp)
   04AE 1Cr00r00      [ 4]  678 	call	__sdcc_call_hl
   04B1 16 03 00      [ 7]  679 	add	sp, #3
   04B4 59            [ 4]  680 	pop	de
   04B5 58            [ 4]  681 	pop	bc
   04B6 91            [ 4]  682 	inc	de
   04B7 C8 DE         [11]  683 	jr	00146$
                            684 ;../printf_large.c:613: case 'P':
   04B9                     685 00152$:
                            686 ;../printf_large.c:614: PTR = va_arg(ap,ptr_t);
   04B9 3A 0B 00      [13]  687 	ld	hl,#0x000B
   04BC FE 70         [ 7]  688 	add	hl,sp
   04BE 08            [ 4]  689 	ex	de,hl
   04BF F2 3B 4A      [10]  690 	ld	hl, 59 (sp)
   04C2 92            [ 4]  691 	inc	hl
   04C3 92            [ 4]  692 	inc	hl
   04C4 F6 3B 42      [ 7]  693 	ld	59 (sp), hl
   04C7 9A            [ 4]  694 	dec	hl
   04C8 9A            [ 4]  695 	dec	hl
   04C9 E2 29         [10]  696 	ld	c,(hl)
   04CB 92            [ 4]  697 	inc	hl
   04CC E2 28         [10]  698 	ld	b,(hl)
   04CE 21            [10]  699 	ld	a,c
   04CF E9 26         [ 4]  700 	ld	(de),a
   04D1 91            [ 4]  701 	inc	de
   04D2 20            [12]  702 	ld	a,b
   04D3 E9 26         [ 4]  703 	ld	(de),a
                            704 ;../printf_large.c:658: OUTPUT_CHAR('0', p);
   04D5 F2 37 4A      [10]  705 	ld	hl, 55 (sp)
   04D8 52            [ 4]  706 	push	hl
   04D9 36 30         [10]  707 	ld	a,#0x30
   04DB 56            [ 7]  708 	push	af
   04DC 96            [ 7]  709 	inc	sp
   04DD F2 38 4A      [10]  710 	ld	hl, 56 (sp)
   04E0 1Cr00r00      [ 4]  711 	call	__sdcc_call_hl
   04E3 16 03 00      [ 7]  712 	add	sp, #3
   04E6 08            [ 4]  713 	ex	de, hl
   04E7 F2 2F 4A      [10]  714 	ld	hl, 47 (sp)
   04EA 08            [ 4]  715 	ex	de, hl
   04EB 91            [ 4]  716 	inc	de
                            717 ;../printf_large.c:659: OUTPUT_CHAR('x', p);
   04EC 51            [ 4]  718 	push	de
   04ED F2 39 4A      [10]  719 	ld	hl, 57 (sp)
   04F0 52            [ 4]  720 	push	hl
   04F1 36 78         [10]  721 	ld	a,#0x78
   04F3 56            [ 7]  722 	push	af
   04F4 96            [ 7]  723 	inc	sp
   04F5 F2 3A 4A      [10]  724 	ld	hl, 58 (sp)
   04F8 1Cr00r00      [ 4]  725 	call	__sdcc_call_hl
   04FB 16 03 00      [ 7]  726 	add	sp, #3
   04FE 59            [ 4]  727 	pop	de
   04FF 91            [ 4]  728 	inc	de
                            729 ;../printf_large.c:660: OUTPUT_2DIGITS( value.byte[1] );
   0500 3A 0C 00      [13]  730 	ld	hl,#0x000C
   0503 FE 70         [ 7]  731 	add	hl,sp
   0505 E2 28         [10]  732 	ld	b,(hl)
   0507 51            [ 4]  733 	push	de
   0508 F2 39 4A      [10]  734 	ld	hl, 57 (sp)
   050B 52            [ 4]  735 	push	hl
   050C F2 39 4A      [10]  736 	ld	hl, 57 (sp)
   050F 52            [ 4]  737 	push	hl
   0510 F0 DF 2E      [11]  738 	ld	a,-33 (ix)
   0513 56            [ 7]  739 	push	af
   0514 96            [ 7]  740 	inc	sp
   0515 50            [ 4]  741 	push	bc
   0516 96            [ 7]  742 	inc	sp
   0517 1Cr31r00      [ 4]  743 	call	_output_2digits
   051A 16 06 00      [ 7]  744 	add	sp, #6
   051D 59            [ 4]  745 	pop	de
   051E 91            [ 4]  746 	inc	de
   051F 91            [ 4]  747 	inc	de
                            748 ;../printf_large.c:661: OUTPUT_2DIGITS( value.byte[0] );
   0520 F2 2D 4A      [10]  749 	ld	hl, 45 (sp)
   0523 E2 28         [10]  750 	ld	b,(hl)
   0525 51            [ 4]  751 	push	de
   0526 F2 39 4A      [10]  752 	ld	hl, 57 (sp)
   0529 52            [ 4]  753 	push	hl
   052A F2 39 4A      [10]  754 	ld	hl, 57 (sp)
   052D 52            [ 4]  755 	push	hl
   052E F0 DF 2E      [11]  756 	ld	a,-33 (ix)
   0531 56            [ 7]  757 	push	af
   0532 96            [ 7]  758 	inc	sp
   0533 50            [ 4]  759 	push	bc
   0534 96            [ 7]  760 	inc	sp
   0535 1Cr31r00      [ 4]  761 	call	_output_2digits
   0538 16 06 00      [ 7]  762 	add	sp, #6
   053B 59            [ 4]  763 	pop	de
   053C 91            [ 4]  764 	inc	de
   053D 91            [ 4]  765 	inc	de
   053E F4 FE 23      [17]  766 	ld	-2 (ix),e
   0541 F4 FF 22      [17]  767 	ld	-1 (ix),d
                            768 ;../printf_large.c:663: break;
   0544 1Ar90r05      [ 7]  769 	jp	00160$
                            770 ;../printf_large.c:666: case 'I':
   0547                     771 00154$:
                            772 ;../printf_large.c:667: signed_argument = 1;
   0547 F4 E3 37 01   [17]  773 	ld	-29 (ix),#0x01
                            774 ;../printf_large.c:668: radix = 10;
   054B F4 D8 37 0A   [17]  775 	ld	-40 (ix),#0x0A
                            776 ;../printf_large.c:669: break;
   054F 1Ar90r05      [ 7]  777 	jp	00160$
                            778 ;../printf_large.c:671: case 'O':
   0552                     779 00155$:
                            780 ;../printf_large.c:672: radix = 8;
   0552 F4 D8 37 08   [17]  781 	ld	-40 (ix),#0x08
                            782 ;../printf_large.c:673: break;
   0556 1Ar90r05      [ 7]  783 	jp	00160$
                            784 ;../printf_large.c:675: case 'U':
   0559                     785 00156$:
                            786 ;../printf_large.c:676: radix = 10;
   0559 F4 D8 37 0A   [17]  787 	ld	-40 (ix),#0x0A
                            788 ;../printf_large.c:677: break;
   055D C8 31         [11]  789 	jr	00160$
                            790 ;../printf_large.c:679: case 'X':
   055F                     791 00157$:
                            792 ;../printf_large.c:680: radix = 16;
   055F F4 D8 37 10   [17]  793 	ld	-40 (ix),#0x10
                            794 ;../printf_large.c:681: break;
   0563 C8 2B         [11]  795 	jr	00160$
                            796 ;../printf_large.c:683: case 'F':
   0565                     797 00158$:
                            798 ;../printf_large.c:684: float_argument=1;
   0565 F4 E0 37 01   [17]  799 	ld	-32 (ix),#0x01
                            800 ;../printf_large.c:685: break;
   0569 C8 25         [11]  801 	jr	00160$
                            802 ;../printf_large.c:687: default:
   056B                     803 00159$:
                            804 ;../printf_large.c:689: OUTPUT_CHAR( c, p );
   056B F2 37 4A      [10]  805 	ld	hl, 55 (sp)
   056E 52            [ 4]  806 	push	hl
   056F F0 F1 2E      [11]  807 	ld	a,-15 (ix)
   0572 56            [ 7]  808 	push	af
   0573 96            [ 7]  809 	inc	sp
   0574 F2 38 4A      [10]  810 	ld	hl, 56 (sp)
   0577 1Cr00r00      [ 4]  811 	call	__sdcc_call_hl
   057A 16 03 00      [ 7]  812 	add	sp, #3
   057D F0 FE 87      [11]  813 	inc	-2 (ix)
   0580 CE 0E         [ 7]  814 	jr	NZ,00160$
   0582 F0 FF 87      [11]  815 	inc	-1 (ix)
                            816 ;../printf_large.c:872: return charsOutputted;
   0585 C8 09         [11]  817 	jr	00160$
                            818 ;../printf_large.c:691: }
   0587                     819 00314$:
   0587 F4 FE 23      [17]  820 	ld	-2 (ix),e
   058A F4 FF 22      [17]  821 	ld	-1 (ix),d
   058D F4 F4 21      [17]  822 	ld	-12 (ix),c
   0590                     823 00160$:
                            824 ;../printf_large.c:693: if (float_argument)
   0590 F0 E0 A8      [11]  825 	bit	0,-32 (ix)
   0593 EBr43r06 C6   [ 4]  826 	jp	Z,00226$
                            827 ;../printf_large.c:695: value.f = va_arg(ap, float);
   0597 3A 0B 00      [13]  828 	ld	hl,#0x000B
   059A FE 70         [ 7]  829 	add	hl,sp
   059C F6 1E 42      [ 7]  830 	ld	30 (sp), hl
   059F F0 0A 2E      [11]  831 	ld	a,10 (ix)
   05A2 68 04         [ 4]  832 	add	a, #0x04
   05A4 F4 F2 26      [17]  833 	ld	-14 (ix),a
   05A7 F0 0B 2E      [11]  834 	ld	a,11 (ix)
   05AA 69 00         [ 4]  835 	adc	a, #0x00
   05AC F4 F3 26      [17]  836 	ld	-13 (ix),a
   05AF F0 F2 2E      [11]  837 	ld	a,-14 (ix)
   05B2 F4 0A 26      [17]  838 	ld	10 (ix),a
   05B5 F0 F3 2E      [11]  839 	ld	a,-13 (ix)
   05B8 F4 0B 26      [17]  840 	ld	11 (ix),a
   05BB F0 F2 2E      [11]  841 	ld	a,-14 (ix)
   05BE 68 FC         [ 4]  842 	add	a,#0xFC
   05C0 F4 F2 26      [17]  843 	ld	-14 (ix),a
   05C3 F0 F3 2E      [11]  844 	ld	a,-13 (ix)
   05C6 69 FF         [ 4]  845 	adc	a,#0xFF
   05C8 F4 F3 26      [17]  846 	ld	-13 (ix),a
   05CB 08            [ 4]  847 	ex	de, hl
   05CC F2 23 4A      [10]  848 	ld	hl, 35 (sp)
   05CF 08            [ 4]  849 	ex	de, hl
   05D0 3A 19 00      [13]  850 	ld	hl, #0x0019
   05D3 FE 70         [ 7]  851 	add	hl, sp
   05D5 08            [ 4]  852 	ex	de, hl
   05D6 38 04 00      [12]  853 	ld	bc, #0x0004
   05D9 FE 59         [ 7]  854 	ldir
   05DB 08            [ 4]  855 	ex	de, hl
   05DC F2 1E 4A      [10]  856 	ld	hl, 30 (sp)
   05DF 08            [ 4]  857 	ex	de, hl
   05E0 3A 19 00      [13]  858 	ld	hl, #0x0019
   05E3 FE 70         [ 7]  859 	add	hl, sp
   05E5 38 04 00      [12]  860 	ld	bc, #0x0004
   05E8 FE 59         [ 7]  861 	ldir
                            862 ;../printf_large.c:697: PTR="<NO FLOAT>";
   05EA 3A 0B 00      [13]  863 	ld	hl,#0x000B
   05ED FE 70         [ 7]  864 	add	hl,sp
   05EF F6 19 42      [ 7]  865 	ld	25 (sp), hl
   05F2 F2 19 4A      [10]  866 	ld	hl, 25 (sp)
   05F5 EA 37 4D      [10]  867 	ld	(hl),#<(___str_0)
   05F8 92            [ 4]  868 	inc	hl
   05F9 EA 37 4D      [10]  869 	ld	(hl),#>(___str_0)
                            870 ;../printf_large.c:698: while (c=*PTR++)
   05FC 08            [ 4]  871 	ex	de, hl
   05FD F2 2F 4A      [10]  872 	ld	hl, 47 (sp)
   0600 08            [ 4]  873 	ex	de, hl
   0601                     874 00161$:
   0601 F2 19 4A      [10]  875 	ld	hl, 25 (sp)
   0604 E2 29         [10]  876 	ld	c,(hl)
   0606 92            [ 4]  877 	inc	hl
   0607 E2 28         [10]  878 	ld	b,(hl)
   0609 3A 01 00      [13]  879 	ld	hl,#0x0001
   060C F8 70         [11]  880 	add	hl,bc
   060E F6 1E 42      [ 7]  881 	ld	30 (sp), hl
   0611 F2 19 4A      [10]  882 	ld	hl, 25 (sp)
   0614 F0 ED 2E      [11]  883 	ld	a,-19 (ix)
   0617 EA 26         [10]  884 	ld	(hl),a
   0619 92            [ 4]  885 	inc	hl
   061A F0 EE 2E      [11]  886 	ld	a,-18 (ix)
   061D EA 26         [10]  887 	ld	(hl),a
   061F E0 2E         [11]  888 	ld	a,(bc)
   0621 28            [12]  889 	ld	b,a
   0622 FE 66         [ 7]  890 	or	a, a
   0624 EBr1Dr01 C6   [ 4]  891 	jp	Z,00231$
                            892 ;../printf_large.c:700: OUTPUT_CHAR (c, p);
   0628 51            [ 4]  893 	push	de
   0629 F2 39 4A      [10]  894 	ld	hl, 57 (sp)
   062C 52            [ 4]  895 	push	hl
   062D 50            [ 4]  896 	push	bc
   062E 96            [ 7]  897 	inc	sp
   062F F2 3A 4A      [10]  898 	ld	hl, 58 (sp)
   0632 1Cr00r00      [ 4]  899 	call	__sdcc_call_hl
   0635 16 03 00      [ 7]  900 	add	sp, #3
   0638 59            [ 4]  901 	pop	de
   0639 91            [ 4]  902 	inc	de
   063A F4 FE 23      [17]  903 	ld	-2 (ix),e
   063D F4 FF 22      [17]  904 	ld	-1 (ix),d
   0640 1Ar01r06      [ 7]  905 	jp	00161$
   0643                     906 00226$:
                            907 ;../printf_large.c:718: else if (radix != 0)
   0643 F0 D8 2E      [11]  908 	ld	a,-40 (ix)
   0646 FE 66         [ 7]  909 	or	a, a
   0648 EBr1Dr01 C6   [ 4]  910 	jp	Z,00231$
                            911 ;../printf_large.c:723: unsigned char MEM_SPACE_BUF_PP *pstore = &store[5];
   064C F0 FA 2E      [11]  912 	ld	a,-6 (ix)
   064F F4 E8 26      [17]  913 	ld	-24 (ix),a
   0652 F0 FB 2E      [11]  914 	ld	a,-5 (ix)
   0655 F4 E9 26      [17]  915 	ld	-23 (ix),a
                            916 ;../printf_large.c:726: if (char_argument)
   0658 F0 E2 A8      [11]  917 	bit	0,-30 (ix)
   065B EBrB0r06 C6   [ 4]  918 	jp	Z,00172$
                            919 ;../printf_large.c:728: value.l = va_arg(ap, char);
   065F 3A 0B 00      [13]  920 	ld	hl,#0x000B
   0662 FE 70         [ 7]  921 	add	hl,sp
   0664 F6 1E 42      [ 7]  922 	ld	30 (sp), hl
   0667 F2 3B 87      [10]  923 	inc	59 (sp)
   066A F2 3B 4A      [10]  924 	ld	hl, 59 (sp)
   066D 9A            [ 4]  925 	dec	hl
   066E E2 2E         [10]  926 	ld	a,(hl)
   0670 2B            [ 6]  927 	ld	e,a
   0671 A2            [ 4]  928 	rla
   0672 FE 63         [ 7]  929 	sbc	a, a
   0674 2A            [16]  930 	ld	d,a
   0675 29            [11]  931 	ld	c,a
   0676 28            [12]  932 	ld	b,a
   0677 F2 1E 4A      [10]  933 	ld	hl, 30 (sp)
   067A EA 23         [10]  934 	ld	(hl),e
   067C 92            [ 4]  935 	inc	hl
   067D EA 22         [10]  936 	ld	(hl),d
   067F 92            [ 4]  937 	inc	hl
   0680 EA 21         [10]  938 	ld	(hl),c
   0682 92            [ 4]  939 	inc	hl
   0683 EA 20         [10]  940 	ld	(hl),b
                            941 ;../printf_large.c:729: if (!signed_argument)
   0685 F0 E3 A8      [11]  942 	bit	0,-29 (ix)
   0688 EBr41r07 CE   [ 4]  943 	jp	NZ,00173$
                            944 ;../printf_large.c:731: value.l &= 0xFF;
   068C F2 1E 4A      [10]  945 	ld	hl, 30 (sp)
   068F E2 2B         [10]  946 	ld	e,(hl)
   0691 92            [ 4]  947 	inc	hl
   0692 E2 2A         [10]  948 	ld	d,(hl)
   0694 92            [ 4]  949 	inc	hl
   0695 E2 28         [10]  950 	ld	b,(hl)
   0697 92            [ 4]  951 	inc	hl
   0698 E2 2C         [10]  952 	ld	h,(hl)
   069A 32 00         [13]  953 	ld	d,#0x00
   069C 38 00 00      [12]  954 	ld	bc,#0x0000
   069F F2 1E 4A      [10]  955 	ld	hl, 30 (sp)
   06A2 EA 23         [10]  956 	ld	(hl),e
   06A4 92            [ 4]  957 	inc	hl
   06A5 EA 22         [10]  958 	ld	(hl),d
   06A7 92            [ 4]  959 	inc	hl
   06A8 EA 21         [10]  960 	ld	(hl),c
   06AA 92            [ 4]  961 	inc	hl
   06AB EA 20         [10]  962 	ld	(hl),b
   06AD 1Ar41r07      [ 7]  963 	jp	00173$
   06B0                     964 00172$:
                            965 ;../printf_large.c:734: else if (long_argument)
   06B0 F0 E1 A8      [11]  966 	bit	0,-31 (ix)
   06B3 EBrF2r06 C6   [ 4]  967 	jp	Z,00169$
                            968 ;../printf_large.c:736: value.l = va_arg(ap, long);
   06B7 3A 0B 00      [13]  969 	ld	hl,#0x000B
   06BA FE 70         [ 7]  970 	add	hl,sp
   06BC F6 1E 42      [ 7]  971 	ld	30 (sp), hl
   06BF F0 0A 2E      [11]  972 	ld	a,10 (ix)
   06C2 68 04         [ 4]  973 	add	a, #0x04
   06C4 2D            [ 4]  974 	ld	l,a
   06C5 F0 0B 2E      [11]  975 	ld	a,11 (ix)
   06C8 69 00         [ 4]  976 	adc	a, #0x00
   06CA 2C            [ 4]  977 	ld	h,a
   06CB F6 3B 42      [ 7]  978 	ld	59 (sp), hl
   06CE 25            [ 4]  979 	ld	a,l
   06CF 68 FC         [ 4]  980 	add	a,#0xFC
   06D1 2D            [ 4]  981 	ld	l,a
   06D2 24            [ 4]  982 	ld	a,h
   06D3 69 FF         [ 4]  983 	adc	a,#0xFF
   06D5 2C            [ 4]  984 	ld	h,a
   06D6 E2 2B         [10]  985 	ld	e,(hl)
   06D8 92            [ 4]  986 	inc	hl
   06D9 E2 2A         [10]  987 	ld	d,(hl)
   06DB 92            [ 4]  988 	inc	hl
   06DC E2 29         [10]  989 	ld	c,(hl)
   06DE 92            [ 4]  990 	inc	hl
   06DF E2 28         [10]  991 	ld	b,(hl)
   06E1 F2 1E 4A      [10]  992 	ld	hl, 30 (sp)
   06E4 EA 23         [10]  993 	ld	(hl),e
   06E6 92            [ 4]  994 	inc	hl
   06E7 EA 22         [10]  995 	ld	(hl),d
   06E9 92            [ 4]  996 	inc	hl
   06EA EA 21         [10]  997 	ld	(hl),c
   06EC 92            [ 4]  998 	inc	hl
   06ED EA 20         [10]  999 	ld	(hl),b
   06EF 1Ar41r07      [ 7] 1000 	jp	00173$
   06F2                    1001 00169$:
                           1002 ;../printf_large.c:740: value.l = va_arg(ap, int);
   06F2 3A 0B 00      [13] 1003 	ld	hl,#0x000B
   06F5 FE 70         [ 7] 1004 	add	hl,sp
   06F7 F6 1E 42      [ 7] 1005 	ld	30 (sp), hl
   06FA F2 3B 4A      [10] 1006 	ld	hl, 59 (sp)
   06FD 92            [ 4] 1007 	inc	hl
   06FE 92            [ 4] 1008 	inc	hl
   06FF F6 3B 42      [ 7] 1009 	ld	59 (sp), hl
   0702 9A            [ 4] 1010 	dec	hl
   0703 9A            [ 4] 1011 	dec	hl
   0704 E2 2B         [10] 1012 	ld	e,(hl)
   0706 92            [ 4] 1013 	inc	hl
   0707 E2 2A         [10] 1014 	ld	d,(hl)
   0709 22            [16] 1015 	ld	a,d
   070A A2            [ 4] 1016 	rla
   070B FE 63         [ 7] 1017 	sbc	a, a
   070D 29            [11] 1018 	ld	c,a
   070E 28            [12] 1019 	ld	b,a
   070F F2 1E 4A      [10] 1020 	ld	hl, 30 (sp)
   0712 EA 23         [10] 1021 	ld	(hl),e
   0714 92            [ 4] 1022 	inc	hl
   0715 EA 22         [10] 1023 	ld	(hl),d
   0717 92            [ 4] 1024 	inc	hl
   0718 EA 21         [10] 1025 	ld	(hl),c
   071A 92            [ 4] 1026 	inc	hl
   071B EA 20         [10] 1027 	ld	(hl),b
                           1028 ;../printf_large.c:741: if (!signed_argument)
   071D F0 E3 A8      [11] 1029 	bit	0,-29 (ix)
   0720 CE 1F         [ 7] 1030 	jr	NZ,00173$
                           1031 ;../printf_large.c:743: value.l &= 0xFFFF;
   0722 F2 1E 4A      [10] 1032 	ld	hl, 30 (sp)
   0725 E2 2B         [10] 1033 	ld	e,(hl)
   0727 92            [ 4] 1034 	inc	hl
   0728 E2 2A         [10] 1035 	ld	d,(hl)
   072A 92            [ 4] 1036 	inc	hl
   072B E2 28         [10] 1037 	ld	b,(hl)
   072D 92            [ 4] 1038 	inc	hl
   072E E2 2C         [10] 1039 	ld	h,(hl)
   0730 38 00 00      [12] 1040 	ld	bc,#0x0000
   0733 F2 1E 4A      [10] 1041 	ld	hl, 30 (sp)
   0736 EA 23         [10] 1042 	ld	(hl),e
   0738 92            [ 4] 1043 	inc	hl
   0739 EA 22         [10] 1044 	ld	(hl),d
   073B 92            [ 4] 1045 	inc	hl
   073C EA 21         [10] 1046 	ld	(hl),c
   073E 92            [ 4] 1047 	inc	hl
   073F EA 20         [10] 1048 	ld	(hl),b
   0741                    1049 00173$:
                           1050 ;../printf_large.c:747: if ( signed_argument )
   0741 F0 E3 A8      [11] 1051 	bit	0,-29 (ix)
   0744 EBr92r07 C6   [ 4] 1052 	jp	Z,00178$
                           1053 ;../printf_large.c:749: if (value.l < 0)
   0748 3A 0B 00      [13] 1054 	ld	hl,#0x000B
   074B FE 70         [ 7] 1055 	add	hl,sp
   074D 52            [ 4] 1056 	push	hl
   074E E2 2B         [10] 1057 	ld	e,(hl)
   0750 92            [ 4] 1058 	inc	hl
   0751 E2 2A         [10] 1059 	ld	d,(hl)
   0753 92            [ 4] 1060 	inc	hl
   0754 E2 28         [10] 1061 	ld	b,(hl)
   0756 92            [ 4] 1062 	inc	hl
   0757 E2 29         [10] 1063 	ld	c,(hl)
   0759 5A            [ 4] 1064 	pop	hl
   075A F9 AF         [ 6] 1065 	bit	7, c
   075C EBr8Er07 C6   [ 4] 1066 	jp	Z,00175$
                           1067 ;../printf_large.c:750: value.l = -value.l;
   0760 52            [ 4] 1068 	push	hl
   0761 E2 2B         [10] 1069 	ld	e,(hl)
   0763 92            [ 4] 1070 	inc	hl
   0764 E2 2A         [10] 1071 	ld	d,(hl)
   0766 92            [ 4] 1072 	inc	hl
   0767 E2 29         [10] 1073 	ld	c,(hl)
   0769 92            [ 4] 1074 	inc	hl
   076A E2 28         [10] 1075 	ld	b,(hl)
   076C 5A            [ 4] 1076 	pop	hl
   076D FE 65         [ 7] 1077 	xor	a, a
   076F FB 62         [ 4] 1078 	sub	a, e
   0771 2B            [ 6] 1079 	ld	e,a
   0772 36 00         [10] 1080 	ld	a, #0x00
   0774 FA 63         [10] 1081 	sbc	a, d
   0776 2A            [16] 1082 	ld	d,a
   0777 36 00         [10] 1083 	ld	a, #0x00
   0779 F9 63         [ 6] 1084 	sbc	a, c
   077B 29            [11] 1085 	ld	c,a
   077C 36 00         [10] 1086 	ld	a, #0x00
   077E F8 63         [11] 1087 	sbc	a, b
   0780 28            [12] 1088 	ld	b,a
   0781 EA 23         [10] 1089 	ld	(hl),e
   0783 92            [ 4] 1090 	inc	hl
   0784 EA 22         [10] 1091 	ld	(hl),d
   0786 92            [ 4] 1092 	inc	hl
   0787 EA 21         [10] 1093 	ld	(hl),c
   0789 92            [ 4] 1094 	inc	hl
   078A EA 20         [10] 1095 	ld	(hl),b
   078C C8 04         [11] 1096 	jr	00178$
   078E                    1097 00175$:
                           1098 ;../printf_large.c:752: signed_argument = 0;
   078E F4 E3 37 00   [17] 1099 	ld	-29 (ix),#0x00
   0792                    1100 00178$:
                           1101 ;../printf_large.c:756: lsd = 1;
   0792 F4 D9 37 01   [17] 1102 	ld	-39 (ix),#0x01
                           1103 ;../printf_large.c:758: do {
   0796 08            [ 4] 1104 	ex	de, hl
   0797 F2 19 4A      [10] 1105 	ld	hl, 25 (sp)
   079A 08            [ 4] 1106 	ex	de, hl
   079B F4 D6 37 00   [17] 1107 	ld	-42 (ix),#0x00
   079F                    1108 00182$:
                           1109 ;../printf_large.c:759: value.byte[4] = 0;
   079F 3A 0F 00      [13] 1110 	ld	hl,#0x000F
   07A2 FE 70         [ 7] 1111 	add	hl,sp
   07A4 EA 37 00      [10] 1112 	ld	(hl),#0x00
                           1113 ;../printf_large.c:761: calculate_digit(&value, radix);
   07A7 F2 29 4D      [10] 1114 	ld	iy, 41 (sp)
   07AA 51            [ 4] 1115 	push	de
   07AB F0 D8 2E      [11] 1116 	ld	a,-40 (ix)
   07AE 56            [ 7] 1117 	push	af
   07AF 96            [ 7] 1118 	inc	sp
   07B0 55            [ 4] 1119 	push	iy
   07B1 1Cr73r00      [ 4] 1120 	call	_calculate_digit
   07B4 16 03 00      [ 7] 1121 	add	sp, #3
   07B7 59            [ 4] 1122 	pop	de
                           1123 ;../printf_large.c:765: if (!lsd)
   07B8 F0 D9 A8      [11] 1124 	bit	0,-39 (ix)
   07BB EBrE2r07 CE   [ 4] 1125 	jp	NZ,00180$
                           1126 ;../printf_large.c:767: *pstore = (value.byte[4] << 4) | (value.byte[4] >> 4) | *pstore;
   07BF F2 27 4A      [10] 1127 	ld	hl, 39 (sp)
   07C2 E2 2E         [10] 1128 	ld	a,(hl)
   07C4 A0            [ 4] 1129 	rlca
   07C5 A0            [ 4] 1130 	rlca
   07C6 A0            [ 4] 1131 	rlca
   07C7 A0            [ 4] 1132 	rlca
   07C8 6C F0         [ 4] 1133 	and	a,#0xF0
   07CA 28            [12] 1134 	ld	b,a
   07CB F2 27 4A      [10] 1135 	ld	hl, 39 (sp)
   07CE E2 2E         [10] 1136 	ld	a,(hl)
   07D0 A0            [ 4] 1137 	rlca
   07D1 A0            [ 4] 1138 	rlca
   07D2 A0            [ 4] 1139 	rlca
   07D3 A0            [ 4] 1140 	rlca
   07D4 6C 0F         [ 4] 1141 	and	a,#0x0F
   07D6 F8 66         [11] 1142 	or	a, b
   07D8 28            [12] 1143 	ld	b,a
   07D9 E1 2E         [10] 1144 	ld	a,(de)
   07DB F8 66         [11] 1145 	or	a, b
   07DD E9 26         [ 4] 1146 	ld	(de),a
                           1147 ;../printf_large.c:768: pstore--;
   07DF 99            [ 4] 1148 	dec	de
   07E0 C8 07         [11] 1149 	jr	00181$
   07E2                    1150 00180$:
                           1151 ;../printf_large.c:772: *pstore = value.byte[4];
   07E2 F2 27 4A      [10] 1152 	ld	hl, 39 (sp)
   07E5 E2 2E         [10] 1153 	ld	a,(hl)
   07E7 E9 26         [ 4] 1154 	ld	(de),a
   07E9                    1155 00181$:
                           1156 ;../printf_large.c:774: length++;
   07E9 F0 D6 87      [11] 1157 	inc	-42 (ix)
                           1158 ;../printf_large.c:775: lsd = !lsd;
   07EC F0 D9 2E      [11] 1159 	ld	a,-39 (ix)
   07EF 6D 01         [ 4] 1160 	xor	a, #0x01
   07F1 F4 D9 26      [17] 1161 	ld	-39 (ix),a
                           1162 ;../printf_large.c:776: } while( value.ul );
   07F4 F2 29 4A      [10] 1163 	ld	hl, 41 (sp)
   07F7 E2 29         [10] 1164 	ld	c,(hl)
   07F9 92            [ 4] 1165 	inc	hl
   07FA E2 28         [10] 1166 	ld	b,(hl)
   07FC 92            [ 4] 1167 	inc	hl
   07FD 92            [ 4] 1168 	inc	hl
   07FE E2 2E         [10] 1169 	ld	a,(hl)
   0800 9A            [ 4] 1170 	dec	hl
   0801 E2 2C         [10] 1171 	ld	h,(hl)
   0803 2D            [ 4] 1172 	ld	l,a
   0804 FC 66         [17] 1173 	or	a, h
   0806 F8 66         [11] 1174 	or	a, b
   0808 F9 66         [ 6] 1175 	or	a,c
   080A EBr9Fr07 CE   [ 4] 1176 	jp	NZ,00182$
                           1177 ;../printf_large.c:778: if (width == 0)
   080E F4 E8 23      [17] 1178 	ld	-24 (ix),e
   0811 F4 E9 22      [17] 1179 	ld	-23 (ix),d
   0814 F0 D6 2E      [11] 1180 	ld	a,-42 (ix)
   0817 F4 EC 26      [17] 1181 	ld	-20 (ix),a
   081A F0 F4 2E      [11] 1182 	ld	a,-12 (ix)
   081D FE 66         [ 7] 1183 	or	a, a
   081F CE 04         [ 7] 1184 	jr	NZ,00186$
                           1185 ;../printf_large.c:783: width = 1;
   0821 F4 F4 37 01   [17] 1186 	ld	-12 (ix),#0x01
   0825                    1187 00186$:
                           1188 ;../printf_large.c:787: if (!zero_padding && !left_justify)
   0825 F0 E6 A8      [11] 1189 	bit	0,-26 (ix)
   0828 EBr7Dr08 CE   [ 4] 1190 	jp	NZ,00191$
   082C F0 E7 A8      [11] 1191 	bit	0,-25 (ix)
   082F EBr7Dr08 CE   [ 4] 1192 	jp	NZ,00191$
                           1193 ;../printf_large.c:789: while ( width > (unsigned char) (length+1) )
   0833 F0 EC 2E      [11] 1194 	ld	a,-20 (ix)
   0836 86            [ 7] 1195 	inc	a
   0837 F4 ED 26      [17] 1196 	ld	-19 (ix),a
   083A F0 FE 2E      [11] 1197 	ld	a,-2 (ix)
   083D F4 F2 26      [17] 1198 	ld	-14 (ix),a
   0840 F0 FF 2E      [11] 1199 	ld	a,-1 (ix)
   0843 F4 F3 26      [17] 1200 	ld	-13 (ix),a
   0846 F0 F4 2A      [11] 1201 	ld	d,-12 (ix)
   0849                    1202 00187$:
   0849 F0 ED 2E      [11] 1203 	ld	a,-19 (ix)
   084C FA 62         [10] 1204 	sub	a, d
   084E CF 1E         [11] 1205 	jr	NC,00316$
                           1206 ;../printf_large.c:791: OUTPUT_CHAR( ' ', p );
   0850 51            [ 4] 1207 	push	de
   0851 F2 39 4A      [10] 1208 	ld	hl, 57 (sp)
   0854 52            [ 4] 1209 	push	hl
   0855 36 20         [10] 1210 	ld	a,#0x20
   0857 56            [ 7] 1211 	push	af
   0858 96            [ 7] 1212 	inc	sp
   0859 F2 3A 4A      [10] 1213 	ld	hl, 58 (sp)
   085C 1Cr00r00      [ 4] 1214 	call	__sdcc_call_hl
   085F 16 03 00      [ 7] 1215 	add	sp, #3
   0862 59            [ 4] 1216 	pop	de
   0863 F0 F2 87      [11] 1217 	inc	-14 (ix)
   0866 CE 03         [ 7] 1218 	jr	NZ,00586$
   0868 F0 F3 87      [11] 1219 	inc	-13 (ix)
   086B                    1220 00586$:
                           1221 ;../printf_large.c:792: width--;
   086B 8A            [ 4] 1222 	dec	d
   086C C8 DB         [11] 1223 	jr	00187$
   086E                    1224 00316$:
   086E F0 F2 2E      [11] 1225 	ld	a,-14 (ix)
   0871 F4 FE 26      [17] 1226 	ld	-2 (ix),a
   0874 F0 F3 2E      [11] 1227 	ld	a,-13 (ix)
   0877 F4 FF 26      [17] 1228 	ld	-1 (ix),a
   087A F4 F4 22      [17] 1229 	ld	-12 (ix),d
   087D                    1230 00191$:
                           1231 ;../printf_large.c:796: if (signed_argument) // this now means the original value was negative
   087D F0 E3 A8      [11] 1232 	bit	0,-29 (ix)
   0880 C6 1F         [ 7] 1233 	jr	Z,00201$
                           1234 ;../printf_large.c:798: OUTPUT_CHAR( '-', p );
   0882 F2 37 4A      [10] 1235 	ld	hl, 55 (sp)
   0885 52            [ 4] 1236 	push	hl
   0886 36 2D         [10] 1237 	ld	a,#0x2D
   0888 56            [ 7] 1238 	push	af
   0889 96            [ 7] 1239 	inc	sp
   088A F2 38 4A      [10] 1240 	ld	hl, 56 (sp)
   088D 1Cr00r00      [ 4] 1241 	call	__sdcc_call_hl
   0890 16 03 00      [ 7] 1242 	add	sp, #3
   0893 F0 FE 87      [11] 1243 	inc	-2 (ix)
   0896 CE 03         [ 7] 1244 	jr	NZ,00587$
   0898 F0 FF 87      [11] 1245 	inc	-1 (ix)
   089B                    1246 00587$:
                           1247 ;../printf_large.c:800: width--;
   089B F0 F4 8F      [11] 1248 	dec	-12 (ix)
   089E 1ArEEr08      [ 7] 1249 	jp	00202$
   08A1                    1250 00201$:
                           1251 ;../printf_large.c:802: else if (length != 0)
   08A1 F0 EC 2E      [11] 1252 	ld	a,-20 (ix)
   08A4 FE 66         [ 7] 1253 	or	a, a
   08A6 EBrEEr08 C6   [ 4] 1254 	jp	Z,00202$
                           1255 ;../printf_large.c:805: if (prefix_sign)
   08AA F0 E5 A8      [11] 1256 	bit	0,-27 (ix)
   08AD C6 1E         [ 7] 1257 	jr	Z,00196$
                           1258 ;../printf_large.c:807: OUTPUT_CHAR( '+', p );
   08AF F2 37 4A      [10] 1259 	ld	hl, 55 (sp)
   08B2 52            [ 4] 1260 	push	hl
   08B3 36 2B         [10] 1261 	ld	a,#0x2B
   08B5 56            [ 7] 1262 	push	af
   08B6 96            [ 7] 1263 	inc	sp
   08B7 F2 38 4A      [10] 1264 	ld	hl, 56 (sp)
   08BA 1Cr00r00      [ 4] 1265 	call	__sdcc_call_hl
   08BD 16 03 00      [ 7] 1266 	add	sp, #3
   08C0 F0 FE 87      [11] 1267 	inc	-2 (ix)
   08C3 CE 03         [ 7] 1268 	jr	NZ,00588$
   08C5 F0 FF 87      [11] 1269 	inc	-1 (ix)
   08C8                    1270 00588$:
                           1271 ;../printf_large.c:809: width--;
   08C8 F0 F4 8F      [11] 1272 	dec	-12 (ix)
   08CB C8 21         [11] 1273 	jr	00202$
   08CD                    1274 00196$:
                           1275 ;../printf_large.c:811: else if (prefix_space)
   08CD F0 E4 A8      [11] 1276 	bit	0,-28 (ix)
   08D0 C6 1C         [ 7] 1277 	jr	Z,00202$
                           1278 ;../printf_large.c:813: OUTPUT_CHAR( ' ', p );
   08D2 F2 37 4A      [10] 1279 	ld	hl, 55 (sp)
   08D5 52            [ 4] 1280 	push	hl
   08D6 36 20         [10] 1281 	ld	a,#0x20
   08D8 56            [ 7] 1282 	push	af
   08D9 96            [ 7] 1283 	inc	sp
   08DA F2 38 4A      [10] 1284 	ld	hl, 56 (sp)
   08DD 1Cr00r00      [ 4] 1285 	call	__sdcc_call_hl
   08E0 16 03 00      [ 7] 1286 	add	sp, #3
   08E3 F0 FE 87      [11] 1287 	inc	-2 (ix)
   08E6 CE 03         [ 7] 1288 	jr	NZ,00589$
   08E8 F0 FF 87      [11] 1289 	inc	-1 (ix)
   08EB                    1290 00589$:
                           1291 ;../printf_large.c:815: width--;
   08EB F0 F4 8F      [11] 1292 	dec	-12 (ix)
   08EE                    1293 00202$:
                           1294 ;../printf_large.c:820: if (!left_justify)
   08EE F0 E7 A8      [11] 1295 	bit	0,-25 (ix)
   08F1 EBr3Ar09 CE   [ 4] 1296 	jp	NZ,00210$
                           1297 ;../printf_large.c:822: while ( width-- > length )
   08F5 F0 FE 2E      [11] 1298 	ld	a,-2 (ix)
   08F8 F4 ED 26      [17] 1299 	ld	-19 (ix),a
   08FB F0 FF 2E      [11] 1300 	ld	a,-1 (ix)
   08FE F4 EE 26      [17] 1301 	ld	-18 (ix),a
   0901 F0 F4 2E      [11] 1302 	ld	a,-12 (ix)
   0904 F4 EF 26      [17] 1303 	ld	-17 (ix),a
   0907                    1304 00203$:
   0907 F0 EF 2C      [11] 1305 	ld	h,-17 (ix)
   090A F0 EF 8F      [11] 1306 	dec	-17 (ix)
   090D F0 EC 2E      [11] 1307 	ld	a,-20 (ix)
   0910 FC 62         [17] 1308 	sub	a, h
   0912 EBr53r09 CF   [ 4] 1309 	jp	NC,00317$
                           1310 ;../printf_large.c:824: OUTPUT_CHAR( zero_padding ? '0' : ' ', p );
   0916 F0 E6 A8      [11] 1311 	bit	0,-26 (ix)
   0919 C6 04         [ 7] 1312 	jr	Z,00236$
   091B 32 30         [13] 1313 	ld	d,#0x30
   091D C8 02         [11] 1314 	jr	00237$
   091F                    1315 00236$:
   091F 32 20         [13] 1316 	ld	d,#0x20
   0921                    1317 00237$:
   0921 F2 37 4A      [10] 1318 	ld	hl, 55 (sp)
   0924 52            [ 4] 1319 	push	hl
   0925 51            [ 4] 1320 	push	de
   0926 96            [ 7] 1321 	inc	sp
   0927 F2 38 4A      [10] 1322 	ld	hl, 56 (sp)
   092A 1Cr00r00      [ 4] 1323 	call	__sdcc_call_hl
   092D 16 03 00      [ 7] 1324 	add	sp, #3
   0930 F0 ED 87      [11] 1325 	inc	-19 (ix)
   0933 CE D2         [ 7] 1326 	jr	NZ,00203$
   0935 F0 EE 87      [11] 1327 	inc	-18 (ix)
   0938 C8 CD         [11] 1328 	jr	00203$
   093A                    1329 00210$:
                           1330 ;../printf_large.c:830: if (width > length)
   093A F0 EC 2E      [11] 1331 	ld	a,-20 (ix)
   093D F0 F4 62      [11] 1332 	sub	a, -12 (ix)
   0940 CF 0B         [11] 1333 	jr	NC,00207$
                           1334 ;../printf_large.c:831: width -= length;
   0942 F0 F4 2E      [11] 1335 	ld	a,-12 (ix)
   0945 F0 EC 62      [11] 1336 	sub	a, -20 (ix)
   0948 F4 F0 26      [17] 1337 	ld	-16 (ix),a
   094B C8 18         [11] 1338 	jr	00309$
   094D                    1339 00207$:
                           1340 ;../printf_large.c:833: width = 0;
   094D F4 F0 37 00   [17] 1341 	ld	-16 (ix),#0x00
                           1342 ;../printf_large.c:872: return charsOutputted;
   0951 C8 12         [11] 1343 	jr	00309$
                           1344 ;../printf_large.c:837: while( length-- )
   0953                    1345 00317$:
   0953 F0 ED 2E      [11] 1346 	ld	a,-19 (ix)
   0956 F4 FE 26      [17] 1347 	ld	-2 (ix),a
   0959 F0 EE 2E      [11] 1348 	ld	a,-18 (ix)
   095C F4 FF 26      [17] 1349 	ld	-1 (ix),a
   095F F0 EF 2E      [11] 1350 	ld	a,-17 (ix)
   0962 F4 F0 26      [17] 1351 	ld	-16 (ix),a
   0965                    1352 00309$:
   0965 F0 E8 2E      [11] 1353 	ld	a,-24 (ix)
   0968 F4 E8 26      [17] 1354 	ld	-24 (ix),a
   096B F0 E9 2E      [11] 1355 	ld	a,-23 (ix)
   096E F4 E9 26      [17] 1356 	ld	-23 (ix),a
   0971 F0 FE 2E      [11] 1357 	ld	a,-2 (ix)
   0974 F4 ED 26      [17] 1358 	ld	-19 (ix),a
   0977 F0 FF 2E      [11] 1359 	ld	a,-1 (ix)
   097A F4 EE 26      [17] 1360 	ld	-18 (ix),a
   097D                    1361 00215$:
   097D F0 EC 2C      [11] 1362 	ld	h,-20 (ix)
   0980 F0 EC 8F      [11] 1363 	dec	-20 (ix)
   0983 24            [ 4] 1364 	ld	a,h
   0984 FE 66         [ 7] 1365 	or	a, a
   0986 EBrE4r09 C6   [ 4] 1366 	jp	Z,00318$
                           1367 ;../printf_large.c:839: lsd = !lsd;
   098A F0 D9 2E      [11] 1368 	ld	a,-39 (ix)
   098D 6D 01         [ 4] 1369 	xor	a, #0x01
   098F F4 D9 26      [17] 1370 	ld	-39 (ix),a
                           1371 ;../printf_large.c:840: if (!lsd)
   0992 F0 D9 A8      [11] 1372 	bit	0,-39 (ix)
   0995 CE 1A         [ 7] 1373 	jr	NZ,00213$
                           1374 ;../printf_large.c:842: pstore++;
   0997 F0 E8 87      [11] 1375 	inc	-24 (ix)
   099A CE 03         [ 7] 1376 	jr	NZ,00591$
   099C F0 E9 87      [11] 1377 	inc	-23 (ix)
   099F                    1378 00591$:
                           1379 ;../printf_large.c:843: value.byte[4] = *pstore >> 4;
   099F F2 19 4A      [10] 1380 	ld	hl, 25 (sp)
   09A2 E2 2E         [10] 1381 	ld	a,(hl)
   09A4 A0            [ 4] 1382 	rlca
   09A5 A0            [ 4] 1383 	rlca
   09A6 A0            [ 4] 1384 	rlca
   09A7 A0            [ 4] 1385 	rlca
   09A8 6C 0F         [ 4] 1386 	and	a,#0x0F
   09AA F2 27 4A      [10] 1387 	ld	hl, 39 (sp)
   09AD EA 26         [10] 1388 	ld	(hl),a
   09AF C8 0C         [11] 1389 	jr	00214$
   09B1                    1390 00213$:
                           1391 ;../printf_large.c:847: value.byte[4] = *pstore & 0x0F;
   09B1 F2 19 4A      [10] 1392 	ld	hl, 25 (sp)
   09B4 E2 2E         [10] 1393 	ld	a,(hl)
   09B6 6C 0F         [ 4] 1394 	and	a, #0x0F
   09B8 F2 27 4A      [10] 1395 	ld	hl, 39 (sp)
   09BB EA 26         [10] 1396 	ld	(hl),a
   09BD                    1397 00214$:
                           1398 ;../printf_large.c:850: output_digit( value.byte[4], lower_case, output_char, p );
   09BD F2 27 4A      [10] 1399 	ld	hl, 39 (sp)
   09C0 E2 2A         [10] 1400 	ld	d,(hl)
   09C2 F2 37 4A      [10] 1401 	ld	hl, 55 (sp)
   09C5 52            [ 4] 1402 	push	hl
   09C6 F2 37 4A      [10] 1403 	ld	hl, 55 (sp)
   09C9 52            [ 4] 1404 	push	hl
   09CA F0 DF 2E      [11] 1405 	ld	a,-33 (ix)
   09CD 56            [ 7] 1406 	push	af
   09CE 96            [ 7] 1407 	inc	sp
   09CF 51            [ 4] 1408 	push	de
   09D0 96            [ 7] 1409 	inc	sp
   09D1 1Cr00r00      [ 4] 1410 	call	_output_digit
   09D4 16 06 00      [ 7] 1411 	add	sp, #6
                           1412 ;../printf_large.c:851: charsOutputted++;
   09D7 F0 ED 87      [11] 1413 	inc	-19 (ix)
   09DA EBr7Dr09 CE   [ 4] 1414 	jp	NZ,00215$
   09DE F0 EE 87      [11] 1415 	inc	-18 (ix)
   09E1 1Ar7Dr09      [ 7] 1416 	jp	00215$
   09E4                    1417 00318$:
   09E4 F0 ED 2E      [11] 1418 	ld	a,-19 (ix)
   09E7 F4 FE 26      [17] 1419 	ld	-2 (ix),a
   09EA F0 EE 2E      [11] 1420 	ld	a,-18 (ix)
   09ED F4 FF 26      [17] 1421 	ld	-1 (ix),a
                           1422 ;../printf_large.c:856: if (left_justify)
   09F0 F0 E7 A8      [11] 1423 	bit	0,-25 (ix)
   09F3 EBr1Dr01 C6   [ 4] 1424 	jp	Z,00231$
                           1425 ;../printf_large.c:858: while (width-- > 0)
   09F7 08            [ 4] 1426 	ex	de, hl
   09F8 F2 1E 4A      [10] 1427 	ld	hl, 30 (sp)
   09FB 08            [ 4] 1428 	ex	de, hl
   09FC F0 F0 28      [11] 1429 	ld	b,-16 (ix)
   09FF                    1430 00218$:
   09FF F8 34         [11] 1431 	ld	h,b
   0A01 88            [ 4] 1432 	dec	b
   0A02 24            [ 4] 1433 	ld	a,h
   0A03 FE 66         [ 7] 1434 	or	a, a
   0A05 EBr1Dr01 C6   [ 4] 1435 	jp	Z,00231$
                           1436 ;../printf_large.c:860: OUTPUT_CHAR(' ', p);
   0A09 50            [ 4] 1437 	push	bc
   0A0A 51            [ 4] 1438 	push	de
   0A0B F2 3B 4A      [10] 1439 	ld	hl, 59 (sp)
   0A0E 52            [ 4] 1440 	push	hl
   0A0F 36 20         [10] 1441 	ld	a,#0x20
   0A11 56            [ 7] 1442 	push	af
   0A12 96            [ 7] 1443 	inc	sp
   0A13 F2 3C 4A      [10] 1444 	ld	hl, 60 (sp)
   0A16 1Cr00r00      [ 4] 1445 	call	__sdcc_call_hl
   0A19 16 03 00      [ 7] 1446 	add	sp, #3
   0A1C 59            [ 4] 1447 	pop	de
   0A1D 58            [ 4] 1448 	pop	bc
   0A1E 91            [ 4] 1449 	inc	de
   0A1F F4 FE 23      [17] 1450 	ld	-2 (ix),e
   0A22 F4 FF 22      [17] 1451 	ld	-1 (ix),d
   0A25 C8 D8         [11] 1452 	jr	00218$
   0A27                    1453 00229$:
                           1454 ;../printf_large.c:868: OUTPUT_CHAR( c, p );
   0A27 F2 37 4A      [10] 1455 	ld	hl, 55 (sp)
   0A2A 52            [ 4] 1456 	push	hl
   0A2B F0 F5 2E      [11] 1457 	ld	a,-11 (ix)
   0A2E 56            [ 7] 1458 	push	af
   0A2F 96            [ 7] 1459 	inc	sp
   0A30 F2 38 4A      [10] 1460 	ld	hl, 56 (sp)
   0A33 1Cr00r00      [ 4] 1461 	call	__sdcc_call_hl
   0A36 16 03 00      [ 7] 1462 	add	sp, #3
   0A39 F0 FE 87      [11] 1463 	inc	-2 (ix)
   0A3C EBr1Dr01 CE   [ 4] 1464 	jp	NZ,00231$
   0A40 F0 FF 87      [11] 1465 	inc	-1 (ix)
   0A43 1Ar1Dr01      [ 7] 1466 	jp	00231$
   0A46                    1467 00233$:
                           1468 ;../printf_large.c:872: return charsOutputted;
   0A46 F2 2F 4A      [10] 1469 	ld	hl, 47 (sp)
   0A49 FC 3E         [17] 1470 	ld	sp, ix
   0A4B 5C            [ 4] 1471 	pop	ix
   0A4C 1E            [ 7] 1472 	ret
   0A4D                    1473 __print_format_end::
   0A4D                    1474 ___str_0:
   0A4D 3C 4E 4F 20 46 4C  1475 	.ascii "<NO FLOAT>"
        4F 41 54 3E
   0A57 00                 1476 	.db 0x00
                           1477 	.area _CODE
                           1478 	.area _INITIALIZER
                           1479 	.area _CABS (ABS)
