                              1 ;--------------------------------------------------------
                              2 ; File Created by SDCC : free open source ANSI-C Compiler
                              3 ; Version 3.4.1 #9092 (Oct 23 2022) (Mac OS X x86_64)
                              4 ; This file was generated Sun Oct 23 01:39:46 2022
                              5 ;--------------------------------------------------------
                              6 	.module sincoshf
                              7 	.optsdcc -mtlcs90
                              8 	
                              9 ;--------------------------------------------------------
                             10 ; Public variables in this module
                             11 ;--------------------------------------------------------
                             12 	.globl _sincoshf
                             13 	.globl _expf
                             14 ;--------------------------------------------------------
                             15 ; ram data
                             16 ;--------------------------------------------------------
                             17 	.area _DATA
                             18 ;--------------------------------------------------------
                             19 ; ram data
                             20 ;--------------------------------------------------------
                             21 	.area _INITIALIZED
                             22 ;--------------------------------------------------------
                             23 ; absolute external ram data
                             24 ;--------------------------------------------------------
                             25 	.area _DABS (ABS)
                             26 ;--------------------------------------------------------
                             27 ; global & static initialisations
                             28 ;--------------------------------------------------------
                             29 	.area _HOME
                             30 	.area _GSINIT
                             31 	.area _GSFINAL
                             32 	.area _GSINIT
                             33 ;--------------------------------------------------------
                             34 ; Home
                             35 ;--------------------------------------------------------
                             36 	.area _HOME
                             37 	.area _HOME
                             38 ;--------------------------------------------------------
                             39 ; code
                             40 ;--------------------------------------------------------
                             41 	.area _CODE
                             42 ;../sincoshf.c:56: float sincoshf(float x, bool iscosh)
                             43 ;	---------------------------------
                             44 ; Function sincoshf
                             45 ; ---------------------------------
   0000                      46 _sincoshf_start::
   0000                      47 _sincoshf:
   0000 54            [ 4]   48 	push	ix
   0001 3C 00 00      [ 4]   49 	ld	ix,#0
   0004 FE 14         [ 7]   50 	add	ix,sp
   0006 16 EA FF      [ 7]   51 	add	sp, #-22
                             52 ;../sincoshf.c:62: else { y=x;  sign=0; }
   0009 3A 12 00      [13]   53 	ld	hl, #18
   000C FE 70         [ 7]   54 	add	hl, sp
   000E 08            [ 4]   55 	ex	de, hl
   000F 3A 1A 00      [13]   56 	ld	hl, #26
   0012 FE 70         [ 7]   57 	add	hl, sp
   0014 38 04 00      [12]   58 	ld	bc, #4
   0017 FE 59         [ 7]   59 	ldir
                             60 ;../sincoshf.c:61: if (x<0.0) { y=-x; sign=1; }
   0019 3A 00 00      [13]   61 	ld	hl,#0x0000
   001C 52            [ 4]   62 	push	hl
   001D 3A 00 00      [13]   63 	ld	hl,#0x0000
   0020 52            [ 4]   64 	push	hl
   0021 F2 20 4A      [10]   65 	ld	hl, 32 (sp)
   0024 52            [ 4]   66 	push	hl
   0025 F2 20 4A      [10]   67 	ld	hl, 32 (sp)
   0028 52            [ 4]   68 	push	hl
   0029 1Cr00r00      [ 4]   69 	call	___fslt
   002C 16 08 00      [ 7]   70 	add	sp, #8
   002F FD 31                71 	ld	c,l
   0031 21            [10]   72 	ld	a,c
   0032 FE 66         [ 7]   73 	or	a, a
   0034 C6 21         [ 7]   74 	jr	Z,00102$
   0036 F0 07 2E      [11]   75 	ld	a,7 (ix)
   0039 6D 80         [ 4]   76 	xor	a,#0x80
   003B 2B            [ 6]   77 	ld	e,a
   003C F0 04 2C      [11]   78 	ld	h,4 (ix)
   003F F0 05 2D      [11]   79 	ld	l,5 (ix)
   0042 F0 06 2A      [11]   80 	ld	d,6 (ix)
   0045 F4 F3 24      [17]   81 	ld	-13 (ix),h
   0048 F4 F4 25      [17]   82 	ld	-12 (ix),l
   004B F4 F5 22      [17]   83 	ld	-11 (ix),d
   004E F4 F6 23      [17]   84 	ld	-10 (ix),e
   0051 F4 EA 37 01   [17]   85 	ld	-22 (ix),#0x01
   0055 C8 14         [11]   86 	jr	00103$
   0057                      87 00102$:
                             88 ;../sincoshf.c:62: else { y=x;  sign=0; }
   0057 3A 09 00      [13]   89 	ld	hl, #9
   005A FE 70         [ 7]   90 	add	hl, sp
   005C 08            [ 4]   91 	ex	de, hl
   005D 3A 12 00      [13]   92 	ld	hl, #18
   0060 FE 70         [ 7]   93 	add	hl, sp
   0062 38 04 00      [12]   94 	ld	bc, #4
   0065 FE 59         [ 7]   95 	ldir
   0067 F4 EA 37 00   [17]   96 	ld	-22 (ix),#0x00
   006B                      97 00103$:
                             98 ;../sincoshf.c:64: if ((y>1.0) || iscosh)
   006B 3A 80 3F      [13]   99 	ld	hl,#0x3F80
   006E 52            [ 4]  100 	push	hl
   006F 3A 00 00      [13]  101 	ld	hl,#0x0000
   0072 52            [ 4]  102 	push	hl
   0073 F2 0F 4A      [10]  103 	ld	hl, 15 (sp)
   0076 52            [ 4]  104 	push	hl
   0077 F2 0F 4A      [10]  105 	ld	hl, 15 (sp)
   007A 52            [ 4]  106 	push	hl
   007B 1Cr00r00      [ 4]  107 	call	___fsgt
   007E 16 08 00      [ 7]  108 	add	sp, #8
   0081 25            [ 4]  109 	ld	a, l
   0082 FE 66         [ 7]  110 	or	a, a
   0084 CE 07         [ 7]  111 	jr	NZ,00117$
   0086 F0 08 A8      [11]  112 	bit	0,8 (ix)
   0089 EBrD9r01 C6   [ 4]  113 	jp	Z,00118$
   008D                     114 00117$:
                            115 ;../sincoshf.c:66: if(y>YBAR)
   008D 3A 10 41      [13]  116 	ld	hl,#0x4110
   0090 52            [ 4]  117 	push	hl
   0091 3A 00 00      [13]  118 	ld	hl,#0x0000
   0094 52            [ 4]  119 	push	hl
   0095 F2 0F 4A      [10]  120 	ld	hl, 15 (sp)
   0098 52            [ 4]  121 	push	hl
   0099 F2 0F 4A      [10]  122 	ld	hl, 15 (sp)
   009C 52            [ 4]  123 	push	hl
   009D 1Cr00r00      [ 4]  124 	call	___fsgt
   00A0 16 08 00      [ 7]  125 	add	sp, #8
   00A3 F4 FB 25      [17]  126 	ld	-5 (ix), l
   00A6 25            [ 4]  127 	ld	a, l
   00A7 FE 66         [ 7]  128 	or	a, a
   00A9 EBr37r01 C6   [ 4]  129 	jp	Z,00110$
                            130 ;../sincoshf.c:68: w=y-K1;
   00AD 3A 31 3F      [13]  131 	ld	hl,#0x3F31
   00B0 52            [ 4]  132 	push	hl
   00B1 3A 00 73      [13]  133 	ld	hl,#0x7300
   00B4 52            [ 4]  134 	push	hl
   00B5 F2 0F 4A      [10]  135 	ld	hl, 15 (sp)
   00B8 52            [ 4]  136 	push	hl
   00B9 F2 0F 4A      [10]  137 	ld	hl, 15 (sp)
   00BC 52            [ 4]  138 	push	hl
   00BD 1Cr00r00      [ 4]  139 	call	___fssub
   00C0 16 08 00      [ 7]  140 	add	sp, #8
   00C3 FD 31               141 	ld	c,l
   00C5 FC 30         [17]  142 	ld	b,h
                            143 ;../sincoshf.c:69: if (w>WMAX)
   00C7 50            [ 4]  144 	push	bc
   00C8 51            [ 4]  145 	push	de
   00C9 3A 33 42      [13]  146 	ld	hl,#0x4233
   00CC 52            [ 4]  147 	push	hl
   00CD 3A CF BD      [13]  148 	ld	hl,#0xBDCF
   00D0 52            [ 4]  149 	push	hl
   00D1 51            [ 4]  150 	push	de
   00D2 50            [ 4]  151 	push	bc
   00D3 1Cr00r00      [ 4]  152 	call	___fsgt
   00D6 16 08 00      [ 7]  153 	add	sp, #8
   00D9 25            [ 4]  154 	ld	a,l
   00DA 59            [ 4]  155 	pop	de
   00DB 58            [ 4]  156 	pop	bc
   00DC FE 66         [ 7]  157 	or	a, a
   00DE C6 15         [ 7]  158 	jr	Z,00105$
                            159 ;../sincoshf.c:71: errno=ERANGE;
   00E0 3Ar00r00      [13]  160 	ld	hl,#_errno + 0
   00E3 EA 37 22      [10]  161 	ld	(hl), #0x22
   00E6 3Ar01r00      [13]  162 	ld	hl,#_errno + 1
   00E9 EA 37 00      [10]  163 	ld	(hl), #0x00
                            164 ;../sincoshf.c:72: z=HUGE_VALF;
   00EC 38 FF FF      [12]  165 	ld	bc,#0xFFFF
   00EF 39 7F 7F      [11]  166 	ld	de,#0x7F7F
   00F2 1ArCBr01      [ 7]  167 	jp	00111$
   00F5                     168 00105$:
                            169 ;../sincoshf.c:76: z=expf(w);
   00F5 51            [ 4]  170 	push	de
   00F6 50            [ 4]  171 	push	bc
   00F7 1Cr00r00      [ 4]  172 	call	_expf
   00FA 16 04 00      [ 7]  173 	add	sp, #4
   00FD F4 F7 25      [17]  174 	ld	-9 (ix),l
   0100 F4 F8 24      [17]  175 	ld	-8 (ix),h
   0103 F4 F9 23      [17]  176 	ld	-7 (ix),e
   0106 F4 FA 22      [17]  177 	ld	-6 (ix),d
                            178 ;../sincoshf.c:77: z+=K3*z;
   0109 F2 0F 4A      [10]  179 	ld	hl, 15 (sp)
   010C 52            [ 4]  180 	push	hl
   010D F2 0F 4A      [10]  181 	ld	hl, 15 (sp)
   0110 52            [ 4]  182 	push	hl
   0111 3A 68 37      [13]  183 	ld	hl,#0x3768
   0114 52            [ 4]  184 	push	hl
   0115 3A 97 08      [13]  185 	ld	hl,#0x0897
   0118 52            [ 4]  186 	push	hl
   0119 1Cr00r00      [ 4]  187 	call	___fsmul
   011C 16 08 00      [ 7]  188 	add	sp, #8
   011F 08            [ 4]  189 	ex	de, hl
   0120 52            [ 4]  190 	push	hl
   0121 51            [ 4]  191 	push	de
   0122 F2 13 4A      [10]  192 	ld	hl, 19 (sp)
   0125 52            [ 4]  193 	push	hl
   0126 F2 13 4A      [10]  194 	ld	hl, 19 (sp)
   0129 52            [ 4]  195 	push	hl
   012A 1Cr00r00      [ 4]  196 	call	___fsadd
   012D 16 08 00      [ 7]  197 	add	sp, #8
   0130 FD 31               198 	ld	c,l
   0132 FC 30         [17]  199 	ld	b,h
   0134 1ArCBr01      [ 7]  200 	jp	00111$
   0137                     201 00110$:
                            202 ;../sincoshf.c:82: z=expf(y);
   0137 F2 0B 4A      [10]  203 	ld	hl, 11 (sp)
   013A 52            [ 4]  204 	push	hl
   013B F2 0B 4A      [10]  205 	ld	hl, 11 (sp)
   013E 52            [ 4]  206 	push	hl
   013F 1Cr00r00      [ 4]  207 	call	_expf
   0142 16 04 00      [ 7]  208 	add	sp, #4
   0145 F4 FA 22      [17]  209 	ld	-6 (ix),d
   0148 F4 F9 23      [17]  210 	ld	-7 (ix),e
   014B F4 F8 24      [17]  211 	ld	-8 (ix),h
   014E F4 F7 25      [17]  212 	ld	-9 (ix),l
   0151 3A 01 00      [13]  213 	ld	hl, #1
   0154 FE 70         [ 7]  214 	add	hl, sp
   0156 08            [ 4]  215 	ex	de, hl
   0157 3A 0D 00      [13]  216 	ld	hl, #13
   015A FE 70         [ 7]  217 	add	hl, sp
   015C 38 04 00      [12]  218 	ld	bc, #4
   015F FE 59         [ 7]  219 	ldir
                            220 ;../sincoshf.c:83: w=1.0/z;
   0161 F2 03 4A      [10]  221 	ld	hl, 3 (sp)
   0164 52            [ 4]  222 	push	hl
   0165 F2 03 4A      [10]  223 	ld	hl, 3 (sp)
   0168 52            [ 4]  224 	push	hl
   0169 3A 80 3F      [13]  225 	ld	hl,#0x3F80
   016C 52            [ 4]  226 	push	hl
   016D 3A 00 00      [13]  227 	ld	hl,#0x0000
   0170 52            [ 4]  228 	push	hl
   0171 1Cr00r00      [ 4]  229 	call	___fsdiv
   0174 16 08 00      [ 7]  230 	add	sp, #8
   0177 F4 FA 22      [17]  231 	ld	-6 (ix),d
   017A F4 F9 23      [17]  232 	ld	-7 (ix),e
   017D F4 F8 24      [17]  233 	ld	-8 (ix),h
   0180 F4 F7 25      [17]  234 	ld	-9 (ix),l
   0183 3A 05 00      [13]  235 	ld	hl, #5
   0186 FE 70         [ 7]  236 	add	hl, sp
   0188 08            [ 4]  237 	ex	de, hl
   0189 3A 0D 00      [13]  238 	ld	hl, #13
   018C FE 70         [ 7]  239 	add	hl, sp
   018E 38 04 00      [12]  240 	ld	bc, #4
   0191 FE 59         [ 7]  241 	ldir
                            242 ;../sincoshf.c:84: if(!iscosh) w=-w;
   0193 F0 08 A8      [11]  243 	bit	0,8 (ix)
   0196 CE 08         [ 7]  244 	jr	NZ,00108$
   0198 F0 F2 2E      [11]  245 	ld	a,-14 (ix)
   019B 6D 80         [ 4]  246 	xor	a,#0x80
   019D F4 F2 26      [17]  247 	ld	-14 (ix),a
   01A0                     248 00108$:
                            249 ;../sincoshf.c:85: z=(z+w)*0.5;
   01A0 F2 07 4A      [10]  250 	ld	hl, 7 (sp)
   01A3 52            [ 4]  251 	push	hl
   01A4 F2 07 4A      [10]  252 	ld	hl, 7 (sp)
   01A7 52            [ 4]  253 	push	hl
   01A8 F2 07 4A      [10]  254 	ld	hl, 7 (sp)
   01AB 52            [ 4]  255 	push	hl
   01AC F2 07 4A      [10]  256 	ld	hl, 7 (sp)
   01AF 52            [ 4]  257 	push	hl
   01B0 1Cr00r00      [ 4]  258 	call	___fsadd
   01B3 16 08 00      [ 7]  259 	add	sp, #8
   01B6 08            [ 4]  260 	ex	de, hl
   01B7 52            [ 4]  261 	push	hl
   01B8 51            [ 4]  262 	push	de
   01B9 3A 00 3F      [13]  263 	ld	hl,#0x3F00
   01BC 52            [ 4]  264 	push	hl
   01BD 3A 00 00      [13]  265 	ld	hl,#0x0000
   01C0 52            [ 4]  266 	push	hl
   01C1 1Cr00r00      [ 4]  267 	call	___fsmul
   01C4 16 08 00      [ 7]  268 	add	sp, #8
   01C7 FD 31               269 	ld	c,l
   01C9 FC 30         [17]  270 	ld	b,h
   01CB                     271 00111$:
                            272 ;../sincoshf.c:87: if(sign) z=-z;
   01CB F0 EA A8      [11]  273 	bit	0,-22 (ix)
   01CE EBrCAr02 C6   [ 4]  274 	jp	Z,00119$
   01D2 22            [16]  275 	ld	a,d
   01D3 6D 80         [ 4]  276 	xor	a,#0x80
   01D5 2A            [16]  277 	ld	d,a
   01D6 1ArCAr02      [ 7]  278 	jp	00119$
   01D9                     279 00118$:
                            280 ;../sincoshf.c:91: if (y<EPS)
   01D9 3A 80 39      [13]  281 	ld	hl,#0x3980
   01DC 52            [ 4]  282 	push	hl
   01DD 3A 00 00      [13]  283 	ld	hl,#0x0000
   01E0 52            [ 4]  284 	push	hl
   01E1 F2 0F 4A      [10]  285 	ld	hl, 15 (sp)
   01E4 52            [ 4]  286 	push	hl
   01E5 F2 0F 4A      [10]  287 	ld	hl, 15 (sp)
   01E8 52            [ 4]  288 	push	hl
   01E9 1Cr00r00      [ 4]  289 	call	___fslt
   01EC 16 08 00      [ 7]  290 	add	sp, #8
   01EF 25            [ 4]  291 	ld	a,l
   01F0 FE 66         [ 7]  292 	or	a, a
   01F2 C6 0F         [ 7]  293 	jr	Z,00115$
                            294 ;../sincoshf.c:92: z=x;
   01F4 F0 FC 29      [11]  295 	ld	c,-4 (ix)
   01F7 F0 FD 28      [11]  296 	ld	b,-3 (ix)
   01FA F0 FE 2B      [11]  297 	ld	e,-2 (ix)
   01FD F0 FF 2A      [11]  298 	ld	d,-1 (ix)
   0200 1ArCAr02      [ 7]  299 	jp	00119$
   0203                     300 00115$:
                            301 ;../sincoshf.c:95: z=x*x;
   0203 F2 1C 4A      [10]  302 	ld	hl, 28 (sp)
   0206 52            [ 4]  303 	push	hl
   0207 F2 1C 4A      [10]  304 	ld	hl, 28 (sp)
   020A 52            [ 4]  305 	push	hl
   020B F2 20 4A      [10]  306 	ld	hl, 32 (sp)
   020E 52            [ 4]  307 	push	hl
   020F F2 20 4A      [10]  308 	ld	hl, 32 (sp)
   0212 52            [ 4]  309 	push	hl
   0213 1Cr00r00      [ 4]  310 	call	___fsmul
   0216 16 08 00      [ 7]  311 	add	sp, #8
   0219 F4 F7 25      [17]  312 	ld	-9 (ix),l
   021C F4 F8 24      [17]  313 	ld	-8 (ix),h
   021F F4 F9 23      [17]  314 	ld	-7 (ix),e
   0222 F4 FA 22      [17]  315 	ld	-6 (ix),d
                            316 ;../sincoshf.c:96: z=x+x*z*P(z)/Q(z);
   0225 F2 0F 4A      [10]  317 	ld	hl, 15 (sp)
   0228 52            [ 4]  318 	push	hl
   0229 F2 0F 4A      [10]  319 	ld	hl, 15 (sp)
   022C 52            [ 4]  320 	push	hl
   022D F2 20 4A      [10]  321 	ld	hl, 32 (sp)
   0230 52            [ 4]  322 	push	hl
   0231 F2 20 4A      [10]  323 	ld	hl, 32 (sp)
   0234 52            [ 4]  324 	push	hl
   0235 1Cr00r00      [ 4]  325 	call	___fsmul
   0238 16 08 00      [ 7]  326 	add	sp, #8
   023B F4 FF 22      [17]  327 	ld	-1 (ix),d
   023E F4 FE 23      [17]  328 	ld	-2 (ix),e
   0241 F4 FD 24      [17]  329 	ld	-3 (ix),h
   0244 F4 FC 25      [17]  330 	ld	-4 (ix),l
   0247 F2 0F 4A      [10]  331 	ld	hl, 15 (sp)
   024A 52            [ 4]  332 	push	hl
   024B F2 0F 4A      [10]  333 	ld	hl, 15 (sp)
   024E 52            [ 4]  334 	push	hl
   024F 3A 42 BE      [13]  335 	ld	hl,#0xBE42
   0252 52            [ 4]  336 	push	hl
   0253 3A EA E6      [13]  337 	ld	hl,#0xE6EA
   0256 52            [ 4]  338 	push	hl
   0257 1Cr00r00      [ 4]  339 	call	___fsmul
   025A 16 08 00      [ 7]  340 	add	sp, #8
   025D FD 31               341 	ld	c,l
   025F FC 30         [17]  342 	ld	b,h
   0261 3A E4 C0      [13]  343 	ld	hl,#0xC0E4
   0264 52            [ 4]  344 	push	hl
   0265 3A F0 69      [13]  345 	ld	hl,#0x69F0
   0268 52            [ 4]  346 	push	hl
   0269 51            [ 4]  347 	push	de
   026A 50            [ 4]  348 	push	bc
   026B 1Cr00r00      [ 4]  349 	call	___fsadd
   026E 16 08 00      [ 7]  350 	add	sp, #8
   0271 08            [ 4]  351 	ex	de, hl
   0272 52            [ 4]  352 	push	hl
   0273 51            [ 4]  353 	push	de
   0274 F2 18 4A      [10]  354 	ld	hl, 24 (sp)
   0277 52            [ 4]  355 	push	hl
   0278 F2 18 4A      [10]  356 	ld	hl, 24 (sp)
   027B 52            [ 4]  357 	push	hl
   027C 1Cr00r00      [ 4]  358 	call	___fsmul
   027F 16 08 00      [ 7]  359 	add	sp, #8
   0282 F4 FF 22      [17]  360 	ld	-1 (ix),d
   0285 F4 FE 23      [17]  361 	ld	-2 (ix),e
   0288 F4 FD 24      [17]  362 	ld	-3 (ix),h
   028B F4 FC 25      [17]  363 	ld	-4 (ix),l
   028E 3A 2B C2      [13]  364 	ld	hl,#0xC22B
   0291 52            [ 4]  365 	push	hl
   0292 3A 93 4F      [13]  366 	ld	hl,#0x4F93
   0295 52            [ 4]  367 	push	hl
   0296 F2 13 4A      [10]  368 	ld	hl, 19 (sp)
   0299 52            [ 4]  369 	push	hl
   029A F2 13 4A      [10]  370 	ld	hl, 19 (sp)
   029D 52            [ 4]  371 	push	hl
   029E 1Cr00r00      [ 4]  372 	call	___fsadd
   02A1 16 08 00      [ 7]  373 	add	sp, #8
   02A4 08            [ 4]  374 	ex	de, hl
   02A5 52            [ 4]  375 	push	hl
   02A6 51            [ 4]  376 	push	de
   02A7 F2 18 4A      [10]  377 	ld	hl, 24 (sp)
   02AA 52            [ 4]  378 	push	hl
   02AB F2 18 4A      [10]  379 	ld	hl, 24 (sp)
   02AE 52            [ 4]  380 	push	hl
   02AF 1Cr00r00      [ 4]  381 	call	___fsdiv
   02B2 16 08 00      [ 7]  382 	add	sp, #8
   02B5 08            [ 4]  383 	ex	de, hl
   02B6 52            [ 4]  384 	push	hl
   02B7 51            [ 4]  385 	push	de
   02B8 F2 20 4A      [10]  386 	ld	hl, 32 (sp)
   02BB 52            [ 4]  387 	push	hl
   02BC F2 20 4A      [10]  388 	ld	hl, 32 (sp)
   02BF 52            [ 4]  389 	push	hl
   02C0 1Cr00r00      [ 4]  390 	call	___fsadd
   02C3 16 08 00      [ 7]  391 	add	sp, #8
   02C6 FD 31               392 	ld	c,l
   02C8 FC 30         [17]  393 	ld	b,h
   02CA                     394 00119$:
                            395 ;../sincoshf.c:99: return z;
   02CA F9 35         [ 6]  396 	ld	l,c
   02CC F8 34         [11]  397 	ld	h,b
   02CE FC 3E         [17]  398 	ld	sp, ix
   02D0 5C            [ 4]  399 	pop	ix
   02D1 1E            [ 7]  400 	ret
   02D2                     401 _sincoshf_end::
                            402 	.area _CODE
                            403 	.area _INITIALIZER
                            404 	.area _CABS (ABS)
