                              1 ;--------------------------------------------------------
                              2 ; File Created by SDCC : free open source ANSI-C Compiler
                              3 ; Version 3.4.1 #9092 (Oct 23 2022) (Mac OS X x86_64)
                              4 ; This file was generated Sun Oct 23 01:39:52 2022
                              5 ;--------------------------------------------------------
                              6 	.module toupper
                              7 	.optsdcc -mtlcs90
                              8 	
                              9 ;--------------------------------------------------------
                             10 ; Public variables in this module
                             11 ;--------------------------------------------------------
                             12 	.globl _toupper
                             13 ;--------------------------------------------------------
                             14 ; ram data
                             15 ;--------------------------------------------------------
                             16 	.area _DATA
                             17 ;--------------------------------------------------------
                             18 ; ram data
                             19 ;--------------------------------------------------------
                             20 	.area _INITIALIZED
                             21 ;--------------------------------------------------------
                             22 ; absolute external ram data
                             23 ;--------------------------------------------------------
                             24 	.area _DABS (ABS)
                             25 ;--------------------------------------------------------
                             26 ; global & static initialisations
                             27 ;--------------------------------------------------------
                             28 	.area _HOME
                             29 	.area _GSINIT
                             30 	.area _GSFINAL
                             31 	.area _GSINIT
                             32 ;--------------------------------------------------------
                             33 ; Home
                             34 ;--------------------------------------------------------
                             35 	.area _HOME
                             36 	.area _HOME
                             37 ;--------------------------------------------------------
                             38 ; code
                             39 ;--------------------------------------------------------
                             40 	.area _CODE
                             41 ;../toupper.c:33: int toupper (int c)
                             42 ;	---------------------------------
                             43 ; Function toupper
                             44 ; ---------------------------------
   0000                      45 _toupper_start::
   0000                      46 _toupper:
   0000 9E            [ 7]   47 	dec	sp
                             48 ;../toupper.c:35: return (islower (c) ? c + ('A' - 'a') : c);
   0001 F2 03 4A      [10]   49 	ld	hl, 3 (sp)
                             50 ;./../../include/ctype.h:60: return (c >= 'a' && c <= 'z');
   0004 25            [ 4]   51 	ld	a,l
   0005 6A 61         [ 4]   52 	sub	a, #0x61
   0007 24            [ 4]   53 	ld	a,h
   0008 A2            [ 4]   54 	rla
   0009 0E            [ 7]   55 	ccf
   000A A3            [ 4]   56 	rra
   000B 6B 80         [ 4]   57 	sbc	a, #0x80
   000D C7 17         [11]   58 	jr	C,00104$
   000F 36 7A         [10]   59 	ld	a,#0x7A
   0011 FD 67                60 	cp	a, l
   0013 36 00         [10]   61 	ld	a,#0x00
   0015 FC 63         [17]   62 	sbc	a, h
   0017 EBr1Dr00 CC   [ 4]   63 	jp	PO, 00115$
   001B 6D 80         [ 4]   64 	xor	a, #0x80
   001D                      65 00115$:
   001D EBr26r00 C5   [ 4]   66 	jp	M,00104$
                             67 ;../toupper.c:35: return (islower (c) ? c + ('A' - 'a') : c);
   0021 38 E0 FF      [12]   68 	ld	bc,#0xFFE0
   0024 F8 70         [11]   69 	add	hl,bc
   0026                      70 00104$:
   0026 96            [ 7]   71 	inc	sp
   0027 1E            [ 7]   72 	ret
   0028                      73 _toupper_end::
                             74 	.area _CODE
                             75 	.area _INITIALIZER
                             76 	.area _CABS (ABS)
