                                      1 ;--------------------------------------------------------
                                      2 ; File Created by SDCC : free open source ANSI-C Compiler
                                      3 ; Version 3.4.1 #9092 (Oct 23 2022) (Mac OS X x86_64)
                                      4 ; This file was generated Sun Oct 23 01:38:37 2022
                                      5 ;--------------------------------------------------------
                                      6 	.module tolower
                                      7 	.optsdcc -mmcs51 --model-small
                                      8 	
                                      9 ;--------------------------------------------------------
                                     10 ; Public variables in this module
                                     11 ;--------------------------------------------------------
                                     12 	.globl _tolower
                                     13 ;--------------------------------------------------------
                                     14 ; special function registers
                                     15 ;--------------------------------------------------------
                                     16 	.area RSEG    (ABS,DATA)
      000000                         17 	.org 0x0000
                                     18 ;--------------------------------------------------------
                                     19 ; special function bits
                                     20 ;--------------------------------------------------------
                                     21 	.area RSEG    (ABS,DATA)
      000000                         22 	.org 0x0000
                                     23 ;--------------------------------------------------------
                                     24 ; overlayable register banks
                                     25 ;--------------------------------------------------------
                                     26 	.area REG_BANK_0	(REL,OVR,DATA)
      000000                         27 	.ds 8
                                     28 ;--------------------------------------------------------
                                     29 ; internal ram data
                                     30 ;--------------------------------------------------------
                                     31 	.area DSEG    (DATA)
                                     32 ;--------------------------------------------------------
                                     33 ; overlayable items in internal ram 
                                     34 ;--------------------------------------------------------
                                     35 ;--------------------------------------------------------
                                     36 ; indirectly addressable internal ram data
                                     37 ;--------------------------------------------------------
                                     38 	.area ISEG    (DATA)
                                     39 ;--------------------------------------------------------
                                     40 ; absolute internal ram data
                                     41 ;--------------------------------------------------------
                                     42 	.area IABS    (ABS,DATA)
                                     43 	.area IABS    (ABS,DATA)
                                     44 ;--------------------------------------------------------
                                     45 ; bit data
                                     46 ;--------------------------------------------------------
                                     47 	.area BSEG    (BIT)
                                     48 ;--------------------------------------------------------
                                     49 ; paged external ram data
                                     50 ;--------------------------------------------------------
                                     51 	.area PSEG    (PAG,XDATA)
                                     52 ;--------------------------------------------------------
                                     53 ; external ram data
                                     54 ;--------------------------------------------------------
                                     55 	.area XSEG    (XDATA)
                                     56 ;--------------------------------------------------------
                                     57 ; absolute external ram data
                                     58 ;--------------------------------------------------------
                                     59 	.area XABS    (ABS,XDATA)
                                     60 ;--------------------------------------------------------
                                     61 ; external initialized ram data
                                     62 ;--------------------------------------------------------
                                     63 	.area XISEG   (XDATA)
                                     64 	.area HOME    (CODE)
                                     65 	.area GSINIT0 (CODE)
                                     66 	.area GSINIT1 (CODE)
                                     67 	.area GSINIT2 (CODE)
                                     68 	.area GSINIT3 (CODE)
                                     69 	.area GSINIT4 (CODE)
                                     70 	.area GSINIT5 (CODE)
                                     71 	.area GSINIT  (CODE)
                                     72 	.area GSFINAL (CODE)
                                     73 	.area CSEG    (CODE)
                                     74 ;--------------------------------------------------------
                                     75 ; global & static initialisations
                                     76 ;--------------------------------------------------------
                                     77 	.area HOME    (CODE)
                                     78 	.area GSINIT  (CODE)
                                     79 	.area GSFINAL (CODE)
                                     80 	.area GSINIT  (CODE)
                                     81 ;--------------------------------------------------------
                                     82 ; Home
                                     83 ;--------------------------------------------------------
                                     84 	.area HOME    (CODE)
                                     85 	.area HOME    (CODE)
                                     86 ;--------------------------------------------------------
                                     87 ; code
                                     88 ;--------------------------------------------------------
                                     89 	.area CSEG    (CODE)
                                     90 ;------------------------------------------------------------
                                     91 ;Allocation info for local variables in function 'tolower'
                                     92 ;------------------------------------------------------------
                                     93 ;c                         Allocated to registers r6 r7 
                                     94 ;__00010001                Allocated to registers 
                                     95 ;__00020002                Allocated to registers 
                                     96 ;c                         Allocated to registers 
                                     97 ;------------------------------------------------------------
                                     98 ;	tolower.c:33: int tolower (int c)
                                     99 ;	-----------------------------------------
                                    100 ;	 function tolower
                                    101 ;	-----------------------------------------
      000000                        102 _tolower:
                           000007   103 	ar7 = 0x07
                           000006   104 	ar6 = 0x06
                           000005   105 	ar5 = 0x05
                           000004   106 	ar4 = 0x04
                           000003   107 	ar3 = 0x03
                           000002   108 	ar2 = 0x02
                           000001   109 	ar1 = 0x01
                           000000   110 	ar0 = 0x00
      000000 AE 82            [24]  111 	mov	r6,dpl
      000002 AF 83            [24]  112 	mov	r7,dph
                                    113 ;	../../device/include/ctype.h:65: return (c >= 'A' && c <= 'Z');
      000004 C3               [12]  114 	clr	c
      000005 EE               [12]  115 	mov	a,r6
      000006 94 41            [12]  116 	subb	a,#0x41
      000008 EF               [12]  117 	mov	a,r7
      000009 64 80            [12]  118 	xrl	a,#0x80
      00000B 94 80            [12]  119 	subb	a,#0x80
      00000D 40 17            [24]  120 	jc	00104$
      00000F 74 5A            [12]  121 	mov	a,#0x5A
      000011 9E               [12]  122 	subb	a,r6
      000012 74 80            [12]  123 	mov	a,#(0x00 ^ 0x80)
      000014 8F F0            [24]  124 	mov	b,r7
      000016 63 F0 80         [24]  125 	xrl	b,#0x80
      000019 95 F0            [12]  126 	subb	a,b
      00001B 40 09            [24]  127 	jc	00104$
                                    128 ;	tolower.c:35: return (isupper (c) ? c + ('a' - 'A') : c);
      00001D 74 20            [12]  129 	mov	a,#0x20
      00001F 2E               [12]  130 	add	a,r6
      000020 FC               [12]  131 	mov	r4,a
      000021 E4               [12]  132 	clr	a
      000022 3F               [12]  133 	addc	a,r7
      000023 FD               [12]  134 	mov	r5,a
      000024 80 04            [24]  135 	sjmp	00105$
      000026                        136 00104$:
      000026 8E 04            [24]  137 	mov	ar4,r6
      000028 8F 05            [24]  138 	mov	ar5,r7
      00002A                        139 00105$:
      00002A 8C 82            [24]  140 	mov	dpl,r4
      00002C 8D 83            [24]  141 	mov	dph,r5
      00002E 22               [24]  142 	ret
                                    143 	.area CSEG    (CODE)
                                    144 	.area CONST   (CODE)
                                    145 	.area XINIT   (CODE)
                                    146 	.area CABS    (ABS,CODE)
