                                      1 ;--------------------------------------------------------
                                      2 ; File Created by SDCC : free open source ANSI-C Compiler
                                      3 ; Version 3.4.1 #9092 (Oct 23 2022) (Mac OS X x86_64)
                                      4 ; This file was generated Sun Oct 23 01:37:54 2022
                                      5 ;--------------------------------------------------------
                                      6 	.module isalnum
                                      7 	.optsdcc -mmcs51 --model-medium
                                      8 	
                                      9 ;--------------------------------------------------------
                                     10 ; Public variables in this module
                                     11 ;--------------------------------------------------------
                                     12 	.globl _isalpha
                                     13 	.globl _isalnum
                                     14 ;--------------------------------------------------------
                                     15 ; special function registers
                                     16 ;--------------------------------------------------------
                                     17 	.area RSEG    (ABS,DATA)
      000000                         18 	.org 0x0000
                                     19 ;--------------------------------------------------------
                                     20 ; special function bits
                                     21 ;--------------------------------------------------------
                                     22 	.area RSEG    (ABS,DATA)
      000000                         23 	.org 0x0000
                                     24 ;--------------------------------------------------------
                                     25 ; overlayable register banks
                                     26 ;--------------------------------------------------------
                                     27 	.area REG_BANK_0	(REL,OVR,DATA)
      000000                         28 	.ds 8
                                     29 ;--------------------------------------------------------
                                     30 ; internal ram data
                                     31 ;--------------------------------------------------------
                                     32 	.area DSEG    (DATA)
                                     33 ;--------------------------------------------------------
                                     34 ; overlayable items in internal ram 
                                     35 ;--------------------------------------------------------
                                     36 ;--------------------------------------------------------
                                     37 ; indirectly addressable internal ram data
                                     38 ;--------------------------------------------------------
                                     39 	.area ISEG    (DATA)
                                     40 ;--------------------------------------------------------
                                     41 ; absolute internal ram data
                                     42 ;--------------------------------------------------------
                                     43 	.area IABS    (ABS,DATA)
                                     44 	.area IABS    (ABS,DATA)
                                     45 ;--------------------------------------------------------
                                     46 ; bit data
                                     47 ;--------------------------------------------------------
                                     48 	.area BSEG    (BIT)
                                     49 ;--------------------------------------------------------
                                     50 ; paged external ram data
                                     51 ;--------------------------------------------------------
                                     52 	.area PSEG    (PAG,XDATA)
                                     53 ;--------------------------------------------------------
                                     54 ; external ram data
                                     55 ;--------------------------------------------------------
                                     56 	.area XSEG    (XDATA)
                                     57 ;--------------------------------------------------------
                                     58 ; absolute external ram data
                                     59 ;--------------------------------------------------------
                                     60 	.area XABS    (ABS,XDATA)
                                     61 ;--------------------------------------------------------
                                     62 ; external initialized ram data
                                     63 ;--------------------------------------------------------
                                     64 	.area XISEG   (XDATA)
                                     65 	.area HOME    (CODE)
                                     66 	.area GSINIT0 (CODE)
                                     67 	.area GSINIT1 (CODE)
                                     68 	.area GSINIT2 (CODE)
                                     69 	.area GSINIT3 (CODE)
                                     70 	.area GSINIT4 (CODE)
                                     71 	.area GSINIT5 (CODE)
                                     72 	.area GSINIT  (CODE)
                                     73 	.area GSFINAL (CODE)
                                     74 	.area CSEG    (CODE)
                                     75 ;--------------------------------------------------------
                                     76 ; global & static initialisations
                                     77 ;--------------------------------------------------------
                                     78 	.area HOME    (CODE)
                                     79 	.area GSINIT  (CODE)
                                     80 	.area GSFINAL (CODE)
                                     81 	.area GSINIT  (CODE)
                                     82 ;--------------------------------------------------------
                                     83 ; Home
                                     84 ;--------------------------------------------------------
                                     85 	.area HOME    (CODE)
                                     86 	.area HOME    (CODE)
                                     87 ;--------------------------------------------------------
                                     88 ; code
                                     89 ;--------------------------------------------------------
                                     90 	.area CSEG    (CODE)
                                     91 ;------------------------------------------------------------
                                     92 ;Allocation info for local variables in function 'isalnum'
                                     93 ;------------------------------------------------------------
                                     94 ;	isalnum.c:37: int isalnum (int c)
                                     95 ;	-----------------------------------------
                                     96 ;	 function isalnum
                                     97 ;	-----------------------------------------
      000000                         98 _isalnum:
                           000007    99 	ar7 = 0x07
                           000006   100 	ar6 = 0x06
                           000005   101 	ar5 = 0x05
                           000004   102 	ar4 = 0x04
                           000003   103 	ar3 = 0x03
                           000002   104 	ar2 = 0x02
                           000001   105 	ar1 = 0x01
                           000000   106 	ar0 = 0x00
                                    107 ;	isalnum.c:39: return (isalpha (c) || isdigit (c));
      000000 AE 82            [24]  108 	mov	r6,dpl
      000002 AF 83            [24]  109 	mov  r7,dph
      000004 C0 07            [24]  110 	push	ar7
      000006 C0 06            [24]  111 	push	ar6
      000008 12r00r00         [24]  112 	lcall	_isalpha
      00000B E5 82            [12]  113 	mov	a,dpl
      00000D 85 83 F0         [24]  114 	mov	b,dph
      000010 D0 06            [24]  115 	pop	ar6
      000012 D0 07            [24]  116 	pop	ar7
      000014 45 F0            [12]  117 	orl	a,b
      000016 70 1D            [24]  118 	jnz	00105$
                                    119 ;	../../device/include/ctype.h:55: return (c >= '0' && c <= '9');
      000018 C3               [12]  120 	clr	c
      000019 EE               [12]  121 	mov	a,r6
      00001A 94 30            [12]  122 	subb	a,#0x30
      00001C EF               [12]  123 	mov	a,r7
      00001D 64 80            [12]  124 	xrl	a,#0x80
      00001F 94 80            [12]  125 	subb	a,#0x80
      000021 40 0E            [24]  126 	jc	00109$
      000023 74 39            [12]  127 	mov	a,#0x39
      000025 9E               [12]  128 	subb	a,r6
      000026 74 80            [12]  129 	mov	a,#(0x00 ^ 0x80)
      000028 8F F0            [24]  130 	mov	b,r7
      00002A 63 F0 80         [24]  131 	xrl	b,#0x80
      00002D 95 F0            [12]  132 	subb	a,b
      00002F 50 04            [24]  133 	jnc	00105$
      000031                        134 00109$:
                                    135 ;	isalnum.c:39: return (isalpha (c) || isdigit (c));
      000031 7F 00            [12]  136 	mov	r7,#0x00
      000033 80 02            [24]  137 	sjmp	00106$
      000035                        138 00105$:
      000035 7F 01            [12]  139 	mov	r7,#0x01
      000037                        140 00106$:
      000037 EF               [12]  141 	mov	a,r7
      000038 33               [12]  142 	rlc	a
      000039 95 E0            [12]  143 	subb	a,acc
      00003B 8F 82            [24]  144 	mov	dpl,r7
      00003D F5 83            [12]  145 	mov	dph,a
      00003F 22               [24]  146 	ret
                                    147 	.area CSEG    (CODE)
                                    148 	.area CONST   (CODE)
                                    149 	.area XINIT   (CODE)
                                    150 	.area CABS    (ABS,CODE)
