                                      1 ;--------------------------------------------------------
                                      2 ; File Created by SDCC : free open source ANSI-C Compiler
                                      3 ; Version 3.4.1 #9092 (Oct 23 2022) (Mac OS X x86_64)
                                      4 ; This file was generated Sun Oct 23 01:38:08 2022
                                      5 ;--------------------------------------------------------
                                      6 	.module isalpha
                                      7 	.optsdcc -mmcs51 --model-large
                                      8 	
                                      9 ;--------------------------------------------------------
                                     10 ; Public variables in this module
                                     11 ;--------------------------------------------------------
                                     12 	.globl _isalpha
                                     13 ;--------------------------------------------------------
                                     14 ; special function registers
                                     15 ;--------------------------------------------------------
                                     16 	.area RSEG    (ABS,DATA)
      000000                         17 	.org 0x0000
                                     18 ;--------------------------------------------------------
                                     19 ; special function bits
                                     20 ;--------------------------------------------------------
                                     21 	.area RSEG    (ABS,DATA)
      000000                         22 	.org 0x0000
                                     23 ;--------------------------------------------------------
                                     24 ; overlayable register banks
                                     25 ;--------------------------------------------------------
                                     26 	.area REG_BANK_0	(REL,OVR,DATA)
      000000                         27 	.ds 8
                                     28 ;--------------------------------------------------------
                                     29 ; internal ram data
                                     30 ;--------------------------------------------------------
                                     31 	.area DSEG    (DATA)
                                     32 ;--------------------------------------------------------
                                     33 ; overlayable items in internal ram 
                                     34 ;--------------------------------------------------------
                                     35 ;--------------------------------------------------------
                                     36 ; indirectly addressable internal ram data
                                     37 ;--------------------------------------------------------
                                     38 	.area ISEG    (DATA)
                                     39 ;--------------------------------------------------------
                                     40 ; absolute internal ram data
                                     41 ;--------------------------------------------------------
                                     42 	.area IABS    (ABS,DATA)
                                     43 	.area IABS    (ABS,DATA)
                                     44 ;--------------------------------------------------------
                                     45 ; bit data
                                     46 ;--------------------------------------------------------
                                     47 	.area BSEG    (BIT)
                                     48 ;--------------------------------------------------------
                                     49 ; paged external ram data
                                     50 ;--------------------------------------------------------
                                     51 	.area PSEG    (PAG,XDATA)
                                     52 ;--------------------------------------------------------
                                     53 ; external ram data
                                     54 ;--------------------------------------------------------
                                     55 	.area XSEG    (XDATA)
      000000                         56 _isalpha_c_1_20:
      000000                         57 	.ds 2
                                     58 ;--------------------------------------------------------
                                     59 ; absolute external ram data
                                     60 ;--------------------------------------------------------
                                     61 	.area XABS    (ABS,XDATA)
                                     62 ;--------------------------------------------------------
                                     63 ; external initialized ram data
                                     64 ;--------------------------------------------------------
                                     65 	.area XISEG   (XDATA)
                                     66 	.area HOME    (CODE)
                                     67 	.area GSINIT0 (CODE)
                                     68 	.area GSINIT1 (CODE)
                                     69 	.area GSINIT2 (CODE)
                                     70 	.area GSINIT3 (CODE)
                                     71 	.area GSINIT4 (CODE)
                                     72 	.area GSINIT5 (CODE)
                                     73 	.area GSINIT  (CODE)
                                     74 	.area GSFINAL (CODE)
                                     75 	.area CSEG    (CODE)
                                     76 ;--------------------------------------------------------
                                     77 ; global & static initialisations
                                     78 ;--------------------------------------------------------
                                     79 	.area HOME    (CODE)
                                     80 	.area GSINIT  (CODE)
                                     81 	.area GSFINAL (CODE)
                                     82 	.area GSINIT  (CODE)
                                     83 ;--------------------------------------------------------
                                     84 ; Home
                                     85 ;--------------------------------------------------------
                                     86 	.area HOME    (CODE)
                                     87 	.area HOME    (CODE)
                                     88 ;--------------------------------------------------------
                                     89 ; code
                                     90 ;--------------------------------------------------------
                                     91 	.area CSEG    (CODE)
                                     92 ;------------------------------------------------------------
                                     93 ;Allocation info for local variables in function 'isalpha'
                                     94 ;------------------------------------------------------------
                                     95 ;c                         Allocated with name '_isalpha_c_1_20'
                                     96 ;__00010004                Allocated with name '_isalpha___00010004_4_27'
                                     97 ;__00010001                Allocated with name '_isalpha___00010001_4_24'
                                     98 ;__00020002                Allocated with name '_isalpha___00020002_3_23'
                                     99 ;c                         Allocated with name '_isalpha_c_3_23'
                                    100 ;__00020005                Allocated with name '_isalpha___00020005_3_26'
                                    101 ;c                         Allocated with name '_isalpha_c_3_26'
                                    102 ;------------------------------------------------------------
                                    103 ;	isalpha.c:37: int isalpha (int c)
                                    104 ;	-----------------------------------------
                                    105 ;	 function isalpha
                                    106 ;	-----------------------------------------
      000000                        107 _isalpha:
                           000007   108 	ar7 = 0x07
                           000006   109 	ar6 = 0x06
                           000005   110 	ar5 = 0x05
                           000004   111 	ar4 = 0x04
                           000003   112 	ar3 = 0x03
                           000002   113 	ar2 = 0x02
                           000001   114 	ar1 = 0x01
                           000000   115 	ar0 = 0x00
      000000 AF 83            [24]  116 	mov	r7,dph
      000002 E5 82            [12]  117 	mov	a,dpl
      000004 90r00r00         [24]  118 	mov	dptr,#_isalpha_c_1_20
      000007 F0               [24]  119 	movx	@dptr,a
      000008 EF               [12]  120 	mov	a,r7
      000009 A3               [24]  121 	inc	dptr
      00000A F0               [24]  122 	movx	@dptr,a
                                    123 ;	isalpha.c:39: return (isupper (c) || islower (c));
      00000B 90r00r00         [24]  124 	mov	dptr,#_isalpha_c_1_20
      00000E E0               [24]  125 	movx	a,@dptr
      00000F FE               [12]  126 	mov	r6,a
      000010 A3               [24]  127 	inc	dptr
      000011 E0               [24]  128 	movx	a,@dptr
      000012 FF               [12]  129 	mov	r7,a
                                    130 ;	../../device/include/ctype.h:65: return (c >= 'A' && c <= 'Z');
      000013 C3               [12]  131 	clr	c
      000014 EE               [12]  132 	mov	a,r6
      000015 94 41            [12]  133 	subb	a,#0x41
      000017 EF               [12]  134 	mov	a,r7
      000018 64 80            [12]  135 	xrl	a,#0x80
      00001A 94 80            [12]  136 	subb	a,#0x80
      00001C 40 0E            [24]  137 	jc	00110$
      00001E 74 5A            [12]  138 	mov	a,#0x5A
      000020 9E               [12]  139 	subb	a,r6
      000021 74 80            [12]  140 	mov	a,#(0x00 ^ 0x80)
      000023 8F F0            [24]  141 	mov	b,r7
      000025 63 F0 80         [24]  142 	xrl	b,#0x80
      000028 95 F0            [12]  143 	subb	a,b
      00002A 50 1D            [24]  144 	jnc	00106$
      00002C                        145 00110$:
                                    146 ;	../../device/include/ctype.h:60: return (c >= 'a' && c <= 'z');
      00002C C3               [12]  147 	clr	c
      00002D EE               [12]  148 	mov	a,r6
      00002E 94 61            [12]  149 	subb	a,#0x61
      000030 EF               [12]  150 	mov	a,r7
      000031 64 80            [12]  151 	xrl	a,#0x80
      000033 94 80            [12]  152 	subb	a,#0x80
      000035 40 0E            [24]  153 	jc	00113$
      000037 74 7A            [12]  154 	mov	a,#0x7A
      000039 9E               [12]  155 	subb	a,r6
      00003A 74 80            [12]  156 	mov	a,#(0x00 ^ 0x80)
      00003C 8F F0            [24]  157 	mov	b,r7
      00003E 63 F0 80         [24]  158 	xrl	b,#0x80
      000041 95 F0            [12]  159 	subb	a,b
      000043 50 04            [24]  160 	jnc	00106$
      000045                        161 00113$:
                                    162 ;	isalpha.c:39: return (isupper (c) || islower (c));
      000045 7F 00            [12]  163 	mov	r7,#0x00
      000047 80 02            [24]  164 	sjmp	00107$
      000049                        165 00106$:
      000049 7F 01            [12]  166 	mov	r7,#0x01
      00004B                        167 00107$:
      00004B EF               [12]  168 	mov	a,r7
      00004C 33               [12]  169 	rlc	a
      00004D 95 E0            [12]  170 	subb	a,acc
      00004F 8F 82            [24]  171 	mov	dpl,r7
      000051 F5 83            [12]  172 	mov	dph,a
      000053 22               [24]  173 	ret
                                    174 	.area CSEG    (CODE)
                                    175 	.area CONST   (CODE)
                                    176 	.area XINIT   (CODE)
                                    177 	.area CABS    (ABS,CODE)
