This file contains any messages produced by compilers while
running configure, to aid debugging if configure makes a mistake.

It was created by configure, which was
generated by GNU Autoconf 2.64.  Invocation command line was

  $ ./configure --disable-option-checking --prefix=/usr/local --disable-gbz80-port --disable-z80-port --disable-ds390-port --disable-ds400-port --disable-pic14-port --disable-pic16-port --disable-hc08-port --disable-r2k-port --disable-z180-port --disable-sdcdb --disable-ucsim --disable-werror docdir=${datarootdir}/doc/${PACKAGE} --cache-file=/dev/null --srcdir=.

## --------- ##
## Platform. ##
## --------- ##

hostname = MacBonsok.local
uname -m = x86_64
uname -r = 21.5.0
uname -s = Darwin
uname -v = Darwin Kernel Version 21.5.0: Tue Apr 26 21:08:22 PDT 2022; root:xnu-8020.121.3~4/RELEASE_X86_64

/usr/bin/uname -p = i386
/bin/uname -X     = unknown

/bin/arch              = unknown
/usr/bin/arch -k       = unknown
/usr/convex/getsysinfo = unknown
/usr/bin/hostinfo      = Mach kernel version:
	 Darwin Kernel Version 21.5.0: Tue Apr 26 21:08:22 PDT 2022; root:xnu-8020.121.3~4/RELEASE_X86_64
Kernel configured for up to 4 processors.
2 processors are physically available.
4 processors are logically available.
Processor type: x86_64h (Intel x86-64h Haswell)
Processors active: 0 1 2 3
Primary memory available: 8.00 gigabytes
Default processor set: 558 tasks, 2626 threads, 4 processors
Load average: 66.52, Mach factor: 0.14
/bin/machine           = unknown
/usr/bin/oslevel       = unknown
/bin/universe          = unknown

PATH: /usr/local/mysql/bin
PATH: /Users/Fetiu/gems/bin
PATH: /Users/Fetiu/.local/bin
PATH: /Users/Fetiu/awair-thermostat-firmware/tools/ARM_GNU/OSX/bin
PATH: /Users/Fetiu/Library/Python/3.7/bin
PATH: /usr/local/bin
PATH: /usr/bin
PATH: /bin
PATH: /usr/sbin
PATH: /sbin
PATH: /Applications/VMware Fusion.app/Contents/Public
PATH: /opt/X11/bin
PATH: /Applications/Wireshark.app/Contents/MacOS


## ----------- ##
## Core tests. ##
## ----------- ##

configure:2367: checking for gcc
configure:2383: found /usr/bin/gcc
configure:2394: result: gcc
configure:2623: checking for C compiler version
configure:2632: gcc --version >&5
Apple clang version 13.1.6 (clang-1316.0.21.2.5)
Target: x86_64-apple-darwin21.5.0
Thread model: posix
InstalledDir: /Library/Developer/CommandLineTools/usr/bin
configure:2643: $? = 0
configure:2632: gcc -v >&5
Apple clang version 13.1.6 (clang-1316.0.21.2.5)
Target: x86_64-apple-darwin21.5.0
Thread model: posix
InstalledDir: /Library/Developer/CommandLineTools/usr/bin
configure:2643: $? = 0
configure:2632: gcc -V >&5
clang: error: argument to '-V' is missing (expected 1 value)
clang: error: no input files
configure:2643: $? = 1
configure:2632: gcc -qversion >&5
clang: error: unknown argument '-qversion'; did you mean '--version'?
clang: error: no input files
configure:2643: $? = 1
configure:2665: checking for C compiler default output file name
configure:2687: gcc    conftest.c  >&5
configure:2691: $? = 0
configure:2728: result: a.out
configure:2744: checking whether the C compiler works
configure:2753: ./a.out
configure:2757: $? = 0
configure:2772: result: yes
configure:2779: checking whether we are cross compiling
configure:2781: result: no
configure:2784: checking for suffix of executables
configure:2791: gcc -o conftest    conftest.c  >&5
configure:2795: $? = 0
configure:2817: result: 
configure:2823: checking for suffix of object files
configure:2845: gcc -c   conftest.c >&5
configure:2849: $? = 0
configure:2870: result: o
configure:2874: checking whether we are using the GNU C compiler
configure:2893: gcc -c   conftest.c >&5
configure:2893: $? = 0
configure:2902: result: yes
configure:2911: checking whether gcc accepts -g
configure:2931: gcc -c -g  conftest.c >&5
configure:2931: $? = 0
configure:2972: result: yes
configure:2989: checking for gcc option to accept ISO C89
configure:3053: gcc  -c -g -O2  conftest.c >&5
configure:3053: $? = 0
configure:3066: result: none needed
configure:3087: checking whether gcc and cc understand -c and -o together
configure:3118: gcc -c conftest.c -o conftest2.o >&5
configure:3122: $? = 0
configure:3128: gcc -c conftest.c -o conftest2.o >&5
configure:3132: $? = 0
configure:3143: cc -c conftest.c >&5
configure:3147: $? = 0
configure:3155: cc -c conftest.c -o conftest2.o >&5
configure:3159: $? = 0
configure:3165: cc -c conftest.c -o conftest2.o >&5
configure:3169: $? = 0
configure:3187: result: yes
configure:3211: checking how to run the C preprocessor
configure:3242: gcc -E  conftest.c
configure:3242: $? = 0
configure:3256: gcc -E  conftest.c
conftest.c:9:10: fatal error: 'ac_nonexistent.h' file not found
#include <ac_nonexistent.h>
         ^~~~~~~~~~~~~~~~~~
1 error generated.
configure:3256: $? = 1
configure: failed program was:
| /* confdefs.h */
| #define PACKAGE_NAME ""
| #define PACKAGE_TARNAME ""
| #define PACKAGE_VERSION ""
| #define PACKAGE_STRING ""
| #define PACKAGE_BUGREPORT ""
| #define PACKAGE_URL ""
| /* end confdefs.h.  */
| #include <ac_nonexistent.h>
configure:3281: result: gcc -E
configure:3301: gcc -E  conftest.c
configure:3301: $? = 0
configure:3315: gcc -E  conftest.c
conftest.c:9:10: fatal error: 'ac_nonexistent.h' file not found
#include <ac_nonexistent.h>
         ^~~~~~~~~~~~~~~~~~
1 error generated.
configure:3315: $? = 1
configure: failed program was:
| /* confdefs.h */
| #define PACKAGE_NAME ""
| #define PACKAGE_TARNAME ""
| #define PACKAGE_VERSION ""
| #define PACKAGE_STRING ""
| #define PACKAGE_BUGREPORT ""
| #define PACKAGE_URL ""
| /* end confdefs.h.  */
| #include <ac_nonexistent.h>
configure:3344: checking for inline
configure:3360: gcc -c -g -O2  conftest.c >&5
configure:3360: $? = 0
configure:3368: result: inline
configure:3387: checking for built-in _Bool
configure:3403: gcc -c -g -O2  conftest.c >&5
configure:3403: $? = 0
configure:3411: result: yes
configure:3421: checking size of short
configure:3441: gcc -c -g -O2  conftest.c >&5
conftest.c:17:25: error: duplicate case value '0'
switch (0) case 0: case (sizeof (short) == 4):;
                        ^
conftest.c:17:17: note: previous case defined here
switch (0) case 0: case (sizeof (short) == 4):;
                ^
1 error generated.
configure:3441: $? = 1
configure: failed program was:
| /* confdefs.h */
| #define PACKAGE_NAME ""
| #define PACKAGE_TARNAME ""
| #define PACKAGE_VERSION ""
| #define PACKAGE_STRING ""
| #define PACKAGE_BUGREPORT ""
| #define PACKAGE_URL ""
| #define HAVE__BOOL 1
| /* end confdefs.h.  */
| #include "confdefs.h"
| #include <sys/types.h>
| 
| 
| int
| main ()
| {
| switch (0) case 0: case (sizeof (short) == 4):;
|   ;
|   return 0;
| }
configure:3441: gcc -c -g -O2  conftest.c >&5
conftest.c:17:25: error: duplicate case value '0'
switch (0) case 0: case (sizeof (short) == 8):;
                        ^
conftest.c:17:17: note: previous case defined here
switch (0) case 0: case (sizeof (short) == 8):;
                ^
1 error generated.
configure:3441: $? = 1
configure: failed program was:
| /* confdefs.h */
| #define PACKAGE_NAME ""
| #define PACKAGE_TARNAME ""
| #define PACKAGE_VERSION ""
| #define PACKAGE_STRING ""
| #define PACKAGE_BUGREPORT ""
| #define PACKAGE_URL ""
| #define HAVE__BOOL 1
| /* end confdefs.h.  */
| #include "confdefs.h"
| #include <sys/types.h>
| 
| 
| int
| main ()
| {
| switch (0) case 0: case (sizeof (short) == 8):;
|   ;
|   return 0;
| }
configure:3441: gcc -c -g -O2  conftest.c >&5
conftest.c:17:25: error: duplicate case value '0'
switch (0) case 0: case (sizeof (short) == 1):;
                        ^
conftest.c:17:17: note: previous case defined here
switch (0) case 0: case (sizeof (short) == 1):;
                ^
1 error generated.
configure:3441: $? = 1
configure: failed program was:
| /* confdefs.h */
| #define PACKAGE_NAME ""
| #define PACKAGE_TARNAME ""
| #define PACKAGE_VERSION ""
| #define PACKAGE_STRING ""
| #define PACKAGE_BUGREPORT ""
| #define PACKAGE_URL ""
| #define HAVE__BOOL 1
| /* end confdefs.h.  */
| #include "confdefs.h"
| #include <sys/types.h>
| 
| 
| int
| main ()
| {
| switch (0) case 0: case (sizeof (short) == 1):;
|   ;
|   return 0;
| }
configure:3441: gcc -c -g -O2  conftest.c >&5
configure:3441: $? = 0
configure:3453: result: 2
configure:3461: checking size of int
configure:3481: gcc -c -g -O2  conftest.c >&5
configure:3481: $? = 0
configure:3493: result: 4
configure:3501: checking size of long
configure:3521: gcc -c -g -O2  conftest.c >&5
conftest.c:19:25: error: duplicate case value '0'
switch (0) case 0: case (sizeof (long) == 4):;
                        ^
conftest.c:19:17: note: previous case defined here
switch (0) case 0: case (sizeof (long) == 4):;
                ^
1 error generated.
configure:3521: $? = 1
configure: failed program was:
| /* confdefs.h */
| #define PACKAGE_NAME ""
| #define PACKAGE_TARNAME ""
| #define PACKAGE_VERSION ""
| #define PACKAGE_STRING ""
| #define PACKAGE_BUGREPORT ""
| #define PACKAGE_URL ""
| #define HAVE__BOOL 1
| #define SIZEOF_SHORT 2
| #define SIZEOF_INT 4
| /* end confdefs.h.  */
| #include "confdefs.h"
| #include <sys/types.h>
| 
| 
| int
| main ()
| {
| switch (0) case 0: case (sizeof (long) == 4):;
|   ;
|   return 0;
| }
configure:3521: gcc -c -g -O2  conftest.c >&5
configure:3521: $? = 0
configure:3533: result: 8
configure:3543: checking for grep that handles long lines and -e
configure:3601: result: /usr/bin/grep
configure:3606: checking for egrep
configure:3668: result: /usr/bin/grep -E
configure:3673: checking execution character set
configure:3710: result: ASCII
configure:3729: checking whether make sets $(MAKE)
configure:3751: result: yes
configure:3761: checking whether a default assembler was specified
configure:3772: result: no
configure:3776: checking whether a default linker was specified
configure:3787: result: no
configure:3796: checking for gawk
configure:3826: result: no
configure:3796: checking for mawk
configure:3826: result: no
configure:3796: checking for nawk
configure:3826: result: no
configure:3796: checking for awk
configure:3812: found /usr/bin/awk
configure:3823: result: awk
configure:3840: checking whether ln works
configure:3863: result: yes
configure:3875: checking whether ln -s works
configure:3898: result: yes
configure:3953: checking for ranlib
configure:3969: found /usr/bin/ranlib
configure:3980: result: ranlib
configure:4035: checking for a BSD compatible install
configure:4077: result: /usr/bin/install -c
configure:4087: checking for ANSI C header files
configure:4107: gcc -c -g -O2  conftest.c >&5
configure:4107: $? = 0
configure:4180: gcc -o conftest -g -O2   conftest.c  >&5
configure:4180: $? = 0
configure:4180: ./conftest
configure:4180: $? = 0
configure:4191: result: yes
configure:4199: checking whether time.h and sys/time.h may both be included
configure:4219: gcc -c -g -O2  conftest.c >&5
configure:4219: $? = 0
configure:4226: result: yes
configure:4234: checking for working stdbool.h
configure:4250: gcc -c -g -O2  conftest.c >&5
configure:4250: $? = 0
configure:4257: result: yes
configure:4265: checking whether string.h and strings.h may both be included
configure:4282: gcc -c -g -O2  conftest.c >&5
configure:4282: $? = 0
configure:4289: result: yes
configure:4297: checking for sys/wait.h that is POSIX.1 compatible
configure:4323: gcc -c -g -O2  conftest.c >&5
configure:4323: $? = 0
configure:4330: result: yes
configure:4343: checking for sys/types.h
configure:4343: gcc -c -g -O2  conftest.c >&5
configure:4343: $? = 0
configure:4343: result: yes
configure:4343: checking for sys/stat.h
configure:4343: gcc -c -g -O2  conftest.c >&5
configure:4343: $? = 0
configure:4343: result: yes
configure:4343: checking for stdlib.h
configure:4343: gcc -c -g -O2  conftest.c >&5
configure:4343: $? = 0
configure:4343: result: yes
configure:4343: checking for string.h
configure:4343: gcc -c -g -O2  conftest.c >&5
configure:4343: $? = 0
configure:4343: result: yes
configure:4343: checking for memory.h
configure:4343: gcc -c -g -O2  conftest.c >&5
configure:4343: $? = 0
configure:4343: result: yes
configure:4343: checking for strings.h
configure:4343: gcc -c -g -O2  conftest.c >&5
configure:4343: $? = 0
configure:4343: result: yes
configure:4343: checking for inttypes.h
configure:4343: gcc -c -g -O2  conftest.c >&5
configure:4343: $? = 0
configure:4343: result: yes
configure:4343: checking for stdint.h
configure:4343: gcc -c -g -O2  conftest.c >&5
configure:4343: $? = 0
configure:4343: result: yes
configure:4343: checking for unistd.h
configure:4343: gcc -c -g -O2  conftest.c >&5
configure:4343: $? = 0
configure:4343: result: yes
configure:4362: checking limits.h usability
configure:4362: gcc -c -g -O2  conftest.c >&5
configure:4362: $? = 0
configure:4362: result: yes
configure:4362: checking limits.h presence
configure:4362: gcc -E  conftest.c
configure:4362: $? = 0
configure:4362: result: yes
configure:4362: checking for limits.h
configure:4362: result: yes
configure:4362: checking stddef.h usability
configure:4362: gcc -c -g -O2  conftest.c >&5
configure:4362: $? = 0
configure:4362: result: yes
configure:4362: checking stddef.h presence
configure:4362: gcc -E  conftest.c
configure:4362: $? = 0
configure:4362: result: yes
configure:4362: checking for stddef.h
configure:4362: result: yes
configure:4362: checking for string.h
configure:4362: result: yes
configure:4362: checking for strings.h
configure:4362: result: yes
configure:4362: checking for stdlib.h
configure:4362: result: yes
configure:4362: checking time.h usability
configure:4362: gcc -c -g -O2  conftest.c >&5
configure:4362: $? = 0
configure:4362: result: yes
configure:4362: checking time.h presence
configure:4362: gcc -E  conftest.c
configure:4362: $? = 0
configure:4362: result: yes
configure:4362: checking for time.h
configure:4362: result: yes
configure:4362: checking fcntl.h usability
configure:4362: gcc -c -g -O2  conftest.c >&5
configure:4362: $? = 0
configure:4362: result: yes
configure:4362: checking fcntl.h presence
configure:4362: gcc -E  conftest.c
configure:4362: $? = 0
configure:4362: result: yes
configure:4362: checking for fcntl.h
configure:4362: result: yes
configure:4362: checking for unistd.h
configure:4362: result: yes
configure:4362: checking sys/file.h usability
configure:4362: gcc -c -g -O2  conftest.c >&5
configure:4362: $? = 0
configure:4362: result: yes
configure:4362: checking sys/file.h presence
configure:4362: gcc -E  conftest.c
configure:4362: $? = 0
configure:4362: result: yes
configure:4362: checking for sys/file.h
configure:4362: result: yes
configure:4362: checking sys/time.h usability
configure:4362: gcc -c -g -O2  conftest.c >&5
configure:4362: $? = 0
configure:4362: result: yes
configure:4362: checking sys/time.h presence
configure:4362: gcc -E  conftest.c
configure:4362: $? = 0
configure:4362: result: yes
configure:4362: checking for sys/time.h
configure:4362: result: yes
configure:4362: checking sys/param.h usability
configure:4362: gcc -c -g -O2  conftest.c >&5
configure:4362: $? = 0
configure:4362: result: yes
configure:4362: checking sys/param.h presence
configure:4362: gcc -E  conftest.c
configure:4362: $? = 0
configure:4362: result: yes
configure:4362: checking for sys/param.h
configure:4362: result: yes
configure:4362: checking for sys/stat.h
configure:4362: result: yes
configure:4362: checking direct.h usability
configure:4362: gcc -c -g -O2  conftest.c >&5
conftest.c:72:10: fatal error: 'direct.h' file not found
#include <direct.h>
         ^~~~~~~~~~
1 error generated.
configure:4362: $? = 1
configure: failed program was:
| /* confdefs.h */
| #define PACKAGE_NAME ""
| #define PACKAGE_TARNAME ""
| #define PACKAGE_VERSION ""
| #define PACKAGE_STRING ""
| #define PACKAGE_BUGREPORT ""
| #define PACKAGE_URL ""
| #define HAVE__BOOL 1
| #define SIZEOF_SHORT 2
| #define SIZEOF_INT 4
| #define SIZEOF_LONG 8
| #define STDC_HEADERS 1
| #define TIME_WITH_SYS_TIME 1
| #define HAVE_STDBOOL_H 1
| #define STRING_WITH_STRINGS 1
| #define HAVE_SYS_WAIT_H 1
| #define HAVE_SYS_TYPES_H 1
| #define HAVE_SYS_STAT_H 1
| #define HAVE_STDLIB_H 1
| #define HAVE_STRING_H 1
| #define HAVE_MEMORY_H 1
| #define HAVE_STRINGS_H 1
| #define HAVE_INTTYPES_H 1
| #define HAVE_STDINT_H 1
| #define HAVE_UNISTD_H 1
| #define HAVE_LIMITS_H 1
| #define HAVE_STDDEF_H 1
| #define HAVE_STRING_H 1
| #define HAVE_STRINGS_H 1
| #define HAVE_STDLIB_H 1
| #define HAVE_TIME_H 1
| #define HAVE_FCNTL_H 1
| #define HAVE_UNISTD_H 1
| #define HAVE_SYS_FILE_H 1
| #define HAVE_SYS_TIME_H 1
| #define HAVE_SYS_PARAM_H 1
| #define HAVE_SYS_STAT_H 1
| /* end confdefs.h.  */
| #include <stdio.h>
| #ifdef HAVE_SYS_TYPES_H
| # include <sys/types.h>
| #endif
| #ifdef HAVE_SYS_STAT_H
| # include <sys/stat.h>
| #endif
| #ifdef STDC_HEADERS
| # include <stdlib.h>
| # include <stddef.h>
| #else
| # ifdef HAVE_STDLIB_H
| #  include <stdlib.h>
| # endif
| #endif
| #ifdef HAVE_STRING_H
| # if !defined STDC_HEADERS && defined HAVE_MEMORY_H
| #  include <memory.h>
| # endif
| # include <string.h>
| #endif
| #ifdef HAVE_STRINGS_H
| # include <strings.h>
| #endif
| #ifdef HAVE_INTTYPES_H
| # include <inttypes.h>
| #endif
| #ifdef HAVE_STDINT_H
| # include <stdint.h>
| #endif
| #ifdef HAVE_UNISTD_H
| # include <unistd.h>
| #endif
| #include <direct.h>
configure:4362: result: no
configure:4362: checking direct.h presence
configure:4362: gcc -E  conftest.c
conftest.c:39:10: fatal error: 'direct.h' file not found
#include <direct.h>
         ^~~~~~~~~~
1 error generated.
configure:4362: $? = 1
configure: failed program was:
| /* confdefs.h */
| #define PACKAGE_NAME ""
| #define PACKAGE_TARNAME ""
| #define PACKAGE_VERSION ""
| #define PACKAGE_STRING ""
| #define PACKAGE_BUGREPORT ""
| #define PACKAGE_URL ""
| #define HAVE__BOOL 1
| #define SIZEOF_SHORT 2
| #define SIZEOF_INT 4
| #define SIZEOF_LONG 8
| #define STDC_HEADERS 1
| #define TIME_WITH_SYS_TIME 1
| #define HAVE_STDBOOL_H 1
| #define STRING_WITH_STRINGS 1
| #define HAVE_SYS_WAIT_H 1
| #define HAVE_SYS_TYPES_H 1
| #define HAVE_SYS_STAT_H 1
| #define HAVE_STDLIB_H 1
| #define HAVE_STRING_H 1
| #define HAVE_MEMORY_H 1
| #define HAVE_STRINGS_H 1
| #define HAVE_INTTYPES_H 1
| #define HAVE_STDINT_H 1
| #define HAVE_UNISTD_H 1
| #define HAVE_LIMITS_H 1
| #define HAVE_STDDEF_H 1
| #define HAVE_STRING_H 1
| #define HAVE_STRINGS_H 1
| #define HAVE_STDLIB_H 1
| #define HAVE_TIME_H 1
| #define HAVE_FCNTL_H 1
| #define HAVE_UNISTD_H 1
| #define HAVE_SYS_FILE_H 1
| #define HAVE_SYS_TIME_H 1
| #define HAVE_SYS_PARAM_H 1
| #define HAVE_SYS_STAT_H 1
| /* end confdefs.h.  */
| #include <direct.h>
configure:4362: result: no
configure:4362: checking for direct.h
configure:4362: result: no
configure:4362: checking malloc.h usability
configure:4362: gcc -c -g -O2  conftest.c >&5
conftest.c:72:10: fatal error: 'malloc.h' file not found
#include <malloc.h>
         ^~~~~~~~~~
1 error generated.
configure:4362: $? = 1
configure: failed program was:
| /* confdefs.h */
| #define PACKAGE_NAME ""
| #define PACKAGE_TARNAME ""
| #define PACKAGE_VERSION ""
| #define PACKAGE_STRING ""
| #define PACKAGE_BUGREPORT ""
| #define PACKAGE_URL ""
| #define HAVE__BOOL 1
| #define SIZEOF_SHORT 2
| #define SIZEOF_INT 4
| #define SIZEOF_LONG 8
| #define STDC_HEADERS 1
| #define TIME_WITH_SYS_TIME 1
| #define HAVE_STDBOOL_H 1
| #define STRING_WITH_STRINGS 1
| #define HAVE_SYS_WAIT_H 1
| #define HAVE_SYS_TYPES_H 1
| #define HAVE_SYS_STAT_H 1
| #define HAVE_STDLIB_H 1
| #define HAVE_STRING_H 1
| #define HAVE_MEMORY_H 1
| #define HAVE_STRINGS_H 1
| #define HAVE_INTTYPES_H 1
| #define HAVE_STDINT_H 1
| #define HAVE_UNISTD_H 1
| #define HAVE_LIMITS_H 1
| #define HAVE_STDDEF_H 1
| #define HAVE_STRING_H 1
| #define HAVE_STRINGS_H 1
| #define HAVE_STDLIB_H 1
| #define HAVE_TIME_H 1
| #define HAVE_FCNTL_H 1
| #define HAVE_UNISTD_H 1
| #define HAVE_SYS_FILE_H 1
| #define HAVE_SYS_TIME_H 1
| #define HAVE_SYS_PARAM_H 1
| #define HAVE_SYS_STAT_H 1
| /* end confdefs.h.  */
| #include <stdio.h>
| #ifdef HAVE_SYS_TYPES_H
| # include <sys/types.h>
| #endif
| #ifdef HAVE_SYS_STAT_H
| # include <sys/stat.h>
| #endif
| #ifdef STDC_HEADERS
| # include <stdlib.h>
| # include <stddef.h>
| #else
| # ifdef HAVE_STDLIB_H
| #  include <stdlib.h>
| # endif
| #endif
| #ifdef HAVE_STRING_H
| # if !defined STDC_HEADERS && defined HAVE_MEMORY_H
| #  include <memory.h>
| # endif
| # include <string.h>
| #endif
| #ifdef HAVE_STRINGS_H
| # include <strings.h>
| #endif
| #ifdef HAVE_INTTYPES_H
| # include <inttypes.h>
| #endif
| #ifdef HAVE_STDINT_H
| # include <stdint.h>
| #endif
| #ifdef HAVE_UNISTD_H
| # include <unistd.h>
| #endif
| #include <malloc.h>
configure:4362: result: no
configure:4362: checking malloc.h presence
configure:4362: gcc -E  conftest.c
conftest.c:39:10: fatal error: 'malloc.h' file not found
#include <malloc.h>
         ^~~~~~~~~~
1 error generated.
configure:4362: $? = 1
configure: failed program was:
| /* confdefs.h */
| #define PACKAGE_NAME ""
| #define PACKAGE_TARNAME ""
| #define PACKAGE_VERSION ""
| #define PACKAGE_STRING ""
| #define PACKAGE_BUGREPORT ""
| #define PACKAGE_URL ""
| #define HAVE__BOOL 1
| #define SIZEOF_SHORT 2
| #define SIZEOF_INT 4
| #define SIZEOF_LONG 8
| #define STDC_HEADERS 1
| #define TIME_WITH_SYS_TIME 1
| #define HAVE_STDBOOL_H 1
| #define STRING_WITH_STRINGS 1
| #define HAVE_SYS_WAIT_H 1
| #define HAVE_SYS_TYPES_H 1
| #define HAVE_SYS_STAT_H 1
| #define HAVE_STDLIB_H 1
| #define HAVE_STRING_H 1
| #define HAVE_MEMORY_H 1
| #define HAVE_STRINGS_H 1
| #define HAVE_INTTYPES_H 1
| #define HAVE_STDINT_H 1
| #define HAVE_UNISTD_H 1
| #define HAVE_LIMITS_H 1
| #define HAVE_STDDEF_H 1
| #define HAVE_STRING_H 1
| #define HAVE_STRINGS_H 1
| #define HAVE_STDLIB_H 1
| #define HAVE_TIME_H 1
| #define HAVE_FCNTL_H 1
| #define HAVE_UNISTD_H 1
| #define HAVE_SYS_FILE_H 1
| #define HAVE_SYS_TIME_H 1
| #define HAVE_SYS_PARAM_H 1
| #define HAVE_SYS_STAT_H 1
| /* end confdefs.h.  */
| #include <malloc.h>
configure:4362: result: no
configure:4362: checking for malloc.h
configure:4362: result: no
configure:4377: checking for CHAR_BIT
configure:4401: result: yes
configure:4447: checking whether byte ordering is bigendian
configure:4462: gcc -c -g -O2  conftest.c >&5
configure:4462: $? = 0
configure:4507: gcc -c -g -O2  conftest.c >&5
configure:4507: $? = 0
configure:4525: gcc -c -g -O2  conftest.c >&5
conftest.c:46:4: error: use of undeclared identifier 'not'
                 not big endian
                 ^
1 error generated.
configure:4525: $? = 1
configure: failed program was:
| /* confdefs.h */
| #define PACKAGE_NAME ""
| #define PACKAGE_TARNAME ""
| #define PACKAGE_VERSION ""
| #define PACKAGE_STRING ""
| #define PACKAGE_BUGREPORT ""
| #define PACKAGE_URL ""
| #define HAVE__BOOL 1
| #define SIZEOF_SHORT 2
| #define SIZEOF_INT 4
| #define SIZEOF_LONG 8
| #define STDC_HEADERS 1
| #define TIME_WITH_SYS_TIME 1
| #define HAVE_STDBOOL_H 1
| #define STRING_WITH_STRINGS 1
| #define HAVE_SYS_WAIT_H 1
| #define HAVE_SYS_TYPES_H 1
| #define HAVE_SYS_STAT_H 1
| #define HAVE_STDLIB_H 1
| #define HAVE_STRING_H 1
| #define HAVE_MEMORY_H 1
| #define HAVE_STRINGS_H 1
| #define HAVE_INTTYPES_H 1
| #define HAVE_STDINT_H 1
| #define HAVE_UNISTD_H 1
| #define HAVE_LIMITS_H 1
| #define HAVE_STDDEF_H 1
| #define HAVE_STRING_H 1
| #define HAVE_STRINGS_H 1
| #define HAVE_STDLIB_H 1
| #define HAVE_TIME_H 1
| #define HAVE_FCNTL_H 1
| #define HAVE_UNISTD_H 1
| #define HAVE_SYS_FILE_H 1
| #define HAVE_SYS_TIME_H 1
| #define HAVE_SYS_PARAM_H 1
| #define HAVE_SYS_STAT_H 1
| /* end confdefs.h.  */
| #include <sys/types.h>
| 		#include <sys/param.h>
| 
| int
| main ()
| {
| #if BYTE_ORDER != BIG_ENDIAN
| 		 not big endian
| 		#endif
| 
|   ;
|   return 0;
| }
configure:4653: result: no
configure:4675: checking for mktemp
configure:4691: found /usr/bin/mktemp
configure:4703: result: yes
configure:4714: checking for strip
configure:4730: found /usr/bin/strip
configure:4742: result: strip
configure:4753: checking for preprocessor stringizing operator
configure:4773: result: yes
configure:4786: checking for clock
configure:4786: gcc -o conftest -g -O2   conftest.c  >&5
configure:4786: $? = 0
configure:4786: result: yes
configure:4786: checking for strsignal
configure:4786: gcc -o conftest -g -O2   conftest.c  >&5
configure:4786: $? = 0
configure:4786: result: yes
configure:4786: checking for strchr
configure:4786: gcc -o conftest -g -O2   conftest.c  >&5
conftest.c:65:6: warning: incompatible redeclaration of library function 'strchr' [-Wincompatible-library-redeclaration]
char strchr ();
     ^
conftest.c:65:6: note: 'strchr' is a builtin with type 'char *(const char *, int)'
1 warning generated.
configure:4786: $? = 0
configure:4786: result: yes
configure:4786: checking for strrchr
configure:4786: gcc -o conftest -g -O2   conftest.c  >&5
conftest.c:66:6: warning: incompatible redeclaration of library function 'strrchr' [-Wincompatible-library-redeclaration]
char strrchr ();
     ^
conftest.c:66:6: note: 'strrchr' is a builtin with type 'char *(const char *, int)'
1 warning generated.
configure:4786: $? = 0
configure:4786: result: yes
configure:4786: checking for lstat
configure:4786: gcc -o conftest -g -O2   conftest.c  >&5
configure:4786: $? = 0
configure:4786: result: yes
configure:4797: checking for ssize_t
configure:4797: gcc -c -g -O2  conftest.c >&5
configure:4797: $? = 0
configure:4797: gcc -c -g -O2  conftest.c >&5
conftest.c:81:22: error: expected expression
if (sizeof ((ssize_t)))
                     ^
1 error generated.
configure:4797: $? = 1
configure: failed program was:
| /* confdefs.h */
| #define PACKAGE_NAME ""
| #define PACKAGE_TARNAME ""
| #define PACKAGE_VERSION ""
| #define PACKAGE_STRING ""
| #define PACKAGE_BUGREPORT ""
| #define PACKAGE_URL ""
| #define HAVE__BOOL 1
| #define SIZEOF_SHORT 2
| #define SIZEOF_INT 4
| #define SIZEOF_LONG 8
| #define STDC_HEADERS 1
| #define TIME_WITH_SYS_TIME 1
| #define HAVE_STDBOOL_H 1
| #define STRING_WITH_STRINGS 1
| #define HAVE_SYS_WAIT_H 1
| #define HAVE_SYS_TYPES_H 1
| #define HAVE_SYS_STAT_H 1
| #define HAVE_STDLIB_H 1
| #define HAVE_STRING_H 1
| #define HAVE_MEMORY_H 1
| #define HAVE_STRINGS_H 1
| #define HAVE_INTTYPES_H 1
| #define HAVE_STDINT_H 1
| #define HAVE_UNISTD_H 1
| #define HAVE_LIMITS_H 1
| #define HAVE_STDDEF_H 1
| #define HAVE_STRING_H 1
| #define HAVE_STRINGS_H 1
| #define HAVE_STDLIB_H 1
| #define HAVE_TIME_H 1
| #define HAVE_FCNTL_H 1
| #define HAVE_UNISTD_H 1
| #define HAVE_SYS_FILE_H 1
| #define HAVE_SYS_TIME_H 1
| #define HAVE_SYS_PARAM_H 1
| #define HAVE_SYS_STAT_H 1
| #define HAVE_STRINGIZE 1
| #define HAVE_CLOCK 1
| #define HAVE_STRSIGNAL 1
| #define HAVE_STRCHR 1
| #define HAVE_STRRCHR 1
| #define HAVE_LSTAT 1
| /* end confdefs.h.  */
| #include <stdio.h>
| #ifdef HAVE_SYS_TYPES_H
| # include <sys/types.h>
| #endif
| #ifdef HAVE_SYS_STAT_H
| # include <sys/stat.h>
| #endif
| #ifdef STDC_HEADERS
| # include <stdlib.h>
| # include <stddef.h>
| #else
| # ifdef HAVE_STDLIB_H
| #  include <stdlib.h>
| # endif
| #endif
| #ifdef HAVE_STRING_H
| # if !defined STDC_HEADERS && defined HAVE_MEMORY_H
| #  include <memory.h>
| # endif
| # include <string.h>
| #endif
| #ifdef HAVE_STRINGS_H
| # include <strings.h>
| #endif
| #ifdef HAVE_INTTYPES_H
| # include <inttypes.h>
| #endif
| #ifdef HAVE_STDINT_H
| # include <stdint.h>
| #endif
| #ifdef HAVE_UNISTD_H
| # include <unistd.h>
| #endif
| int
| main ()
| {
| if (sizeof ((ssize_t)))
| 	    return 0;
|   ;
|   return 0;
| }
configure:4797: result: yes
configure:4811: checking for getpagesize
configure:4811: gcc -o conftest -g -O2   conftest.c  >&5
configure:4811: $? = 0
configure:4811: result: yes
configure:5066: checking for working mmap from /dev/zero
configure:5086: gcc -o conftest -g -O2   conftest.c  >&5
In file included from conftest.c:46:
./ct-mmap.inc:97:5: error: implicitly declaring library function 'exit' with type 'void (int) __attribute__((noreturn))' [-Werror,-Wimplicit-function-declaration]
    perror_exit("test 0 mmap", 2);
    ^
./ct-mmap.inc:59:21: note: expanded from macro 'perror_exit'
  do { perror(str); exit(val); } while (0)
                    ^
./ct-mmap.inc:97:5: note: include the header <stdlib.h> or explicitly provide a declaration for 'exit'
./ct-mmap.inc:59:21: note: expanded from macro 'perror_exit'
  do { perror(str); exit(val); } while (0)
                    ^
./ct-mmap.inc:228:8: error: implicit declaration of function 'getpagesize' is invalid in C99 [-Werror,-Wimplicit-function-declaration]
  pg = getpagesize ();
       ^
2 errors generated.
configure:5086: $? = 1
configure: program exited with status 1
configure: failed program was:
| /* confdefs.h */
| #define PACKAGE_NAME ""
| #define PACKAGE_TARNAME ""
| #define PACKAGE_VERSION ""
| #define PACKAGE_STRING ""
| #define PACKAGE_BUGREPORT ""
| #define PACKAGE_URL ""
| #define HAVE__BOOL 1
| #define SIZEOF_SHORT 2
| #define SIZEOF_INT 4
| #define SIZEOF_LONG 8
| #define STDC_HEADERS 1
| #define TIME_WITH_SYS_TIME 1
| #define HAVE_STDBOOL_H 1
| #define STRING_WITH_STRINGS 1
| #define HAVE_SYS_WAIT_H 1
| #define HAVE_SYS_TYPES_H 1
| #define HAVE_SYS_STAT_H 1
| #define HAVE_STDLIB_H 1
| #define HAVE_STRING_H 1
| #define HAVE_MEMORY_H 1
| #define HAVE_STRINGS_H 1
| #define HAVE_INTTYPES_H 1
| #define HAVE_STDINT_H 1
| #define HAVE_UNISTD_H 1
| #define HAVE_LIMITS_H 1
| #define HAVE_STDDEF_H 1
| #define HAVE_STRING_H 1
| #define HAVE_STRINGS_H 1
| #define HAVE_STDLIB_H 1
| #define HAVE_TIME_H 1
| #define HAVE_FCNTL_H 1
| #define HAVE_UNISTD_H 1
| #define HAVE_SYS_FILE_H 1
| #define HAVE_SYS_TIME_H 1
| #define HAVE_SYS_PARAM_H 1
| #define HAVE_SYS_STAT_H 1
| #define HAVE_STRINGIZE 1
| #define HAVE_CLOCK 1
| #define HAVE_STRSIGNAL 1
| #define HAVE_STRCHR 1
| #define HAVE_STRRCHR 1
| #define HAVE_LSTAT 1
| #define HAVE_GETPAGESIZE 1
| /* end confdefs.h.  */
| #include "ct-mmap.inc"
configure:5100: result: no
configure:5108: checking for working mmap with MAP_ANON(YMOUS)
configure:5123: gcc -o conftest -g -O2   conftest.c  >&5
In file included from conftest.c:47:
./ct-mmap.inc:97:5: error: implicitly declaring library function 'exit' with type 'void (int) __attribute__((noreturn))' [-Werror,-Wimplicit-function-declaration]
    perror_exit("test 0 mmap", 2);
    ^
./ct-mmap.inc:59:21: note: expanded from macro 'perror_exit'
  do { perror(str); exit(val); } while (0)
                    ^
./ct-mmap.inc:97:5: note: include the header <stdlib.h> or explicitly provide a declaration for 'exit'
./ct-mmap.inc:59:21: note: expanded from macro 'perror_exit'
  do { perror(str); exit(val); } while (0)
                    ^
./ct-mmap.inc:228:8: error: implicit declaration of function 'getpagesize' is invalid in C99 [-Werror,-Wimplicit-function-declaration]
  pg = getpagesize ();
       ^
2 errors generated.
configure:5123: $? = 1
configure: program exited with status 1
configure: failed program was:
| /* confdefs.h */
| #define PACKAGE_NAME ""
| #define PACKAGE_TARNAME ""
| #define PACKAGE_VERSION ""
| #define PACKAGE_STRING ""
| #define PACKAGE_BUGREPORT ""
| #define PACKAGE_URL ""
| #define HAVE__BOOL 1
| #define SIZEOF_SHORT 2
| #define SIZEOF_INT 4
| #define SIZEOF_LONG 8
| #define STDC_HEADERS 1
| #define TIME_WITH_SYS_TIME 1
| #define HAVE_STDBOOL_H 1
| #define STRING_WITH_STRINGS 1
| #define HAVE_SYS_WAIT_H 1
| #define HAVE_SYS_TYPES_H 1
| #define HAVE_SYS_STAT_H 1
| #define HAVE_STDLIB_H 1
| #define HAVE_STRING_H 1
| #define HAVE_MEMORY_H 1
| #define HAVE_STRINGS_H 1
| #define HAVE_INTTYPES_H 1
| #define HAVE_STDINT_H 1
| #define HAVE_UNISTD_H 1
| #define HAVE_LIMITS_H 1
| #define HAVE_STDDEF_H 1
| #define HAVE_STRING_H 1
| #define HAVE_STRINGS_H 1
| #define HAVE_STDLIB_H 1
| #define HAVE_TIME_H 1
| #define HAVE_FCNTL_H 1
| #define HAVE_UNISTD_H 1
| #define HAVE_SYS_FILE_H 1
| #define HAVE_SYS_TIME_H 1
| #define HAVE_SYS_PARAM_H 1
| #define HAVE_SYS_STAT_H 1
| #define HAVE_STRINGIZE 1
| #define HAVE_CLOCK 1
| #define HAVE_STRSIGNAL 1
| #define HAVE_STRCHR 1
| #define HAVE_STRRCHR 1
| #define HAVE_LSTAT 1
| #define HAVE_GETPAGESIZE 1
| /* end confdefs.h.  */
| #define USE_MAP_ANON
| #include "ct-mmap.inc"
configure:5137: result: no
configure:5146: checking for working mmap of a file
configure:5198: gcc -o conftest -g -O2   conftest.c  >&5
conftest.c:63:5: error: implicitly declaring library function 'exit' with type 'void (int) __attribute__((noreturn))' [-Werror,-Wimplicit-function-declaration]
    exit(1);
    ^
conftest.c:63:5: note: include the header <stdlib.h> or explicitly provide a declaration for 'exit'
1 error generated.
configure:5198: $? = 1
configure: program exited with status 1
configure: failed program was:
| /* confdefs.h */
| #define PACKAGE_NAME ""
| #define PACKAGE_TARNAME ""
| #define PACKAGE_VERSION ""
| #define PACKAGE_STRING ""
| #define PACKAGE_BUGREPORT ""
| #define PACKAGE_URL ""
| #define HAVE__BOOL 1
| #define SIZEOF_SHORT 2
| #define SIZEOF_INT 4
| #define SIZEOF_LONG 8
| #define STDC_HEADERS 1
| #define TIME_WITH_SYS_TIME 1
| #define HAVE_STDBOOL_H 1
| #define STRING_WITH_STRINGS 1
| #define HAVE_SYS_WAIT_H 1
| #define HAVE_SYS_TYPES_H 1
| #define HAVE_SYS_STAT_H 1
| #define HAVE_STDLIB_H 1
| #define HAVE_STRING_H 1
| #define HAVE_MEMORY_H 1
| #define HAVE_STRINGS_H 1
| #define HAVE_INTTYPES_H 1
| #define HAVE_STDINT_H 1
| #define HAVE_UNISTD_H 1
| #define HAVE_LIMITS_H 1
| #define HAVE_STDDEF_H 1
| #define HAVE_STRING_H 1
| #define HAVE_STRINGS_H 1
| #define HAVE_STDLIB_H 1
| #define HAVE_TIME_H 1
| #define HAVE_FCNTL_H 1
| #define HAVE_UNISTD_H 1
| #define HAVE_SYS_FILE_H 1
| #define HAVE_SYS_TIME_H 1
| #define HAVE_SYS_PARAM_H 1
| #define HAVE_SYS_STAT_H 1
| #define HAVE_STRINGIZE 1
| #define HAVE_CLOCK 1
| #define HAVE_STRSIGNAL 1
| #define HAVE_STRCHR 1
| #define HAVE_STRRCHR 1
| #define HAVE_LSTAT 1
| #define HAVE_GETPAGESIZE 1
| /* end confdefs.h.  */
| 
| /* Test by Zack Weinberg.  Modified from MMAP_ANYWHERE test by
|    Richard Henderson and Alexandre Oliva.
|    Check whether read-only mmap of a plain file works. */
| #include <sys/types.h>
| #include <sys/stat.h>
| #include <fcntl.h>
| #include <sys/mman.h>
| 
| int main()
| {
|   char *x;
|   int fd;
|   struct stat st;
| 
|   fd = open("conftestdata52928", O_RDONLY);
|   if (fd < 0)
|     exit(1);
| 
|   if (fstat (fd, &st))
|     exit(2);
| 
|   x = (char*)mmap(0, st.st_size, PROT_READ, MAP_PRIVATE, fd, 0);
|   if (x == (char *) -1)
|     exit(3);
| 
|   if (x[0] != '1' || x[1] != ' ' || x[2] != '1' || x[3] != ' ')
|     exit(4);
| 
|   if (munmap(x, st.st_size) < 0)
|     exit(5);
| 
|   exit(0);
| }
configure:5208: result: no
configure:5224: checking whether getenv is declared
configure:5247: gcc -c -g -O2 -I. -I./libiberty -I./libcpp/include  conftest.c >&5
configure:5247: $? = 0
configure:5256: result: yes
configure:5224: checking whether abort is declared
configure:5247: gcc -c -g -O2 -I. -I./libiberty -I./libcpp/include  conftest.c >&5
configure:5247: $? = 0
configure:5256: result: yes
configure:5224: checking whether strsignal is declared
configure:5247: gcc -c -g -O2 -I. -I./libiberty -I./libcpp/include  conftest.c >&5
configure:5247: $? = 0
configure:5256: result: yes
configure:5224: checking whether errno is declared
configure:5247: gcc -c -g -O2 -I. -I./libiberty -I./libcpp/include  conftest.c >&5
configure:5247: $? = 0
configure:5256: result: yes
configure:5224: checking whether malloc is declared
configure:5247: gcc -c -g -O2 -I. -I./libiberty -I./libcpp/include  conftest.c >&5
configure:5247: $? = 0
configure:5256: result: yes
configure:5224: checking whether realloc is declared
configure:5247: gcc -c -g -O2 -I. -I./libiberty -I./libcpp/include  conftest.c >&5
configure:5247: $? = 0
configure:5256: result: yes
configure:5224: checking whether calloc is declared
configure:5247: gcc -c -g -O2 -I. -I./libiberty -I./libcpp/include  conftest.c >&5
configure:5247: $? = 0
configure:5256: result: yes
configure:5224: checking whether free is declared
configure:5247: gcc -c -g -O2 -I. -I./libiberty -I./libcpp/include  conftest.c >&5
configure:5247: $? = 0
configure:5256: result: yes
configure:5224: checking whether clock is declared
configure:5247: gcc -c -g -O2 -I. -I./libiberty -I./libcpp/include  conftest.c >&5
configure:5247: $? = 0
configure:5256: result: yes
configure:5297: checking if mkdir takes one argument
configure:5323: gcc -c -g -O2  conftest.c >&5
configure:5323: $? = 0
configure:5330: result: no
configure:5471: checking what assembler to use
configure:5553: result: /usr/bin/as
configure:5558: checking what nm to use
configure:5566: result: nm
configure:5570: checking whether to enable maintainer-specific portions of Makefiles
configure:5580: result: no
configure:5775: creating ./config.status

## ---------------------- ##
## Running config.status. ##
## ---------------------- ##

This file was extended by config.status, which was
generated by GNU Autoconf 2.64.  Invocation command line was

  CONFIG_FILES    = 
  CONFIG_HEADERS  = 
  CONFIG_LINKS    = 
  CONFIG_COMMANDS = 
  $ ./config.status 

on MacBonsok.local

config.status:933: creating Makefile
config.status:933: creating auto-host.h
config.status:1094: auto-host.h is unchanged
config.status:1108: executing default commands

## ---------------- ##
## Cache variables. ##
## ---------------- ##

ac_cv_c_bigendian=no
ac_cv_c_charset=ASCII
ac_cv_c_compiler_gnu=yes
ac_cv_c_inline=inline
ac_cv_c_stringize=yes
ac_cv_env_CC_set=
ac_cv_env_CC_value=
ac_cv_env_CFLAGS_set=
ac_cv_env_CFLAGS_value=
ac_cv_env_CPPFLAGS_set=
ac_cv_env_CPPFLAGS_value=
ac_cv_env_CPP_set=
ac_cv_env_CPP_value=
ac_cv_env_LDFLAGS_set=
ac_cv_env_LDFLAGS_value=
ac_cv_env_LIBS_set=
ac_cv_env_LIBS_value=
ac_cv_env_build_alias_set=
ac_cv_env_build_alias_value=
ac_cv_env_host_alias_set=
ac_cv_env_host_alias_value=
ac_cv_env_target_alias_set=
ac_cv_env_target_alias_value=
ac_cv_func_clock=yes
ac_cv_func_getpagesize=yes
ac_cv_func_lstat=yes
ac_cv_func_mmap_anon=no
ac_cv_func_mmap_dev_zero=no
ac_cv_func_mmap_file=no
ac_cv_func_strchr=yes
ac_cv_func_strrchr=yes
ac_cv_func_strsignal=yes
ac_cv_header_direct_h=no
ac_cv_header_fcntl_h=yes
ac_cv_header_inttypes_h=yes
ac_cv_header_limits_h=yes
ac_cv_header_malloc_h=no
ac_cv_header_memory_h=yes
ac_cv_header_stdbool_h=yes
ac_cv_header_stdc=yes
ac_cv_header_stddef_h=yes
ac_cv_header_stdint_h=yes
ac_cv_header_stdlib_h=yes
ac_cv_header_string_h=yes
ac_cv_header_strings_h=yes
ac_cv_header_sys_file_h=yes
ac_cv_header_sys_param_h=yes
ac_cv_header_sys_stat_h=yes
ac_cv_header_sys_time_h=yes
ac_cv_header_sys_types_h=yes
ac_cv_header_sys_wait_h=yes
ac_cv_header_time=yes
ac_cv_header_time_h=yes
ac_cv_header_unistd_h=yes
ac_cv_objext=o
ac_cv_path_EGREP='/usr/bin/grep -E'
ac_cv_path_GREP=/usr/bin/grep
ac_cv_path_install='/usr/bin/install -c'
ac_cv_prog_AWK=awk
ac_cv_prog_CPP='gcc -E'
ac_cv_prog_STRIP=strip
ac_cv_prog_ac_ct_CC=gcc
ac_cv_prog_ac_ct_RANLIB=ranlib
ac_cv_prog_cc_c89=
ac_cv_prog_cc_g=yes
ac_cv_prog_cc_gcc_c_o=yes
ac_cv_prog_have_mktemp_command=yes
ac_cv_prog_make_make_set=yes
ac_cv_sizeof_int=4
ac_cv_sizeof_long=8
ac_cv_sizeof_short=2
ac_cv_type_ssize_t=yes
gcc_cv_as=/usr/bin/as
gcc_cv_as_gas_srcdir=./gas
gcc_cv_c__bool=yes
gcc_cv_decl_char_bit=yes
gcc_cv_gas_major_version=
gcc_cv_gas_minor_version=
gcc_cv_have_decl_abort=yes
gcc_cv_have_decl_calloc=yes
gcc_cv_have_decl_clock=yes
gcc_cv_have_decl_errno=yes
gcc_cv_have_decl_free=yes
gcc_cv_have_decl_getenv=yes
gcc_cv_have_decl_malloc=yes
gcc_cv_have_decl_realloc=yes
gcc_cv_have_decl_strsignal=yes
gcc_cv_header_string=yes
gcc_cv_mkdir_takes_one_arg=no
gcc_cv_nm=nm
gcc_cv_prog_LN=ln
gcc_cv_prog_LN_S='ln -s'

## ----------------- ##
## Output variables. ##
## ----------------- ##

AWK='awk'
CC='gcc'
CFLAGS='-g -O2'
CPP='gcc -E'
CPPFLAGS=''
DEFS='-DHAVE_CONFIG_H'
ECHO_C='\c'
ECHO_N=''
ECHO_T=''
EGREP='/usr/bin/grep -E'
EXEEXT=''
GREP='/usr/bin/grep'
INSTALL='/usr/bin/install -c'
INSTALL_DATA='${INSTALL} -m 644'
INSTALL_PROGRAM='${INSTALL}'
LDFLAGS=''
LIBOBJS=''
LIBS=''
LN='ln'
LN_S='ln -s'
LTLIBOBJS=''
MAINT='#'
NO_MINUS_C_MINUS_O=''
OBJEXT='o'
OUTPUT_OPTION='-o $@'
PACKAGE='sdcc'
PACKAGE_BUGREPORT=''
PACKAGE_NAME=''
PACKAGE_STRING=''
PACKAGE_TARNAME=''
PACKAGE_URL=''
PACKAGE_VERSION=''
PATH_SEPARATOR=':'
RANLIB='ranlib'
SET_MAKE=''
SHELL='/bin/sh'
STRIP='strip'
VERSION='const'
WALL_FLAG='-Wall'
ac_ct_CC='gcc'
all_stagestuff=''
bindir='${exec_prefix}/bin'
build_alias=''
build_canonical=''
build_exeext=''
build_install_headers_dir='install-headers-tar'
build_xm_defines=''
build_xm_file='auto-host.h ansidecl.h  /.h defaults.h'
build_xm_file_list=''
c_target_objs=''
check_languages=''
const char pkgversion_string[] = PKGVERSION;'
datadir='${datarootdir}'
datarootdir='${prefix}/share'
dep_host_xmake_file=''
dep_tmake_file=''
docdir='${datarootdir}/doc/${PACKAGE}'
dvidir='${docdir}'
exec_prefix='${prefix}'
extra_c_flags=''
extra_headers_list=''
extra_objs=' '
extra_parts=''
extra_passes=''
extra_programs=''
gcc_config_arguments=''
gcc_version='const'
gcc_version_full='const char version_string[] = BASEVER DATESTAMP DEVPHASE VERSUFFIX;
gcc_version_trigger='./version.c'
have_mktemp_command='yes'
host_alias=''
host_canonical=''
host_exeext=''
host_extra_gcc_objs=''
htmldir='${docdir}'
includedir='${prefix}/include'
infodir='${datarootdir}/info'
install=''
lang_tree_files=''
libdir='${exec_prefix}/lib'
libexecdir='${exec_prefix}/libexec'
local_prefix='/usr/local'
localedir='${datarootdir}/locale'
localstatedir='${prefix}/var'
mandir='${datarootdir}/man'
manext='.1'
md_file='/.md'
objdir='/Users/Fetiu/GitHub/lowusb/sdcc/support/cpp'
objext='.o'
oldincludedir='/usr/include'
out_file='/.c'
out_object_file='.c.o'
pdfdir='${docdir}'
prefix='/usr/local'
program_transform_name='s,x,x,'
psdir='${docdir}'
sbindir='${exec_prefix}/sbin'
sharedstatedir='${prefix}/com'
symbolic_link='ln -s'
sysconfdir='${prefix}/etc'
target_alias=''
target_subdir=''
thread_file=''
warn_cflags='$(GCC_WARN_CFLAGS)'

## ----------- ##
## confdefs.h. ##
## ----------- ##

/* confdefs.h */
#define PACKAGE_NAME ""
#define PACKAGE_TARNAME ""
#define PACKAGE_VERSION ""
#define PACKAGE_STRING ""
#define PACKAGE_BUGREPORT ""
#define PACKAGE_URL ""
#define HAVE__BOOL 1
#define SIZEOF_SHORT 2
#define SIZEOF_INT 4
#define SIZEOF_LONG 8
#define STDC_HEADERS 1
#define TIME_WITH_SYS_TIME 1
#define HAVE_STDBOOL_H 1
#define STRING_WITH_STRINGS 1
#define HAVE_SYS_WAIT_H 1
#define HAVE_SYS_TYPES_H 1
#define HAVE_SYS_STAT_H 1
#define HAVE_STDLIB_H 1
#define HAVE_STRING_H 1
#define HAVE_MEMORY_H 1
#define HAVE_STRINGS_H 1
#define HAVE_INTTYPES_H 1
#define HAVE_STDINT_H 1
#define HAVE_UNISTD_H 1
#define HAVE_LIMITS_H 1
#define HAVE_STDDEF_H 1
#define HAVE_STRING_H 1
#define HAVE_STRINGS_H 1
#define HAVE_STDLIB_H 1
#define HAVE_TIME_H 1
#define HAVE_FCNTL_H 1
#define HAVE_UNISTD_H 1
#define HAVE_SYS_FILE_H 1
#define HAVE_SYS_TIME_H 1
#define HAVE_SYS_PARAM_H 1
#define HAVE_SYS_STAT_H 1
#define HAVE_STRINGIZE 1
#define HAVE_CLOCK 1
#define HAVE_STRSIGNAL 1
#define HAVE_STRCHR 1
#define HAVE_STRRCHR 1
#define HAVE_LSTAT 1
#define HAVE_GETPAGESIZE 1
#define HAVE_DECL_GETENV 1
#define HAVE_DECL_ABORT 1
#define HAVE_DECL_STRSIGNAL 1
#define HAVE_DECL_ERRNO 1
#define HAVE_DECL_MALLOC 1
#define HAVE_DECL_REALLOC 1
#define HAVE_DECL_CALLOC 1
#define HAVE_DECL_FREE 1
#define HAVE_DECL_CLOCK 1
#define PACKAGE "sdcc"
#define VERSION "const"

configure: exit 0
