                                      1 ;--------------------------------------------------------
                                      2 ; File Created by SDCC : free open source ANSI-C Compiler
                                      3 ; Version 3.4.1 #9092 (Oct 23 2022) (Mac OS X x86_64)
                                      4 ; This file was generated Sun Oct 23 01:38:22 2022
                                      5 ;--------------------------------------------------------
                                      6 	.module isalnum
                                      7 	.optsdcc -mmcs51 --model-huge
                                      8 	
                                      9 ;--------------------------------------------------------
                                     10 ; Public variables in this module
                                     11 ;--------------------------------------------------------
                                     12 	.globl _isalpha
                                     13 	.globl _isalnum
                                     14 ;--------------------------------------------------------
                                     15 ; special function registers
                                     16 ;--------------------------------------------------------
                                     17 	.area RSEG    (ABS,DATA)
      000000                         18 	.org 0x0000
                                     19 ;--------------------------------------------------------
                                     20 ; special function bits
                                     21 ;--------------------------------------------------------
                                     22 	.area RSEG    (ABS,DATA)
      000000                         23 	.org 0x0000
                                     24 ;--------------------------------------------------------
                                     25 ; overlayable register banks
                                     26 ;--------------------------------------------------------
                                     27 	.area REG_BANK_0	(REL,OVR,DATA)
      000000                         28 	.ds 8
                                     29 ;--------------------------------------------------------
                                     30 ; internal ram data
                                     31 ;--------------------------------------------------------
                                     32 	.area DSEG    (DATA)
                                     33 ;--------------------------------------------------------
                                     34 ; overlayable items in internal ram 
                                     35 ;--------------------------------------------------------
                                     36 ;--------------------------------------------------------
                                     37 ; indirectly addressable internal ram data
                                     38 ;--------------------------------------------------------
                                     39 	.area ISEG    (DATA)
                                     40 ;--------------------------------------------------------
                                     41 ; absolute internal ram data
                                     42 ;--------------------------------------------------------
                                     43 	.area IABS    (ABS,DATA)
                                     44 	.area IABS    (ABS,DATA)
                                     45 ;--------------------------------------------------------
                                     46 ; bit data
                                     47 ;--------------------------------------------------------
                                     48 	.area BSEG    (BIT)
                                     49 ;--------------------------------------------------------
                                     50 ; paged external ram data
                                     51 ;--------------------------------------------------------
                                     52 	.area PSEG    (PAG,XDATA)
                                     53 ;--------------------------------------------------------
                                     54 ; external ram data
                                     55 ;--------------------------------------------------------
                                     56 	.area XSEG    (XDATA)
      000000                         57 _isalnum_c_1_20:
      000000                         58 	.ds 2
                                     59 ;--------------------------------------------------------
                                     60 ; absolute external ram data
                                     61 ;--------------------------------------------------------
                                     62 	.area XABS    (ABS,XDATA)
                                     63 ;--------------------------------------------------------
                                     64 ; external initialized ram data
                                     65 ;--------------------------------------------------------
                                     66 	.area XISEG   (XDATA)
                                     67 	.area HOME    (CODE)
                                     68 	.area GSINIT0 (CODE)
                                     69 	.area GSINIT1 (CODE)
                                     70 	.area GSINIT2 (CODE)
                                     71 	.area GSINIT3 (CODE)
                                     72 	.area GSINIT4 (CODE)
                                     73 	.area GSINIT5 (CODE)
                                     74 	.area GSINIT  (CODE)
                                     75 	.area GSFINAL (CODE)
                                     76 	.area CSEG    (CODE)
                                     77 ;--------------------------------------------------------
                                     78 ; global & static initialisations
                                     79 ;--------------------------------------------------------
                                     80 	.area HOME    (CODE)
                                     81 	.area GSINIT  (CODE)
                                     82 	.area GSFINAL (CODE)
                                     83 	.area GSINIT  (CODE)
                                     84 ;--------------------------------------------------------
                                     85 ; Home
                                     86 ;--------------------------------------------------------
                                     87 	.area HOME    (CODE)
                                     88 	.area HOME    (CODE)
                                     89 ;--------------------------------------------------------
                                     90 ; code
                                     91 ;--------------------------------------------------------
                                     92 	.area CSEG    (CODE)
                                     93 ;------------------------------------------------------------
                                     94 ;Allocation info for local variables in function 'isalnum'
                                     95 ;------------------------------------------------------------
                                     96 ;c                         Allocated with name '_isalnum_c_1_20'
                                     97 ;__00010001                Allocated with name '_isalnum___00010001_4_24'
                                     98 ;__00020002                Allocated with name '_isalnum___00020002_3_23'
                                     99 ;c                         Allocated with name '_isalnum_c_3_23'
                                    100 ;------------------------------------------------------------
                                    101 ;	isalnum.c:37: int isalnum (int c)
                                    102 ;	-----------------------------------------
                                    103 ;	 function isalnum
                                    104 ;	-----------------------------------------
      000000                        105 _isalnum:
                           000007   106 	ar7 = 0x07
                           000006   107 	ar6 = 0x06
                           000005   108 	ar5 = 0x05
                           000004   109 	ar4 = 0x04
                           000003   110 	ar3 = 0x03
                           000002   111 	ar2 = 0x02
                           000001   112 	ar1 = 0x01
                           000000   113 	ar0 = 0x00
      000000 AF 83            [24]  114 	mov	r7,dph
      000002 E5 82            [12]  115 	mov	a,dpl
      000004 90r00r00         [24]  116 	mov	dptr,#_isalnum_c_1_20
      000007 F0               [24]  117 	movx	@dptr,a
      000008 EF               [12]  118 	mov	a,r7
      000009 A3               [24]  119 	inc	dptr
      00000A F0               [24]  120 	movx	@dptr,a
                                    121 ;	isalnum.c:39: return (isalpha (c) || isdigit (c));
      00000B 90r00r00         [24]  122 	mov	dptr,#_isalnum_c_1_20
      00000E E0               [24]  123 	movx	a,@dptr
      00000F FE               [12]  124 	mov	r6,a
      000010 A3               [24]  125 	inc	dptr
      000011 E0               [24]  126 	movx	a,@dptr
      000012 FF               [12]  127 	mov	r7,a
      000013 8E 82            [24]  128 	mov	dpl,r6
      000015 8F 83            [24]  129 	mov	dph,r7
      000017 C0 07            [24]  130 	push	ar7
      000019 C0 06            [24]  131 	push	ar6
      00001B 78r00            [12]  132 	mov	r0,#_isalpha
      00001D 79s00            [12]  133 	mov	r1,#(_isalpha >> 8)
      00001F 7As00            [12]  134 	mov	r2,#(_isalpha >> 16)
      000021 12r00r00         [24]  135 	lcall	__sdcc_banked_call
      000024 E5 82            [12]  136 	mov	a,dpl
      000026 85 83 F0         [24]  137 	mov	b,dph
      000029 D0 06            [24]  138 	pop	ar6
      00002B D0 07            [24]  139 	pop	ar7
      00002D 45 F0            [12]  140 	orl	a,b
      00002F 70 1D            [24]  141 	jnz	00105$
                                    142 ;	../../device/include/ctype.h:55: return (c >= '0' && c <= '9');
      000031 C3               [12]  143 	clr	c
      000032 EE               [12]  144 	mov	a,r6
      000033 94 30            [12]  145 	subb	a,#0x30
      000035 EF               [12]  146 	mov	a,r7
      000036 64 80            [12]  147 	xrl	a,#0x80
      000038 94 80            [12]  148 	subb	a,#0x80
      00003A 40 0E            [24]  149 	jc	00109$
      00003C 74 39            [12]  150 	mov	a,#0x39
      00003E 9E               [12]  151 	subb	a,r6
      00003F 74 80            [12]  152 	mov	a,#(0x00 ^ 0x80)
      000041 8F F0            [24]  153 	mov	b,r7
      000043 63 F0 80         [24]  154 	xrl	b,#0x80
      000046 95 F0            [12]  155 	subb	a,b
      000048 50 04            [24]  156 	jnc	00105$
      00004A                        157 00109$:
                                    158 ;	isalnum.c:39: return (isalpha (c) || isdigit (c));
      00004A 7F 00            [12]  159 	mov	r7,#0x00
      00004C 80 02            [24]  160 	sjmp	00106$
      00004E                        161 00105$:
      00004E 7F 01            [12]  162 	mov	r7,#0x01
      000050                        163 00106$:
      000050 EF               [12]  164 	mov	a,r7
      000051 33               [12]  165 	rlc	a
      000052 95 E0            [12]  166 	subb	a,acc
      000054 FE               [12]  167 	mov	r6,a
      000055 8F 82            [24]  168 	mov	dpl,r7
      000057 8E 83            [24]  169 	mov	dph,r6
      000059 02r00r00         [24]  170 	ljmp	__sdcc_banked_ret
                                    171 	.area CSEG    (CODE)
                                    172 	.area CONST   (CODE)
                                    173 	.area XINIT   (CODE)
                                    174 	.area CABS    (ABS,CODE)
