                                      1 ;--------------------------------------------------------
                                      2 ; File Created by SDCC : free open source ANSI-C Compiler
                                      3 ; Version 3.4.1 #9092 (Oct 23 2022) (Mac OS X x86_64)
                                      4 ; This file was generated Sun Oct 23 01:38:23 2022
                                      5 ;--------------------------------------------------------
                                      6 	.module ispunct
                                      7 	.optsdcc -mmcs51 --model-huge
                                      8 	
                                      9 ;--------------------------------------------------------
                                     10 ; Public variables in this module
                                     11 ;--------------------------------------------------------
                                     12 	.globl _isalnum
                                     13 	.globl _isspace
                                     14 	.globl _isprint
                                     15 	.globl _ispunct
                                     16 ;--------------------------------------------------------
                                     17 ; special function registers
                                     18 ;--------------------------------------------------------
                                     19 	.area RSEG    (ABS,DATA)
      000000                         20 	.org 0x0000
                                     21 ;--------------------------------------------------------
                                     22 ; special function bits
                                     23 ;--------------------------------------------------------
                                     24 	.area RSEG    (ABS,DATA)
      000000                         25 	.org 0x0000
                                     26 ;--------------------------------------------------------
                                     27 ; overlayable register banks
                                     28 ;--------------------------------------------------------
                                     29 	.area REG_BANK_0	(REL,OVR,DATA)
      000000                         30 	.ds 8
                                     31 ;--------------------------------------------------------
                                     32 ; internal ram data
                                     33 ;--------------------------------------------------------
                                     34 	.area DSEG    (DATA)
                                     35 ;--------------------------------------------------------
                                     36 ; overlayable items in internal ram 
                                     37 ;--------------------------------------------------------
                                     38 ;--------------------------------------------------------
                                     39 ; indirectly addressable internal ram data
                                     40 ;--------------------------------------------------------
                                     41 	.area ISEG    (DATA)
                                     42 ;--------------------------------------------------------
                                     43 ; absolute internal ram data
                                     44 ;--------------------------------------------------------
                                     45 	.area IABS    (ABS,DATA)
                                     46 	.area IABS    (ABS,DATA)
                                     47 ;--------------------------------------------------------
                                     48 ; bit data
                                     49 ;--------------------------------------------------------
                                     50 	.area BSEG    (BIT)
                                     51 ;--------------------------------------------------------
                                     52 ; paged external ram data
                                     53 ;--------------------------------------------------------
                                     54 	.area PSEG    (PAG,XDATA)
                                     55 ;--------------------------------------------------------
                                     56 ; external ram data
                                     57 ;--------------------------------------------------------
                                     58 	.area XSEG    (XDATA)
      000000                         59 _ispunct_c_1_20:
      000000                         60 	.ds 2
                                     61 ;--------------------------------------------------------
                                     62 ; absolute external ram data
                                     63 ;--------------------------------------------------------
                                     64 	.area XABS    (ABS,XDATA)
                                     65 ;--------------------------------------------------------
                                     66 ; external initialized ram data
                                     67 ;--------------------------------------------------------
                                     68 	.area XISEG   (XDATA)
                                     69 	.area HOME    (CODE)
                                     70 	.area GSINIT0 (CODE)
                                     71 	.area GSINIT1 (CODE)
                                     72 	.area GSINIT2 (CODE)
                                     73 	.area GSINIT3 (CODE)
                                     74 	.area GSINIT4 (CODE)
                                     75 	.area GSINIT5 (CODE)
                                     76 	.area GSINIT  (CODE)
                                     77 	.area GSFINAL (CODE)
                                     78 	.area CSEG    (CODE)
                                     79 ;--------------------------------------------------------
                                     80 ; global & static initialisations
                                     81 ;--------------------------------------------------------
                                     82 	.area HOME    (CODE)
                                     83 	.area GSINIT  (CODE)
                                     84 	.area GSFINAL (CODE)
                                     85 	.area GSINIT  (CODE)
                                     86 ;--------------------------------------------------------
                                     87 ; Home
                                     88 ;--------------------------------------------------------
                                     89 	.area HOME    (CODE)
                                     90 	.area HOME    (CODE)
                                     91 ;--------------------------------------------------------
                                     92 ; code
                                     93 ;--------------------------------------------------------
                                     94 	.area CSEG    (CODE)
                                     95 ;------------------------------------------------------------
                                     96 ;Allocation info for local variables in function 'ispunct'
                                     97 ;------------------------------------------------------------
                                     98 ;c                         Allocated with name '_ispunct_c_1_20'
                                     99 ;------------------------------------------------------------
                                    100 ;	ispunct.c:33: int ispunct (int c)
                                    101 ;	-----------------------------------------
                                    102 ;	 function ispunct
                                    103 ;	-----------------------------------------
      000000                        104 _ispunct:
                           000007   105 	ar7 = 0x07
                           000006   106 	ar6 = 0x06
                           000005   107 	ar5 = 0x05
                           000004   108 	ar4 = 0x04
                           000003   109 	ar3 = 0x03
                           000002   110 	ar2 = 0x02
                           000001   111 	ar1 = 0x01
                           000000   112 	ar0 = 0x00
      000000 AF 83            [24]  113 	mov	r7,dph
      000002 E5 82            [12]  114 	mov	a,dpl
      000004 90r00r00         [24]  115 	mov	dptr,#_ispunct_c_1_20
      000007 F0               [24]  116 	movx	@dptr,a
      000008 EF               [12]  117 	mov	a,r7
      000009 A3               [24]  118 	inc	dptr
      00000A F0               [24]  119 	movx	@dptr,a
                                    120 ;	ispunct.c:35: return (isprint (c) && !isspace (c) && !isalnum (c));
      00000B 90r00r00         [24]  121 	mov	dptr,#_ispunct_c_1_20
      00000E E0               [24]  122 	movx	a,@dptr
      00000F FE               [12]  123 	mov	r6,a
      000010 A3               [24]  124 	inc	dptr
      000011 E0               [24]  125 	movx	a,@dptr
      000012 FF               [12]  126 	mov	r7,a
      000013 8E 82            [24]  127 	mov	dpl,r6
      000015 8F 83            [24]  128 	mov	dph,r7
      000017 C0 07            [24]  129 	push	ar7
      000019 C0 06            [24]  130 	push	ar6
      00001B 78r00            [12]  131 	mov	r0,#_isprint
      00001D 79s00            [12]  132 	mov	r1,#(_isprint >> 8)
      00001F 7As00            [12]  133 	mov	r2,#(_isprint >> 16)
      000021 12r00r00         [24]  134 	lcall	__sdcc_banked_call
      000024 E5 82            [12]  135 	mov	a,dpl
      000026 85 83 F0         [24]  136 	mov	b,dph
      000029 D0 06            [24]  137 	pop	ar6
      00002B D0 07            [24]  138 	pop	ar7
      00002D 45 F0            [12]  139 	orl	a,b
      00002F 60 32            [24]  140 	jz	00103$
      000031 8E 82            [24]  141 	mov	dpl,r6
      000033 8F 83            [24]  142 	mov	dph,r7
      000035 C0 07            [24]  143 	push	ar7
      000037 C0 06            [24]  144 	push	ar6
      000039 78r00            [12]  145 	mov	r0,#_isspace
      00003B 79s00            [12]  146 	mov	r1,#(_isspace >> 8)
      00003D 7As00            [12]  147 	mov	r2,#(_isspace >> 16)
      00003F 12r00r00         [24]  148 	lcall	__sdcc_banked_call
      000042 AC 82            [24]  149 	mov	r4,dpl
      000044 AD 83            [24]  150 	mov	r5,dph
      000046 D0 06            [24]  151 	pop	ar6
      000048 D0 07            [24]  152 	pop	ar7
      00004A EC               [12]  153 	mov	a,r4
      00004B 4D               [12]  154 	orl	a,r5
      00004C 70 15            [24]  155 	jnz	00103$
      00004E 8E 82            [24]  156 	mov	dpl,r6
      000050 8F 83            [24]  157 	mov	dph,r7
      000052 78r00            [12]  158 	mov	r0,#_isalnum
      000054 79s00            [12]  159 	mov	r1,#(_isalnum >> 8)
      000056 7As00            [12]  160 	mov	r2,#(_isalnum >> 16)
      000058 12r00r00         [24]  161 	lcall	__sdcc_banked_call
      00005B AE 82            [24]  162 	mov	r6,dpl
      00005D AF 83            [24]  163 	mov	r7,dph
      00005F EE               [12]  164 	mov	a,r6
      000060 4F               [12]  165 	orl	a,r7
      000061 60 04            [24]  166 	jz	00104$
      000063                        167 00103$:
      000063 7F 00            [12]  168 	mov	r7,#0x00
      000065 80 02            [24]  169 	sjmp	00105$
      000067                        170 00104$:
      000067 7F 01            [12]  171 	mov	r7,#0x01
      000069                        172 00105$:
      000069 EF               [12]  173 	mov	a,r7
      00006A 33               [12]  174 	rlc	a
      00006B 95 E0            [12]  175 	subb	a,acc
      00006D FE               [12]  176 	mov	r6,a
      00006E 8F 82            [24]  177 	mov	dpl,r7
      000070 8E 83            [24]  178 	mov	dph,r6
      000072 02r00r00         [24]  179 	ljmp	__sdcc_banked_ret
                                    180 	.area CSEG    (CODE)
                                    181 	.area CONST   (CODE)
                                    182 	.area XINIT   (CODE)
                                    183 	.area CABS    (ABS,CODE)
