                                      1 ;--------------------------------------------------------
                                      2 ; File Created by SDCC : free open source ANSI-C Compiler
                                      3 ; Version 3.4.1 #9092 (Oct 23 2022) (Mac OS X x86_64)
                                      4 ; This file was generated Sun Oct 23 01:38:50 2022
                                      5 ;--------------------------------------------------------
                                      6 	.module isalpha
                                      7 	.optsdcc -mmcs51 --model-medium
                                      8 	
                                      9 ;--------------------------------------------------------
                                     10 ; Public variables in this module
                                     11 ;--------------------------------------------------------
                                     12 	.globl _isalpha
                                     13 ;--------------------------------------------------------
                                     14 ; special function registers
                                     15 ;--------------------------------------------------------
                                     16 	.area RSEG    (ABS,DATA)
      000000                         17 	.org 0x0000
                                     18 ;--------------------------------------------------------
                                     19 ; special function bits
                                     20 ;--------------------------------------------------------
                                     21 	.area RSEG    (ABS,DATA)
      000000                         22 	.org 0x0000
                                     23 ;--------------------------------------------------------
                                     24 ; overlayable register banks
                                     25 ;--------------------------------------------------------
                                     26 	.area REG_BANK_0	(REL,OVR,DATA)
      000000                         27 	.ds 8
                                     28 ;--------------------------------------------------------
                                     29 ; internal ram data
                                     30 ;--------------------------------------------------------
                                     31 	.area DSEG    (DATA)
                                     32 ;--------------------------------------------------------
                                     33 ; overlayable items in internal ram 
                                     34 ;--------------------------------------------------------
                                     35 ;--------------------------------------------------------
                                     36 ; indirectly addressable internal ram data
                                     37 ;--------------------------------------------------------
                                     38 	.area ISEG    (DATA)
                                     39 ;--------------------------------------------------------
                                     40 ; absolute internal ram data
                                     41 ;--------------------------------------------------------
                                     42 	.area IABS    (ABS,DATA)
                                     43 	.area IABS    (ABS,DATA)
                                     44 ;--------------------------------------------------------
                                     45 ; bit data
                                     46 ;--------------------------------------------------------
                                     47 	.area BSEG    (BIT)
                                     48 ;--------------------------------------------------------
                                     49 ; paged external ram data
                                     50 ;--------------------------------------------------------
                                     51 	.area PSEG    (PAG,XDATA)
                                     52 ;--------------------------------------------------------
                                     53 ; external ram data
                                     54 ;--------------------------------------------------------
                                     55 	.area XSEG    (XDATA)
                                     56 ;--------------------------------------------------------
                                     57 ; absolute external ram data
                                     58 ;--------------------------------------------------------
                                     59 	.area XABS    (ABS,XDATA)
                                     60 ;--------------------------------------------------------
                                     61 ; external initialized ram data
                                     62 ;--------------------------------------------------------
                                     63 	.area XISEG   (XDATA)
                                     64 	.area HOME    (CODE)
                                     65 	.area GSINIT0 (CODE)
                                     66 	.area GSINIT1 (CODE)
                                     67 	.area GSINIT2 (CODE)
                                     68 	.area GSINIT3 (CODE)
                                     69 	.area GSINIT4 (CODE)
                                     70 	.area GSINIT5 (CODE)
                                     71 	.area GSINIT  (CODE)
                                     72 	.area GSFINAL (CODE)
                                     73 	.area CSEG    (CODE)
                                     74 ;--------------------------------------------------------
                                     75 ; global & static initialisations
                                     76 ;--------------------------------------------------------
                                     77 	.area HOME    (CODE)
                                     78 	.area GSINIT  (CODE)
                                     79 	.area GSFINAL (CODE)
                                     80 	.area GSINIT  (CODE)
                                     81 ;--------------------------------------------------------
                                     82 ; Home
                                     83 ;--------------------------------------------------------
                                     84 	.area HOME    (CODE)
                                     85 	.area HOME    (CODE)
                                     86 ;--------------------------------------------------------
                                     87 ; code
                                     88 ;--------------------------------------------------------
                                     89 	.area CSEG    (CODE)
                                     90 ;------------------------------------------------------------
                                     91 ;Allocation info for local variables in function 'isalpha'
                                     92 ;------------------------------------------------------------
                                     93 ;c                         Allocated to registers r6 r7 
                                     94 ;__00010004                Allocated to registers 
                                     95 ;__00010001                Allocated to registers 
                                     96 ;__00020002                Allocated to registers 
                                     97 ;c                         Allocated to registers 
                                     98 ;__00020005                Allocated to registers 
                                     99 ;c                         Allocated to registers 
                                    100 ;------------------------------------------------------------
                                    101 ;	isalpha.c:37: int isalpha (int c)
                                    102 ;	-----------------------------------------
                                    103 ;	 function isalpha
                                    104 ;	-----------------------------------------
      000000                        105 _isalpha:
                           000007   106 	ar7 = 0x07
                           000006   107 	ar6 = 0x06
                           000005   108 	ar5 = 0x05
                           000004   109 	ar4 = 0x04
                           000003   110 	ar3 = 0x03
                           000002   111 	ar2 = 0x02
                           000001   112 	ar1 = 0x01
                           000000   113 	ar0 = 0x00
      000000 AE 82            [24]  114 	mov	r6,dpl
      000002 AF 83            [24]  115 	mov	r7,dph
                                    116 ;	../../device/include/ctype.h:65: return (c >= 'A' && c <= 'Z');
      000004 C3               [12]  117 	clr	c
      000005 EE               [12]  118 	mov	a,r6
      000006 94 41            [12]  119 	subb	a,#0x41
      000008 EF               [12]  120 	mov	a,r7
      000009 64 80            [12]  121 	xrl	a,#0x80
      00000B 94 80            [12]  122 	subb	a,#0x80
      00000D 40 0E            [24]  123 	jc	00110$
      00000F 74 5A            [12]  124 	mov	a,#0x5A
      000011 9E               [12]  125 	subb	a,r6
      000012 74 80            [12]  126 	mov	a,#(0x00 ^ 0x80)
      000014 8F F0            [24]  127 	mov	b,r7
      000016 63 F0 80         [24]  128 	xrl	b,#0x80
      000019 95 F0            [12]  129 	subb	a,b
      00001B 50 1D            [24]  130 	jnc	00106$
      00001D                        131 00110$:
                                    132 ;	../../device/include/ctype.h:60: return (c >= 'a' && c <= 'z');
      00001D C3               [12]  133 	clr	c
      00001E EE               [12]  134 	mov	a,r6
      00001F 94 61            [12]  135 	subb	a,#0x61
      000021 EF               [12]  136 	mov	a,r7
      000022 64 80            [12]  137 	xrl	a,#0x80
      000024 94 80            [12]  138 	subb	a,#0x80
      000026 40 0E            [24]  139 	jc	00113$
      000028 74 7A            [12]  140 	mov	a,#0x7A
      00002A 9E               [12]  141 	subb	a,r6
      00002B 74 80            [12]  142 	mov	a,#(0x00 ^ 0x80)
      00002D 8F F0            [24]  143 	mov	b,r7
      00002F 63 F0 80         [24]  144 	xrl	b,#0x80
      000032 95 F0            [12]  145 	subb	a,b
      000034 50 04            [24]  146 	jnc	00106$
      000036                        147 00113$:
                                    148 ;	isalpha.c:39: return (isupper (c) || islower (c));
      000036 7F 00            [12]  149 	mov	r7,#0x00
      000038 80 02            [24]  150 	sjmp	00107$
      00003A                        151 00106$:
      00003A 7F 01            [12]  152 	mov	r7,#0x01
      00003C                        153 00107$:
      00003C EF               [12]  154 	mov	a,r7
      00003D 33               [12]  155 	rlc	a
      00003E 95 E0            [12]  156 	subb	a,acc
      000040 8F 82            [24]  157 	mov	dpl,r7
      000042 F5 83            [12]  158 	mov	dph,a
      000044 22               [24]  159 	ret
                                    160 	.area CSEG    (CODE)
                                    161 	.area CONST   (CODE)
                                    162 	.area XINIT   (CODE)
                                    163 	.area CABS    (ABS,CODE)
