                                      1 ;--------------------------------------------------------
                                      2 ; File Created by SDCC : free open source ANSI-C Compiler
                                      3 ; Version 3.4.1 #9092 (Oct 23 2022) (Mac OS X x86_64)
                                      4 ; This file was generated Sun Oct 23 01:38:50 2022
                                      5 ;--------------------------------------------------------
                                      6 	.module isblank
                                      7 	.optsdcc -mmcs51 --model-medium
                                      8 	
                                      9 ;--------------------------------------------------------
                                     10 ; Public variables in this module
                                     11 ;--------------------------------------------------------
                                     12 	.globl _isblank
                                     13 ;--------------------------------------------------------
                                     14 ; special function registers
                                     15 ;--------------------------------------------------------
                                     16 	.area RSEG    (ABS,DATA)
      000000                         17 	.org 0x0000
                                     18 ;--------------------------------------------------------
                                     19 ; special function bits
                                     20 ;--------------------------------------------------------
                                     21 	.area RSEG    (ABS,DATA)
      000000                         22 	.org 0x0000
                                     23 ;--------------------------------------------------------
                                     24 ; overlayable register banks
                                     25 ;--------------------------------------------------------
                                     26 	.area REG_BANK_0	(REL,OVR,DATA)
      000000                         27 	.ds 8
                                     28 ;--------------------------------------------------------
                                     29 ; internal ram data
                                     30 ;--------------------------------------------------------
                                     31 	.area DSEG    (DATA)
                                     32 ;--------------------------------------------------------
                                     33 ; overlayable items in internal ram 
                                     34 ;--------------------------------------------------------
                                     35 ;--------------------------------------------------------
                                     36 ; indirectly addressable internal ram data
                                     37 ;--------------------------------------------------------
                                     38 	.area ISEG    (DATA)
                                     39 ;--------------------------------------------------------
                                     40 ; absolute internal ram data
                                     41 ;--------------------------------------------------------
                                     42 	.area IABS    (ABS,DATA)
                                     43 	.area IABS    (ABS,DATA)
                                     44 ;--------------------------------------------------------
                                     45 ; bit data
                                     46 ;--------------------------------------------------------
                                     47 	.area BSEG    (BIT)
                                     48 ;--------------------------------------------------------
                                     49 ; paged external ram data
                                     50 ;--------------------------------------------------------
                                     51 	.area PSEG    (PAG,XDATA)
                                     52 ;--------------------------------------------------------
                                     53 ; external ram data
                                     54 ;--------------------------------------------------------
                                     55 	.area XSEG    (XDATA)
                                     56 ;--------------------------------------------------------
                                     57 ; absolute external ram data
                                     58 ;--------------------------------------------------------
                                     59 	.area XABS    (ABS,XDATA)
                                     60 ;--------------------------------------------------------
                                     61 ; external initialized ram data
                                     62 ;--------------------------------------------------------
                                     63 	.area XISEG   (XDATA)
                                     64 	.area HOME    (CODE)
                                     65 	.area GSINIT0 (CODE)
                                     66 	.area GSINIT1 (CODE)
                                     67 	.area GSINIT2 (CODE)
                                     68 	.area GSINIT3 (CODE)
                                     69 	.area GSINIT4 (CODE)
                                     70 	.area GSINIT5 (CODE)
                                     71 	.area GSINIT  (CODE)
                                     72 	.area GSFINAL (CODE)
                                     73 	.area CSEG    (CODE)
                                     74 ;--------------------------------------------------------
                                     75 ; global & static initialisations
                                     76 ;--------------------------------------------------------
                                     77 	.area HOME    (CODE)
                                     78 	.area GSINIT  (CODE)
                                     79 	.area GSFINAL (CODE)
                                     80 	.area GSINIT  (CODE)
                                     81 ;--------------------------------------------------------
                                     82 ; Home
                                     83 ;--------------------------------------------------------
                                     84 	.area HOME    (CODE)
                                     85 	.area HOME    (CODE)
                                     86 ;--------------------------------------------------------
                                     87 ; code
                                     88 ;--------------------------------------------------------
                                     89 	.area CSEG    (CODE)
                                     90 ;------------------------------------------------------------
                                     91 ;Allocation info for local variables in function 'isblank'
                                     92 ;------------------------------------------------------------
                                     93 ;c                         Allocated to registers r6 r7 
                                     94 ;------------------------------------------------------------
                                     95 ;	isblank.c:33: int isblank (int c)
                                     96 ;	-----------------------------------------
                                     97 ;	 function isblank
                                     98 ;	-----------------------------------------
      000000                         99 _isblank:
                           000007   100 	ar7 = 0x07
                           000006   101 	ar6 = 0x06
                           000005   102 	ar5 = 0x05
                           000004   103 	ar4 = 0x04
                           000003   104 	ar3 = 0x03
                           000002   105 	ar2 = 0x02
                           000001   106 	ar1 = 0x01
                           000000   107 	ar0 = 0x00
      000000 AE 82            [24]  108 	mov	r6,dpl
      000002 AF 83            [24]  109 	mov	r7,dph
                                    110 ;	isblank.c:35: return (c == ' ' || c == '\t');
      000004 BE 20 05         [24]  111 	cjne	r6,#0x20,00112$
      000007 BF 00 02         [24]  112 	cjne	r7,#0x00,00112$
      00000A 80 0C            [24]  113 	sjmp	00104$
      00000C                        114 00112$:
      00000C BE 09 05         [24]  115 	cjne	r6,#0x09,00113$
      00000F BF 00 02         [24]  116 	cjne	r7,#0x00,00113$
      000012 80 04            [24]  117 	sjmp	00104$
      000014                        118 00113$:
      000014 7F 00            [12]  119 	mov	r7,#0x00
      000016 80 02            [24]  120 	sjmp	00105$
      000018                        121 00104$:
      000018 7F 01            [12]  122 	mov	r7,#0x01
      00001A                        123 00105$:
      00001A EF               [12]  124 	mov	a,r7
      00001B 33               [12]  125 	rlc	a
      00001C 95 E0            [12]  126 	subb	a,acc
      00001E 8F 82            [24]  127 	mov	dpl,r7
      000020 F5 83            [12]  128 	mov	dph,a
      000022 22               [24]  129 	ret
                                    130 	.area CSEG    (CODE)
                                    131 	.area CONST   (CODE)
                                    132 	.area XINIT   (CODE)
                                    133 	.area CABS    (ABS,CODE)
